16/10/31 18:11:08 INFO myLogger: [MapPartitionsRDD]StartAt:20524092545904,TaskAttempt ID:1,Partition Id:1,Stage Id:0
16/10/31 18:11:08 INFO myLogger: [MapPartitionsRDD]StartAt:20524092829651,TaskAttempt ID:3,Partition Id:3,Stage Id:0
16/10/31 18:11:08 INFO myLogger: [MapPartitionsRDD]StartAt:20524092692549,TaskAttempt ID:0,Partition Id:0,Stage Id:0
16/10/31 18:11:08 INFO myLogger: [MapPartitionsRDD]StartAt:20524093128177,TaskAttempt ID:2,Partition Id:2,Stage Id:0
16/10/31 18:11:08 INFO myLogger: [MapPartitionsRDD]EndAt:20524602090869,TaskAttempt ID:1,Partition Id:1,Stage Id:0
16/10/31 18:11:08 INFO myLogger: [MapPartitionsRDD]EndAt:20524602385625,TaskAttempt ID:3,Partition Id:3,Stage Id:0
16/10/31 18:11:08 INFO myLogger: [MapPartitionsRDD]EndAt:20524602810662,TaskAttempt ID:2,Partition Id:2,Stage Id:0
16/10/31 18:11:08 INFO myLogger: [MapPartitionsRDD]EndAt:20524603822847,TaskAttempt ID:0,Partition Id:0,Stage Id:0
16/10/31 18:11:35 INFO myLogger: [MapPartitionsRDD]StartAt:20551564606351,TaskAttempt ID:7,Partition Id:3,Stage Id:1
16/10/31 18:11:35 INFO myLogger: [MapPartitionsRDD]EndAt:20551574822763,TaskAttempt ID:7,Partition Id:3,Stage Id:1
16/10/31 18:12:04 INFO myLogger: [MapPartitionsRDD]StartAt:20580635664808,TaskAttempt ID:8,Partition Id:0,Stage Id:2
16/10/31 18:12:04 INFO myLogger: [MapPartitionsRDD]EndAt:20580642053754,TaskAttempt ID:8,Partition Id:0,Stage Id:2
16/10/31 18:12:57 INFO myLogger: [UnionRDD]StartAt:20633677402481,TaskAttempt ID:74,Partition Id:62,Stage Id:3
16/10/31 18:12:57 INFO myLogger: [UnionRDD]StartAt:20633681830820,TaskAttempt ID:62,Partition Id:50,Stage Id:3
16/10/31 18:12:57 INFO myLogger: [UnionRDD]StartAt:20633687589076,TaskAttempt ID:30,Partition Id:18,Stage Id:3
16/10/31 18:12:57 INFO myLogger: [UnionRDD]StartAt:20633689043344,TaskAttempt ID:66,Partition Id:54,Stage Id:3
16/10/31 18:12:57 INFO myLogger: [UnionRDD]StartAt:20633689255702,TaskAttempt ID:14,Partition Id:0,Stage Id:3
16/10/31 18:12:57 INFO myLogger: [UnionRDD]StartAt:20633689485997,TaskAttempt ID:22,Partition Id:10,Stage Id:3
16/10/31 18:12:58 INFO myLogger: [UnionRDD]StartAt:20633692271725,TaskAttempt ID:18,Partition Id:6,Stage Id:3
16/10/31 18:12:58 INFO myLogger: [UnionRDD]StartAt:20633692661613,TaskAttempt ID:46,Partition Id:34,Stage Id:3
16/10/31 18:12:58 INFO myLogger: [UnionRDD]StartAt:20633692745630,TaskAttempt ID:34,Partition Id:22,Stage Id:3
16/10/31 18:12:58 INFO myLogger: [UnionRDD]StartAt:20633694713429,TaskAttempt ID:42,Partition Id:30,Stage Id:3
16/10/31 18:12:58 INFO myLogger: [UnionRDD]StartAt:20633695061421,TaskAttempt ID:50,Partition Id:38,Stage Id:3
16/10/31 18:12:58 INFO myLogger: [UnionRDD]StartAt:20633696274154,TaskAttempt ID:38,Partition Id:26,Stage Id:3
16/10/31 18:12:58 INFO myLogger: [UnionRDD]StartAt:20633700683143,TaskAttempt ID:70,Partition Id:58,Stage Id:3
16/10/31 18:12:58 INFO myLogger: [UnionRDD]StartAt:20633700948512,TaskAttempt ID:58,Partition Id:46,Stage Id:3
16/10/31 18:12:58 INFO myLogger: [UnionRDD]StartAt:20633704069143,TaskAttempt ID:26,Partition Id:14,Stage Id:3
16/10/31 18:12:58 INFO myLogger: [ParallelCollectionRDD]StartAt:20633709611536,TaskAttempt ID:74,Partition Id:62,Stage Id:3
16/10/31 18:12:58 INFO myLogger: [ParallelCollectionRDD]StartAt:20633709777484,TaskAttempt ID:62,Partition Id:50,Stage Id:3
16/10/31 18:12:58 INFO myLogger: [MapPartitionsRDD]StartAt:20633710448613,TaskAttempt ID:14,Partition Id:0,Stage Id:3
16/10/31 18:12:58 INFO myLogger: [ParallelCollectionRDD]EndAt:20633714195709,TaskAttempt ID:62,Partition Id:50,Stage Id:3
16/10/31 18:12:58 INFO myLogger: [ParallelCollectionRDD]EndAt:20633715046661,TaskAttempt ID:74,Partition Id:62,Stage Id:3
16/10/31 18:12:58 INFO myLogger: [UnionRDD]StartAt:20633716243122,TaskAttempt ID:54,Partition Id:42,Stage Id:3
16/10/31 18:12:58 INFO myLogger: [ShuffledRDD]StartAt:20633719484820,TaskAttempt ID:14,Partition Id:0,Stage Id:3
16/10/31 18:12:58 INFO myLogger: [ParallelCollectionRDD]StartAt:20633719915871,TaskAttempt ID:22,Partition Id:10,Stage Id:3
16/10/31 18:12:58 INFO myLogger: [ParallelCollectionRDD]EndAt:20633721505674,TaskAttempt ID:22,Partition Id:10,Stage Id:3
16/10/31 18:12:58 INFO myLogger: [ParallelCollectionRDD]StartAt:20633724787806,TaskAttempt ID:34,Partition Id:22,Stage Id:3
16/10/31 18:12:58 INFO myLogger: [ParallelCollectionRDD]StartAt:20633725814547,TaskAttempt ID:46,Partition Id:34,Stage Id:3
16/10/31 18:12:58 INFO myLogger: [ParallelCollectionRDD]EndAt:20633726249660,TaskAttempt ID:46,Partition Id:34,Stage Id:3
16/10/31 18:12:58 INFO myLogger: [ParallelCollectionRDD]EndAt:20633727543313,TaskAttempt ID:34,Partition Id:22,Stage Id:3
16/10/31 18:12:58 INFO myLogger: [ParallelCollectionRDD]StartAt:20633728404046,TaskAttempt ID:66,Partition Id:54,Stage Id:3
16/10/31 18:12:58 INFO myLogger: [ParallelCollectionRDD]EndAt:20633728822016,TaskAttempt ID:66,Partition Id:54,Stage Id:3
16/10/31 18:12:58 INFO myLogger: [ParallelCollectionRDD]StartAt:20633730793475,TaskAttempt ID:42,Partition Id:30,Stage Id:3
16/10/31 18:12:58 INFO myLogger: [ParallelCollectionRDD]StartAt:20633733286318,TaskAttempt ID:30,Partition Id:18,Stage Id:3
16/10/31 18:12:58 INFO myLogger: [ParallelCollectionRDD]EndAt:20633734077958,TaskAttempt ID:30,Partition Id:18,Stage Id:3
16/10/31 18:12:58 INFO myLogger: [ParallelCollectionRDD]EndAt:20633735192693,TaskAttempt ID:42,Partition Id:30,Stage Id:3
16/10/31 18:12:58 INFO myLogger: [ParallelCollectionRDD]StartAt:20633737642090,TaskAttempt ID:18,Partition Id:6,Stage Id:3
16/10/31 18:12:58 INFO myLogger: [ParallelCollectionRDD]EndAt:20633738319787,TaskAttempt ID:18,Partition Id:6,Stage Id:3
16/10/31 18:12:58 INFO myLogger: [ParallelCollectionRDD]StartAt:20633738604873,TaskAttempt ID:38,Partition Id:26,Stage Id:3
16/10/31 18:12:58 INFO myLogger: [ParallelCollectionRDD]EndAt:20633738938878,TaskAttempt ID:38,Partition Id:26,Stage Id:3
16/10/31 18:12:58 INFO myLogger: [ParallelCollectionRDD]StartAt:20633739267836,TaskAttempt ID:50,Partition Id:38,Stage Id:3
16/10/31 18:12:58 INFO myLogger: [ParallelCollectionRDD]EndAt:20633739957700,TaskAttempt ID:50,Partition Id:38,Stage Id:3
16/10/31 18:12:58 INFO myLogger: [ParallelCollectionRDD]StartAt:20633741735970,TaskAttempt ID:58,Partition Id:46,Stage Id:3
16/10/31 18:12:58 INFO myLogger: [ParallelCollectionRDD]EndAt:20633742102304,TaskAttempt ID:58,Partition Id:46,Stage Id:3
16/10/31 18:12:58 INFO myLogger: [ParallelCollectionRDD]StartAt:20633743745087,TaskAttempt ID:70,Partition Id:58,Stage Id:3
16/10/31 18:12:58 INFO myLogger: [ParallelCollectionRDD]EndAt:20633744190130,TaskAttempt ID:70,Partition Id:58,Stage Id:3
16/10/31 18:12:58 INFO myLogger: [ParallelCollectionRDD]StartAt:20633745591734,TaskAttempt ID:26,Partition Id:14,Stage Id:3
16/10/31 18:12:58 INFO myLogger: [ParallelCollectionRDD]EndAt:20633746319605,TaskAttempt ID:26,Partition Id:14,Stage Id:3
16/10/31 18:12:58 INFO myLogger: [ParallelCollectionRDD]StartAt:20633748429412,TaskAttempt ID:54,Partition Id:42,Stage Id:3
16/10/31 18:12:58 INFO myLogger: [ParallelCollectionRDD]EndAt:20633748786180,TaskAttempt ID:54,Partition Id:42,Stage Id:3
16/10/31 18:12:58 INFO myLogger: [UnionRDD]EndAt:20633756855500,TaskAttempt ID:74,Partition Id:62,Stage Id:3
16/10/31 18:12:58 INFO myLogger: [UnionRDD]EndAt:20633767722677,TaskAttempt ID:22,Partition Id:10,Stage Id:3
16/10/31 18:12:58 INFO myLogger: [UnionRDD]EndAt:20633768064661,TaskAttempt ID:62,Partition Id:50,Stage Id:3
16/10/31 18:12:58 INFO myLogger: [UnionRDD]EndAt:20633769246441,TaskAttempt ID:46,Partition Id:34,Stage Id:3
16/10/31 18:12:58 INFO myLogger: [UnionRDD]EndAt:20633838682445,TaskAttempt ID:38,Partition Id:26,Stage Id:3
16/10/31 18:12:58 INFO myLogger: [UnionRDD]EndAt:20633850038338,TaskAttempt ID:58,Partition Id:46,Stage Id:3
16/10/31 18:12:58 INFO myLogger: [UnionRDD]EndAt:20633852230026,TaskAttempt ID:50,Partition Id:38,Stage Id:3
16/10/31 18:12:58 INFO myLogger: [UnionRDD]EndAt:20633855354197,TaskAttempt ID:42,Partition Id:30,Stage Id:3
16/10/31 18:12:58 INFO myLogger: [UnionRDD]EndAt:20633923342353,TaskAttempt ID:70,Partition Id:58,Stage Id:3
16/10/31 18:12:58 INFO myLogger: [UnionRDD]EndAt:20633930065300,TaskAttempt ID:54,Partition Id:42,Stage Id:3
16/10/31 18:12:58 INFO myLogger: [UnionRDD]EndAt:20633934083864,TaskAttempt ID:66,Partition Id:54,Stage Id:3
16/10/31 18:12:58 INFO myLogger: [UnionRDD]EndAt:20633961486843,TaskAttempt ID:34,Partition Id:22,Stage Id:3
16/10/31 18:12:58 INFO myLogger: [UnionRDD]EndAt:20633965340165,TaskAttempt ID:26,Partition Id:14,Stage Id:3
16/10/31 18:12:58 INFO myLogger: [ShuffledRDD]EndAt:20633965379374,TaskAttempt ID:14,Partition Id:0,Stage Id:3
16/10/31 18:12:58 INFO myLogger: [MapPartitionsRDD]EndAt:20633968469884,TaskAttempt ID:14,Partition Id:0,Stage Id:3
16/10/31 18:12:58 INFO myLogger: [UnionRDD]EndAt:20633988417093,TaskAttempt ID:18,Partition Id:6,Stage Id:3
16/10/31 18:12:58 INFO myLogger: [UnionRDD]EndAt:20634079058026,TaskAttempt ID:30,Partition Id:18,Stage Id:3
16/10/31 18:13:15 INFO myLogger: [UnionRDD]EndAt:20651273400279,TaskAttempt ID:14,Partition Id:0,Stage Id:3
16/10/31 18:13:36 INFO myLogger: [UnionRDD]StartAt:20672535567201,TaskAttempt ID:80,Partition Id:6,Stage Id:4
16/10/31 18:13:36 INFO myLogger: [UnionRDD]StartAt:20672539134439,TaskAttempt ID:136,Partition Id:62,Stage Id:4
16/10/31 18:13:36 INFO myLogger: [UnionRDD]StartAt:20672540455656,TaskAttempt ID:128,Partition Id:54,Stage Id:4
16/10/31 18:13:36 INFO myLogger: [UnionRDD]StartAt:20672541688992,TaskAttempt ID:124,Partition Id:50,Stage Id:4
16/10/31 18:13:36 INFO myLogger: [UnionRDD]StartAt:20672542792962,TaskAttempt ID:116,Partition Id:42,Stage Id:4
16/10/31 18:13:36 INFO myLogger: [UnionRDD]StartAt:20672543432431,TaskAttempt ID:120,Partition Id:46,Stage Id:4
16/10/31 18:13:36 INFO myLogger: [UnionRDD]StartAt:20672543634985,TaskAttempt ID:112,Partition Id:38,Stage Id:4
16/10/31 18:13:36 INFO myLogger: [UnionRDD]StartAt:20672544758448,TaskAttempt ID:132,Partition Id:58,Stage Id:4
16/10/31 18:13:36 INFO myLogger: [UnionRDD]StartAt:20672546807135,TaskAttempt ID:108,Partition Id:34,Stage Id:4
16/10/31 18:13:36 INFO myLogger: [UnionRDD]StartAt:20672550132625,TaskAttempt ID:104,Partition Id:30,Stage Id:4
16/10/31 18:13:36 INFO myLogger: [UnionRDD]StartAt:20672553981804,TaskAttempt ID:100,Partition Id:26,Stage Id:4
16/10/31 18:13:36 INFO myLogger: [UnionRDD]StartAt:20672563825215,TaskAttempt ID:92,Partition Id:18,Stage Id:4
16/10/31 18:13:36 INFO myLogger: [UnionRDD]EndAt:20672565430443,TaskAttempt ID:136,Partition Id:62,Stage Id:4
16/10/31 18:13:36 INFO myLogger: [UnionRDD]EndAt:20672567910551,TaskAttempt ID:124,Partition Id:50,Stage Id:4
16/10/31 18:13:36 INFO myLogger: [UnionRDD]StartAt:20672569872756,TaskAttempt ID:96,Partition Id:22,Stage Id:4
16/10/31 18:13:36 INFO myLogger: [UnionRDD]StartAt:20672570959089,TaskAttempt ID:88,Partition Id:14,Stage Id:4
16/10/31 18:13:36 INFO myLogger: [UnionRDD]EndAt:20672576487165,TaskAttempt ID:132,Partition Id:58,Stage Id:4
16/10/31 18:13:36 INFO myLogger: [UnionRDD]StartAt:20672577562931,TaskAttempt ID:84,Partition Id:10,Stage Id:4
16/10/31 18:13:36 INFO myLogger: [UnionRDD]EndAt:20672584959999,TaskAttempt ID:104,Partition Id:30,Stage Id:4
16/10/31 18:13:36 INFO myLogger: [UnionRDD]EndAt:20672604591828,TaskAttempt ID:112,Partition Id:38,Stage Id:4
16/10/31 18:13:36 INFO myLogger: [UnionRDD]EndAt:20672605766730,TaskAttempt ID:128,Partition Id:54,Stage Id:4
16/10/31 18:13:36 INFO myLogger: [UnionRDD]EndAt:20672605853901,TaskAttempt ID:80,Partition Id:6,Stage Id:4
16/10/31 18:13:36 INFO myLogger: [UnionRDD]EndAt:20672609002072,TaskAttempt ID:108,Partition Id:34,Stage Id:4
16/10/31 18:13:36 INFO myLogger: [UnionRDD]EndAt:20672613578236,TaskAttempt ID:120,Partition Id:46,Stage Id:4
16/10/31 18:13:36 INFO myLogger: [UnionRDD]EndAt:20672637866892,TaskAttempt ID:116,Partition Id:42,Stage Id:4
16/10/31 18:13:36 INFO myLogger: [UnionRDD]EndAt:20672645724980,TaskAttempt ID:96,Partition Id:22,Stage Id:4
16/10/31 18:13:36 INFO myLogger: [UnionRDD]EndAt:20672646209951,TaskAttempt ID:92,Partition Id:18,Stage Id:4
16/10/31 18:13:36 INFO myLogger: [UnionRDD]EndAt:20672646833966,TaskAttempt ID:100,Partition Id:26,Stage Id:4
16/10/31 18:13:36 INFO myLogger: [UnionRDD]EndAt:20672674596977,TaskAttempt ID:88,Partition Id:14,Stage Id:4
16/10/31 18:13:36 INFO myLogger: [UnionRDD]EndAt:20672688649289,TaskAttempt ID:84,Partition Id:10,Stage Id:4
16/10/31 18:13:37 INFO myLogger: [UnionRDD]StartAt:20672813545879,TaskAttempt ID:146,Partition Id:0,Stage Id:4
16/10/31 18:13:37 INFO myLogger: [MapPartitionsRDD]StartAt:20672814570034,TaskAttempt ID:146,Partition Id:0,Stage Id:4
16/10/31 18:13:37 INFO myLogger: [ShuffledRDD]StartAt:20672814859584,TaskAttempt ID:146,Partition Id:0,Stage Id:4
16/10/31 18:13:37 INFO myLogger: [ShuffledRDD]EndAt:20672837679161,TaskAttempt ID:146,Partition Id:0,Stage Id:4
16/10/31 18:13:37 INFO myLogger: [MapPartitionsRDD]EndAt:20672838171041,TaskAttempt ID:146,Partition Id:0,Stage Id:4
16/10/31 18:13:45 INFO myLogger: [UnionRDD]EndAt:20681220493516,TaskAttempt ID:146,Partition Id:0,Stage Id:4
16/10/31 18:14:06 INFO myLogger: [UnionRDD]StartAt:20701944840111,TaskAttempt ID:149,Partition Id:0,Stage Id:5
16/10/31 18:14:06 INFO myLogger: [MapPartitionsRDD]StartAt:20701946132195,TaskAttempt ID:149,Partition Id:0,Stage Id:5
16/10/31 18:14:06 INFO myLogger: [ShuffledRDD]StartAt:20701946612446,TaskAttempt ID:149,Partition Id:0,Stage Id:5
16/10/31 18:14:06 INFO myLogger: [UnionRDD]StartAt:20701947963966,TaskAttempt ID:153,Partition Id:4,Stage Id:5
16/10/31 18:14:06 INFO myLogger: [MapPartitionsRDD]StartAt:20701949394598,TaskAttempt ID:153,Partition Id:4,Stage Id:5
16/10/31 18:14:06 INFO myLogger: [ShuffledRDD]StartAt:20701949870026,TaskAttempt ID:153,Partition Id:4,Stage Id:5
16/10/31 18:14:06 INFO myLogger: [ShuffledRDD]EndAt:20701970746832,TaskAttempt ID:149,Partition Id:0,Stage Id:5
16/10/31 18:14:06 INFO myLogger: [MapPartitionsRDD]EndAt:20701971185763,TaskAttempt ID:149,Partition Id:0,Stage Id:5
16/10/31 18:14:06 INFO myLogger: [ShuffledRDD]EndAt:20701976042114,TaskAttempt ID:153,Partition Id:4,Stage Id:5
16/10/31 18:14:06 INFO myLogger: [MapPartitionsRDD]EndAt:20702011404754,TaskAttempt ID:153,Partition Id:4,Stage Id:5
16/10/31 18:15:19 INFO myLogger: [UnionRDD]EndAt:20775189329703,TaskAttempt ID:153,Partition Id:4,Stage Id:5
16/10/31 18:15:25 INFO myLogger: [UnionRDD]EndAt:20780901232980,TaskAttempt ID:149,Partition Id:0,Stage Id:5
16/10/31 18:15:46 INFO myLogger: [UnionRDD]StartAt:20801943620691,TaskAttempt ID:157,Partition Id:0,Stage Id:6
16/10/31 18:15:46 INFO myLogger: [UnionRDD]StartAt:20801945453434,TaskAttempt ID:161,Partition Id:4,Stage Id:6
16/10/31 18:15:46 INFO myLogger: [MapPartitionsRDD]StartAt:20801945535670,TaskAttempt ID:157,Partition Id:0,Stage Id:6
16/10/31 18:15:46 INFO myLogger: [ShuffledRDD]StartAt:20801946266540,TaskAttempt ID:157,Partition Id:0,Stage Id:6
16/10/31 18:15:46 INFO myLogger: [MapPartitionsRDD]StartAt:20801947233670,TaskAttempt ID:161,Partition Id:4,Stage Id:6
16/10/31 18:15:46 INFO myLogger: [ShuffledRDD]StartAt:20801947685445,TaskAttempt ID:161,Partition Id:4,Stage Id:6
16/10/31 18:15:46 INFO myLogger: [ShuffledRDD]EndAt:20801962619104,TaskAttempt ID:161,Partition Id:4,Stage Id:6
16/10/31 18:15:46 INFO myLogger: [MapPartitionsRDD]EndAt:20801963421165,TaskAttempt ID:161,Partition Id:4,Stage Id:6
16/10/31 18:15:46 INFO myLogger: [ShuffledRDD]EndAt:20801963844491,TaskAttempt ID:157,Partition Id:0,Stage Id:6
16/10/31 18:15:46 INFO myLogger: [MapPartitionsRDD]EndAt:20801964586015,TaskAttempt ID:157,Partition Id:0,Stage Id:6
16/10/31 18:15:49 INFO myLogger: [UnionRDD]EndAt:20805548282797,TaskAttempt ID:161,Partition Id:4,Stage Id:6
16/10/31 18:16:04 INFO myLogger: [UnionRDD]EndAt:20820248121907,TaskAttempt ID:157,Partition Id:0,Stage Id:6
16/10/31 18:17:25 INFO myLogger: [UnionRDD]StartAt:20901652477275,TaskAttempt ID:171,Partition Id:4,Stage Id:7
16/10/31 18:17:25 INFO myLogger: [UnionRDD]StartAt:20901652576097,TaskAttempt ID:167,Partition Id:0,Stage Id:7
16/10/31 18:17:25 INFO myLogger: [MapPartitionsRDD]StartAt:20901653634558,TaskAttempt ID:171,Partition Id:4,Stage Id:7
16/10/31 18:17:25 INFO myLogger: [MapPartitionsRDD]StartAt:20901653714116,TaskAttempt ID:167,Partition Id:0,Stage Id:7
16/10/31 18:17:25 INFO myLogger: [ShuffledRDD]StartAt:20901654039750,TaskAttempt ID:171,Partition Id:4,Stage Id:7
16/10/31 18:17:25 INFO myLogger: [ShuffledRDD]StartAt:20901654113716,TaskAttempt ID:167,Partition Id:0,Stage Id:7
16/10/31 18:17:25 INFO myLogger: [ShuffledRDD]EndAt:20901670073909,TaskAttempt ID:171,Partition Id:4,Stage Id:7
16/10/31 18:17:25 INFO myLogger: [ShuffledRDD]EndAt:20901670089376,TaskAttempt ID:167,Partition Id:0,Stage Id:7
16/10/31 18:17:25 INFO myLogger: [MapPartitionsRDD]EndAt:20901670933152,TaskAttempt ID:167,Partition Id:0,Stage Id:7
16/10/31 18:17:25 INFO myLogger: [MapPartitionsRDD]EndAt:20901672312957,TaskAttempt ID:171,Partition Id:4,Stage Id:7
16/10/31 18:17:39 INFO myLogger: [UnionRDD]EndAt:20914963569026,TaskAttempt ID:171,Partition Id:4,Stage Id:7
16/10/31 18:17:45 INFO myLogger: [UnionRDD]EndAt:20921251421086,TaskAttempt ID:167,Partition Id:0,Stage Id:7
16/10/31 18:19:05 INFO myLogger: [UnionRDD]StartAt:21001326870407,TaskAttempt ID:174,Partition Id:0,Stage Id:8
16/10/31 18:19:05 INFO myLogger: [UnionRDD]StartAt:21001327612741,TaskAttempt ID:178,Partition Id:4,Stage Id:8
16/10/31 18:19:05 INFO myLogger: [MapPartitionsRDD]StartAt:21001328630000,TaskAttempt ID:174,Partition Id:0,Stage Id:8
16/10/31 18:19:05 INFO myLogger: [ShuffledRDD]StartAt:21001329223014,TaskAttempt ID:174,Partition Id:0,Stage Id:8
16/10/31 18:19:05 INFO myLogger: [MapPartitionsRDD]StartAt:21001329330017,TaskAttempt ID:178,Partition Id:4,Stage Id:8
16/10/31 18:19:05 INFO myLogger: [ShuffledRDD]StartAt:21001329843108,TaskAttempt ID:178,Partition Id:4,Stage Id:8
16/10/31 18:19:05 INFO myLogger: [ShuffledRDD]EndAt:21001347149963,TaskAttempt ID:174,Partition Id:0,Stage Id:8
16/10/31 18:19:05 INFO myLogger: [MapPartitionsRDD]EndAt:21001347663952,TaskAttempt ID:174,Partition Id:0,Stage Id:8
16/10/31 18:19:05 INFO myLogger: [ShuffledRDD]EndAt:21001350178174,TaskAttempt ID:178,Partition Id:4,Stage Id:8
16/10/31 18:19:05 INFO myLogger: [MapPartitionsRDD]EndAt:21001352182975,TaskAttempt ID:178,Partition Id:4,Stage Id:8
16/10/31 18:19:14 INFO myLogger: [UnionRDD]EndAt:21010368530426,TaskAttempt ID:174,Partition Id:0,Stage Id:8
16/10/31 18:19:18 INFO myLogger: [UnionRDD]EndAt:21013844740598,TaskAttempt ID:178,Partition Id:4,Stage Id:8
16/10/31 18:20:47 INFO myLogger: [MapPartitionsRDD]StartAt:21103146555455,TaskAttempt ID:183,Partition Id:0,Stage Id:9
16/10/31 18:20:47 INFO myLogger: [ShuffledRDD]StartAt:21103147087471,TaskAttempt ID:183,Partition Id:0,Stage Id:9
16/10/31 18:20:47 INFO myLogger: [ShuffledRDD]EndAt:21103161968522,TaskAttempt ID:183,Partition Id:0,Stage Id:9
16/10/31 18:20:47 INFO myLogger: [MapPartitionsRDD]EndAt:21103162536019,TaskAttempt ID:183,Partition Id:0,Stage Id:9
16/10/31 18:21:02 INFO myLogger: [UnionRDD]StartAt:21118352943037,TaskAttempt ID:187,Partition Id:0,Stage Id:16
16/10/31 18:21:02 INFO myLogger: [UnionRDD]StartAt:21118353663819,TaskAttempt ID:191,Partition Id:4,Stage Id:16
16/10/31 18:21:02 INFO myLogger: [MapPartitionsRDD]StartAt:21118354089323,TaskAttempt ID:187,Partition Id:0,Stage Id:16
16/10/31 18:21:02 INFO myLogger: [ShuffledRDD]StartAt:21118354575267,TaskAttempt ID:187,Partition Id:0,Stage Id:16
16/10/31 18:21:02 INFO myLogger: [MapPartitionsRDD]StartAt:21118354666104,TaskAttempt ID:191,Partition Id:4,Stage Id:16
16/10/31 18:21:02 INFO myLogger: [ShuffledRDD]StartAt:21118354999384,TaskAttempt ID:191,Partition Id:4,Stage Id:16
16/10/31 18:21:02 INFO myLogger: [ShuffledRDD]EndAt:21118365054839,TaskAttempt ID:187,Partition Id:0,Stage Id:16
16/10/31 18:21:02 INFO myLogger: [MapPartitionsRDD]EndAt:21118365532672,TaskAttempt ID:187,Partition Id:0,Stage Id:16
16/10/31 18:21:02 INFO myLogger: [ShuffledRDD]EndAt:21118365814365,TaskAttempt ID:191,Partition Id:4,Stage Id:16
16/10/31 18:21:02 INFO myLogger: [MapPartitionsRDD]EndAt:21118366153186,TaskAttempt ID:191,Partition Id:4,Stage Id:16
16/10/31 18:21:06 INFO myLogger: [UnionRDD]EndAt:21121973910065,TaskAttempt ID:191,Partition Id:4,Stage Id:16
16/10/31 18:21:21 INFO myLogger: [UnionRDD]EndAt:21137394471548,TaskAttempt ID:187,Partition Id:0,Stage Id:16
16/10/31 18:22:53 INFO myLogger: [MapPartitionsRDD]StartAt:21229244888938,TaskAttempt ID:194,Partition Id:0,Stage Id:17
16/10/31 18:22:53 INFO myLogger: [ShuffledRDD]StartAt:21229245425007,TaskAttempt ID:194,Partition Id:0,Stage Id:17
16/10/31 18:22:53 INFO myLogger: [ShuffledRDD]EndAt:21229263824855,TaskAttempt ID:194,Partition Id:0,Stage Id:17
16/10/31 18:22:53 INFO myLogger: [MapPartitionsRDD]EndAt:21229264513694,TaskAttempt ID:194,Partition Id:0,Stage Id:17
16/10/31 18:23:08 INFO myLogger: [UnionRDD]StartAt:21244015414276,TaskAttempt ID:198,Partition Id:0,Stage Id:24
16/10/31 18:23:08 INFO myLogger: [UnionRDD]StartAt:21244017071378,TaskAttempt ID:202,Partition Id:4,Stage Id:24
16/10/31 18:23:08 INFO myLogger: [MapPartitionsRDD]StartAt:21244017148162,TaskAttempt ID:198,Partition Id:0,Stage Id:24
16/10/31 18:23:08 INFO myLogger: [ShuffledRDD]StartAt:21244017726080,TaskAttempt ID:198,Partition Id:0,Stage Id:24
16/10/31 18:23:08 INFO myLogger: [MapPartitionsRDD]StartAt:21244018673711,TaskAttempt ID:202,Partition Id:4,Stage Id:24
16/10/31 18:23:08 INFO myLogger: [ShuffledRDD]StartAt:21244019119508,TaskAttempt ID:202,Partition Id:4,Stage Id:24
16/10/31 18:23:08 INFO myLogger: [ShuffledRDD]EndAt:21244029358852,TaskAttempt ID:198,Partition Id:0,Stage Id:24
16/10/31 18:23:08 INFO myLogger: [MapPartitionsRDD]EndAt:21244029701596,TaskAttempt ID:198,Partition Id:0,Stage Id:24
16/10/31 18:23:08 INFO myLogger: [ShuffledRDD]EndAt:21244032147163,TaskAttempt ID:202,Partition Id:4,Stage Id:24
16/10/31 18:23:08 INFO myLogger: [MapPartitionsRDD]EndAt:21244032681420,TaskAttempt ID:202,Partition Id:4,Stage Id:24
16/10/31 18:23:11 INFO myLogger: [UnionRDD]EndAt:21247626375799,TaskAttempt ID:202,Partition Id:4,Stage Id:24
16/10/31 18:23:27 INFO myLogger: [UnionRDD]EndAt:21262697350183,TaskAttempt ID:198,Partition Id:0,Stage Id:24
16/10/31 18:25:00 INFO myLogger: [MapPartitionsRDD]StartAt:21355801138766,TaskAttempt ID:204,Partition Id:0,Stage Id:25
16/10/31 18:25:00 INFO myLogger: [ShuffledRDD]StartAt:21355801595430,TaskAttempt ID:204,Partition Id:0,Stage Id:25
16/10/31 18:25:00 INFO myLogger: [ShuffledRDD]EndAt:21355820557839,TaskAttempt ID:204,Partition Id:0,Stage Id:25
16/10/31 18:25:00 INFO myLogger: [MapPartitionsRDD]EndAt:21355821082255,TaskAttempt ID:204,Partition Id:0,Stage Id:25
16/10/31 18:25:15 INFO myLogger: [UnionRDD]StartAt:21371013790954,TaskAttempt ID:209,Partition Id:0,Stage Id:32
16/10/31 18:25:15 INFO myLogger: [UnionRDD]StartAt:21371014767539,TaskAttempt ID:213,Partition Id:4,Stage Id:32
16/10/31 18:25:15 INFO myLogger: [MapPartitionsRDD]StartAt:21371015118626,TaskAttempt ID:209,Partition Id:0,Stage Id:32
16/10/31 18:25:15 INFO myLogger: [ShuffledRDD]StartAt:21371015635529,TaskAttempt ID:209,Partition Id:0,Stage Id:32
16/10/31 18:25:15 INFO myLogger: [MapPartitionsRDD]StartAt:21371015894546,TaskAttempt ID:213,Partition Id:4,Stage Id:32
16/10/31 18:25:15 INFO myLogger: [ShuffledRDD]StartAt:21371016277207,TaskAttempt ID:213,Partition Id:4,Stage Id:32
16/10/31 18:25:15 INFO myLogger: [ShuffledRDD]EndAt:21371026293035,TaskAttempt ID:213,Partition Id:4,Stage Id:32
16/10/31 18:25:15 INFO myLogger: [MapPartitionsRDD]EndAt:21371026586825,TaskAttempt ID:213,Partition Id:4,Stage Id:32
16/10/31 18:25:15 INFO myLogger: [ShuffledRDD]EndAt:21371026736833,TaskAttempt ID:209,Partition Id:0,Stage Id:32
16/10/31 18:25:15 INFO myLogger: [MapPartitionsRDD]EndAt:21371027139539,TaskAttempt ID:209,Partition Id:0,Stage Id:32
16/10/31 18:25:24 INFO myLogger: [UnionRDD]EndAt:21380145438503,TaskAttempt ID:209,Partition Id:0,Stage Id:32
16/10/31 18:25:28 INFO myLogger: [UnionRDD]EndAt:21383839230605,TaskAttempt ID:213,Partition Id:4,Stage Id:32
16/10/31 18:27:09 INFO myLogger: [MapPartitionsRDD]StartAt:21484739572814,TaskAttempt ID:216,Partition Id:0,Stage Id:33
16/10/31 18:27:09 INFO myLogger: [ShuffledRDD]StartAt:21484740161178,TaskAttempt ID:216,Partition Id:0,Stage Id:33
16/10/31 18:27:09 INFO myLogger: [ShuffledRDD]EndAt:21484759392683,TaskAttempt ID:216,Partition Id:0,Stage Id:33
16/10/31 18:27:09 INFO myLogger: [MapPartitionsRDD]EndAt:21484759894751,TaskAttempt ID:216,Partition Id:0,Stage Id:33
