16/10/31 18:11:36 INFO myLogger: [MapPartitionsRDD]StartAt:20552441678076,TaskAttempt ID:5,Partition Id:1,Stage Id:1
16/10/31 18:11:37 INFO myLogger: [MapPartitionsRDD]EndAt:20552933217543,TaskAttempt ID:5,Partition Id:1,Stage Id:1
16/10/31 18:12:05 INFO myLogger: [MapPartitionsRDD]StartAt:20580696673752,TaskAttempt ID:11,Partition Id:3,Stage Id:2
16/10/31 18:12:05 INFO myLogger: [MapPartitionsRDD]EndAt:20580706637146,TaskAttempt ID:11,Partition Id:3,Stage Id:2
16/10/31 18:12:57 INFO myLogger: [UnionRDD]StartAt:20633445866655,TaskAttempt ID:17,Partition Id:5,Stage Id:3
16/10/31 18:12:57 INFO myLogger: [UnionRDD]StartAt:20633446172772,TaskAttempt ID:45,Partition Id:33,Stage Id:3
16/10/31 18:12:57 INFO myLogger: [UnionRDD]StartAt:20633452354936,TaskAttempt ID:33,Partition Id:21,Stage Id:3
16/10/31 18:12:57 INFO myLogger: [UnionRDD]StartAt:20633454059291,TaskAttempt ID:21,Partition Id:9,Stage Id:3
16/10/31 18:12:57 INFO myLogger: [UnionRDD]StartAt:20633458623003,TaskAttempt ID:25,Partition Id:13,Stage Id:3
16/10/31 18:12:57 INFO myLogger: [UnionRDD]StartAt:20633461059409,TaskAttempt ID:49,Partition Id:37,Stage Id:3
16/10/31 18:12:57 INFO myLogger: [UnionRDD]StartAt:20633461234976,TaskAttempt ID:41,Partition Id:29,Stage Id:3
16/10/31 18:12:57 INFO myLogger: [UnionRDD]StartAt:20633461416922,TaskAttempt ID:57,Partition Id:45,Stage Id:3
16/10/31 18:12:57 INFO myLogger: [UnionRDD]StartAt:20633463575148,TaskAttempt ID:53,Partition Id:41,Stage Id:3
16/10/31 18:12:57 INFO myLogger: [UnionRDD]StartAt:20633464052241,TaskAttempt ID:61,Partition Id:49,Stage Id:3
16/10/31 18:12:57 INFO myLogger: [UnionRDD]StartAt:20633465563203,TaskAttempt ID:29,Partition Id:17,Stage Id:3
16/10/31 18:12:57 INFO myLogger: [UnionRDD]StartAt:20633465808242,TaskAttempt ID:37,Partition Id:25,Stage Id:3
16/10/31 18:12:57 INFO myLogger: [UnionRDD]StartAt:20633465967647,TaskAttempt ID:13,Partition Id:3,Stage Id:3
16/10/31 18:12:57 INFO myLogger: [UnionRDD]StartAt:20633469207195,TaskAttempt ID:69,Partition Id:57,Stage Id:3
16/10/31 18:12:57 INFO myLogger: [UnionRDD]StartAt:20633472518384,TaskAttempt ID:65,Partition Id:53,Stage Id:3
16/10/31 18:12:57 INFO myLogger: [MapPartitionsRDD]StartAt:20633477579852,TaskAttempt ID:13,Partition Id:3,Stage Id:3
16/10/31 18:12:57 INFO myLogger: [ParallelCollectionRDD]StartAt:20633477978725,TaskAttempt ID:17,Partition Id:5,Stage Id:3
16/10/31 18:12:57 INFO myLogger: [ParallelCollectionRDD]StartAt:20633478079760,TaskAttempt ID:45,Partition Id:33,Stage Id:3
16/10/31 18:12:57 INFO myLogger: [UnionRDD]StartAt:20633478852621,TaskAttempt ID:73,Partition Id:61,Stage Id:3
16/10/31 18:12:57 INFO myLogger: [ParallelCollectionRDD]EndAt:20633480989326,TaskAttempt ID:45,Partition Id:33,Stage Id:3
16/10/31 18:12:57 INFO myLogger: [ParallelCollectionRDD]EndAt:20633481132991,TaskAttempt ID:17,Partition Id:5,Stage Id:3
16/10/31 18:12:57 INFO myLogger: [ParallelCollectionRDD]StartAt:20633482095008,TaskAttempt ID:21,Partition Id:9,Stage Id:3
16/10/31 18:12:57 INFO myLogger: [ShuffledRDD]StartAt:20633482929839,TaskAttempt ID:13,Partition Id:3,Stage Id:3
16/10/31 18:12:57 INFO myLogger: [ParallelCollectionRDD]StartAt:20633484323716,TaskAttempt ID:25,Partition Id:13,Stage Id:3
16/10/31 18:12:57 INFO myLogger: [ParallelCollectionRDD]EndAt:20633485616458,TaskAttempt ID:25,Partition Id:13,Stage Id:3
16/10/31 18:12:57 INFO myLogger: [ParallelCollectionRDD]EndAt:20633486288689,TaskAttempt ID:21,Partition Id:9,Stage Id:3
16/10/31 18:12:57 INFO myLogger: [ParallelCollectionRDD]StartAt:20633490331568,TaskAttempt ID:61,Partition Id:49,Stage Id:3
16/10/31 18:12:57 INFO myLogger: [ParallelCollectionRDD]StartAt:20633490760235,TaskAttempt ID:41,Partition Id:29,Stage Id:3
16/10/31 18:12:57 INFO myLogger: [ParallelCollectionRDD]EndAt:20633490897416,TaskAttempt ID:61,Partition Id:49,Stage Id:3
16/10/31 18:12:57 INFO myLogger: [ParallelCollectionRDD]EndAt:20633491015494,TaskAttempt ID:41,Partition Id:29,Stage Id:3
16/10/31 18:12:57 INFO myLogger: [ParallelCollectionRDD]StartAt:20633492653071,TaskAttempt ID:57,Partition Id:45,Stage Id:3
16/10/31 18:12:57 INFO myLogger: [ParallelCollectionRDD]EndAt:20633495436665,TaskAttempt ID:57,Partition Id:45,Stage Id:3
16/10/31 18:12:57 INFO myLogger: [ParallelCollectionRDD]StartAt:20633496842389,TaskAttempt ID:49,Partition Id:37,Stage Id:3
16/10/31 18:12:57 INFO myLogger: [ParallelCollectionRDD]EndAt:20633497886717,TaskAttempt ID:49,Partition Id:37,Stage Id:3
16/10/31 18:12:57 INFO myLogger: [ParallelCollectionRDD]StartAt:20633500357664,TaskAttempt ID:53,Partition Id:41,Stage Id:3
16/10/31 18:12:57 INFO myLogger: [ParallelCollectionRDD]EndAt:20633500812439,TaskAttempt ID:53,Partition Id:41,Stage Id:3
16/10/31 18:12:57 INFO myLogger: [ParallelCollectionRDD]StartAt:20633501159811,TaskAttempt ID:29,Partition Id:17,Stage Id:3
16/10/31 18:12:57 INFO myLogger: [ParallelCollectionRDD]EndAt:20633501410007,TaskAttempt ID:29,Partition Id:17,Stage Id:3
16/10/31 18:12:57 INFO myLogger: [ParallelCollectionRDD]StartAt:20633505716367,TaskAttempt ID:33,Partition Id:21,Stage Id:3
16/10/31 18:12:57 INFO myLogger: [ParallelCollectionRDD]EndAt:20633506146611,TaskAttempt ID:33,Partition Id:21,Stage Id:3
16/10/31 18:12:57 INFO myLogger: [ParallelCollectionRDD]StartAt:20633508040097,TaskAttempt ID:69,Partition Id:57,Stage Id:3
16/10/31 18:12:57 INFO myLogger: [ParallelCollectionRDD]EndAt:20633508379876,TaskAttempt ID:69,Partition Id:57,Stage Id:3
16/10/31 18:12:57 INFO myLogger: [ParallelCollectionRDD]StartAt:20633508857727,TaskAttempt ID:65,Partition Id:53,Stage Id:3
16/10/31 18:12:57 INFO myLogger: [ParallelCollectionRDD]EndAt:20633509316378,TaskAttempt ID:65,Partition Id:53,Stage Id:3
16/10/31 18:12:57 INFO myLogger: [ParallelCollectionRDD]StartAt:20633512142173,TaskAttempt ID:37,Partition Id:25,Stage Id:3
16/10/31 18:12:57 INFO myLogger: [ParallelCollectionRDD]EndAt:20633512504687,TaskAttempt ID:37,Partition Id:25,Stage Id:3
16/10/31 18:12:57 INFO myLogger: [ParallelCollectionRDD]StartAt:20633514612566,TaskAttempt ID:73,Partition Id:61,Stage Id:3
16/10/31 18:12:57 INFO myLogger: [ParallelCollectionRDD]EndAt:20633515027784,TaskAttempt ID:73,Partition Id:61,Stage Id:3
16/10/31 18:12:57 INFO myLogger: [UnionRDD]EndAt:20633618700492,TaskAttempt ID:45,Partition Id:33,Stage Id:3
16/10/31 18:12:57 INFO myLogger: [ShuffledRDD]EndAt:20633646511284,TaskAttempt ID:13,Partition Id:3,Stage Id:3
16/10/31 18:12:57 INFO myLogger: [UnionRDD]EndAt:20633653628401,TaskAttempt ID:29,Partition Id:17,Stage Id:3
16/10/31 18:12:57 INFO myLogger: [MapPartitionsRDD]EndAt:20633653915855,TaskAttempt ID:13,Partition Id:3,Stage Id:3
16/10/31 18:12:57 INFO myLogger: [UnionRDD]EndAt:20633655844692,TaskAttempt ID:41,Partition Id:29,Stage Id:3
16/10/31 18:12:57 INFO myLogger: [UnionRDD]EndAt:20633656196638,TaskAttempt ID:61,Partition Id:49,Stage Id:3
16/10/31 18:12:58 INFO myLogger: [UnionRDD]EndAt:20633670650309,TaskAttempt ID:21,Partition Id:9,Stage Id:3
16/10/31 18:12:58 INFO myLogger: [UnionRDD]EndAt:20633741492536,TaskAttempt ID:73,Partition Id:61,Stage Id:3
16/10/31 18:12:58 INFO myLogger: [UnionRDD]EndAt:20633742832830,TaskAttempt ID:49,Partition Id:37,Stage Id:3
16/10/31 18:12:58 INFO myLogger: [UnionRDD]EndAt:20633743653711,TaskAttempt ID:69,Partition Id:57,Stage Id:3
16/10/31 18:12:58 INFO myLogger: [UnionRDD]EndAt:20633772282903,TaskAttempt ID:17,Partition Id:5,Stage Id:3
16/10/31 18:12:58 INFO myLogger: [UnionRDD]EndAt:20633801041702,TaskAttempt ID:53,Partition Id:41,Stage Id:3
16/10/31 18:12:58 INFO myLogger: [UnionRDD]EndAt:20633809844848,TaskAttempt ID:25,Partition Id:13,Stage Id:3
16/10/31 18:12:58 INFO myLogger: [UnionRDD]EndAt:20633816306745,TaskAttempt ID:37,Partition Id:25,Stage Id:3
16/10/31 18:12:58 INFO myLogger: [UnionRDD]EndAt:20633817383896,TaskAttempt ID:33,Partition Id:21,Stage Id:3
16/10/31 18:12:58 INFO myLogger: [UnionRDD]EndAt:20633824765751,TaskAttempt ID:65,Partition Id:53,Stage Id:3
16/10/31 18:12:58 INFO myLogger: [UnionRDD]EndAt:20633827703231,TaskAttempt ID:57,Partition Id:45,Stage Id:3
16/10/31 18:12:58 INFO myLogger: [UnionRDD]StartAt:20633845368310,TaskAttempt ID:76,Partition Id:64,Stage Id:3
16/10/31 18:12:58 INFO myLogger: [ParallelCollectionRDD]StartAt:20633869404369,TaskAttempt ID:76,Partition Id:64,Stage Id:3
16/10/31 18:12:58 INFO myLogger: [ParallelCollectionRDD]EndAt:20633869710007,TaskAttempt ID:76,Partition Id:64,Stage Id:3
16/10/31 18:12:58 INFO myLogger: [UnionRDD]StartAt:20633919051130,TaskAttempt ID:77,Partition Id:65,Stage Id:3
16/10/31 18:12:58 INFO myLogger: [UnionRDD]StartAt:20633921266963,TaskAttempt ID:78,Partition Id:66,Stage Id:3
16/10/31 18:12:58 INFO myLogger: [UnionRDD]StartAt:20633921816657,TaskAttempt ID:79,Partition Id:67,Stage Id:3
16/10/31 18:12:58 INFO myLogger: [ParallelCollectionRDD]StartAt:20633942625236,TaskAttempt ID:78,Partition Id:66,Stage Id:3
16/10/31 18:12:58 INFO myLogger: [ParallelCollectionRDD]EndAt:20633942892146,TaskAttempt ID:78,Partition Id:66,Stage Id:3
16/10/31 18:12:58 INFO myLogger: [ParallelCollectionRDD]StartAt:20633945092923,TaskAttempt ID:79,Partition Id:67,Stage Id:3
16/10/31 18:12:58 INFO myLogger: [ParallelCollectionRDD]StartAt:20633945729422,TaskAttempt ID:77,Partition Id:65,Stage Id:3
16/10/31 18:12:58 INFO myLogger: [ParallelCollectionRDD]EndAt:20633946078870,TaskAttempt ID:77,Partition Id:65,Stage Id:3
16/10/31 18:12:58 INFO myLogger: [ParallelCollectionRDD]EndAt:20633946883140,TaskAttempt ID:79,Partition Id:67,Stage Id:3
16/10/31 18:12:58 INFO myLogger: [UnionRDD]EndAt:20634018137993,TaskAttempt ID:76,Partition Id:64,Stage Id:3
16/10/31 18:12:58 INFO myLogger: [UnionRDD]EndAt:20634044883460,TaskAttempt ID:79,Partition Id:67,Stage Id:3
16/10/31 18:12:58 INFO myLogger: [UnionRDD]EndAt:20634064125835,TaskAttempt ID:78,Partition Id:66,Stage Id:3
16/10/31 18:12:58 INFO myLogger: [UnionRDD]EndAt:20634078524930,TaskAttempt ID:77,Partition Id:65,Stage Id:3
16/10/31 18:13:16 INFO myLogger: [UnionRDD]EndAt:20651959858846,TaskAttempt ID:13,Partition Id:3,Stage Id:3
16/10/31 18:13:36 INFO myLogger: [UnionRDD]StartAt:20672604349262,TaskAttempt ID:82,Partition Id:5,Stage Id:4
16/10/31 18:13:36 INFO myLogger: [UnionRDD]StartAt:20672610173406,TaskAttempt ID:140,Partition Id:64,Stage Id:4
16/10/31 18:13:36 INFO myLogger: [UnionRDD]StartAt:20672614765863,TaskAttempt ID:138,Partition Id:61,Stage Id:4
16/10/31 18:13:36 INFO myLogger: [UnionRDD]StartAt:20672619885896,TaskAttempt ID:134,Partition Id:57,Stage Id:4
16/10/31 18:13:36 INFO myLogger: [UnionRDD]StartAt:20672625616173,TaskAttempt ID:114,Partition Id:37,Stage Id:4
16/10/31 18:13:36 INFO myLogger: [UnionRDD]StartAt:20672626347120,TaskAttempt ID:122,Partition Id:45,Stage Id:4
16/10/31 18:13:36 INFO myLogger: [UnionRDD]StartAt:20672627479039,TaskAttempt ID:118,Partition Id:41,Stage Id:4
16/10/31 18:13:36 INFO myLogger: [UnionRDD]StartAt:20672628329116,TaskAttempt ID:126,Partition Id:49,Stage Id:4
16/10/31 18:13:36 INFO myLogger: [UnionRDD]StartAt:20672633400803,TaskAttempt ID:110,Partition Id:33,Stage Id:4
16/10/31 18:13:36 INFO myLogger: [UnionRDD]StartAt:20672634706167,TaskAttempt ID:98,Partition Id:21,Stage Id:4
16/10/31 18:13:36 INFO myLogger: [UnionRDD]StartAt:20672635481074,TaskAttempt ID:130,Partition Id:53,Stage Id:4
16/10/31 18:13:36 INFO myLogger: [UnionRDD]StartAt:20672636088930,TaskAttempt ID:102,Partition Id:25,Stage Id:4
16/10/31 18:13:36 INFO myLogger: [UnionRDD]StartAt:20672638014710,TaskAttempt ID:94,Partition Id:17,Stage Id:4
16/10/31 18:13:36 INFO myLogger: [UnionRDD]StartAt:20672640685145,TaskAttempt ID:106,Partition Id:29,Stage Id:4
16/10/31 18:13:36 INFO myLogger: [UnionRDD]StartAt:20672640992778,TaskAttempt ID:90,Partition Id:13,Stage Id:4
16/10/31 18:13:36 INFO myLogger: [UnionRDD]EndAt:20672643061703,TaskAttempt ID:134,Partition Id:57,Stage Id:4
16/10/31 18:13:36 INFO myLogger: [UnionRDD]StartAt:20672648999494,TaskAttempt ID:86,Partition Id:9,Stage Id:4
16/10/31 18:13:36 INFO myLogger: [UnionRDD]EndAt:20672679782708,TaskAttempt ID:110,Partition Id:33,Stage Id:4
16/10/31 18:13:37 INFO myLogger: [UnionRDD]EndAt:20672693775448,TaskAttempt ID:122,Partition Id:45,Stage Id:4
16/10/31 18:13:37 INFO myLogger: [UnionRDD]EndAt:20672700862350,TaskAttempt ID:94,Partition Id:17,Stage Id:4
16/10/31 18:13:37 INFO myLogger: [UnionRDD]EndAt:20672700978140,TaskAttempt ID:118,Partition Id:41,Stage Id:4
16/10/31 18:13:37 INFO myLogger: [UnionRDD]EndAt:20672701660013,TaskAttempt ID:98,Partition Id:21,Stage Id:4
16/10/31 18:13:37 INFO myLogger: [UnionRDD]EndAt:20672702717064,TaskAttempt ID:126,Partition Id:49,Stage Id:4
16/10/31 18:13:37 INFO myLogger: [UnionRDD]EndAt:20672704449564,TaskAttempt ID:114,Partition Id:37,Stage Id:4
16/10/31 18:13:37 INFO myLogger: [UnionRDD]EndAt:20672705243369,TaskAttempt ID:140,Partition Id:64,Stage Id:4
16/10/31 18:13:37 INFO myLogger: [UnionRDD]EndAt:20672705952083,TaskAttempt ID:138,Partition Id:61,Stage Id:4
16/10/31 18:13:37 INFO myLogger: [UnionRDD]EndAt:20672706873673,TaskAttempt ID:82,Partition Id:5,Stage Id:4
16/10/31 18:13:37 INFO myLogger: [UnionRDD]EndAt:20672708112598,TaskAttempt ID:106,Partition Id:29,Stage Id:4
16/10/31 18:13:37 INFO myLogger: [UnionRDD]EndAt:20672711674281,TaskAttempt ID:90,Partition Id:13,Stage Id:4
16/10/31 18:13:37 INFO myLogger: [UnionRDD]EndAt:20672730775484,TaskAttempt ID:130,Partition Id:53,Stage Id:4
16/10/31 18:13:37 INFO myLogger: [UnionRDD]EndAt:20672731099209,TaskAttempt ID:102,Partition Id:25,Stage Id:4
16/10/31 18:13:37 INFO myLogger: [UnionRDD]EndAt:20672790309830,TaskAttempt ID:86,Partition Id:9,Stage Id:4
16/10/31 18:13:37 INFO myLogger: [UnionRDD]StartAt:20672824735225,TaskAttempt ID:141,Partition Id:65,Stage Id:4
16/10/31 18:13:37 INFO myLogger: [UnionRDD]StartAt:20672846686462,TaskAttempt ID:145,Partition Id:3,Stage Id:4
16/10/31 18:13:37 INFO myLogger: [MapPartitionsRDD]StartAt:20672848091105,TaskAttempt ID:145,Partition Id:3,Stage Id:4
16/10/31 18:13:37 INFO myLogger: [UnionRDD]StartAt:20672848489982,TaskAttempt ID:142,Partition Id:66,Stage Id:4
16/10/31 18:13:37 INFO myLogger: [UnionRDD]StartAt:20672849036885,TaskAttempt ID:143,Partition Id:67,Stage Id:4
16/10/31 18:13:37 INFO myLogger: [ShuffledRDD]StartAt:20672859072346,TaskAttempt ID:145,Partition Id:3,Stage Id:4
16/10/31 18:13:37 INFO myLogger: [ShuffledRDD]EndAt:20672883843900,TaskAttempt ID:145,Partition Id:3,Stage Id:4
16/10/31 18:13:37 INFO myLogger: [MapPartitionsRDD]EndAt:20672884356607,TaskAttempt ID:145,Partition Id:3,Stage Id:4
16/10/31 18:13:37 INFO myLogger: [UnionRDD]EndAt:20672918160693,TaskAttempt ID:142,Partition Id:66,Stage Id:4
16/10/31 18:13:37 INFO myLogger: [UnionRDD]EndAt:20672919913605,TaskAttempt ID:143,Partition Id:67,Stage Id:4
16/10/31 18:13:37 INFO myLogger: [UnionRDD]EndAt:20672960924632,TaskAttempt ID:141,Partition Id:65,Stage Id:4
16/10/31 18:13:45 INFO myLogger: [UnionRDD]EndAt:20681216827245,TaskAttempt ID:145,Partition Id:3,Stage Id:4
16/10/31 18:14:06 INFO myLogger: [UnionRDD]StartAt:20701951728268,TaskAttempt ID:148,Partition Id:3,Stage Id:5
16/10/31 18:14:06 INFO myLogger: [UnionRDD]StartAt:20701952525675,TaskAttempt ID:152,Partition Id:7,Stage Id:5
16/10/31 18:14:06 INFO myLogger: [MapPartitionsRDD]StartAt:20701953334629,TaskAttempt ID:148,Partition Id:3,Stage Id:5
16/10/31 18:14:06 INFO myLogger: [ShuffledRDD]StartAt:20701953861406,TaskAttempt ID:148,Partition Id:3,Stage Id:5
16/10/31 18:14:06 INFO myLogger: [MapPartitionsRDD]StartAt:20701954424612,TaskAttempt ID:152,Partition Id:7,Stage Id:5
16/10/31 18:14:06 INFO myLogger: [ShuffledRDD]StartAt:20701954939135,TaskAttempt ID:152,Partition Id:7,Stage Id:5
16/10/31 18:14:06 INFO myLogger: [ShuffledRDD]EndAt:20701990940765,TaskAttempt ID:148,Partition Id:3,Stage Id:5
16/10/31 18:14:06 INFO myLogger: [MapPartitionsRDD]EndAt:20701991484440,TaskAttempt ID:148,Partition Id:3,Stage Id:5
16/10/31 18:14:06 INFO myLogger: [ShuffledRDD]EndAt:20701997157197,TaskAttempt ID:152,Partition Id:7,Stage Id:5
16/10/31 18:14:06 INFO myLogger: [MapPartitionsRDD]EndAt:20701997733795,TaskAttempt ID:152,Partition Id:7,Stage Id:5
16/10/31 18:14:10 INFO myLogger: [UnionRDD]EndAt:20705712392915,TaskAttempt ID:152,Partition Id:7,Stage Id:5
16/10/31 18:14:16 INFO myLogger: [UnionRDD]EndAt:20711972976048,TaskAttempt ID:148,Partition Id:3,Stage Id:5
16/10/31 18:15:46 INFO myLogger: [UnionRDD]StartAt:20801952787533,TaskAttempt ID:159,Partition Id:3,Stage Id:6
16/10/31 18:15:46 INFO myLogger: [UnionRDD]StartAt:20801952876944,TaskAttempt ID:163,Partition Id:7,Stage Id:6
16/10/31 18:15:46 INFO myLogger: [MapPartitionsRDD]StartAt:20801953813214,TaskAttempt ID:159,Partition Id:3,Stage Id:6
16/10/31 18:15:46 INFO myLogger: [MapPartitionsRDD]StartAt:20801953866268,TaskAttempt ID:163,Partition Id:7,Stage Id:6
16/10/31 18:15:46 INFO myLogger: [ShuffledRDD]StartAt:20801954175599,TaskAttempt ID:159,Partition Id:3,Stage Id:6
16/10/31 18:15:46 INFO myLogger: [ShuffledRDD]StartAt:20801954226157,TaskAttempt ID:163,Partition Id:7,Stage Id:6
16/10/31 18:15:46 INFO myLogger: [ShuffledRDD]EndAt:20801967150087,TaskAttempt ID:159,Partition Id:3,Stage Id:6
16/10/31 18:15:46 INFO myLogger: [MapPartitionsRDD]EndAt:20801967701291,TaskAttempt ID:159,Partition Id:3,Stage Id:6
16/10/31 18:15:46 INFO myLogger: [ShuffledRDD]EndAt:20801967942733,TaskAttempt ID:163,Partition Id:7,Stage Id:6
16/10/31 18:15:46 INFO myLogger: [MapPartitionsRDD]EndAt:20801968657035,TaskAttempt ID:163,Partition Id:7,Stage Id:6
16/10/31 18:17:01 INFO myLogger: [UnionRDD]EndAt:20876939760674,TaskAttempt ID:163,Partition Id:7,Stage Id:6
16/10/31 18:17:07 INFO myLogger: [UnionRDD]EndAt:20882816341293,TaskAttempt ID:159,Partition Id:3,Stage Id:6
16/10/31 18:17:25 INFO myLogger: [UnionRDD]StartAt:20901653669925,TaskAttempt ID:165,Partition Id:3,Stage Id:7
16/10/31 18:17:25 INFO myLogger: [UnionRDD]StartAt:20901654373772,TaskAttempt ID:169,Partition Id:7,Stage Id:7
16/10/31 18:17:25 INFO myLogger: [MapPartitionsRDD]StartAt:20901654851127,TaskAttempt ID:165,Partition Id:3,Stage Id:7
16/10/31 18:17:25 INFO myLogger: [ShuffledRDD]StartAt:20901655204381,TaskAttempt ID:165,Partition Id:3,Stage Id:7
16/10/31 18:17:25 INFO myLogger: [MapPartitionsRDD]StartAt:20901655428818,TaskAttempt ID:169,Partition Id:7,Stage Id:7
16/10/31 18:17:25 INFO myLogger: [ShuffledRDD]StartAt:20901655748740,TaskAttempt ID:169,Partition Id:7,Stage Id:7
16/10/31 18:17:25 INFO myLogger: [ShuffledRDD]EndAt:20901674691239,TaskAttempt ID:165,Partition Id:3,Stage Id:7
16/10/31 18:17:25 INFO myLogger: [MapPartitionsRDD]EndAt:20901675729188,TaskAttempt ID:165,Partition Id:3,Stage Id:7
16/10/31 18:17:25 INFO myLogger: [ShuffledRDD]EndAt:20901676404884,TaskAttempt ID:169,Partition Id:7,Stage Id:7
16/10/31 18:17:25 INFO myLogger: [MapPartitionsRDD]EndAt:20901677230093,TaskAttempt ID:169,Partition Id:7,Stage Id:7
16/10/31 18:17:35 INFO myLogger: [UnionRDD]EndAt:20911255785980,TaskAttempt ID:165,Partition Id:3,Stage Id:7
16/10/31 18:17:38 INFO myLogger: [UnionRDD]EndAt:20914162366749,TaskAttempt ID:169,Partition Id:7,Stage Id:7
16/10/31 18:19:05 INFO myLogger: [UnionRDD]StartAt:21001332700789,TaskAttempt ID:173,Partition Id:3,Stage Id:8
16/10/31 18:19:05 INFO myLogger: [UnionRDD]StartAt:21001332830078,TaskAttempt ID:177,Partition Id:7,Stage Id:8
16/10/31 18:19:05 INFO myLogger: [MapPartitionsRDD]StartAt:21001333965601,TaskAttempt ID:173,Partition Id:3,Stage Id:8
16/10/31 18:19:05 INFO myLogger: [MapPartitionsRDD]StartAt:21001334006338,TaskAttempt ID:177,Partition Id:7,Stage Id:8
16/10/31 18:19:05 INFO myLogger: [ShuffledRDD]StartAt:21001334394067,TaskAttempt ID:173,Partition Id:3,Stage Id:8
16/10/31 18:19:05 INFO myLogger: [ShuffledRDD]StartAt:21001334435506,TaskAttempt ID:177,Partition Id:7,Stage Id:8
16/10/31 18:19:05 INFO myLogger: [ShuffledRDD]EndAt:21001349341887,TaskAttempt ID:177,Partition Id:7,Stage Id:8
16/10/31 18:19:05 INFO myLogger: [MapPartitionsRDD]EndAt:21001350437456,TaskAttempt ID:177,Partition Id:7,Stage Id:8
16/10/31 18:19:05 INFO myLogger: [ShuffledRDD]EndAt:21001350562381,TaskAttempt ID:173,Partition Id:3,Stage Id:8
16/10/31 18:19:05 INFO myLogger: [MapPartitionsRDD]EndAt:21001352553146,TaskAttempt ID:173,Partition Id:3,Stage Id:8
16/10/31 18:19:10 INFO myLogger: [UnionRDD]EndAt:21006062771914,TaskAttempt ID:177,Partition Id:7,Stage Id:8
16/10/31 18:19:17 INFO myLogger: [UnionRDD]EndAt:21012949560553,TaskAttempt ID:173,Partition Id:3,Stage Id:8
16/10/31 18:20:47 INFO myLogger: [MapPartitionsRDD]StartAt:21103152058474,TaskAttempt ID:182,Partition Id:3,Stage Id:9
16/10/31 18:20:47 INFO myLogger: [ShuffledRDD]StartAt:21103152420698,TaskAttempt ID:182,Partition Id:3,Stage Id:9
16/10/31 18:20:47 INFO myLogger: [ShuffledRDD]EndAt:21103168519556,TaskAttempt ID:182,Partition Id:3,Stage Id:9
16/10/31 18:20:47 INFO myLogger: [MapPartitionsRDD]EndAt:21103169258545,TaskAttempt ID:182,Partition Id:3,Stage Id:9
16/10/31 18:21:02 INFO myLogger: [UnionRDD]StartAt:21118356300220,TaskAttempt ID:185,Partition Id:3,Stage Id:16
16/10/31 18:21:02 INFO myLogger: [MapPartitionsRDD]StartAt:21118357318679,TaskAttempt ID:185,Partition Id:3,Stage Id:16
16/10/31 18:21:02 INFO myLogger: [ShuffledRDD]StartAt:21118357690512,TaskAttempt ID:185,Partition Id:3,Stage Id:16
16/10/31 18:21:02 INFO myLogger: [UnionRDD]StartAt:21118358895111,TaskAttempt ID:189,Partition Id:7,Stage Id:16
16/10/31 18:21:02 INFO myLogger: [MapPartitionsRDD]StartAt:21118360234095,TaskAttempt ID:189,Partition Id:7,Stage Id:16
16/10/31 18:21:02 INFO myLogger: [ShuffledRDD]StartAt:21118360763471,TaskAttempt ID:189,Partition Id:7,Stage Id:16
16/10/31 18:21:02 INFO myLogger: [ShuffledRDD]EndAt:21118371004824,TaskAttempt ID:185,Partition Id:3,Stage Id:16
16/10/31 18:21:02 INFO myLogger: [MapPartitionsRDD]EndAt:21118371736828,TaskAttempt ID:185,Partition Id:3,Stage Id:16
16/10/31 18:21:02 INFO myLogger: [ShuffledRDD]EndAt:21118371945322,TaskAttempt ID:189,Partition Id:7,Stage Id:16
16/10/31 18:21:02 INFO myLogger: [MapPartitionsRDD]EndAt:21118372559267,TaskAttempt ID:189,Partition Id:7,Stage Id:16
16/10/31 18:21:06 INFO myLogger: [UnionRDD]EndAt:21122622140180,TaskAttempt ID:189,Partition Id:7,Stage Id:16
16/10/31 18:21:23 INFO myLogger: [UnionRDD]EndAt:21138909594503,TaskAttempt ID:185,Partition Id:3,Stage Id:16
16/10/31 18:22:53 INFO myLogger: [MapPartitionsRDD]StartAt:21229254530199,TaskAttempt ID:195,Partition Id:3,Stage Id:17
16/10/31 18:22:53 INFO myLogger: [ShuffledRDD]StartAt:21229254965292,TaskAttempt ID:195,Partition Id:3,Stage Id:17
16/10/31 18:22:53 INFO myLogger: [ShuffledRDD]EndAt:21229274021759,TaskAttempt ID:195,Partition Id:3,Stage Id:17
16/10/31 18:22:53 INFO myLogger: [MapPartitionsRDD]EndAt:21229275106011,TaskAttempt ID:195,Partition Id:3,Stage Id:17
16/10/31 18:23:08 INFO myLogger: [UnionRDD]StartAt:21244019983748,TaskAttempt ID:197,Partition Id:3,Stage Id:24
16/10/31 18:23:08 INFO myLogger: [MapPartitionsRDD]StartAt:21244021232488,TaskAttempt ID:197,Partition Id:3,Stage Id:24
16/10/31 18:23:08 INFO myLogger: [ShuffledRDD]StartAt:21244021863041,TaskAttempt ID:197,Partition Id:3,Stage Id:24
16/10/31 18:23:08 INFO myLogger: [UnionRDD]StartAt:21244022447064,TaskAttempt ID:201,Partition Id:7,Stage Id:24
16/10/31 18:23:08 INFO myLogger: [MapPartitionsRDD]StartAt:21244023657824,TaskAttempt ID:201,Partition Id:7,Stage Id:24
16/10/31 18:23:08 INFO myLogger: [ShuffledRDD]StartAt:21244024162582,TaskAttempt ID:201,Partition Id:7,Stage Id:24
16/10/31 18:23:08 INFO myLogger: [ShuffledRDD]EndAt:21244033324958,TaskAttempt ID:197,Partition Id:3,Stage Id:24
16/10/31 18:23:08 INFO myLogger: [MapPartitionsRDD]EndAt:21244033612433,TaskAttempt ID:197,Partition Id:3,Stage Id:24
16/10/31 18:23:08 INFO myLogger: [ShuffledRDD]EndAt:21244034526563,TaskAttempt ID:201,Partition Id:7,Stage Id:24
16/10/31 18:23:08 INFO myLogger: [MapPartitionsRDD]EndAt:21244034874683,TaskAttempt ID:201,Partition Id:7,Stage Id:24
16/10/31 18:23:12 INFO myLogger: [UnionRDD]EndAt:21248645054617,TaskAttempt ID:201,Partition Id:7,Stage Id:24
16/10/31 18:23:27 INFO myLogger: [UnionRDD]EndAt:21263525655664,TaskAttempt ID:197,Partition Id:3,Stage Id:24
16/10/31 18:25:00 INFO myLogger: [MapPartitionsRDD]StartAt:21355811708294,TaskAttempt ID:205,Partition Id:3,Stage Id:25
16/10/31 18:25:00 INFO myLogger: [ShuffledRDD]StartAt:21355812118778,TaskAttempt ID:205,Partition Id:3,Stage Id:25
16/10/31 18:25:00 INFO myLogger: [ShuffledRDD]EndAt:21355829758706,TaskAttempt ID:205,Partition Id:3,Stage Id:25
16/10/31 18:25:00 INFO myLogger: [MapPartitionsRDD]EndAt:21355830940663,TaskAttempt ID:205,Partition Id:3,Stage Id:25
16/10/31 18:25:15 INFO myLogger: [UnionRDD]StartAt:21371023143251,TaskAttempt ID:211,Partition Id:3,Stage Id:32
16/10/31 18:25:15 INFO myLogger: [UnionRDD]StartAt:21371023836081,TaskAttempt ID:215,Partition Id:7,Stage Id:32
16/10/31 18:25:15 INFO myLogger: [MapPartitionsRDD]StartAt:21371025305106,TaskAttempt ID:211,Partition Id:3,Stage Id:32
16/10/31 18:25:15 INFO myLogger: [MapPartitionsRDD]StartAt:21371025544114,TaskAttempt ID:215,Partition Id:7,Stage Id:32
16/10/31 18:25:15 INFO myLogger: [ShuffledRDD]StartAt:21371026008947,TaskAttempt ID:211,Partition Id:3,Stage Id:32
16/10/31 18:25:15 INFO myLogger: [ShuffledRDD]StartAt:21371026095994,TaskAttempt ID:215,Partition Id:7,Stage Id:32
16/10/31 18:25:15 INFO myLogger: [ShuffledRDD]EndAt:21371039840718,TaskAttempt ID:211,Partition Id:3,Stage Id:32
16/10/31 18:25:15 INFO myLogger: [MapPartitionsRDD]EndAt:21371040400962,TaskAttempt ID:211,Partition Id:3,Stage Id:32
16/10/31 18:25:15 INFO myLogger: [ShuffledRDD]EndAt:21371041884528,TaskAttempt ID:215,Partition Id:7,Stage Id:32
16/10/31 18:25:15 INFO myLogger: [MapPartitionsRDD]EndAt:21371042414822,TaskAttempt ID:215,Partition Id:7,Stage Id:32
16/10/31 18:25:19 INFO myLogger: [UnionRDD]EndAt:21375264667805,TaskAttempt ID:215,Partition Id:7,Stage Id:32
16/10/31 18:25:35 INFO myLogger: [UnionRDD]EndAt:21390888802304,TaskAttempt ID:211,Partition Id:3,Stage Id:32
16/10/31 18:27:09 INFO myLogger: [MapPartitionsRDD]StartAt:21484749793165,TaskAttempt ID:218,Partition Id:3,Stage Id:33
16/10/31 18:27:09 INFO myLogger: [ShuffledRDD]StartAt:21484750245478,TaskAttempt ID:218,Partition Id:3,Stage Id:33
16/10/31 18:27:09 INFO myLogger: [ShuffledRDD]EndAt:21484765546431,TaskAttempt ID:218,Partition Id:3,Stage Id:33
16/10/31 18:27:09 INFO myLogger: [MapPartitionsRDD]EndAt:21484766160372,TaskAttempt ID:218,Partition Id:3,Stage Id:33
