16/10/31 18:11:36 INFO extraLogger: [ResultTask]StartAt:1477959096715,TaskAttempt ID:4,Partition Id:0,Stage Id:1
16/10/31 18:11:36 INFO extraLogger: [iterator.FromParent]StartAt:1477959096716,RDD ID:3,Name:PythonRDD,TaskAttempt ID:4,Partition Id:0,Stage Id:1
16/10/31 18:11:36 INFO extraLogger: [iterator.FromParent]StartAt:1477959096721,RDD ID:1,Name:../ml-10M100K/clean.dat,TaskAttempt ID:4,Partition Id:0,Stage Id:1
16/10/31 18:11:36 INFO extraLogger: [iterator.FromParent]StartAt:1477959096721,RDD ID:0,Name:../ml-10M100K/clean.dat,TaskAttempt ID:4,Partition Id:0,Stage Id:1
16/10/31 18:11:37 INFO extraLogger: [iterator.FromParent]EndAt:1477959097270,RDD ID:0,Name:../ml-10M100K/clean.dat,TaskAttempt ID:4,Partition Id:0,Stage Id:1
16/10/31 18:11:37 INFO extraLogger: [iterator.FromParent]EndAt:1477959097271,RDD ID:1,Name:../ml-10M100K/clean.dat,TaskAttempt ID:4,Partition Id:0,Stage Id:1
16/10/31 18:12:04 INFO extraLogger: [iterator.FromParent]EndAt:1477959124153,RDD ID:3,Name:PythonRDD,TaskAttempt ID:4,Partition Id:0,Stage Id:1
16/10/31 18:12:04 INFO extraLogger: [ResultTask]EndAt:1477959124163,TaskAttempt ID:4,Partition Id:0,Stage Id:1
16/10/31 18:12:04 INFO extraLogger: [ShuffleMapTask]StartAt:1477959124953,TaskAttempt ID:9,Partition Id:1,Stage Id:2
16/10/31 18:12:04 INFO extraLogger: [iterator.FromParent]StartAt:1477959124956,RDD ID:5,Name:PairwiseRDD,TaskAttempt ID:9,Partition Id:1,Stage Id:2
16/10/31 18:12:04 INFO extraLogger: [iterator.FromParent]StartAt:1477959124956,RDD ID:4,Name:PythonRDD,TaskAttempt ID:9,Partition Id:1,Stage Id:2
16/10/31 18:12:04 INFO extraLogger: [iterator.FromParent]StartAt:1477959124957,RDD ID:1,Name:../ml-10M100K/clean.dat,TaskAttempt ID:9,Partition Id:1,Stage Id:2
16/10/31 18:12:04 INFO extraLogger: [iterator.FromParent]StartAt:1477959124957,RDD ID:0,Name:../ml-10M100K/clean.dat,TaskAttempt ID:9,Partition Id:1,Stage Id:2
16/10/31 18:12:04 INFO extraLogger: [iterator.FromParent]EndAt:1477959124967,RDD ID:0,Name:../ml-10M100K/clean.dat,TaskAttempt ID:9,Partition Id:1,Stage Id:2
16/10/31 18:12:04 INFO extraLogger: [iterator.FromParent]EndAt:1477959124968,RDD ID:1,Name:../ml-10M100K/clean.dat,TaskAttempt ID:9,Partition Id:1,Stage Id:2
16/10/31 18:12:05 INFO extraLogger: [iterator.FromParent]EndAt:1477959125036,RDD ID:4,Name:PythonRDD,TaskAttempt ID:9,Partition Id:1,Stage Id:2
16/10/31 18:12:05 INFO extraLogger: [iterator.FromParent]EndAt:1477959125041,RDD ID:5,Name:PairwiseRDD,TaskAttempt ID:9,Partition Id:1,Stage Id:2
16/10/31 18:12:54 INFO extraLogger: [ShuffleMapTask]EndAt:1477959174764,TaskAttempt ID:9,Partition Id:1,Stage Id:2
16/10/31 18:12:57 INFO extraLogger: [ShuffleMapTask]StartAt:1477959177776,TaskAttempt ID:24,Partition Id:12,Stage Id:3
16/10/31 18:12:57 INFO extraLogger: [ShuffleMapTask]StartAt:1477959177776,TaskAttempt ID:64,Partition Id:52,Stage Id:3
16/10/31 18:12:57 INFO extraLogger: [ShuffleMapTask]StartAt:1477959177776,TaskAttempt ID:52,Partition Id:40,Stage Id:3
16/10/31 18:12:57 INFO extraLogger: [ShuffleMapTask]StartAt:1477959177777,TaskAttempt ID:44,Partition Id:32,Stage Id:3
16/10/31 18:12:57 INFO extraLogger: [ShuffleMapTask]StartAt:1477959177777,TaskAttempt ID:68,Partition Id:56,Stage Id:3
16/10/31 18:12:57 INFO extraLogger: [iterator.FromParent]StartAt:1477959177778,RDD ID:13,Name:PairwiseRDD,TaskAttempt ID:52,Partition Id:40,Stage Id:3
16/10/31 18:12:57 INFO extraLogger: [ShuffleMapTask]StartAt:1477959177778,TaskAttempt ID:36,Partition Id:24,Stage Id:3
16/10/31 18:12:57 INFO extraLogger: [iterator.FromParent]StartAt:1477959177778,RDD ID:12,Name:PythonRDD,TaskAttempt ID:52,Partition Id:40,Stage Id:3
16/10/31 18:12:57 INFO extraLogger: [iterator.FromParent]StartAt:1477959177777,RDD ID:13,Name:PairwiseRDD,TaskAttempt ID:24,Partition Id:12,Stage Id:3
16/10/31 18:12:57 INFO extraLogger: [iterator.FromParent]StartAt:1477959177779,RDD ID:13,Name:PairwiseRDD,TaskAttempt ID:68,Partition Id:56,Stage Id:3
16/10/31 18:12:57 INFO extraLogger: [iterator.FromParent]StartAt:1477959177779,RDD ID:13,Name:PairwiseRDD,TaskAttempt ID:36,Partition Id:24,Stage Id:3
16/10/31 18:12:57 INFO extraLogger: [ShuffleMapTask]StartAt:1477959177778,TaskAttempt ID:20,Partition Id:8,Stage Id:3
16/10/31 18:12:57 INFO extraLogger: [ShuffleMapTask]StartAt:1477959177779,TaskAttempt ID:40,Partition Id:28,Stage Id:3
16/10/31 18:12:57 INFO extraLogger: [iterator.FromParent]StartAt:1477959177778,RDD ID:13,Name:PairwiseRDD,TaskAttempt ID:44,Partition Id:32,Stage Id:3
16/10/31 18:12:57 INFO extraLogger: [iterator.FromParent]StartAt:1477959177777,RDD ID:13,Name:PairwiseRDD,TaskAttempt ID:64,Partition Id:52,Stage Id:3
16/10/31 18:12:57 INFO extraLogger: [ShuffleMapTask]StartAt:1477959177780,TaskAttempt ID:12,Partition Id:1,Stage Id:3
16/10/31 18:12:57 INFO extraLogger: [ShuffleMapTask]StartAt:1477959177780,TaskAttempt ID:48,Partition Id:36,Stage Id:3
16/10/31 18:12:57 INFO extraLogger: [iterator.FromParent]StartAt:1477959177780,RDD ID:13,Name:PairwiseRDD,TaskAttempt ID:20,Partition Id:8,Stage Id:3
16/10/31 18:12:57 INFO extraLogger: [iterator.FromParent]StartAt:1477959177780,RDD ID:12,Name:PythonRDD,TaskAttempt ID:44,Partition Id:32,Stage Id:3
16/10/31 18:12:57 INFO extraLogger: [iterator.FromParent]StartAt:1477959177780,RDD ID:12,Name:PythonRDD,TaskAttempt ID:36,Partition Id:24,Stage Id:3
16/10/31 18:12:57 INFO extraLogger: [iterator.FromParent]StartAt:1477959177779,RDD ID:12,Name:PythonRDD,TaskAttempt ID:68,Partition Id:56,Stage Id:3
16/10/31 18:12:57 INFO extraLogger: [iterator.FromParent]StartAt:1477959177781,RDD ID:12,Name:PythonRDD,TaskAttempt ID:20,Partition Id:8,Stage Id:3
16/10/31 18:12:57 INFO extraLogger: [ShuffleMapTask]StartAt:1477959177779,TaskAttempt ID:32,Partition Id:20,Stage Id:3
16/10/31 18:12:57 INFO extraLogger: [iterator.FromParent]StartAt:1477959177779,RDD ID:12,Name:PythonRDD,TaskAttempt ID:24,Partition Id:12,Stage Id:3
16/10/31 18:12:57 INFO extraLogger: [iterator.FromParent]StartAt:1477959177779,RDD ID:11,Name:UnionRDD,TaskAttempt ID:52,Partition Id:40,Stage Id:3
16/10/31 18:12:57 INFO extraLogger: [iterator.FromParent]StartAt:1477959177782,RDD ID:13,Name:PairwiseRDD,TaskAttempt ID:48,Partition Id:36,Stage Id:3
16/10/31 18:12:57 INFO extraLogger: [ShuffleMapTask]StartAt:1477959177782,TaskAttempt ID:72,Partition Id:60,Stage Id:3
16/10/31 18:12:57 INFO extraLogger: [ShuffleMapTask]StartAt:1477959177781,TaskAttempt ID:56,Partition Id:44,Stage Id:3
16/10/31 18:12:57 INFO extraLogger: [iterator.FromParent]StartAt:1477959177781,RDD ID:13,Name:PairwiseRDD,TaskAttempt ID:12,Partition Id:1,Stage Id:3
16/10/31 18:12:57 INFO extraLogger: [iterator.FromParent]StartAt:1477959177780,RDD ID:12,Name:PythonRDD,TaskAttempt ID:64,Partition Id:52,Stage Id:3
16/10/31 18:12:57 INFO extraLogger: [iterator.FromParent]StartAt:1477959177780,RDD ID:13,Name:PairwiseRDD,TaskAttempt ID:40,Partition Id:28,Stage Id:3
16/10/31 18:12:57 INFO extraLogger: [iterator.FromParent]StartAt:1477959177783,RDD ID:13,Name:PairwiseRDD,TaskAttempt ID:32,Partition Id:20,Stage Id:3
16/10/31 18:12:57 INFO extraLogger: [iterator.FromParent]StartAt:1477959177783,RDD ID:13,Name:PairwiseRDD,TaskAttempt ID:72,Partition Id:60,Stage Id:3
16/10/31 18:12:57 INFO extraLogger: [ShuffleMapTask]StartAt:1477959177782,TaskAttempt ID:60,Partition Id:48,Stage Id:3
16/10/31 18:12:57 INFO extraLogger: [iterator.FromParent]StartAt:1477959177783,RDD ID:12,Name:PythonRDD,TaskAttempt ID:48,Partition Id:36,Stage Id:3
16/10/31 18:12:57 INFO extraLogger: [iterator.FromParent]StartAt:1477959177784,RDD ID:11,Name:UnionRDD,TaskAttempt ID:36,Partition Id:24,Stage Id:3
16/10/31 18:12:57 INFO extraLogger: [ShuffleMapTask]StartAt:1477959177784,TaskAttempt ID:16,Partition Id:4,Stage Id:3
16/10/31 18:12:57 INFO extraLogger: [ShuffleMapTask]StartAt:1477959177784,TaskAttempt ID:28,Partition Id:16,Stage Id:3
16/10/31 18:12:57 INFO extraLogger: [iterator.FromParent]StartAt:1477959177785,RDD ID:11,Name:UnionRDD,TaskAttempt ID:20,Partition Id:8,Stage Id:3
16/10/31 18:12:57 INFO extraLogger: [iterator.FromParent]StartAt:1477959177785,RDD ID:12,Name:PythonRDD,TaskAttempt ID:72,Partition Id:60,Stage Id:3
16/10/31 18:12:57 INFO extraLogger: [iterator.FromParent]StartAt:1477959177785,RDD ID:12,Name:PythonRDD,TaskAttempt ID:32,Partition Id:20,Stage Id:3
16/10/31 18:12:57 INFO extraLogger: [iterator.FromParent]StartAt:1477959177785,RDD ID:12,Name:PythonRDD,TaskAttempt ID:40,Partition Id:28,Stage Id:3
16/10/31 18:12:57 INFO extraLogger: [iterator.FromParent]StartAt:1477959177785,RDD ID:13,Name:PairwiseRDD,TaskAttempt ID:60,Partition Id:48,Stage Id:3
16/10/31 18:12:57 INFO extraLogger: [iterator.FromParent]StartAt:1477959177786,RDD ID:11,Name:UnionRDD,TaskAttempt ID:68,Partition Id:56,Stage Id:3
16/10/31 18:12:57 INFO extraLogger: [iterator.FromParent]StartAt:1477959177786,RDD ID:12,Name:PythonRDD,TaskAttempt ID:12,Partition Id:1,Stage Id:3
16/10/31 18:12:57 INFO extraLogger: [iterator.FromParent]StartAt:1477959177787,RDD ID:13,Name:PairwiseRDD,TaskAttempt ID:56,Partition Id:44,Stage Id:3
16/10/31 18:12:57 INFO extraLogger: [iterator.FromParent]StartAt:1477959177787,RDD ID:12,Name:PythonRDD,TaskAttempt ID:60,Partition Id:48,Stage Id:3
16/10/31 18:12:57 INFO extraLogger: [iterator.FromParent]StartAt:1477959177789,RDD ID:13,Name:PairwiseRDD,TaskAttempt ID:28,Partition Id:16,Stage Id:3
16/10/31 18:12:57 INFO extraLogger: [iterator.FromParent]StartAt:1477959177789,RDD ID:11,Name:UnionRDD,TaskAttempt ID:44,Partition Id:32,Stage Id:3
16/10/31 18:12:57 INFO extraLogger: [iterator.FromParent]StartAt:1477959177790,RDD ID:12,Name:PythonRDD,TaskAttempt ID:28,Partition Id:16,Stage Id:3
16/10/31 18:12:57 INFO extraLogger: [iterator.FromParent]StartAt:1477959177789,RDD ID:10,Name:PythonRDD,TaskAttempt ID:52,Partition Id:40,Stage Id:3
16/10/31 18:12:57 INFO extraLogger: [iterator.FromParent]StartAt:1477959177790,RDD ID:13,Name:PairwiseRDD,TaskAttempt ID:16,Partition Id:4,Stage Id:3
16/10/31 18:12:57 INFO extraLogger: [iterator.FromParent]StartAt:1477959177790,RDD ID:11,Name:UnionRDD,TaskAttempt ID:48,Partition Id:36,Stage Id:3
16/10/31 18:12:57 INFO extraLogger: [iterator.FromParent]StartAt:1477959177790,RDD ID:11,Name:UnionRDD,TaskAttempt ID:40,Partition Id:28,Stage Id:3
16/10/31 18:12:57 INFO extraLogger: [iterator.FromParent]StartAt:1477959177791,RDD ID:10,Name:PythonRDD,TaskAttempt ID:20,Partition Id:8,Stage Id:3
16/10/31 18:12:57 INFO extraLogger: [iterator.FromParent]StartAt:1477959177791,RDD ID:11,Name:UnionRDD,TaskAttempt ID:32,Partition Id:20,Stage Id:3
16/10/31 18:12:57 INFO extraLogger: [iterator.FromParent]StartAt:1477959177792,RDD ID:12,Name:PythonRDD,TaskAttempt ID:56,Partition Id:44,Stage Id:3
16/10/31 18:12:57 INFO extraLogger: [iterator.FromParent]StartAt:1477959177792,RDD ID:10,Name:PythonRDD,TaskAttempt ID:68,Partition Id:56,Stage Id:3
16/10/31 18:12:57 INFO extraLogger: [iterator.FromParent]StartAt:1477959177793,RDD ID:11,Name:UnionRDD,TaskAttempt ID:12,Partition Id:1,Stage Id:3
16/10/31 18:12:57 INFO extraLogger: [iterator.FromParent]StartAt:1477959177793,RDD ID:11,Name:UnionRDD,TaskAttempt ID:64,Partition Id:52,Stage Id:3
16/10/31 18:12:57 INFO extraLogger: [iterator.FromParent]StartAt:1477959177793,RDD ID:11,Name:UnionRDD,TaskAttempt ID:60,Partition Id:48,Stage Id:3
16/10/31 18:12:57 INFO extraLogger: [iterator.FromParent]StartAt:1477959177794,RDD ID:11,Name:UnionRDD,TaskAttempt ID:72,Partition Id:60,Stage Id:3
16/10/31 18:12:57 INFO extraLogger: [iterator.FromParent]StartAt:1477959177794,RDD ID:10,Name:PythonRDD,TaskAttempt ID:32,Partition Id:20,Stage Id:3
16/10/31 18:12:57 INFO extraLogger: [iterator.FromParent]StartAt:1477959177795,RDD ID:12,Name:PythonRDD,TaskAttempt ID:16,Partition Id:4,Stage Id:3
16/10/31 18:12:57 INFO extraLogger: [iterator.FromParent]StartAt:1477959177795,RDD ID:10,Name:PythonRDD,TaskAttempt ID:44,Partition Id:32,Stage Id:3
16/10/31 18:12:57 INFO extraLogger: [iterator.FromParent]StartAt:1477959177795,RDD ID:10,Name:PythonRDD,TaskAttempt ID:36,Partition Id:24,Stage Id:3
16/10/31 18:12:57 INFO extraLogger: [iterator.FromParent]StartAt:1477959177796,RDD ID:10,Name:PythonRDD,TaskAttempt ID:48,Partition Id:36,Stage Id:3
16/10/31 18:12:57 INFO extraLogger: [iterator.FromParent]StartAt:1477959177796,RDD ID:10,Name:PythonRDD,TaskAttempt ID:40,Partition Id:28,Stage Id:3
16/10/31 18:12:57 INFO extraLogger: [iterator.FromParent]StartAt:1477959177797,RDD ID:10,Name:PythonRDD,TaskAttempt ID:64,Partition Id:52,Stage Id:3
16/10/31 18:12:57 INFO extraLogger: [iterator.FromParent]StartAt:1477959177797,RDD ID:11,Name:UnionRDD,TaskAttempt ID:24,Partition Id:12,Stage Id:3
16/10/31 18:12:57 INFO extraLogger: [iterator.FromParent]StartAt:1477959177798,RDD ID:11,Name:UnionRDD,TaskAttempt ID:56,Partition Id:44,Stage Id:3
16/10/31 18:12:57 INFO extraLogger: [iterator.FromParent]StartAt:1477959177799,RDD ID:9,Name:PythonRDD,TaskAttempt ID:12,Partition Id:1,Stage Id:3
16/10/31 18:12:57 INFO extraLogger: [iterator.FromParent]StartAt:1477959177799,RDD ID:10,Name:PythonRDD,TaskAttempt ID:60,Partition Id:48,Stage Id:3
16/10/31 18:12:57 INFO extraLogger: [iterator.FromCache]StartAt:1477959177799,RDD ID:8,Name:ParallelCollectionRDD,TaskAttempt ID:20,Partition Id:8,Stage Id:3
16/10/31 18:12:57 INFO extraLogger: [iterator.FromParent]StartAt:1477959177799,RDD ID:10,Name:PythonRDD,TaskAttempt ID:72,Partition Id:60,Stage Id:3
16/10/31 18:12:57 INFO extraLogger: [iterator.FromCache]StartAt:1477959177801,RDD ID:8,Name:ParallelCollectionRDD,TaskAttempt ID:44,Partition Id:32,Stage Id:3
16/10/31 18:12:57 INFO extraLogger: [iterator.FromCache]StartAt:1477959177801,RDD ID:8,Name:ParallelCollectionRDD,TaskAttempt ID:52,Partition Id:40,Stage Id:3
16/10/31 18:12:57 INFO extraLogger: [iterator.FromParent]StartAt:1477959177803,RDD ID:10,Name:PythonRDD,TaskAttempt ID:24,Partition Id:12,Stage Id:3
16/10/31 18:12:57 INFO extraLogger: [iterator.FromCache]StartAt:1477959177804,RDD ID:8,Name:ParallelCollectionRDD,TaskAttempt ID:68,Partition Id:56,Stage Id:3
16/10/31 18:12:57 INFO extraLogger: [iterator.FromCache]StartAt:1477959177804,RDD ID:8,Name:ParallelCollectionRDD,TaskAttempt ID:60,Partition Id:48,Stage Id:3
16/10/31 18:12:57 INFO extraLogger: [iterator.FromCache]StartAt:1477959177805,RDD ID:8,Name:ParallelCollectionRDD,TaskAttempt ID:40,Partition Id:28,Stage Id:3
16/10/31 18:12:57 INFO extraLogger: [iterator.FromCache]StartAt:1477959177805,RDD ID:8,Name:ParallelCollectionRDD,TaskAttempt ID:32,Partition Id:20,Stage Id:3
16/10/31 18:12:57 INFO extraLogger: [iterator.FromParent]StartAt:1477959177805,RDD ID:11,Name:UnionRDD,TaskAttempt ID:16,Partition Id:4,Stage Id:3
16/10/31 18:12:57 INFO extraLogger: [iterator.FromParent]StartAt:1477959177806,RDD ID:10,Name:PythonRDD,TaskAttempt ID:16,Partition Id:4,Stage Id:3
16/10/31 18:12:57 INFO extraLogger: [iterator.FromCache]StartAt:1477959177808,RDD ID:8,Name:ParallelCollectionRDD,TaskAttempt ID:48,Partition Id:36,Stage Id:3
16/10/31 18:12:57 INFO extraLogger: [iterator.FromCache]StartAt:1477959177809,RDD ID:8,Name:ParallelCollectionRDD,TaskAttempt ID:64,Partition Id:52,Stage Id:3
16/10/31 18:12:57 INFO extraLogger: [iterator.FromParent]StartAt:1477959177813,RDD ID:10,Name:PythonRDD,TaskAttempt ID:56,Partition Id:44,Stage Id:3
16/10/31 18:12:57 INFO extraLogger: [iterator.FromParent]StartAt:1477959177813,RDD ID:7,Name:MapPartitionedRDD,TaskAttempt ID:12,Partition Id:1,Stage Id:3
16/10/31 18:12:57 INFO extraLogger: [iterator.FromCache]StartAt:1477959177814,RDD ID:8,Name:ParallelCollectionRDD,TaskAttempt ID:72,Partition Id:60,Stage Id:3
16/10/31 18:12:57 INFO extraLogger: [iterator.FromParent]StartAt:1477959177815,RDD ID:11,Name:UnionRDD,TaskAttempt ID:28,Partition Id:16,Stage Id:3
16/10/31 18:12:57 INFO extraLogger: [iterator.FromCache]StartAt:1477959177819,RDD ID:8,Name:ParallelCollectionRDD,TaskAttempt ID:16,Partition Id:4,Stage Id:3
16/10/31 18:12:57 INFO extraLogger: [iterator.FromParent]StartAt:1477959177819,RDD ID:6,Name:ShuffledRDD,TaskAttempt ID:12,Partition Id:1,Stage Id:3
16/10/31 18:12:57 INFO extraLogger: [iterator.FromCache]StartAt:1477959177820,RDD ID:8,Name:ParallelCollectionRDD,TaskAttempt ID:36,Partition Id:24,Stage Id:3
16/10/31 18:12:57 INFO extraLogger: [iterator.FromParent]StartAt:1477959177821,RDD ID:10,Name:PythonRDD,TaskAttempt ID:28,Partition Id:16,Stage Id:3
16/10/31 18:12:57 INFO extraLogger: [iterator.FromCache]StartAt:1477959177821,RDD ID:8,Name:ParallelCollectionRDD,TaskAttempt ID:56,Partition Id:44,Stage Id:3
16/10/31 18:12:57 INFO extraLogger: [iterator.FromCache]StartAt:1477959177823,RDD ID:8,Name:ParallelCollectionRDD,TaskAttempt ID:24,Partition Id:12,Stage Id:3
16/10/31 18:12:57 INFO extraLogger: [iterator.FromCache]StartAt:1477959177825,RDD ID:8,Name:ParallelCollectionRDD,TaskAttempt ID:28,Partition Id:16,Stage Id:3
16/10/31 18:12:57 INFO extraLogger: [iterator.FromCache]EndAt:1477959177866,RDD ID:8,Name:ParallelCollectionRDD,TaskAttempt ID:40,Partition Id:28,Stage Id:3
16/10/31 18:12:57 INFO extraLogger: [iterator.FromCache]EndAt:1477959177871,RDD ID:8,Name:ParallelCollectionRDD,TaskAttempt ID:44,Partition Id:32,Stage Id:3
16/10/31 18:12:57 INFO extraLogger: [iterator.FromCache]EndAt:1477959177873,RDD ID:8,Name:ParallelCollectionRDD,TaskAttempt ID:20,Partition Id:8,Stage Id:3
16/10/31 18:12:57 INFO extraLogger: [iterator.FromCache]EndAt:1477959177883,RDD ID:8,Name:ParallelCollectionRDD,TaskAttempt ID:52,Partition Id:40,Stage Id:3
16/10/31 18:12:57 INFO extraLogger: [iterator.FromCache]EndAt:1477959177885,RDD ID:8,Name:ParallelCollectionRDD,TaskAttempt ID:56,Partition Id:44,Stage Id:3
16/10/31 18:12:57 INFO extraLogger: [iterator.FromCache]EndAt:1477959177886,RDD ID:8,Name:ParallelCollectionRDD,TaskAttempt ID:32,Partition Id:20,Stage Id:3
16/10/31 18:12:57 INFO extraLogger: [iterator.FromCache]EndAt:1477959177890,RDD ID:8,Name:ParallelCollectionRDD,TaskAttempt ID:48,Partition Id:36,Stage Id:3
16/10/31 18:12:57 INFO extraLogger: [iterator.FromCache]EndAt:1477959177892,RDD ID:8,Name:ParallelCollectionRDD,TaskAttempt ID:68,Partition Id:56,Stage Id:3
16/10/31 18:12:57 INFO extraLogger: [iterator.FromCache]EndAt:1477959177897,RDD ID:8,Name:ParallelCollectionRDD,TaskAttempt ID:72,Partition Id:60,Stage Id:3
16/10/31 18:12:57 INFO extraLogger: [iterator.FromCache]EndAt:1477959177899,RDD ID:8,Name:ParallelCollectionRDD,TaskAttempt ID:16,Partition Id:4,Stage Id:3
16/10/31 18:12:57 INFO extraLogger: [iterator.FromCache]EndAt:1477959177911,RDD ID:8,Name:ParallelCollectionRDD,TaskAttempt ID:36,Partition Id:24,Stage Id:3
16/10/31 18:12:57 INFO extraLogger: [iterator.FromCache]EndAt:1477959177915,RDD ID:8,Name:ParallelCollectionRDD,TaskAttempt ID:60,Partition Id:48,Stage Id:3
16/10/31 18:12:57 INFO extraLogger: [iterator.FromCache]EndAt:1477959177916,RDD ID:8,Name:ParallelCollectionRDD,TaskAttempt ID:64,Partition Id:52,Stage Id:3
16/10/31 18:12:57 INFO extraLogger: [iterator.FromCache]EndAt:1477959177919,RDD ID:8,Name:ParallelCollectionRDD,TaskAttempt ID:24,Partition Id:12,Stage Id:3
16/10/31 18:12:57 INFO extraLogger: [iterator.FromCache]EndAt:1477959177921,RDD ID:8,Name:ParallelCollectionRDD,TaskAttempt ID:28,Partition Id:16,Stage Id:3
16/10/31 18:12:57 INFO extraLogger: [iterator.FromParent]EndAt:1477959177962,RDD ID:10,Name:PythonRDD,TaskAttempt ID:40,Partition Id:28,Stage Id:3
16/10/31 18:12:57 INFO extraLogger: [iterator.FromParent]EndAt:1477959177974,RDD ID:11,Name:UnionRDD,TaskAttempt ID:40,Partition Id:28,Stage Id:3
16/10/31 18:12:57 INFO extraLogger: [iterator.FromParent]EndAt:1477959177975,RDD ID:10,Name:PythonRDD,TaskAttempt ID:32,Partition Id:20,Stage Id:3
16/10/31 18:12:57 INFO extraLogger: [iterator.FromParent]EndAt:1477959177976,RDD ID:10,Name:PythonRDD,TaskAttempt ID:52,Partition Id:40,Stage Id:3
16/10/31 18:12:57 INFO extraLogger: [iterator.FromParent]EndAt:1477959177977,RDD ID:11,Name:UnionRDD,TaskAttempt ID:32,Partition Id:20,Stage Id:3
16/10/31 18:12:57 INFO extraLogger: [iterator.FromParent]EndAt:1477959177977,RDD ID:11,Name:UnionRDD,TaskAttempt ID:52,Partition Id:40,Stage Id:3
16/10/31 18:12:57 INFO extraLogger: [iterator.FromParent]EndAt:1477959177979,RDD ID:10,Name:PythonRDD,TaskAttempt ID:56,Partition Id:44,Stage Id:3
16/10/31 18:12:57 INFO extraLogger: [iterator.FromParent]EndAt:1477959177981,RDD ID:11,Name:UnionRDD,TaskAttempt ID:56,Partition Id:44,Stage Id:3
16/10/31 18:12:58 INFO extraLogger: [iterator.FromParent]EndAt:1477959178009,RDD ID:10,Name:PythonRDD,TaskAttempt ID:44,Partition Id:32,Stage Id:3
16/10/31 18:12:58 INFO extraLogger: [iterator.FromParent]EndAt:1477959178013,RDD ID:10,Name:PythonRDD,TaskAttempt ID:60,Partition Id:48,Stage Id:3
16/10/31 18:12:58 INFO extraLogger: [iterator.FromParent]EndAt:1477959178014,RDD ID:11,Name:UnionRDD,TaskAttempt ID:60,Partition Id:48,Stage Id:3
16/10/31 18:12:58 INFO extraLogger: [iterator.FromParent]EndAt:1477959178016,RDD ID:11,Name:UnionRDD,TaskAttempt ID:44,Partition Id:32,Stage Id:3
16/10/31 18:12:58 INFO extraLogger: [iterator.FromParent]EndAt:1477959178038,RDD ID:6,Name:ShuffledRDD,TaskAttempt ID:12,Partition Id:1,Stage Id:3
16/10/31 18:12:58 INFO extraLogger: [iterator.FromParent]EndAt:1477959178040,RDD ID:7,Name:MapPartitionedRDD,TaskAttempt ID:12,Partition Id:1,Stage Id:3
16/10/31 18:12:58 INFO extraLogger: [iterator.FromParent]EndAt:1477959178052,RDD ID:10,Name:PythonRDD,TaskAttempt ID:68,Partition Id:56,Stage Id:3
16/10/31 18:12:58 INFO extraLogger: [iterator.FromParent]EndAt:1477959178053,RDD ID:10,Name:PythonRDD,TaskAttempt ID:28,Partition Id:16,Stage Id:3
16/10/31 18:12:58 INFO extraLogger: [iterator.FromParent]EndAt:1477959178053,RDD ID:10,Name:PythonRDD,TaskAttempt ID:36,Partition Id:24,Stage Id:3
16/10/31 18:12:58 INFO extraLogger: [iterator.FromParent]EndAt:1477959178058,RDD ID:11,Name:UnionRDD,TaskAttempt ID:36,Partition Id:24,Stage Id:3
16/10/31 18:12:58 INFO extraLogger: [iterator.FromParent]EndAt:1477959178059,RDD ID:10,Name:PythonRDD,TaskAttempt ID:20,Partition Id:8,Stage Id:3
16/10/31 18:12:58 INFO extraLogger: [iterator.FromParent]EndAt:1477959178060,RDD ID:11,Name:UnionRDD,TaskAttempt ID:20,Partition Id:8,Stage Id:3
16/10/31 18:12:58 INFO extraLogger: [iterator.FromParent]EndAt:1477959178060,RDD ID:11,Name:UnionRDD,TaskAttempt ID:28,Partition Id:16,Stage Id:3
16/10/31 18:12:58 INFO extraLogger: [iterator.FromParent]EndAt:1477959178060,RDD ID:11,Name:UnionRDD,TaskAttempt ID:68,Partition Id:56,Stage Id:3
16/10/31 18:12:58 INFO extraLogger: [iterator.FromParent]EndAt:1477959178101,RDD ID:10,Name:PythonRDD,TaskAttempt ID:64,Partition Id:52,Stage Id:3
16/10/31 18:12:58 INFO extraLogger: [iterator.FromParent]EndAt:1477959178101,RDD ID:10,Name:PythonRDD,TaskAttempt ID:48,Partition Id:36,Stage Id:3
16/10/31 18:12:58 INFO extraLogger: [iterator.FromParent]EndAt:1477959178102,RDD ID:11,Name:UnionRDD,TaskAttempt ID:64,Partition Id:52,Stage Id:3
16/10/31 18:12:58 INFO extraLogger: [iterator.FromParent]EndAt:1477959178103,RDD ID:10,Name:PythonRDD,TaskAttempt ID:24,Partition Id:12,Stage Id:3
16/10/31 18:12:58 INFO extraLogger: [iterator.FromParent]EndAt:1477959178103,RDD ID:11,Name:UnionRDD,TaskAttempt ID:48,Partition Id:36,Stage Id:3
16/10/31 18:12:58 INFO extraLogger: [iterator.FromParent]EndAt:1477959178104,RDD ID:11,Name:UnionRDD,TaskAttempt ID:24,Partition Id:12,Stage Id:3
16/10/31 18:12:58 INFO extraLogger: [iterator.FromParent]EndAt:1477959178118,RDD ID:10,Name:PythonRDD,TaskAttempt ID:16,Partition Id:4,Stage Id:3
16/10/31 18:12:58 INFO extraLogger: [iterator.FromParent]EndAt:1477959178119,RDD ID:11,Name:UnionRDD,TaskAttempt ID:16,Partition Id:4,Stage Id:3
16/10/31 18:12:58 INFO extraLogger: [iterator.FromParent]EndAt:1477959178166,RDD ID:12,Name:PythonRDD,TaskAttempt ID:32,Partition Id:20,Stage Id:3
16/10/31 18:12:58 INFO extraLogger: [iterator.FromParent]EndAt:1477959178167,RDD ID:13,Name:PairwiseRDD,TaskAttempt ID:32,Partition Id:20,Stage Id:3
16/10/31 18:12:58 INFO extraLogger: [iterator.FromParent]EndAt:1477959178167,RDD ID:12,Name:PythonRDD,TaskAttempt ID:48,Partition Id:36,Stage Id:3
16/10/31 18:12:58 INFO extraLogger: [iterator.FromParent]EndAt:1477959178167,RDD ID:13,Name:PairwiseRDD,TaskAttempt ID:48,Partition Id:36,Stage Id:3
16/10/31 18:12:58 INFO extraLogger: [iterator.FromParent]EndAt:1477959178167,RDD ID:12,Name:PythonRDD,TaskAttempt ID:20,Partition Id:8,Stage Id:3
16/10/31 18:12:58 INFO extraLogger: [iterator.FromParent]EndAt:1477959178168,RDD ID:12,Name:PythonRDD,TaskAttempt ID:40,Partition Id:28,Stage Id:3
16/10/31 18:12:58 INFO extraLogger: [iterator.FromParent]EndAt:1477959178168,RDD ID:13,Name:PairwiseRDD,TaskAttempt ID:20,Partition Id:8,Stage Id:3
16/10/31 18:12:58 INFO extraLogger: [iterator.FromParent]EndAt:1477959178168,RDD ID:13,Name:PairwiseRDD,TaskAttempt ID:40,Partition Id:28,Stage Id:3
16/10/31 18:12:58 INFO extraLogger: [iterator.FromParent]EndAt:1477959178168,RDD ID:12,Name:PythonRDD,TaskAttempt ID:68,Partition Id:56,Stage Id:3
16/10/31 18:12:58 INFO extraLogger: [iterator.FromParent]EndAt:1477959178169,RDD ID:13,Name:PairwiseRDD,TaskAttempt ID:68,Partition Id:56,Stage Id:3
16/10/31 18:12:58 INFO extraLogger: [iterator.FromParent]EndAt:1477959178169,RDD ID:12,Name:PythonRDD,TaskAttempt ID:36,Partition Id:24,Stage Id:3
16/10/31 18:12:58 INFO extraLogger: [iterator.FromParent]EndAt:1477959178169,RDD ID:13,Name:PairwiseRDD,TaskAttempt ID:36,Partition Id:24,Stage Id:3
16/10/31 18:12:58 INFO extraLogger: [iterator.FromParent]EndAt:1477959178170,RDD ID:12,Name:PythonRDD,TaskAttempt ID:44,Partition Id:32,Stage Id:3
16/10/31 18:12:58 INFO extraLogger: [iterator.FromParent]EndAt:1477959178170,RDD ID:13,Name:PairwiseRDD,TaskAttempt ID:44,Partition Id:32,Stage Id:3
16/10/31 18:12:58 INFO extraLogger: [iterator.FromParent]EndAt:1477959178170,RDD ID:12,Name:PythonRDD,TaskAttempt ID:52,Partition Id:40,Stage Id:3
16/10/31 18:12:58 INFO extraLogger: [iterator.FromParent]EndAt:1477959178170,RDD ID:13,Name:PairwiseRDD,TaskAttempt ID:52,Partition Id:40,Stage Id:3
16/10/31 18:12:58 INFO extraLogger: [iterator.FromParent]EndAt:1477959178171,RDD ID:12,Name:PythonRDD,TaskAttempt ID:24,Partition Id:12,Stage Id:3
16/10/31 18:12:58 INFO extraLogger: [iterator.FromParent]EndAt:1477959178171,RDD ID:13,Name:PairwiseRDD,TaskAttempt ID:24,Partition Id:12,Stage Id:3
16/10/31 18:12:58 INFO extraLogger: [ShuffleMapTask]EndAt:1477959178198,TaskAttempt ID:48,Partition Id:36,Stage Id:3
16/10/31 18:12:58 INFO extraLogger: [ShuffleMapTask]EndAt:1477959178198,TaskAttempt ID:36,Partition Id:24,Stage Id:3
16/10/31 18:12:58 INFO extraLogger: [ShuffleMapTask]EndAt:1477959178200,TaskAttempt ID:20,Partition Id:8,Stage Id:3
16/10/31 18:12:58 INFO extraLogger: [ShuffleMapTask]EndAt:1477959178199,TaskAttempt ID:32,Partition Id:20,Stage Id:3
16/10/31 18:12:58 INFO extraLogger: [ShuffleMapTask]EndAt:1477959178202,TaskAttempt ID:68,Partition Id:56,Stage Id:3
16/10/31 18:12:58 INFO extraLogger: [ShuffleMapTask]EndAt:1477959178202,TaskAttempt ID:40,Partition Id:28,Stage Id:3
16/10/31 18:12:58 INFO extraLogger: [ShuffleMapTask]EndAt:1477959178202,TaskAttempt ID:52,Partition Id:40,Stage Id:3
16/10/31 18:12:58 INFO extraLogger: [ShuffleMapTask]EndAt:1477959178203,TaskAttempt ID:44,Partition Id:32,Stage Id:3
16/10/31 18:12:58 INFO extraLogger: [ShuffleMapTask]EndAt:1477959178203,TaskAttempt ID:24,Partition Id:12,Stage Id:3
16/10/31 18:12:58 INFO extraLogger: [iterator.FromParent]EndAt:1477959178213,RDD ID:12,Name:PythonRDD,TaskAttempt ID:64,Partition Id:52,Stage Id:3
16/10/31 18:12:58 INFO extraLogger: [iterator.FromParent]EndAt:1477959178213,RDD ID:13,Name:PairwiseRDD,TaskAttempt ID:64,Partition Id:52,Stage Id:3
16/10/31 18:12:58 INFO extraLogger: [iterator.FromParent]EndAt:1477959178214,RDD ID:10,Name:PythonRDD,TaskAttempt ID:72,Partition Id:60,Stage Id:3
16/10/31 18:12:58 INFO extraLogger: [iterator.FromParent]EndAt:1477959178224,RDD ID:11,Name:UnionRDD,TaskAttempt ID:72,Partition Id:60,Stage Id:3
16/10/31 18:12:58 INFO extraLogger: [iterator.FromParent]EndAt:1477959178230,RDD ID:12,Name:PythonRDD,TaskAttempt ID:56,Partition Id:44,Stage Id:3
16/10/31 18:12:58 INFO extraLogger: [iterator.FromParent]EndAt:1477959178230,RDD ID:13,Name:PairwiseRDD,TaskAttempt ID:56,Partition Id:44,Stage Id:3
16/10/31 18:12:58 INFO extraLogger: [ShuffleMapTask]EndAt:1477959178234,TaskAttempt ID:64,Partition Id:52,Stage Id:3
16/10/31 18:12:58 INFO extraLogger: [ShuffleMapTask]EndAt:1477959178234,TaskAttempt ID:56,Partition Id:44,Stage Id:3
16/10/31 18:12:58 INFO extraLogger: [iterator.FromParent]EndAt:1477959178235,RDD ID:12,Name:PythonRDD,TaskAttempt ID:60,Partition Id:48,Stage Id:3
16/10/31 18:12:58 INFO extraLogger: [iterator.FromParent]EndAt:1477959178235,RDD ID:13,Name:PairwiseRDD,TaskAttempt ID:60,Partition Id:48,Stage Id:3
16/10/31 18:12:58 INFO extraLogger: [ShuffleMapTask]EndAt:1477959178238,TaskAttempt ID:60,Partition Id:48,Stage Id:3
16/10/31 18:12:58 INFO extraLogger: [iterator.FromParent]EndAt:1477959178272,RDD ID:12,Name:PythonRDD,TaskAttempt ID:28,Partition Id:16,Stage Id:3
16/10/31 18:12:58 INFO extraLogger: [iterator.FromParent]EndAt:1477959178272,RDD ID:13,Name:PairwiseRDD,TaskAttempt ID:28,Partition Id:16,Stage Id:3
16/10/31 18:12:58 INFO extraLogger: [ShuffleMapTask]EndAt:1477959178273,TaskAttempt ID:28,Partition Id:16,Stage Id:3
16/10/31 18:12:58 INFO extraLogger: [iterator.FromParent]EndAt:1477959178286,RDD ID:12,Name:PythonRDD,TaskAttempt ID:16,Partition Id:4,Stage Id:3
16/10/31 18:12:58 INFO extraLogger: [iterator.FromParent]EndAt:1477959178286,RDD ID:13,Name:PairwiseRDD,TaskAttempt ID:16,Partition Id:4,Stage Id:3
16/10/31 18:12:58 INFO extraLogger: [ShuffleMapTask]EndAt:1477959178287,TaskAttempt ID:16,Partition Id:4,Stage Id:3
16/10/31 18:12:58 INFO extraLogger: [iterator.FromParent]EndAt:1477959178354,RDD ID:12,Name:PythonRDD,TaskAttempt ID:72,Partition Id:60,Stage Id:3
16/10/31 18:12:58 INFO extraLogger: [iterator.FromParent]EndAt:1477959178355,RDD ID:13,Name:PairwiseRDD,TaskAttempt ID:72,Partition Id:60,Stage Id:3
16/10/31 18:12:58 INFO extraLogger: [ShuffleMapTask]EndAt:1477959178356,TaskAttempt ID:72,Partition Id:60,Stage Id:3
16/10/31 18:13:16 INFO extraLogger: [iterator.FromParent]EndAt:1477959196110,RDD ID:9,Name:PythonRDD,TaskAttempt ID:12,Partition Id:1,Stage Id:3
16/10/31 18:13:16 INFO extraLogger: [iterator.FromParent]EndAt:1477959196110,RDD ID:11,Name:UnionRDD,TaskAttempt ID:12,Partition Id:1,Stage Id:3
16/10/31 18:13:35 INFO extraLogger: [iterator.FromParent]EndAt:1477959215455,RDD ID:12,Name:PythonRDD,TaskAttempt ID:12,Partition Id:1,Stage Id:3
16/10/31 18:13:35 INFO extraLogger: [iterator.FromParent]EndAt:1477959215456,RDD ID:13,Name:PairwiseRDD,TaskAttempt ID:12,Partition Id:1,Stage Id:3
16/10/31 18:13:36 INFO extraLogger: [ShuffleMapTask]EndAt:1477959216594,TaskAttempt ID:12,Partition Id:1,Stage Id:3
16/10/31 18:13:36 INFO extraLogger: [ShuffleMapTask]StartAt:1477959216851,TaskAttempt ID:81,Partition Id:4,Stage Id:4
16/10/31 18:13:36 INFO extraLogger: [ShuffleMapTask]StartAt:1477959216851,TaskAttempt ID:137,Partition Id:60,Stage Id:4
16/10/31 18:13:36 INFO extraLogger: [iterator.FromParent]StartAt:1477959216852,RDD ID:20,Name:PairwiseRDD,TaskAttempt ID:81,Partition Id:4,Stage Id:4
16/10/31 18:13:36 INFO extraLogger: [iterator.FromParent]StartAt:1477959216852,RDD ID:20,Name:PairwiseRDD,TaskAttempt ID:137,Partition Id:60,Stage Id:4
16/10/31 18:13:36 INFO extraLogger: [iterator.FromParent]StartAt:1477959216852,RDD ID:19,Name:PythonRDD,TaskAttempt ID:81,Partition Id:4,Stage Id:4
16/10/31 18:13:36 INFO extraLogger: [iterator.FromParent]StartAt:1477959216853,RDD ID:19,Name:PythonRDD,TaskAttempt ID:137,Partition Id:60,Stage Id:4
16/10/31 18:13:36 INFO extraLogger: [ShuffleMapTask]StartAt:1477959216853,TaskAttempt ID:133,Partition Id:56,Stage Id:4
16/10/31 18:13:36 INFO extraLogger: [iterator.FromParent]StartAt:1477959216854,RDD ID:20,Name:PairwiseRDD,TaskAttempt ID:133,Partition Id:56,Stage Id:4
16/10/31 18:13:36 INFO extraLogger: [iterator.FromParent]StartAt:1477959216854,RDD ID:18,Name:UnionRDD,TaskAttempt ID:81,Partition Id:4,Stage Id:4
16/10/31 18:13:36 INFO extraLogger: [iterator.FromParent]StartAt:1477959216854,RDD ID:19,Name:PythonRDD,TaskAttempt ID:133,Partition Id:56,Stage Id:4
16/10/31 18:13:36 INFO extraLogger: [ShuffleMapTask]StartAt:1477959216855,TaskAttempt ID:117,Partition Id:40,Stage Id:4
16/10/31 18:13:36 INFO extraLogger: [ShuffleMapTask]StartAt:1477959216856,TaskAttempt ID:129,Partition Id:52,Stage Id:4
16/10/31 18:13:36 INFO extraLogger: [iterator.FromParent]StartAt:1477959216856,RDD ID:17,Name:PythonRDD,TaskAttempt ID:81,Partition Id:4,Stage Id:4
16/10/31 18:13:36 INFO extraLogger: [iterator.FromParent]StartAt:1477959216856,RDD ID:18,Name:UnionRDD,TaskAttempt ID:137,Partition Id:60,Stage Id:4
16/10/31 18:13:36 INFO extraLogger: [iterator.FromParent]StartAt:1477959216856,RDD ID:18,Name:UnionRDD,TaskAttempt ID:133,Partition Id:56,Stage Id:4
16/10/31 18:13:36 INFO extraLogger: [iterator.FromParent]StartAt:1477959216857,RDD ID:20,Name:PairwiseRDD,TaskAttempt ID:117,Partition Id:40,Stage Id:4
16/10/31 18:13:36 INFO extraLogger: [iterator.FromParent]StartAt:1477959216857,RDD ID:17,Name:PythonRDD,TaskAttempt ID:133,Partition Id:56,Stage Id:4
16/10/31 18:13:36 INFO extraLogger: [iterator.FromParent]StartAt:1477959216857,RDD ID:20,Name:PairwiseRDD,TaskAttempt ID:129,Partition Id:52,Stage Id:4
16/10/31 18:13:36 INFO extraLogger: [iterator.FromParent]StartAt:1477959216858,RDD ID:19,Name:PythonRDD,TaskAttempt ID:129,Partition Id:52,Stage Id:4
16/10/31 18:13:36 INFO extraLogger: [iterator.FromParent]StartAt:1477959216859,RDD ID:17,Name:PythonRDD,TaskAttempt ID:137,Partition Id:60,Stage Id:4
16/10/31 18:13:36 INFO extraLogger: [ShuffleMapTask]StartAt:1477959216859,TaskAttempt ID:125,Partition Id:48,Stage Id:4
16/10/31 18:13:36 INFO extraLogger: [iterator.FromParent]StartAt:1477959216860,RDD ID:19,Name:PythonRDD,TaskAttempt ID:117,Partition Id:40,Stage Id:4
16/10/31 18:13:36 INFO extraLogger: [iterator.FromParent]StartAt:1477959216861,RDD ID:18,Name:UnionRDD,TaskAttempt ID:129,Partition Id:52,Stage Id:4
16/10/31 18:13:36 INFO extraLogger: [iterator.FromCache]StartAt:1477959216861,RDD ID:8,Name:ParallelCollectionRDD,TaskAttempt ID:133,Partition Id:56,Stage Id:4
16/10/31 18:13:36 INFO extraLogger: [iterator.FromParent]StartAt:1477959216862,RDD ID:20,Name:PairwiseRDD,TaskAttempt ID:125,Partition Id:48,Stage Id:4
16/10/31 18:13:36 INFO extraLogger: [iterator.FromCache]StartAt:1477959216863,RDD ID:8,Name:ParallelCollectionRDD,TaskAttempt ID:137,Partition Id:60,Stage Id:4
16/10/31 18:13:36 INFO extraLogger: [ShuffleMapTask]StartAt:1477959216864,TaskAttempt ID:113,Partition Id:36,Stage Id:4
16/10/31 18:13:36 INFO extraLogger: [ShuffleMapTask]StartAt:1477959216865,TaskAttempt ID:121,Partition Id:44,Stage Id:4
16/10/31 18:13:36 INFO extraLogger: [iterator.FromParent]StartAt:1477959216865,RDD ID:20,Name:PairwiseRDD,TaskAttempt ID:113,Partition Id:36,Stage Id:4
16/10/31 18:13:36 INFO extraLogger: [iterator.FromParent]StartAt:1477959216865,RDD ID:19,Name:PythonRDD,TaskAttempt ID:113,Partition Id:36,Stage Id:4
16/10/31 18:13:36 INFO extraLogger: [iterator.FromCache]EndAt:1477959216865,RDD ID:8,Name:ParallelCollectionRDD,TaskAttempt ID:133,Partition Id:56,Stage Id:4
16/10/31 18:13:36 INFO extraLogger: [ShuffleMapTask]StartAt:1477959216865,TaskAttempt ID:109,Partition Id:32,Stage Id:4
16/10/31 18:13:36 INFO extraLogger: [ShuffleMapTask]StartAt:1477959216866,TaskAttempt ID:93,Partition Id:16,Stage Id:4
16/10/31 18:13:36 INFO extraLogger: [iterator.FromParent]StartAt:1477959216866,RDD ID:20,Name:PairwiseRDD,TaskAttempt ID:121,Partition Id:44,Stage Id:4
16/10/31 18:13:36 INFO extraLogger: [iterator.FromParent]StartAt:1477959216866,RDD ID:17,Name:PythonRDD,TaskAttempt ID:129,Partition Id:52,Stage Id:4
16/10/31 18:13:36 INFO extraLogger: [ShuffleMapTask]StartAt:1477959216867,TaskAttempt ID:105,Partition Id:28,Stage Id:4
16/10/31 18:13:36 INFO extraLogger: [iterator.FromParent]StartAt:1477959216867,RDD ID:20,Name:PairwiseRDD,TaskAttempt ID:93,Partition Id:16,Stage Id:4
16/10/31 18:13:36 INFO extraLogger: [iterator.FromParent]StartAt:1477959216867,RDD ID:19,Name:PythonRDD,TaskAttempt ID:125,Partition Id:48,Stage Id:4
16/10/31 18:13:36 INFO extraLogger: [iterator.FromParent]StartAt:1477959216868,RDD ID:19,Name:PythonRDD,TaskAttempt ID:93,Partition Id:16,Stage Id:4
16/10/31 18:13:36 INFO extraLogger: [iterator.FromParent]StartAt:1477959216867,RDD ID:19,Name:PythonRDD,TaskAttempt ID:121,Partition Id:44,Stage Id:4
16/10/31 18:13:36 INFO extraLogger: [ShuffleMapTask]StartAt:1477959216868,TaskAttempt ID:101,Partition Id:24,Stage Id:4
16/10/31 18:13:36 INFO extraLogger: [iterator.FromCache]EndAt:1477959216868,RDD ID:8,Name:ParallelCollectionRDD,TaskAttempt ID:137,Partition Id:60,Stage Id:4
16/10/31 18:13:36 INFO extraLogger: [iterator.FromParent]StartAt:1477959216868,RDD ID:20,Name:PairwiseRDD,TaskAttempt ID:109,Partition Id:32,Stage Id:4
16/10/31 18:13:36 INFO extraLogger: [iterator.FromParent]StartAt:1477959216869,RDD ID:19,Name:PythonRDD,TaskAttempt ID:109,Partition Id:32,Stage Id:4
16/10/31 18:13:36 INFO extraLogger: [iterator.FromParent]StartAt:1477959216869,RDD ID:20,Name:PairwiseRDD,TaskAttempt ID:101,Partition Id:24,Stage Id:4
16/10/31 18:13:36 INFO extraLogger: [ShuffleMapTask]StartAt:1477959216869,TaskAttempt ID:97,Partition Id:20,Stage Id:4
16/10/31 18:13:36 INFO extraLogger: [iterator.FromParent]StartAt:1477959216869,RDD ID:19,Name:PythonRDD,TaskAttempt ID:101,Partition Id:24,Stage Id:4
16/10/31 18:13:36 INFO extraLogger: [iterator.FromParent]StartAt:1477959216869,RDD ID:18,Name:UnionRDD,TaskAttempt ID:113,Partition Id:36,Stage Id:4
16/10/31 18:13:36 INFO extraLogger: [ShuffleMapTask]StartAt:1477959216869,TaskAttempt ID:89,Partition Id:12,Stage Id:4
16/10/31 18:13:36 INFO extraLogger: [iterator.FromParent]StartAt:1477959216870,RDD ID:20,Name:PairwiseRDD,TaskAttempt ID:97,Partition Id:20,Stage Id:4
16/10/31 18:13:36 INFO extraLogger: [ShuffleMapTask]StartAt:1477959216870,TaskAttempt ID:85,Partition Id:8,Stage Id:4
16/10/31 18:13:36 INFO extraLogger: [iterator.FromCache]StartAt:1477959216871,RDD ID:8,Name:ParallelCollectionRDD,TaskAttempt ID:81,Partition Id:4,Stage Id:4
16/10/31 18:13:36 INFO extraLogger: [iterator.FromParent]StartAt:1477959216872,RDD ID:20,Name:PairwiseRDD,TaskAttempt ID:105,Partition Id:28,Stage Id:4
16/10/31 18:13:36 INFO extraLogger: [iterator.FromCache]StartAt:1477959216872,RDD ID:8,Name:ParallelCollectionRDD,TaskAttempt ID:129,Partition Id:52,Stage Id:4
16/10/31 18:13:36 INFO extraLogger: [iterator.FromParent]StartAt:1477959216872,RDD ID:18,Name:UnionRDD,TaskAttempt ID:93,Partition Id:16,Stage Id:4
16/10/31 18:13:36 INFO extraLogger: [iterator.FromParent]StartAt:1477959216873,RDD ID:18,Name:UnionRDD,TaskAttempt ID:101,Partition Id:24,Stage Id:4
16/10/31 18:13:36 INFO extraLogger: [iterator.FromParent]StartAt:1477959216873,RDD ID:20,Name:PairwiseRDD,TaskAttempt ID:85,Partition Id:8,Stage Id:4
16/10/31 18:13:36 INFO extraLogger: [iterator.FromParent]StartAt:1477959216874,RDD ID:19,Name:PythonRDD,TaskAttempt ID:97,Partition Id:20,Stage Id:4
16/10/31 18:13:36 INFO extraLogger: [iterator.FromParent]StartAt:1477959216874,RDD ID:18,Name:UnionRDD,TaskAttempt ID:117,Partition Id:40,Stage Id:4
16/10/31 18:13:36 INFO extraLogger: [iterator.FromParent]StartAt:1477959216875,RDD ID:17,Name:PythonRDD,TaskAttempt ID:117,Partition Id:40,Stage Id:4
16/10/31 18:13:36 INFO extraLogger: [iterator.FromParent]StartAt:1477959216875,RDD ID:20,Name:PairwiseRDD,TaskAttempt ID:89,Partition Id:12,Stage Id:4
16/10/31 18:13:36 INFO extraLogger: [iterator.FromParent]StartAt:1477959216875,RDD ID:19,Name:PythonRDD,TaskAttempt ID:85,Partition Id:8,Stage Id:4
16/10/31 18:13:36 INFO extraLogger: [iterator.FromParent]EndAt:1477959216875,RDD ID:17,Name:PythonRDD,TaskAttempt ID:133,Partition Id:56,Stage Id:4
16/10/31 18:13:36 INFO extraLogger: [iterator.FromParent]StartAt:1477959216876,RDD ID:17,Name:PythonRDD,TaskAttempt ID:93,Partition Id:16,Stage Id:4
16/10/31 18:13:36 INFO extraLogger: [iterator.FromParent]StartAt:1477959216876,RDD ID:19,Name:PythonRDD,TaskAttempt ID:105,Partition Id:28,Stage Id:4
16/10/31 18:13:36 INFO extraLogger: [iterator.FromCache]EndAt:1477959216876,RDD ID:8,Name:ParallelCollectionRDD,TaskAttempt ID:81,Partition Id:4,Stage Id:4
16/10/31 18:13:36 INFO extraLogger: [iterator.FromParent]StartAt:1477959216876,RDD ID:18,Name:UnionRDD,TaskAttempt ID:125,Partition Id:48,Stage Id:4
16/10/31 18:13:36 INFO extraLogger: [iterator.FromCache]EndAt:1477959216876,RDD ID:8,Name:ParallelCollectionRDD,TaskAttempt ID:129,Partition Id:52,Stage Id:4
16/10/31 18:13:36 INFO extraLogger: [iterator.FromParent]StartAt:1477959216877,RDD ID:18,Name:UnionRDD,TaskAttempt ID:121,Partition Id:44,Stage Id:4
16/10/31 18:13:36 INFO extraLogger: [iterator.FromParent]StartAt:1477959216877,RDD ID:17,Name:PythonRDD,TaskAttempt ID:121,Partition Id:44,Stage Id:4
16/10/31 18:13:36 INFO extraLogger: [iterator.FromParent]StartAt:1477959216877,RDD ID:17,Name:PythonRDD,TaskAttempt ID:101,Partition Id:24,Stage Id:4
16/10/31 18:13:36 INFO extraLogger: [iterator.FromParent]StartAt:1477959216878,RDD ID:19,Name:PythonRDD,TaskAttempt ID:89,Partition Id:12,Stage Id:4
16/10/31 18:13:36 INFO extraLogger: [iterator.FromParent]StartAt:1477959216878,RDD ID:18,Name:UnionRDD,TaskAttempt ID:109,Partition Id:32,Stage Id:4
16/10/31 18:13:36 INFO extraLogger: [iterator.FromParent]StartAt:1477959216878,RDD ID:17,Name:PythonRDD,TaskAttempt ID:113,Partition Id:36,Stage Id:4
16/10/31 18:13:36 INFO extraLogger: [iterator.FromParent]StartAt:1477959216878,RDD ID:17,Name:PythonRDD,TaskAttempt ID:109,Partition Id:32,Stage Id:4
16/10/31 18:13:36 INFO extraLogger: [iterator.FromParent]EndAt:1477959216880,RDD ID:18,Name:UnionRDD,TaskAttempt ID:133,Partition Id:56,Stage Id:4
16/10/31 18:13:36 INFO extraLogger: [iterator.FromParent]StartAt:1477959216881,RDD ID:18,Name:UnionRDD,TaskAttempt ID:105,Partition Id:28,Stage Id:4
16/10/31 18:13:36 INFO extraLogger: [iterator.FromCache]StartAt:1477959216881,RDD ID:8,Name:ParallelCollectionRDD,TaskAttempt ID:93,Partition Id:16,Stage Id:4
16/10/31 18:13:36 INFO extraLogger: [iterator.FromCache]StartAt:1477959216882,RDD ID:8,Name:ParallelCollectionRDD,TaskAttempt ID:113,Partition Id:36,Stage Id:4
16/10/31 18:13:36 INFO extraLogger: [iterator.FromCache]StartAt:1477959216882,RDD ID:8,Name:ParallelCollectionRDD,TaskAttempt ID:121,Partition Id:44,Stage Id:4
16/10/31 18:13:36 INFO extraLogger: [iterator.FromParent]StartAt:1477959216882,RDD ID:18,Name:UnionRDD,TaskAttempt ID:85,Partition Id:8,Stage Id:4
16/10/31 18:13:36 INFO extraLogger: [iterator.FromParent]StartAt:1477959216883,RDD ID:18,Name:UnionRDD,TaskAttempt ID:97,Partition Id:20,Stage Id:4
16/10/31 18:13:36 INFO extraLogger: [iterator.FromCache]StartAt:1477959216883,RDD ID:8,Name:ParallelCollectionRDD,TaskAttempt ID:117,Partition Id:40,Stage Id:4
16/10/31 18:13:36 INFO extraLogger: [iterator.FromParent]StartAt:1477959216883,RDD ID:18,Name:UnionRDD,TaskAttempt ID:89,Partition Id:12,Stage Id:4
16/10/31 18:13:36 INFO extraLogger: [iterator.FromParent]StartAt:1477959216885,RDD ID:17,Name:PythonRDD,TaskAttempt ID:125,Partition Id:48,Stage Id:4
16/10/31 18:13:36 INFO extraLogger: [iterator.FromCache]EndAt:1477959216885,RDD ID:8,Name:ParallelCollectionRDD,TaskAttempt ID:93,Partition Id:16,Stage Id:4
16/10/31 18:13:36 INFO extraLogger: [iterator.FromCache]EndAt:1477959216886,RDD ID:8,Name:ParallelCollectionRDD,TaskAttempt ID:113,Partition Id:36,Stage Id:4
16/10/31 18:13:36 INFO extraLogger: [iterator.FromCache]EndAt:1477959216886,RDD ID:8,Name:ParallelCollectionRDD,TaskAttempt ID:121,Partition Id:44,Stage Id:4
16/10/31 18:13:36 INFO extraLogger: [iterator.FromCache]StartAt:1477959216886,RDD ID:8,Name:ParallelCollectionRDD,TaskAttempt ID:101,Partition Id:24,Stage Id:4
16/10/31 18:13:36 INFO extraLogger: [iterator.FromParent]StartAt:1477959216886,RDD ID:17,Name:PythonRDD,TaskAttempt ID:85,Partition Id:8,Stage Id:4
16/10/31 18:13:36 INFO extraLogger: [iterator.FromParent]StartAt:1477959216887,RDD ID:17,Name:PythonRDD,TaskAttempt ID:89,Partition Id:12,Stage Id:4
16/10/31 18:13:36 INFO extraLogger: [iterator.FromParent]StartAt:1477959216887,RDD ID:17,Name:PythonRDD,TaskAttempt ID:97,Partition Id:20,Stage Id:4
16/10/31 18:13:36 INFO extraLogger: [iterator.FromCache]EndAt:1477959216889,RDD ID:8,Name:ParallelCollectionRDD,TaskAttempt ID:101,Partition Id:24,Stage Id:4
16/10/31 18:13:36 INFO extraLogger: [iterator.FromParent]StartAt:1477959216890,RDD ID:17,Name:PythonRDD,TaskAttempt ID:105,Partition Id:28,Stage Id:4
16/10/31 18:13:36 INFO extraLogger: [iterator.FromCache]StartAt:1477959216891,RDD ID:8,Name:ParallelCollectionRDD,TaskAttempt ID:89,Partition Id:12,Stage Id:4
16/10/31 18:13:36 INFO extraLogger: [iterator.FromCache]EndAt:1477959216891,RDD ID:8,Name:ParallelCollectionRDD,TaskAttempt ID:117,Partition Id:40,Stage Id:4
16/10/31 18:13:36 INFO extraLogger: [iterator.FromCache]StartAt:1477959216891,RDD ID:8,Name:ParallelCollectionRDD,TaskAttempt ID:109,Partition Id:32,Stage Id:4
16/10/31 18:13:36 INFO extraLogger: [iterator.FromCache]StartAt:1477959216892,RDD ID:8,Name:ParallelCollectionRDD,TaskAttempt ID:85,Partition Id:8,Stage Id:4
16/10/31 18:13:36 INFO extraLogger: [iterator.FromCache]StartAt:1477959216895,RDD ID:8,Name:ParallelCollectionRDD,TaskAttempt ID:97,Partition Id:20,Stage Id:4
16/10/31 18:13:36 INFO extraLogger: [iterator.FromCache]EndAt:1477959216895,RDD ID:8,Name:ParallelCollectionRDD,TaskAttempt ID:89,Partition Id:12,Stage Id:4
16/10/31 18:13:36 INFO extraLogger: [iterator.FromCache]EndAt:1477959216896,RDD ID:8,Name:ParallelCollectionRDD,TaskAttempt ID:109,Partition Id:32,Stage Id:4
16/10/31 18:13:36 INFO extraLogger: [iterator.FromCache]StartAt:1477959216898,RDD ID:8,Name:ParallelCollectionRDD,TaskAttempt ID:105,Partition Id:28,Stage Id:4
16/10/31 18:13:36 INFO extraLogger: [iterator.FromCache]EndAt:1477959216899,RDD ID:8,Name:ParallelCollectionRDD,TaskAttempt ID:85,Partition Id:8,Stage Id:4
16/10/31 18:13:36 INFO extraLogger: [iterator.FromCache]EndAt:1477959216900,RDD ID:8,Name:ParallelCollectionRDD,TaskAttempt ID:97,Partition Id:20,Stage Id:4
16/10/31 18:13:36 INFO extraLogger: [iterator.FromCache]StartAt:1477959216901,RDD ID:8,Name:ParallelCollectionRDD,TaskAttempt ID:125,Partition Id:48,Stage Id:4
16/10/31 18:13:36 INFO extraLogger: [iterator.FromParent]EndAt:1477959216902,RDD ID:17,Name:PythonRDD,TaskAttempt ID:93,Partition Id:16,Stage Id:4
16/10/31 18:13:36 INFO extraLogger: [iterator.FromCache]EndAt:1477959216902,RDD ID:8,Name:ParallelCollectionRDD,TaskAttempt ID:105,Partition Id:28,Stage Id:4
16/10/31 18:13:36 INFO extraLogger: [iterator.FromCache]EndAt:1477959216903,RDD ID:8,Name:ParallelCollectionRDD,TaskAttempt ID:125,Partition Id:48,Stage Id:4
16/10/31 18:13:36 INFO extraLogger: [iterator.FromParent]EndAt:1477959216903,RDD ID:17,Name:PythonRDD,TaskAttempt ID:121,Partition Id:44,Stage Id:4
16/10/31 18:13:36 INFO extraLogger: [iterator.FromParent]EndAt:1477959216906,RDD ID:18,Name:UnionRDD,TaskAttempt ID:93,Partition Id:16,Stage Id:4
16/10/31 18:13:36 INFO extraLogger: [iterator.FromParent]EndAt:1477959216907,RDD ID:18,Name:UnionRDD,TaskAttempt ID:121,Partition Id:44,Stage Id:4
16/10/31 18:13:36 INFO extraLogger: [iterator.FromParent]EndAt:1477959216909,RDD ID:17,Name:PythonRDD,TaskAttempt ID:85,Partition Id:8,Stage Id:4
16/10/31 18:13:36 INFO extraLogger: [iterator.FromParent]EndAt:1477959216909,RDD ID:17,Name:PythonRDD,TaskAttempt ID:117,Partition Id:40,Stage Id:4
16/10/31 18:13:36 INFO extraLogger: [iterator.FromParent]EndAt:1477959216919,RDD ID:17,Name:PythonRDD,TaskAttempt ID:125,Partition Id:48,Stage Id:4
16/10/31 18:13:36 INFO extraLogger: [iterator.FromParent]EndAt:1477959216918,RDD ID:17,Name:PythonRDD,TaskAttempt ID:137,Partition Id:60,Stage Id:4
16/10/31 18:13:36 INFO extraLogger: [iterator.FromParent]EndAt:1477959216917,RDD ID:18,Name:UnionRDD,TaskAttempt ID:85,Partition Id:8,Stage Id:4
16/10/31 18:13:36 INFO extraLogger: [iterator.FromParent]EndAt:1477959216917,RDD ID:17,Name:PythonRDD,TaskAttempt ID:89,Partition Id:12,Stage Id:4
16/10/31 18:13:36 INFO extraLogger: [iterator.FromParent]EndAt:1477959216922,RDD ID:18,Name:UnionRDD,TaskAttempt ID:125,Partition Id:48,Stage Id:4
16/10/31 18:13:36 INFO extraLogger: [iterator.FromParent]EndAt:1477959216921,RDD ID:18,Name:UnionRDD,TaskAttempt ID:117,Partition Id:40,Stage Id:4
16/10/31 18:13:36 INFO extraLogger: [iterator.FromParent]EndAt:1477959216922,RDD ID:18,Name:UnionRDD,TaskAttempt ID:137,Partition Id:60,Stage Id:4
16/10/31 18:13:36 INFO extraLogger: [iterator.FromParent]EndAt:1477959216923,RDD ID:18,Name:UnionRDD,TaskAttempt ID:89,Partition Id:12,Stage Id:4
16/10/31 18:13:36 INFO extraLogger: [iterator.FromParent]EndAt:1477959216930,RDD ID:17,Name:PythonRDD,TaskAttempt ID:97,Partition Id:20,Stage Id:4
16/10/31 18:13:36 INFO extraLogger: [iterator.FromParent]EndAt:1477959216931,RDD ID:17,Name:PythonRDD,TaskAttempt ID:129,Partition Id:52,Stage Id:4
16/10/31 18:13:36 INFO extraLogger: [iterator.FromParent]EndAt:1477959216932,RDD ID:17,Name:PythonRDD,TaskAttempt ID:109,Partition Id:32,Stage Id:4
16/10/31 18:13:36 INFO extraLogger: [iterator.FromParent]EndAt:1477959216932,RDD ID:18,Name:UnionRDD,TaskAttempt ID:97,Partition Id:20,Stage Id:4
16/10/31 18:13:36 INFO extraLogger: [iterator.FromParent]EndAt:1477959216933,RDD ID:18,Name:UnionRDD,TaskAttempt ID:129,Partition Id:52,Stage Id:4
16/10/31 18:13:36 INFO extraLogger: [iterator.FromParent]EndAt:1477959216934,RDD ID:17,Name:PythonRDD,TaskAttempt ID:113,Partition Id:36,Stage Id:4
16/10/31 18:13:36 INFO extraLogger: [iterator.FromParent]EndAt:1477959216935,RDD ID:18,Name:UnionRDD,TaskAttempt ID:113,Partition Id:36,Stage Id:4
16/10/31 18:13:36 INFO extraLogger: [iterator.FromParent]EndAt:1477959216937,RDD ID:17,Name:PythonRDD,TaskAttempt ID:81,Partition Id:4,Stage Id:4
16/10/31 18:13:36 INFO extraLogger: [iterator.FromParent]EndAt:1477959216938,RDD ID:19,Name:PythonRDD,TaskAttempt ID:133,Partition Id:56,Stage Id:4
16/10/31 18:13:36 INFO extraLogger: [iterator.FromParent]EndAt:1477959216938,RDD ID:20,Name:PairwiseRDD,TaskAttempt ID:133,Partition Id:56,Stage Id:4
16/10/31 18:13:36 INFO extraLogger: [iterator.FromParent]EndAt:1477959216938,RDD ID:18,Name:UnionRDD,TaskAttempt ID:81,Partition Id:4,Stage Id:4
16/10/31 18:13:36 INFO extraLogger: [iterator.FromParent]EndAt:1477959216939,RDD ID:18,Name:UnionRDD,TaskAttempt ID:109,Partition Id:32,Stage Id:4
16/10/31 18:13:36 INFO extraLogger: [ShuffleMapTask]EndAt:1477959216944,TaskAttempt ID:133,Partition Id:56,Stage Id:4
16/10/31 18:13:36 INFO extraLogger: [iterator.FromParent]EndAt:1477959216951,RDD ID:17,Name:PythonRDD,TaskAttempt ID:101,Partition Id:24,Stage Id:4
16/10/31 18:13:36 INFO extraLogger: [iterator.FromParent]EndAt:1477959216952,RDD ID:18,Name:UnionRDD,TaskAttempt ID:101,Partition Id:24,Stage Id:4
16/10/31 18:13:36 INFO extraLogger: [iterator.FromParent]EndAt:1477959216958,RDD ID:17,Name:PythonRDD,TaskAttempt ID:105,Partition Id:28,Stage Id:4
16/10/31 18:13:36 INFO extraLogger: [iterator.FromParent]EndAt:1477959216959,RDD ID:18,Name:UnionRDD,TaskAttempt ID:105,Partition Id:28,Stage Id:4
16/10/31 18:13:36 INFO extraLogger: [iterator.FromParent]EndAt:1477959216970,RDD ID:19,Name:PythonRDD,TaskAttempt ID:93,Partition Id:16,Stage Id:4
16/10/31 18:13:36 INFO extraLogger: [iterator.FromParent]EndAt:1477959216971,RDD ID:20,Name:PairwiseRDD,TaskAttempt ID:93,Partition Id:16,Stage Id:4
16/10/31 18:13:36 INFO extraLogger: [ShuffleMapTask]EndAt:1477959216972,TaskAttempt ID:93,Partition Id:16,Stage Id:4
16/10/31 18:13:37 INFO extraLogger: [iterator.FromParent]EndAt:1477959217009,RDD ID:19,Name:PythonRDD,TaskAttempt ID:85,Partition Id:8,Stage Id:4
16/10/31 18:13:37 INFO extraLogger: [iterator.FromParent]EndAt:1477959217009,RDD ID:19,Name:PythonRDD,TaskAttempt ID:137,Partition Id:60,Stage Id:4
16/10/31 18:13:37 INFO extraLogger: [iterator.FromParent]EndAt:1477959217010,RDD ID:20,Name:PairwiseRDD,TaskAttempt ID:85,Partition Id:8,Stage Id:4
16/10/31 18:13:37 INFO extraLogger: [iterator.FromParent]EndAt:1477959217010,RDD ID:20,Name:PairwiseRDD,TaskAttempt ID:137,Partition Id:60,Stage Id:4
16/10/31 18:13:37 INFO extraLogger: [ShuffleMapTask]EndAt:1477959217011,TaskAttempt ID:85,Partition Id:8,Stage Id:4
16/10/31 18:13:37 INFO extraLogger: [ShuffleMapTask]EndAt:1477959217012,TaskAttempt ID:137,Partition Id:60,Stage Id:4
16/10/31 18:13:37 INFO extraLogger: [iterator.FromParent]EndAt:1477959217012,RDD ID:19,Name:PythonRDD,TaskAttempt ID:89,Partition Id:12,Stage Id:4
16/10/31 18:13:37 INFO extraLogger: [iterator.FromParent]EndAt:1477959217014,RDD ID:20,Name:PairwiseRDD,TaskAttempt ID:89,Partition Id:12,Stage Id:4
16/10/31 18:13:37 INFO extraLogger: [iterator.FromParent]EndAt:1477959217015,RDD ID:19,Name:PythonRDD,TaskAttempt ID:113,Partition Id:36,Stage Id:4
16/10/31 18:13:37 INFO extraLogger: [iterator.FromParent]EndAt:1477959217015,RDD ID:20,Name:PairwiseRDD,TaskAttempt ID:113,Partition Id:36,Stage Id:4
16/10/31 18:13:37 INFO extraLogger: [ShuffleMapTask]EndAt:1477959217016,TaskAttempt ID:89,Partition Id:12,Stage Id:4
16/10/31 18:13:37 INFO extraLogger: [ShuffleMapTask]EndAt:1477959217016,TaskAttempt ID:113,Partition Id:36,Stage Id:4
16/10/31 18:13:37 INFO extraLogger: [iterator.FromParent]EndAt:1477959217033,RDD ID:19,Name:PythonRDD,TaskAttempt ID:101,Partition Id:24,Stage Id:4
16/10/31 18:13:37 INFO extraLogger: [iterator.FromParent]EndAt:1477959217033,RDD ID:20,Name:PairwiseRDD,TaskAttempt ID:101,Partition Id:24,Stage Id:4
16/10/31 18:13:37 INFO extraLogger: [ShuffleMapTask]EndAt:1477959217034,TaskAttempt ID:101,Partition Id:24,Stage Id:4
16/10/31 18:13:37 INFO extraLogger: [iterator.FromParent]EndAt:1477959217035,RDD ID:19,Name:PythonRDD,TaskAttempt ID:81,Partition Id:4,Stage Id:4
16/10/31 18:13:37 INFO extraLogger: [iterator.FromParent]EndAt:1477959217036,RDD ID:19,Name:PythonRDD,TaskAttempt ID:121,Partition Id:44,Stage Id:4
16/10/31 18:13:37 INFO extraLogger: [iterator.FromParent]EndAt:1477959217036,RDD ID:19,Name:PythonRDD,TaskAttempt ID:117,Partition Id:40,Stage Id:4
16/10/31 18:13:37 INFO extraLogger: [iterator.FromParent]EndAt:1477959217040,RDD ID:20,Name:PairwiseRDD,TaskAttempt ID:117,Partition Id:40,Stage Id:4
16/10/31 18:13:37 INFO extraLogger: [iterator.FromParent]EndAt:1477959217040,RDD ID:20,Name:PairwiseRDD,TaskAttempt ID:121,Partition Id:44,Stage Id:4
16/10/31 18:13:37 INFO extraLogger: [ShuffleMapTask]EndAt:1477959217042,TaskAttempt ID:121,Partition Id:44,Stage Id:4
16/10/31 18:13:37 INFO extraLogger: [iterator.FromParent]EndAt:1477959217043,RDD ID:20,Name:PairwiseRDD,TaskAttempt ID:81,Partition Id:4,Stage Id:4
16/10/31 18:13:37 INFO extraLogger: [ShuffleMapTask]EndAt:1477959217044,TaskAttempt ID:81,Partition Id:4,Stage Id:4
16/10/31 18:13:37 INFO extraLogger: [ShuffleMapTask]EndAt:1477959217044,TaskAttempt ID:117,Partition Id:40,Stage Id:4
16/10/31 18:13:37 INFO extraLogger: [iterator.FromParent]EndAt:1477959217051,RDD ID:19,Name:PythonRDD,TaskAttempt ID:125,Partition Id:48,Stage Id:4
16/10/31 18:13:37 INFO extraLogger: [iterator.FromParent]EndAt:1477959217051,RDD ID:20,Name:PairwiseRDD,TaskAttempt ID:125,Partition Id:48,Stage Id:4
16/10/31 18:13:37 INFO extraLogger: [ShuffleMapTask]EndAt:1477959217052,TaskAttempt ID:125,Partition Id:48,Stage Id:4
16/10/31 18:13:37 INFO extraLogger: [iterator.FromParent]EndAt:1477959217052,RDD ID:19,Name:PythonRDD,TaskAttempt ID:129,Partition Id:52,Stage Id:4
16/10/31 18:13:37 INFO extraLogger: [iterator.FromParent]EndAt:1477959217053,RDD ID:20,Name:PairwiseRDD,TaskAttempt ID:129,Partition Id:52,Stage Id:4
16/10/31 18:13:37 INFO extraLogger: [ShuffleMapTask]EndAt:1477959217054,TaskAttempt ID:129,Partition Id:52,Stage Id:4
16/10/31 18:13:37 INFO extraLogger: [iterator.FromParent]EndAt:1477959217055,RDD ID:19,Name:PythonRDD,TaskAttempt ID:97,Partition Id:20,Stage Id:4
16/10/31 18:13:37 INFO extraLogger: [iterator.FromParent]EndAt:1477959217056,RDD ID:20,Name:PairwiseRDD,TaskAttempt ID:97,Partition Id:20,Stage Id:4
16/10/31 18:13:37 INFO extraLogger: [iterator.FromParent]EndAt:1477959217056,RDD ID:19,Name:PythonRDD,TaskAttempt ID:109,Partition Id:32,Stage Id:4
16/10/31 18:13:37 INFO extraLogger: [iterator.FromParent]EndAt:1477959217056,RDD ID:20,Name:PairwiseRDD,TaskAttempt ID:109,Partition Id:32,Stage Id:4
16/10/31 18:13:37 INFO extraLogger: [ShuffleMapTask]EndAt:1477959217057,TaskAttempt ID:97,Partition Id:20,Stage Id:4
16/10/31 18:13:37 INFO extraLogger: [ShuffleMapTask]EndAt:1477959217058,TaskAttempt ID:109,Partition Id:32,Stage Id:4
16/10/31 18:13:37 INFO extraLogger: [iterator.FromParent]EndAt:1477959217068,RDD ID:19,Name:PythonRDD,TaskAttempt ID:105,Partition Id:28,Stage Id:4
16/10/31 18:13:37 INFO extraLogger: [iterator.FromParent]EndAt:1477959217068,RDD ID:20,Name:PairwiseRDD,TaskAttempt ID:105,Partition Id:28,Stage Id:4
16/10/31 18:13:37 INFO extraLogger: [ShuffleMapTask]EndAt:1477959217070,TaskAttempt ID:105,Partition Id:28,Stage Id:4
16/10/31 18:13:37 INFO extraLogger: [ShuffleMapTask]StartAt:1477959217884,TaskAttempt ID:147,Partition Id:1,Stage Id:4
16/10/31 18:13:37 INFO extraLogger: [iterator.FromParent]StartAt:1477959217885,RDD ID:20,Name:PairwiseRDD,TaskAttempt ID:147,Partition Id:1,Stage Id:4
16/10/31 18:13:37 INFO extraLogger: [iterator.FromParent]StartAt:1477959217885,RDD ID:19,Name:PythonRDD,TaskAttempt ID:147,Partition Id:1,Stage Id:4
16/10/31 18:13:37 INFO extraLogger: [iterator.FromParent]StartAt:1477959217885,RDD ID:18,Name:UnionRDD,TaskAttempt ID:147,Partition Id:1,Stage Id:4
16/10/31 18:13:37 INFO extraLogger: [iterator.FromParent]StartAt:1477959217886,RDD ID:16,Name:PythonRDD,TaskAttempt ID:147,Partition Id:1,Stage Id:4
16/10/31 18:13:37 INFO extraLogger: [iterator.FromParent]StartAt:1477959217886,RDD ID:15,Name:MapPartitionedRDD,TaskAttempt ID:147,Partition Id:1,Stage Id:4
16/10/31 18:13:37 INFO extraLogger: [iterator.FromParent]StartAt:1477959217886,RDD ID:14,Name:ShuffledRDD,TaskAttempt ID:147,Partition Id:1,Stage Id:4
16/10/31 18:13:37 INFO extraLogger: [iterator.FromParent]EndAt:1477959217912,RDD ID:14,Name:ShuffledRDD,TaskAttempt ID:147,Partition Id:1,Stage Id:4
16/10/31 18:13:37 INFO extraLogger: [iterator.FromParent]EndAt:1477959217912,RDD ID:15,Name:MapPartitionedRDD,TaskAttempt ID:147,Partition Id:1,Stage Id:4
16/10/31 18:13:46 INFO extraLogger: [iterator.FromParent]EndAt:1477959226466,RDD ID:16,Name:PythonRDD,TaskAttempt ID:147,Partition Id:1,Stage Id:4
16/10/31 18:13:46 INFO extraLogger: [iterator.FromParent]EndAt:1477959226467,RDD ID:18,Name:UnionRDD,TaskAttempt ID:147,Partition Id:1,Stage Id:4
16/10/31 18:14:04 INFO extraLogger: [iterator.FromParent]EndAt:1477959244971,RDD ID:19,Name:PythonRDD,TaskAttempt ID:147,Partition Id:1,Stage Id:4
16/10/31 18:14:04 INFO extraLogger: [iterator.FromParent]EndAt:1477959244971,RDD ID:20,Name:PairwiseRDD,TaskAttempt ID:147,Partition Id:1,Stage Id:4
16/10/31 18:14:06 INFO extraLogger: [ShuffleMapTask]EndAt:1477959246151,TaskAttempt ID:147,Partition Id:1,Stage Id:4
16/10/31 18:14:06 INFO extraLogger: [ShuffleMapTask]StartAt:1477959246268,TaskAttempt ID:150,Partition Id:1,Stage Id:5
16/10/31 18:14:06 INFO extraLogger: [iterator.FromParent]StartAt:1477959246269,RDD ID:27,Name:PairwiseRDD,TaskAttempt ID:150,Partition Id:1,Stage Id:5
16/10/31 18:14:06 INFO extraLogger: [ShuffleMapTask]StartAt:1477959246269,TaskAttempt ID:154,Partition Id:5,Stage Id:5
16/10/31 18:14:06 INFO extraLogger: [iterator.FromParent]StartAt:1477959246269,RDD ID:26,Name:PythonRDD,TaskAttempt ID:150,Partition Id:1,Stage Id:5
16/10/31 18:14:06 INFO extraLogger: [iterator.FromParent]StartAt:1477959246270,RDD ID:25,Name:UnionRDD,TaskAttempt ID:150,Partition Id:1,Stage Id:5
16/10/31 18:14:06 INFO extraLogger: [iterator.FromParent]StartAt:1477959246270,RDD ID:27,Name:PairwiseRDD,TaskAttempt ID:154,Partition Id:5,Stage Id:5
16/10/31 18:14:06 INFO extraLogger: [iterator.FromParent]StartAt:1477959246270,RDD ID:26,Name:PythonRDD,TaskAttempt ID:154,Partition Id:5,Stage Id:5
16/10/31 18:14:06 INFO extraLogger: [iterator.FromParent]StartAt:1477959246270,RDD ID:23,Name:PythonRDD,TaskAttempt ID:150,Partition Id:1,Stage Id:5
16/10/31 18:14:06 INFO extraLogger: [iterator.FromParent]StartAt:1477959246272,RDD ID:25,Name:UnionRDD,TaskAttempt ID:154,Partition Id:5,Stage Id:5
16/10/31 18:14:06 INFO extraLogger: [iterator.FromParent]StartAt:1477959246272,RDD ID:22,Name:MapPartitionedRDD,TaskAttempt ID:150,Partition Id:1,Stage Id:5
16/10/31 18:14:06 INFO extraLogger: [iterator.FromParent]StartAt:1477959246272,RDD ID:24,Name:PythonRDD,TaskAttempt ID:154,Partition Id:5,Stage Id:5
16/10/31 18:14:06 INFO extraLogger: [iterator.FromParent]StartAt:1477959246272,RDD ID:21,Name:ShuffledRDD,TaskAttempt ID:150,Partition Id:1,Stage Id:5
16/10/31 18:14:06 INFO extraLogger: [iterator.FromParent]StartAt:1477959246273,RDD ID:22,Name:MapPartitionedRDD,TaskAttempt ID:154,Partition Id:5,Stage Id:5
16/10/31 18:14:06 INFO extraLogger: [iterator.FromParent]StartAt:1477959246274,RDD ID:21,Name:ShuffledRDD,TaskAttempt ID:154,Partition Id:5,Stage Id:5
16/10/31 18:14:06 INFO extraLogger: [iterator.FromParent]EndAt:1477959246301,RDD ID:21,Name:ShuffledRDD,TaskAttempt ID:150,Partition Id:1,Stage Id:5
16/10/31 18:14:06 INFO extraLogger: [iterator.FromParent]EndAt:1477959246301,RDD ID:22,Name:MapPartitionedRDD,TaskAttempt ID:150,Partition Id:1,Stage Id:5
16/10/31 18:14:06 INFO extraLogger: [iterator.FromParent]EndAt:1477959246334,RDD ID:21,Name:ShuffledRDD,TaskAttempt ID:154,Partition Id:5,Stage Id:5
16/10/31 18:14:06 INFO extraLogger: [iterator.FromParent]EndAt:1477959246335,RDD ID:22,Name:MapPartitionedRDD,TaskAttempt ID:154,Partition Id:5,Stage Id:5
16/10/31 18:14:16 INFO extraLogger: [iterator.FromParent]EndAt:1477959256575,RDD ID:23,Name:PythonRDD,TaskAttempt ID:150,Partition Id:1,Stage Id:5
16/10/31 18:14:16 INFO extraLogger: [iterator.FromParent]EndAt:1477959256576,RDD ID:25,Name:UnionRDD,TaskAttempt ID:150,Partition Id:1,Stage Id:5
16/10/31 18:14:21 INFO extraLogger: [iterator.FromParent]EndAt:1477959261635,RDD ID:24,Name:PythonRDD,TaskAttempt ID:154,Partition Id:5,Stage Id:5
16/10/31 18:14:21 INFO extraLogger: [iterator.FromParent]EndAt:1477959261636,RDD ID:25,Name:UnionRDD,TaskAttempt ID:154,Partition Id:5,Stage Id:5
16/10/31 18:14:21 INFO extraLogger: [iterator.FromParent]EndAt:1477959261659,RDD ID:26,Name:PythonRDD,TaskAttempt ID:154,Partition Id:5,Stage Id:5
16/10/31 18:14:21 INFO extraLogger: [iterator.FromParent]EndAt:1477959261659,RDD ID:27,Name:PairwiseRDD,TaskAttempt ID:154,Partition Id:5,Stage Id:5
16/10/31 18:14:21 INFO extraLogger: [ShuffleMapTask]EndAt:1477959261680,TaskAttempt ID:154,Partition Id:5,Stage Id:5
16/10/31 18:14:36 INFO extraLogger: [iterator.FromParent]EndAt:1477959276562,RDD ID:26,Name:PythonRDD,TaskAttempt ID:150,Partition Id:1,Stage Id:5
16/10/31 18:14:36 INFO extraLogger: [iterator.FromParent]EndAt:1477959276562,RDD ID:27,Name:PairwiseRDD,TaskAttempt ID:150,Partition Id:1,Stage Id:5
16/10/31 18:14:37 INFO extraLogger: [ShuffleMapTask]EndAt:1477959277786,TaskAttempt ID:150,Partition Id:1,Stage Id:5
16/10/31 18:15:46 INFO extraLogger: [ShuffleMapTask]StartAt:1477959346265,TaskAttempt ID:160,Partition Id:5,Stage Id:6
16/10/31 18:15:46 INFO extraLogger: [ShuffleMapTask]StartAt:1477959346265,TaskAttempt ID:156,Partition Id:1,Stage Id:6
16/10/31 18:15:46 INFO extraLogger: [iterator.FromParent]StartAt:1477959346266,RDD ID:34,Name:PairwiseRDD,TaskAttempt ID:160,Partition Id:5,Stage Id:6
16/10/31 18:15:46 INFO extraLogger: [iterator.FromParent]StartAt:1477959346266,RDD ID:34,Name:PairwiseRDD,TaskAttempt ID:156,Partition Id:1,Stage Id:6
16/10/31 18:15:46 INFO extraLogger: [iterator.FromParent]StartAt:1477959346266,RDD ID:33,Name:PythonRDD,TaskAttempt ID:160,Partition Id:5,Stage Id:6
16/10/31 18:15:46 INFO extraLogger: [iterator.FromParent]StartAt:1477959346266,RDD ID:33,Name:PythonRDD,TaskAttempt ID:156,Partition Id:1,Stage Id:6
16/10/31 18:15:46 INFO extraLogger: [iterator.FromParent]StartAt:1477959346267,RDD ID:32,Name:UnionRDD,TaskAttempt ID:160,Partition Id:5,Stage Id:6
16/10/31 18:15:46 INFO extraLogger: [iterator.FromParent]StartAt:1477959346267,RDD ID:32,Name:UnionRDD,TaskAttempt ID:156,Partition Id:1,Stage Id:6
16/10/31 18:15:46 INFO extraLogger: [iterator.FromParent]StartAt:1477959346267,RDD ID:31,Name:PythonRDD,TaskAttempt ID:160,Partition Id:5,Stage Id:6
16/10/31 18:15:46 INFO extraLogger: [iterator.FromParent]StartAt:1477959346267,RDD ID:30,Name:PythonRDD,TaskAttempt ID:156,Partition Id:1,Stage Id:6
16/10/31 18:15:46 INFO extraLogger: [iterator.FromParent]StartAt:1477959346268,RDD ID:29,Name:MapPartitionedRDD,TaskAttempt ID:160,Partition Id:5,Stage Id:6
16/10/31 18:15:46 INFO extraLogger: [iterator.FromParent]StartAt:1477959346268,RDD ID:29,Name:MapPartitionedRDD,TaskAttempt ID:156,Partition Id:1,Stage Id:6
16/10/31 18:15:46 INFO extraLogger: [iterator.FromParent]StartAt:1477959346268,RDD ID:28,Name:ShuffledRDD,TaskAttempt ID:160,Partition Id:5,Stage Id:6
16/10/31 18:15:46 INFO extraLogger: [iterator.FromParent]StartAt:1477959346268,RDD ID:28,Name:ShuffledRDD,TaskAttempt ID:156,Partition Id:1,Stage Id:6
16/10/31 18:15:46 INFO extraLogger: [iterator.FromParent]EndAt:1477959346285,RDD ID:28,Name:ShuffledRDD,TaskAttempt ID:160,Partition Id:5,Stage Id:6
16/10/31 18:15:46 INFO extraLogger: [iterator.FromParent]EndAt:1477959346286,RDD ID:29,Name:MapPartitionedRDD,TaskAttempt ID:160,Partition Id:5,Stage Id:6
16/10/31 18:15:46 INFO extraLogger: [iterator.FromParent]EndAt:1477959346286,RDD ID:28,Name:ShuffledRDD,TaskAttempt ID:156,Partition Id:1,Stage Id:6
16/10/31 18:15:46 INFO extraLogger: [iterator.FromParent]EndAt:1477959346287,RDD ID:29,Name:MapPartitionedRDD,TaskAttempt ID:156,Partition Id:1,Stage Id:6
16/10/31 18:15:51 INFO extraLogger: [iterator.FromParent]EndAt:1477959351607,RDD ID:31,Name:PythonRDD,TaskAttempt ID:160,Partition Id:5,Stage Id:6
16/10/31 18:15:51 INFO extraLogger: [iterator.FromParent]EndAt:1477959351608,RDD ID:32,Name:UnionRDD,TaskAttempt ID:160,Partition Id:5,Stage Id:6
16/10/31 18:15:51 INFO extraLogger: [iterator.FromParent]EndAt:1477959351661,RDD ID:33,Name:PythonRDD,TaskAttempt ID:160,Partition Id:5,Stage Id:6
16/10/31 18:15:51 INFO extraLogger: [iterator.FromParent]EndAt:1477959351661,RDD ID:34,Name:PairwiseRDD,TaskAttempt ID:160,Partition Id:5,Stage Id:6
16/10/31 18:15:51 INFO extraLogger: [ShuffleMapTask]EndAt:1477959351689,TaskAttempt ID:160,Partition Id:5,Stage Id:6
16/10/31 18:15:57 INFO extraLogger: [iterator.FromParent]EndAt:1477959357966,RDD ID:30,Name:PythonRDD,TaskAttempt ID:156,Partition Id:1,Stage Id:6
16/10/31 18:15:57 INFO extraLogger: [iterator.FromParent]EndAt:1477959357967,RDD ID:32,Name:UnionRDD,TaskAttempt ID:156,Partition Id:1,Stage Id:6
16/10/31 18:16:16 INFO extraLogger: [iterator.FromParent]EndAt:1477959376225,RDD ID:33,Name:PythonRDD,TaskAttempt ID:156,Partition Id:1,Stage Id:6
16/10/31 18:16:16 INFO extraLogger: [iterator.FromParent]EndAt:1477959376225,RDD ID:34,Name:PairwiseRDD,TaskAttempt ID:156,Partition Id:1,Stage Id:6
16/10/31 18:16:17 INFO extraLogger: [ShuffleMapTask]EndAt:1477959377385,TaskAttempt ID:156,Partition Id:1,Stage Id:6
16/10/31 18:17:25 INFO extraLogger: [ShuffleMapTask]StartAt:1477959445971,TaskAttempt ID:166,Partition Id:1,Stage Id:7
16/10/31 18:17:25 INFO extraLogger: [iterator.FromParent]StartAt:1477959445972,RDD ID:41,Name:PairwiseRDD,TaskAttempt ID:166,Partition Id:1,Stage Id:7
16/10/31 18:17:25 INFO extraLogger: [iterator.FromParent]StartAt:1477959445972,RDD ID:40,Name:PythonRDD,TaskAttempt ID:166,Partition Id:1,Stage Id:7
16/10/31 18:17:25 INFO extraLogger: [iterator.FromParent]StartAt:1477959445973,RDD ID:39,Name:UnionRDD,TaskAttempt ID:166,Partition Id:1,Stage Id:7
16/10/31 18:17:25 INFO extraLogger: [iterator.FromParent]StartAt:1477959445973,RDD ID:37,Name:PythonRDD,TaskAttempt ID:166,Partition Id:1,Stage Id:7
16/10/31 18:17:25 INFO extraLogger: [iterator.FromParent]StartAt:1477959445974,RDD ID:36,Name:MapPartitionedRDD,TaskAttempt ID:166,Partition Id:1,Stage Id:7
16/10/31 18:17:25 INFO extraLogger: [iterator.FromParent]StartAt:1477959445974,RDD ID:35,Name:ShuffledRDD,TaskAttempt ID:166,Partition Id:1,Stage Id:7
16/10/31 18:17:25 INFO extraLogger: [ShuffleMapTask]StartAt:1477959445975,TaskAttempt ID:170,Partition Id:5,Stage Id:7
16/10/31 18:17:25 INFO extraLogger: [iterator.FromParent]StartAt:1477959445976,RDD ID:41,Name:PairwiseRDD,TaskAttempt ID:170,Partition Id:5,Stage Id:7
16/10/31 18:17:25 INFO extraLogger: [iterator.FromParent]StartAt:1477959445976,RDD ID:40,Name:PythonRDD,TaskAttempt ID:170,Partition Id:5,Stage Id:7
16/10/31 18:17:25 INFO extraLogger: [iterator.FromParent]StartAt:1477959445977,RDD ID:39,Name:UnionRDD,TaskAttempt ID:170,Partition Id:5,Stage Id:7
16/10/31 18:17:25 INFO extraLogger: [iterator.FromParent]StartAt:1477959445977,RDD ID:38,Name:PythonRDD,TaskAttempt ID:170,Partition Id:5,Stage Id:7
16/10/31 18:17:25 INFO extraLogger: [iterator.FromParent]StartAt:1477959445978,RDD ID:36,Name:MapPartitionedRDD,TaskAttempt ID:170,Partition Id:5,Stage Id:7
16/10/31 18:17:25 INFO extraLogger: [iterator.FromParent]StartAt:1477959445979,RDD ID:35,Name:ShuffledRDD,TaskAttempt ID:170,Partition Id:5,Stage Id:7
16/10/31 18:17:25 INFO extraLogger: [iterator.FromParent]EndAt:1477959445987,RDD ID:35,Name:ShuffledRDD,TaskAttempt ID:166,Partition Id:1,Stage Id:7
16/10/31 18:17:25 INFO extraLogger: [iterator.FromParent]EndAt:1477959445987,RDD ID:36,Name:MapPartitionedRDD,TaskAttempt ID:166,Partition Id:1,Stage Id:7
16/10/31 18:17:25 INFO extraLogger: [iterator.FromParent]EndAt:1477959445991,RDD ID:35,Name:ShuffledRDD,TaskAttempt ID:170,Partition Id:5,Stage Id:7
16/10/31 18:17:25 INFO extraLogger: [iterator.FromParent]EndAt:1477959445991,RDD ID:36,Name:MapPartitionedRDD,TaskAttempt ID:170,Partition Id:5,Stage Id:7
16/10/31 18:17:30 INFO extraLogger: [iterator.FromParent]EndAt:1477959450261,RDD ID:38,Name:PythonRDD,TaskAttempt ID:170,Partition Id:5,Stage Id:7
16/10/31 18:17:30 INFO extraLogger: [iterator.FromParent]EndAt:1477959450261,RDD ID:39,Name:UnionRDD,TaskAttempt ID:170,Partition Id:5,Stage Id:7
16/10/31 18:17:30 INFO extraLogger: [iterator.FromParent]EndAt:1477959450312,RDD ID:40,Name:PythonRDD,TaskAttempt ID:170,Partition Id:5,Stage Id:7
16/10/31 18:17:30 INFO extraLogger: [iterator.FromParent]EndAt:1477959450312,RDD ID:41,Name:PairwiseRDD,TaskAttempt ID:170,Partition Id:5,Stage Id:7
16/10/31 18:17:30 INFO extraLogger: [ShuffleMapTask]EndAt:1477959450335,TaskAttempt ID:170,Partition Id:5,Stage Id:7
16/10/31 18:17:35 INFO extraLogger: [iterator.FromParent]EndAt:1477959455990,RDD ID:37,Name:PythonRDD,TaskAttempt ID:166,Partition Id:1,Stage Id:7
16/10/31 18:17:35 INFO extraLogger: [iterator.FromParent]EndAt:1477959455991,RDD ID:39,Name:UnionRDD,TaskAttempt ID:166,Partition Id:1,Stage Id:7
16/10/31 18:17:54 INFO extraLogger: [iterator.FromParent]EndAt:1477959474849,RDD ID:40,Name:PythonRDD,TaskAttempt ID:166,Partition Id:1,Stage Id:7
16/10/31 18:17:54 INFO extraLogger: [iterator.FromParent]EndAt:1477959474849,RDD ID:41,Name:PairwiseRDD,TaskAttempt ID:166,Partition Id:1,Stage Id:7
16/10/31 18:17:56 INFO extraLogger: [ShuffleMapTask]EndAt:1477959476004,TaskAttempt ID:166,Partition Id:1,Stage Id:7
16/10/31 18:19:05 INFO extraLogger: [ShuffleMapTask]StartAt:1477959545645,TaskAttempt ID:172,Partition Id:1,Stage Id:8
16/10/31 18:19:05 INFO extraLogger: [iterator.FromParent]StartAt:1477959545646,RDD ID:48,Name:PairwiseRDD,TaskAttempt ID:172,Partition Id:1,Stage Id:8
16/10/31 18:19:05 INFO extraLogger: [ShuffleMapTask]StartAt:1477959545646,TaskAttempt ID:176,Partition Id:5,Stage Id:8
16/10/31 18:19:05 INFO extraLogger: [iterator.FromParent]StartAt:1477959545646,RDD ID:47,Name:PythonRDD,TaskAttempt ID:172,Partition Id:1,Stage Id:8
16/10/31 18:19:05 INFO extraLogger: [iterator.FromParent]StartAt:1477959545647,RDD ID:48,Name:PairwiseRDD,TaskAttempt ID:176,Partition Id:5,Stage Id:8
16/10/31 18:19:05 INFO extraLogger: [iterator.FromParent]StartAt:1477959545647,RDD ID:47,Name:PythonRDD,TaskAttempt ID:176,Partition Id:5,Stage Id:8
16/10/31 18:19:05 INFO extraLogger: [iterator.FromParent]StartAt:1477959545647,RDD ID:46,Name:UnionRDD,TaskAttempt ID:172,Partition Id:1,Stage Id:8
16/10/31 18:19:05 INFO extraLogger: [iterator.FromParent]StartAt:1477959545648,RDD ID:44,Name:PythonRDD,TaskAttempt ID:172,Partition Id:1,Stage Id:8
16/10/31 18:19:05 INFO extraLogger: [iterator.FromParent]StartAt:1477959545648,RDD ID:46,Name:UnionRDD,TaskAttempt ID:176,Partition Id:5,Stage Id:8
16/10/31 18:19:05 INFO extraLogger: [iterator.FromParent]StartAt:1477959545648,RDD ID:45,Name:PythonRDD,TaskAttempt ID:176,Partition Id:5,Stage Id:8
16/10/31 18:19:05 INFO extraLogger: [iterator.FromParent]StartAt:1477959545649,RDD ID:43,Name:MapPartitionedRDD,TaskAttempt ID:172,Partition Id:1,Stage Id:8
16/10/31 18:19:05 INFO extraLogger: [iterator.FromParent]StartAt:1477959545649,RDD ID:42,Name:ShuffledRDD,TaskAttempt ID:172,Partition Id:1,Stage Id:8
16/10/31 18:19:05 INFO extraLogger: [iterator.FromParent]StartAt:1477959545649,RDD ID:43,Name:MapPartitionedRDD,TaskAttempt ID:176,Partition Id:5,Stage Id:8
16/10/31 18:19:05 INFO extraLogger: [iterator.FromParent]StartAt:1477959545650,RDD ID:42,Name:ShuffledRDD,TaskAttempt ID:176,Partition Id:5,Stage Id:8
16/10/31 18:19:05 INFO extraLogger: [iterator.FromParent]EndAt:1477959545677,RDD ID:42,Name:ShuffledRDD,TaskAttempt ID:176,Partition Id:5,Stage Id:8
16/10/31 18:19:05 INFO extraLogger: [iterator.FromParent]EndAt:1477959545678,RDD ID:42,Name:ShuffledRDD,TaskAttempt ID:172,Partition Id:1,Stage Id:8
16/10/31 18:19:05 INFO extraLogger: [iterator.FromParent]EndAt:1477959545678,RDD ID:43,Name:MapPartitionedRDD,TaskAttempt ID:176,Partition Id:5,Stage Id:8
16/10/31 18:19:05 INFO extraLogger: [iterator.FromParent]EndAt:1477959545679,RDD ID:43,Name:MapPartitionedRDD,TaskAttempt ID:172,Partition Id:1,Stage Id:8
16/10/31 18:20:22 INFO extraLogger: [iterator.FromParent]EndAt:1477959622374,RDD ID:45,Name:PythonRDD,TaskAttempt ID:176,Partition Id:5,Stage Id:8
16/10/31 18:20:22 INFO extraLogger: [iterator.FromParent]EndAt:1477959622374,RDD ID:46,Name:UnionRDD,TaskAttempt ID:176,Partition Id:5,Stage Id:8
16/10/31 18:20:22 INFO extraLogger: [iterator.FromParent]EndAt:1477959622427,RDD ID:47,Name:PythonRDD,TaskAttempt ID:176,Partition Id:5,Stage Id:8
16/10/31 18:20:22 INFO extraLogger: [iterator.FromParent]EndAt:1477959622427,RDD ID:48,Name:PairwiseRDD,TaskAttempt ID:176,Partition Id:5,Stage Id:8
16/10/31 18:20:22 INFO extraLogger: [ShuffleMapTask]EndAt:1477959622452,TaskAttempt ID:176,Partition Id:5,Stage Id:8
16/10/31 18:20:27 INFO extraLogger: [iterator.FromParent]EndAt:1477959627810,RDD ID:44,Name:PythonRDD,TaskAttempt ID:172,Partition Id:1,Stage Id:8
16/10/31 18:20:27 INFO extraLogger: [iterator.FromParent]EndAt:1477959627810,RDD ID:46,Name:UnionRDD,TaskAttempt ID:172,Partition Id:1,Stage Id:8
16/10/31 18:20:46 INFO extraLogger: [iterator.FromParent]EndAt:1477959646210,RDD ID:47,Name:PythonRDD,TaskAttempt ID:172,Partition Id:1,Stage Id:8
16/10/31 18:20:46 INFO extraLogger: [iterator.FromParent]EndAt:1477959646210,RDD ID:48,Name:PairwiseRDD,TaskAttempt ID:172,Partition Id:1,Stage Id:8
16/10/31 18:20:47 INFO extraLogger: [ShuffleMapTask]EndAt:1477959647384,TaskAttempt ID:172,Partition Id:1,Stage Id:8
16/10/31 18:20:47 INFO extraLogger: [ResultTask]StartAt:1477959647485,TaskAttempt ID:180,Partition Id:1,Stage Id:9
16/10/31 18:20:47 INFO extraLogger: [iterator.FromParent]StartAt:1477959647485,RDD ID:51,Name:PythonRDD,TaskAttempt ID:180,Partition Id:1,Stage Id:9
16/10/31 18:20:47 INFO extraLogger: [iterator.FromParent]StartAt:1477959647485,RDD ID:50,Name:MapPartitionedRDD,TaskAttempt ID:180,Partition Id:1,Stage Id:9
16/10/31 18:20:47 INFO extraLogger: [iterator.FromParent]StartAt:1477959647486,RDD ID:49,Name:ShuffledRDD,TaskAttempt ID:180,Partition Id:1,Stage Id:9
16/10/31 18:20:47 INFO extraLogger: [iterator.FromParent]EndAt:1477959647502,RDD ID:49,Name:ShuffledRDD,TaskAttempt ID:180,Partition Id:1,Stage Id:9
16/10/31 18:20:47 INFO extraLogger: [iterator.FromParent]EndAt:1477959647503,RDD ID:50,Name:MapPartitionedRDD,TaskAttempt ID:180,Partition Id:1,Stage Id:9
16/10/31 18:20:50 INFO extraLogger: [iterator.FromParent]EndAt:1477959650593,RDD ID:51,Name:PythonRDD,TaskAttempt ID:180,Partition Id:1,Stage Id:9
16/10/31 18:20:50 INFO extraLogger: [ResultTask]EndAt:1477959650595,TaskAttempt ID:180,Partition Id:1,Stage Id:9
16/10/31 18:21:02 INFO extraLogger: [ShuffleMapTask]StartAt:1477959662672,TaskAttempt ID:186,Partition Id:1,Stage Id:16
16/10/31 18:21:02 INFO extraLogger: [iterator.FromParent]StartAt:1477959662673,RDD ID:56,Name:PairwiseRDD,TaskAttempt ID:186,Partition Id:1,Stage Id:16
16/10/31 18:21:02 INFO extraLogger: [iterator.FromParent]StartAt:1477959662673,RDD ID:55,Name:PythonRDD,TaskAttempt ID:186,Partition Id:1,Stage Id:16
16/10/31 18:21:02 INFO extraLogger: [ShuffleMapTask]StartAt:1477959662673,TaskAttempt ID:190,Partition Id:5,Stage Id:16
16/10/31 18:21:02 INFO extraLogger: [iterator.FromParent]StartAt:1477959662674,RDD ID:54,Name:UnionRDD,TaskAttempt ID:186,Partition Id:1,Stage Id:16
16/10/31 18:21:02 INFO extraLogger: [iterator.FromParent]StartAt:1477959662674,RDD ID:56,Name:PairwiseRDD,TaskAttempt ID:190,Partition Id:5,Stage Id:16
16/10/31 18:21:02 INFO extraLogger: [iterator.FromParent]StartAt:1477959662675,RDD ID:55,Name:PythonRDD,TaskAttempt ID:190,Partition Id:5,Stage Id:16
16/10/31 18:21:02 INFO extraLogger: [iterator.FromParent]StartAt:1477959662675,RDD ID:52,Name:PythonRDD,TaskAttempt ID:186,Partition Id:1,Stage Id:16
16/10/31 18:21:02 INFO extraLogger: [iterator.FromParent]StartAt:1477959662676,RDD ID:54,Name:UnionRDD,TaskAttempt ID:190,Partition Id:5,Stage Id:16
16/10/31 18:21:02 INFO extraLogger: [iterator.FromParent]StartAt:1477959662676,RDD ID:43,Name:MapPartitionedRDD,TaskAttempt ID:186,Partition Id:1,Stage Id:16
16/10/31 18:21:02 INFO extraLogger: [iterator.FromParent]StartAt:1477959662676,RDD ID:53,Name:PythonRDD,TaskAttempt ID:190,Partition Id:5,Stage Id:16
16/10/31 18:21:02 INFO extraLogger: [iterator.FromParent]StartAt:1477959662677,RDD ID:42,Name:ShuffledRDD,TaskAttempt ID:186,Partition Id:1,Stage Id:16
16/10/31 18:21:02 INFO extraLogger: [iterator.FromParent]StartAt:1477959662678,RDD ID:43,Name:MapPartitionedRDD,TaskAttempt ID:190,Partition Id:5,Stage Id:16
16/10/31 18:21:02 INFO extraLogger: [iterator.FromParent]StartAt:1477959662678,RDD ID:42,Name:ShuffledRDD,TaskAttempt ID:190,Partition Id:5,Stage Id:16
16/10/31 18:21:02 INFO extraLogger: [iterator.FromParent]EndAt:1477959662689,RDD ID:42,Name:ShuffledRDD,TaskAttempt ID:186,Partition Id:1,Stage Id:16
16/10/31 18:21:02 INFO extraLogger: [iterator.FromParent]EndAt:1477959662690,RDD ID:43,Name:MapPartitionedRDD,TaskAttempt ID:186,Partition Id:1,Stage Id:16
16/10/31 18:21:02 INFO extraLogger: [iterator.FromParent]EndAt:1477959662694,RDD ID:42,Name:ShuffledRDD,TaskAttempt ID:190,Partition Id:5,Stage Id:16
16/10/31 18:21:02 INFO extraLogger: [iterator.FromParent]EndAt:1477959662694,RDD ID:43,Name:MapPartitionedRDD,TaskAttempt ID:190,Partition Id:5,Stage Id:16
16/10/31 18:22:29 INFO extraLogger: [iterator.FromParent]EndAt:1477959749243,RDD ID:53,Name:PythonRDD,TaskAttempt ID:190,Partition Id:5,Stage Id:16
16/10/31 18:22:29 INFO extraLogger: [iterator.FromParent]EndAt:1477959749243,RDD ID:54,Name:UnionRDD,TaskAttempt ID:190,Partition Id:5,Stage Id:16
16/10/31 18:22:29 INFO extraLogger: [iterator.FromParent]EndAt:1477959749311,RDD ID:55,Name:PythonRDD,TaskAttempt ID:190,Partition Id:5,Stage Id:16
16/10/31 18:22:29 INFO extraLogger: [iterator.FromParent]EndAt:1477959749311,RDD ID:56,Name:PairwiseRDD,TaskAttempt ID:190,Partition Id:5,Stage Id:16
16/10/31 18:22:29 INFO extraLogger: [ShuffleMapTask]EndAt:1477959749333,TaskAttempt ID:190,Partition Id:5,Stage Id:16
16/10/31 18:22:33 INFO extraLogger: [iterator.FromParent]EndAt:1477959753340,RDD ID:52,Name:PythonRDD,TaskAttempt ID:186,Partition Id:1,Stage Id:16
16/10/31 18:22:33 INFO extraLogger: [iterator.FromParent]EndAt:1477959753340,RDD ID:54,Name:UnionRDD,TaskAttempt ID:186,Partition Id:1,Stage Id:16
16/10/31 18:22:52 INFO extraLogger: [iterator.FromParent]EndAt:1477959772330,RDD ID:55,Name:PythonRDD,TaskAttempt ID:186,Partition Id:1,Stage Id:16
16/10/31 18:22:52 INFO extraLogger: [iterator.FromParent]EndAt:1477959772331,RDD ID:56,Name:PairwiseRDD,TaskAttempt ID:186,Partition Id:1,Stage Id:16
16/10/31 18:22:53 INFO extraLogger: [ShuffleMapTask]EndAt:1477959773480,TaskAttempt ID:186,Partition Id:1,Stage Id:16
16/10/31 18:22:53 INFO extraLogger: [ResultTask]StartAt:1477959773571,TaskAttempt ID:193,Partition Id:1,Stage Id:17
16/10/31 18:22:53 INFO extraLogger: [iterator.FromParent]StartAt:1477959773572,RDD ID:59,Name:PythonRDD,TaskAttempt ID:193,Partition Id:1,Stage Id:17
16/10/31 18:22:53 INFO extraLogger: [iterator.FromParent]StartAt:1477959773573,RDD ID:58,Name:MapPartitionedRDD,TaskAttempt ID:193,Partition Id:1,Stage Id:17
16/10/31 18:22:53 INFO extraLogger: [iterator.FromParent]StartAt:1477959773573,RDD ID:57,Name:ShuffledRDD,TaskAttempt ID:193,Partition Id:1,Stage Id:17
16/10/31 18:22:53 INFO extraLogger: [iterator.FromParent]EndAt:1477959773591,RDD ID:57,Name:ShuffledRDD,TaskAttempt ID:193,Partition Id:1,Stage Id:17
16/10/31 18:22:53 INFO extraLogger: [iterator.FromParent]EndAt:1477959773592,RDD ID:58,Name:MapPartitionedRDD,TaskAttempt ID:193,Partition Id:1,Stage Id:17
16/10/31 18:22:56 INFO extraLogger: [iterator.FromParent]EndAt:1477959776612,RDD ID:59,Name:PythonRDD,TaskAttempt ID:193,Partition Id:1,Stage Id:17
16/10/31 18:22:56 INFO extraLogger: [ResultTask]EndAt:1477959776614,TaskAttempt ID:193,Partition Id:1,Stage Id:17
16/10/31 18:23:08 INFO extraLogger: [ShuffleMapTask]StartAt:1477959788338,TaskAttempt ID:199,Partition Id:1,Stage Id:24
16/10/31 18:23:08 INFO extraLogger: [ShuffleMapTask]StartAt:1477959788338,TaskAttempt ID:203,Partition Id:5,Stage Id:24
16/10/31 18:23:08 INFO extraLogger: [iterator.FromParent]StartAt:1477959788338,RDD ID:64,Name:PairwiseRDD,TaskAttempt ID:199,Partition Id:1,Stage Id:24
16/10/31 18:23:08 INFO extraLogger: [iterator.FromParent]StartAt:1477959788339,RDD ID:64,Name:PairwiseRDD,TaskAttempt ID:203,Partition Id:5,Stage Id:24
16/10/31 18:23:08 INFO extraLogger: [iterator.FromParent]StartAt:1477959788339,RDD ID:63,Name:PythonRDD,TaskAttempt ID:199,Partition Id:1,Stage Id:24
16/10/31 18:23:08 INFO extraLogger: [iterator.FromParent]StartAt:1477959788339,RDD ID:63,Name:PythonRDD,TaskAttempt ID:203,Partition Id:5,Stage Id:24
16/10/31 18:23:08 INFO extraLogger: [iterator.FromParent]StartAt:1477959788340,RDD ID:62,Name:UnionRDD,TaskAttempt ID:199,Partition Id:1,Stage Id:24
16/10/31 18:23:08 INFO extraLogger: [iterator.FromParent]StartAt:1477959788340,RDD ID:62,Name:UnionRDD,TaskAttempt ID:203,Partition Id:5,Stage Id:24
16/10/31 18:23:08 INFO extraLogger: [iterator.FromParent]StartAt:1477959788341,RDD ID:60,Name:PythonRDD,TaskAttempt ID:199,Partition Id:1,Stage Id:24
16/10/31 18:23:08 INFO extraLogger: [iterator.FromParent]StartAt:1477959788341,RDD ID:61,Name:PythonRDD,TaskAttempt ID:203,Partition Id:5,Stage Id:24
16/10/31 18:23:08 INFO extraLogger: [iterator.FromParent]StartAt:1477959788342,RDD ID:43,Name:MapPartitionedRDD,TaskAttempt ID:199,Partition Id:1,Stage Id:24
16/10/31 18:23:08 INFO extraLogger: [iterator.FromParent]StartAt:1477959788342,RDD ID:43,Name:MapPartitionedRDD,TaskAttempt ID:203,Partition Id:5,Stage Id:24
16/10/31 18:23:08 INFO extraLogger: [iterator.FromParent]StartAt:1477959788343,RDD ID:42,Name:ShuffledRDD,TaskAttempt ID:199,Partition Id:1,Stage Id:24
16/10/31 18:23:08 INFO extraLogger: [iterator.FromParent]StartAt:1477959788343,RDD ID:42,Name:ShuffledRDD,TaskAttempt ID:203,Partition Id:5,Stage Id:24
16/10/31 18:23:08 INFO extraLogger: [iterator.FromParent]EndAt:1477959788353,RDD ID:42,Name:ShuffledRDD,TaskAttempt ID:199,Partition Id:1,Stage Id:24
16/10/31 18:23:08 INFO extraLogger: [iterator.FromParent]EndAt:1477959788354,RDD ID:43,Name:MapPartitionedRDD,TaskAttempt ID:199,Partition Id:1,Stage Id:24
16/10/31 18:23:08 INFO extraLogger: [iterator.FromParent]EndAt:1477959788355,RDD ID:42,Name:ShuffledRDD,TaskAttempt ID:203,Partition Id:5,Stage Id:24
16/10/31 18:23:08 INFO extraLogger: [iterator.FromParent]EndAt:1477959788356,RDD ID:43,Name:MapPartitionedRDD,TaskAttempt ID:203,Partition Id:5,Stage Id:24
16/10/31 18:24:35 INFO extraLogger: [iterator.FromParent]EndAt:1477959875192,RDD ID:61,Name:PythonRDD,TaskAttempt ID:203,Partition Id:5,Stage Id:24
16/10/31 18:24:35 INFO extraLogger: [iterator.FromParent]EndAt:1477959875192,RDD ID:62,Name:UnionRDD,TaskAttempt ID:203,Partition Id:5,Stage Id:24
16/10/31 18:24:35 INFO extraLogger: [iterator.FromParent]EndAt:1477959875246,RDD ID:63,Name:PythonRDD,TaskAttempt ID:203,Partition Id:5,Stage Id:24
16/10/31 18:24:35 INFO extraLogger: [iterator.FromParent]EndAt:1477959875247,RDD ID:64,Name:PairwiseRDD,TaskAttempt ID:203,Partition Id:5,Stage Id:24
16/10/31 18:24:35 INFO extraLogger: [ShuffleMapTask]EndAt:1477959875272,TaskAttempt ID:203,Partition Id:5,Stage Id:24
16/10/31 18:24:39 INFO extraLogger: [iterator.FromParent]EndAt:1477959879900,RDD ID:60,Name:PythonRDD,TaskAttempt ID:199,Partition Id:1,Stage Id:24
16/10/31 18:24:39 INFO extraLogger: [iterator.FromParent]EndAt:1477959879901,RDD ID:62,Name:UnionRDD,TaskAttempt ID:199,Partition Id:1,Stage Id:24
16/10/31 18:24:58 INFO extraLogger: [iterator.FromParent]EndAt:1477959898905,RDD ID:63,Name:PythonRDD,TaskAttempt ID:199,Partition Id:1,Stage Id:24
16/10/31 18:24:58 INFO extraLogger: [iterator.FromParent]EndAt:1477959898905,RDD ID:64,Name:PairwiseRDD,TaskAttempt ID:199,Partition Id:1,Stage Id:24
16/10/31 18:25:00 INFO extraLogger: [ShuffleMapTask]EndAt:1477959900047,TaskAttempt ID:199,Partition Id:1,Stage Id:24
16/10/31 18:25:00 INFO extraLogger: [ResultTask]StartAt:1477959900129,TaskAttempt ID:206,Partition Id:1,Stage Id:25
16/10/31 18:25:00 INFO extraLogger: [iterator.FromParent]StartAt:1477959900129,RDD ID:67,Name:PythonRDD,TaskAttempt ID:206,Partition Id:1,Stage Id:25
16/10/31 18:25:00 INFO extraLogger: [iterator.FromParent]StartAt:1477959900130,RDD ID:66,Name:MapPartitionedRDD,TaskAttempt ID:206,Partition Id:1,Stage Id:25
16/10/31 18:25:00 INFO extraLogger: [iterator.FromParent]StartAt:1477959900130,RDD ID:65,Name:ShuffledRDD,TaskAttempt ID:206,Partition Id:1,Stage Id:25
16/10/31 18:25:00 INFO extraLogger: [iterator.FromParent]EndAt:1477959900145,RDD ID:65,Name:ShuffledRDD,TaskAttempt ID:206,Partition Id:1,Stage Id:25
16/10/31 18:25:00 INFO extraLogger: [iterator.FromParent]EndAt:1477959900145,RDD ID:66,Name:MapPartitionedRDD,TaskAttempt ID:206,Partition Id:1,Stage Id:25
16/10/31 18:25:03 INFO extraLogger: [iterator.FromParent]EndAt:1477959903119,RDD ID:67,Name:PythonRDD,TaskAttempt ID:206,Partition Id:1,Stage Id:25
16/10/31 18:25:03 INFO extraLogger: [ResultTask]EndAt:1477959903121,TaskAttempt ID:206,Partition Id:1,Stage Id:25
16/10/31 18:25:15 INFO extraLogger: [ShuffleMapTask]StartAt:1477959915337,TaskAttempt ID:208,Partition Id:1,Stage Id:32
16/10/31 18:25:15 INFO extraLogger: [iterator.FromParent]StartAt:1477959915337,RDD ID:72,Name:PairwiseRDD,TaskAttempt ID:208,Partition Id:1,Stage Id:32
16/10/31 18:25:15 INFO extraLogger: [iterator.FromParent]StartAt:1477959915338,RDD ID:71,Name:PythonRDD,TaskAttempt ID:208,Partition Id:1,Stage Id:32
16/10/31 18:25:15 INFO extraLogger: [ShuffleMapTask]StartAt:1477959915338,TaskAttempt ID:212,Partition Id:5,Stage Id:32
16/10/31 18:25:15 INFO extraLogger: [iterator.FromParent]StartAt:1477959915339,RDD ID:70,Name:UnionRDD,TaskAttempt ID:208,Partition Id:1,Stage Id:32
16/10/31 18:25:15 INFO extraLogger: [iterator.FromParent]StartAt:1477959915339,RDD ID:72,Name:PairwiseRDD,TaskAttempt ID:212,Partition Id:5,Stage Id:32
16/10/31 18:25:15 INFO extraLogger: [iterator.FromParent]StartAt:1477959915339,RDD ID:71,Name:PythonRDD,TaskAttempt ID:212,Partition Id:5,Stage Id:32
16/10/31 18:25:15 INFO extraLogger: [iterator.FromParent]StartAt:1477959915339,RDD ID:68,Name:PythonRDD,TaskAttempt ID:208,Partition Id:1,Stage Id:32
16/10/31 18:25:15 INFO extraLogger: [iterator.FromParent]StartAt:1477959915340,RDD ID:70,Name:UnionRDD,TaskAttempt ID:212,Partition Id:5,Stage Id:32
16/10/31 18:25:15 INFO extraLogger: [iterator.FromParent]StartAt:1477959915340,RDD ID:43,Name:MapPartitionedRDD,TaskAttempt ID:208,Partition Id:1,Stage Id:32
16/10/31 18:25:15 INFO extraLogger: [iterator.FromParent]StartAt:1477959915341,RDD ID:69,Name:PythonRDD,TaskAttempt ID:212,Partition Id:5,Stage Id:32
16/10/31 18:25:15 INFO extraLogger: [iterator.FromParent]StartAt:1477959915341,RDD ID:42,Name:ShuffledRDD,TaskAttempt ID:208,Partition Id:1,Stage Id:32
16/10/31 18:25:15 INFO extraLogger: [iterator.FromParent]StartAt:1477959915342,RDD ID:43,Name:MapPartitionedRDD,TaskAttempt ID:212,Partition Id:5,Stage Id:32
16/10/31 18:25:15 INFO extraLogger: [iterator.FromParent]StartAt:1477959915343,RDD ID:42,Name:ShuffledRDD,TaskAttempt ID:212,Partition Id:5,Stage Id:32
16/10/31 18:25:15 INFO extraLogger: [iterator.FromParent]EndAt:1477959915353,RDD ID:42,Name:ShuffledRDD,TaskAttempt ID:208,Partition Id:1,Stage Id:32
16/10/31 18:25:15 INFO extraLogger: [iterator.FromParent]EndAt:1477959915353,RDD ID:43,Name:MapPartitionedRDD,TaskAttempt ID:208,Partition Id:1,Stage Id:32
16/10/31 18:25:15 INFO extraLogger: [iterator.FromParent]EndAt:1477959915354,RDD ID:42,Name:ShuffledRDD,TaskAttempt ID:212,Partition Id:5,Stage Id:32
16/10/31 18:25:15 INFO extraLogger: [iterator.FromParent]EndAt:1477959915354,RDD ID:43,Name:MapPartitionedRDD,TaskAttempt ID:212,Partition Id:5,Stage Id:32
16/10/31 18:26:40 INFO extraLogger: [iterator.FromParent]EndAt:1477960000627,RDD ID:69,Name:PythonRDD,TaskAttempt ID:212,Partition Id:5,Stage Id:32
16/10/31 18:26:40 INFO extraLogger: [iterator.FromParent]EndAt:1477960000627,RDD ID:70,Name:UnionRDD,TaskAttempt ID:212,Partition Id:5,Stage Id:32
16/10/31 18:26:40 INFO extraLogger: [iterator.FromParent]EndAt:1477960000678,RDD ID:71,Name:PythonRDD,TaskAttempt ID:212,Partition Id:5,Stage Id:32
16/10/31 18:26:40 INFO extraLogger: [iterator.FromParent]EndAt:1477960000678,RDD ID:72,Name:PairwiseRDD,TaskAttempt ID:212,Partition Id:5,Stage Id:32
16/10/31 18:26:40 INFO extraLogger: [ShuffleMapTask]EndAt:1477960000701,TaskAttempt ID:212,Partition Id:5,Stage Id:32
16/10/31 18:26:47 INFO extraLogger: [iterator.FromParent]EndAt:1477960007774,RDD ID:68,Name:PythonRDD,TaskAttempt ID:208,Partition Id:1,Stage Id:32
16/10/31 18:26:47 INFO extraLogger: [iterator.FromParent]EndAt:1477960007774,RDD ID:70,Name:UnionRDD,TaskAttempt ID:208,Partition Id:1,Stage Id:32
16/10/31 18:27:07 INFO extraLogger: [iterator.FromParent]EndAt:1477960027823,RDD ID:71,Name:PythonRDD,TaskAttempt ID:208,Partition Id:1,Stage Id:32
16/10/31 18:27:07 INFO extraLogger: [iterator.FromParent]EndAt:1477960027823,RDD ID:72,Name:PairwiseRDD,TaskAttempt ID:208,Partition Id:1,Stage Id:32
16/10/31 18:27:08 INFO extraLogger: [ShuffleMapTask]EndAt:1477960028989,TaskAttempt ID:208,Partition Id:1,Stage Id:32
16/10/31 18:27:09 INFO extraLogger: [ResultTask]StartAt:1477960029065,TaskAttempt ID:219,Partition Id:1,Stage Id:33
16/10/31 18:27:09 INFO extraLogger: [iterator.FromParent]StartAt:1477960029065,RDD ID:75,Name:PythonRDD,TaskAttempt ID:219,Partition Id:1,Stage Id:33
16/10/31 18:27:09 INFO extraLogger: [iterator.FromParent]StartAt:1477960029066,RDD ID:74,Name:MapPartitionedRDD,TaskAttempt ID:219,Partition Id:1,Stage Id:33
16/10/31 18:27:09 INFO extraLogger: [iterator.FromParent]StartAt:1477960029066,RDD ID:73,Name:ShuffledRDD,TaskAttempt ID:219,Partition Id:1,Stage Id:33
16/10/31 18:27:09 INFO extraLogger: [iterator.FromParent]EndAt:1477960029084,RDD ID:73,Name:ShuffledRDD,TaskAttempt ID:219,Partition Id:1,Stage Id:33
16/10/31 18:27:09 INFO extraLogger: [iterator.FromParent]EndAt:1477960029085,RDD ID:74,Name:MapPartitionedRDD,TaskAttempt ID:219,Partition Id:1,Stage Id:33
16/10/31 18:27:23 INFO extraLogger: [iterator.FromParent]EndAt:1477960043427,RDD ID:75,Name:PythonRDD,TaskAttempt ID:219,Partition Id:1,Stage Id:33
16/10/31 18:27:23 INFO extraLogger: [ResultTask]EndAt:1477960043429,TaskAttempt ID:219,Partition Id:1,Stage Id:33
