16/10/31 18:11:36 INFO myLogger: [MapPartitionsRDD]StartAt:20552389104409,TaskAttempt ID:4,Partition Id:0,Stage Id:1
16/10/31 18:11:37 INFO myLogger: [MapPartitionsRDD]EndAt:20552939052692,TaskAttempt ID:4,Partition Id:0,Stage Id:1
16/10/31 18:12:04 INFO myLogger: [MapPartitionsRDD]StartAt:20580625344985,TaskAttempt ID:9,Partition Id:1,Stage Id:2
16/10/31 18:12:04 INFO myLogger: [MapPartitionsRDD]EndAt:20580635676003,TaskAttempt ID:9,Partition Id:1,Stage Id:2
16/10/31 18:12:57 INFO myLogger: [UnionRDD]StartAt:20633452327836,TaskAttempt ID:52,Partition Id:40,Stage Id:3
16/10/31 18:12:57 INFO myLogger: [UnionRDD]StartAt:20633454736909,TaskAttempt ID:68,Partition Id:56,Stage Id:3
16/10/31 18:12:57 INFO myLogger: [UnionRDD]StartAt:20633456722512,TaskAttempt ID:20,Partition Id:8,Stage Id:3
16/10/31 18:12:57 INFO myLogger: [UnionRDD]StartAt:20633457729664,TaskAttempt ID:36,Partition Id:24,Stage Id:3
16/10/31 18:12:57 INFO myLogger: [UnionRDD]StartAt:20633458093316,TaskAttempt ID:44,Partition Id:32,Stage Id:3
16/10/31 18:12:57 INFO myLogger: [UnionRDD]StartAt:20633461479045,TaskAttempt ID:64,Partition Id:52,Stage Id:3
16/10/31 18:12:57 INFO myLogger: [UnionRDD]StartAt:20633461885190,TaskAttempt ID:32,Partition Id:20,Stage Id:3
16/10/31 18:12:57 INFO myLogger: [UnionRDD]StartAt:20633462201816,TaskAttempt ID:40,Partition Id:28,Stage Id:3
16/10/31 18:12:57 INFO myLogger: [UnionRDD]StartAt:20633462571051,TaskAttempt ID:48,Partition Id:36,Stage Id:3
16/10/31 18:12:57 INFO myLogger: [UnionRDD]StartAt:20633464563504,TaskAttempt ID:72,Partition Id:60,Stage Id:3
16/10/31 18:12:57 INFO myLogger: [UnionRDD]StartAt:20633465014588,TaskAttempt ID:60,Partition Id:48,Stage Id:3
16/10/31 18:12:57 INFO myLogger: [UnionRDD]StartAt:20633465195541,TaskAttempt ID:12,Partition Id:1,Stage Id:3
16/10/31 18:12:57 INFO myLogger: [UnionRDD]StartAt:20633466183858,TaskAttempt ID:24,Partition Id:12,Stage Id:3
16/10/31 18:12:57 INFO myLogger: [UnionRDD]StartAt:20633471324338,TaskAttempt ID:56,Partition Id:44,Stage Id:3
16/10/31 18:12:57 INFO myLogger: [UnionRDD]StartAt:20633473685755,TaskAttempt ID:16,Partition Id:4,Stage Id:3
16/10/31 18:12:57 INFO myLogger: [MapPartitionsRDD]StartAt:20633487112230,TaskAttempt ID:12,Partition Id:1,Stage Id:3
16/10/31 18:12:57 INFO myLogger: [ShuffledRDD]StartAt:20633487796570,TaskAttempt ID:12,Partition Id:1,Stage Id:3
16/10/31 18:12:57 INFO myLogger: [UnionRDD]StartAt:20633488232120,TaskAttempt ID:28,Partition Id:16,Stage Id:3
16/10/31 18:12:57 INFO myLogger: [ParallelCollectionRDD]StartAt:20633494281497,TaskAttempt ID:44,Partition Id:32,Stage Id:3
16/10/31 18:12:57 INFO myLogger: [ParallelCollectionRDD]StartAt:20633494757744,TaskAttempt ID:20,Partition Id:8,Stage Id:3
16/10/31 18:12:57 INFO myLogger: [ParallelCollectionRDD]StartAt:20633495153323,TaskAttempt ID:52,Partition Id:40,Stage Id:3
16/10/31 18:12:57 INFO myLogger: [ParallelCollectionRDD]EndAt:20633495427272,TaskAttempt ID:20,Partition Id:8,Stage Id:3
16/10/31 18:12:57 INFO myLogger: [ParallelCollectionRDD]StartAt:20633495546395,TaskAttempt ID:32,Partition Id:20,Stage Id:3
16/10/31 18:12:57 INFO myLogger: [ParallelCollectionRDD]EndAt:20633497690888,TaskAttempt ID:44,Partition Id:32,Stage Id:3
16/10/31 18:12:57 INFO myLogger: [ParallelCollectionRDD]EndAt:20633499274808,TaskAttempt ID:52,Partition Id:40,Stage Id:3
16/10/31 18:12:57 INFO myLogger: [ParallelCollectionRDD]StartAt:20633504474085,TaskAttempt ID:40,Partition Id:28,Stage Id:3
16/10/31 18:12:57 INFO myLogger: [ParallelCollectionRDD]EndAt:20633504795187,TaskAttempt ID:40,Partition Id:28,Stage Id:3
16/10/31 18:12:57 INFO myLogger: [ParallelCollectionRDD]EndAt:20633505618086,TaskAttempt ID:32,Partition Id:20,Stage Id:3
16/10/31 18:12:57 INFO myLogger: [ParallelCollectionRDD]StartAt:20633511115499,TaskAttempt ID:48,Partition Id:36,Stage Id:3
16/10/31 18:12:57 INFO myLogger: [ParallelCollectionRDD]EndAt:20633511472450,TaskAttempt ID:48,Partition Id:36,Stage Id:3
16/10/31 18:12:57 INFO myLogger: [ParallelCollectionRDD]StartAt:20633513413300,TaskAttempt ID:64,Partition Id:52,Stage Id:3
16/10/31 18:12:57 INFO myLogger: [ParallelCollectionRDD]StartAt:20633514133378,TaskAttempt ID:60,Partition Id:48,Stage Id:3
16/10/31 18:12:57 INFO myLogger: [ParallelCollectionRDD]EndAt:20633514314185,TaskAttempt ID:64,Partition Id:52,Stage Id:3
16/10/31 18:12:57 INFO myLogger: [ParallelCollectionRDD]EndAt:20633514549182,TaskAttempt ID:60,Partition Id:48,Stage Id:3
16/10/31 18:12:57 INFO myLogger: [ParallelCollectionRDD]StartAt:20633515488093,TaskAttempt ID:68,Partition Id:56,Stage Id:3
16/10/31 18:12:57 INFO myLogger: [ParallelCollectionRDD]EndAt:20633515888816,TaskAttempt ID:68,Partition Id:56,Stage Id:3
16/10/31 18:12:57 INFO myLogger: [ParallelCollectionRDD]StartAt:20633516247808,TaskAttempt ID:72,Partition Id:60,Stage Id:3
16/10/31 18:12:57 INFO myLogger: [ParallelCollectionRDD]EndAt:20633516602311,TaskAttempt ID:72,Partition Id:60,Stage Id:3
16/10/31 18:12:57 INFO myLogger: [ParallelCollectionRDD]StartAt:20633517545275,TaskAttempt ID:16,Partition Id:4,Stage Id:3
16/10/31 18:12:57 INFO myLogger: [ParallelCollectionRDD]EndAt:20633518014281,TaskAttempt ID:16,Partition Id:4,Stage Id:3
16/10/31 18:12:57 INFO myLogger: [ParallelCollectionRDD]StartAt:20633518270491,TaskAttempt ID:56,Partition Id:44,Stage Id:3
16/10/31 18:12:57 INFO myLogger: [ParallelCollectionRDD]EndAt:20633518583491,TaskAttempt ID:56,Partition Id:44,Stage Id:3
16/10/31 18:12:57 INFO myLogger: [ParallelCollectionRDD]StartAt:20633518967048,TaskAttempt ID:36,Partition Id:24,Stage Id:3
16/10/31 18:12:57 INFO myLogger: [ParallelCollectionRDD]EndAt:20633520562318,TaskAttempt ID:36,Partition Id:24,Stage Id:3
16/10/31 18:12:57 INFO myLogger: [ParallelCollectionRDD]StartAt:20633524841126,TaskAttempt ID:24,Partition Id:12,Stage Id:3
16/10/31 18:12:57 INFO myLogger: [ParallelCollectionRDD]StartAt:20633526260573,TaskAttempt ID:28,Partition Id:16,Stage Id:3
16/10/31 18:12:57 INFO myLogger: [ParallelCollectionRDD]EndAt:20633526355391,TaskAttempt ID:24,Partition Id:12,Stage Id:3
16/10/31 18:12:57 INFO myLogger: [ParallelCollectionRDD]EndAt:20633526757746,TaskAttempt ID:28,Partition Id:16,Stage Id:3
16/10/31 18:12:57 INFO myLogger: [UnionRDD]EndAt:20633641707683,TaskAttempt ID:40,Partition Id:28,Stage Id:3
16/10/31 18:12:57 INFO myLogger: [UnionRDD]EndAt:20633644186747,TaskAttempt ID:32,Partition Id:20,Stage Id:3
16/10/31 18:12:57 INFO myLogger: [UnionRDD]EndAt:20633644451129,TaskAttempt ID:52,Partition Id:40,Stage Id:3
16/10/31 18:12:57 INFO myLogger: [UnionRDD]EndAt:20633647367235,TaskAttempt ID:56,Partition Id:44,Stage Id:3
16/10/31 18:12:58 INFO myLogger: [UnionRDD]EndAt:20633680564148,TaskAttempt ID:44,Partition Id:32,Stage Id:3
16/10/31 18:12:58 INFO myLogger: [UnionRDD]EndAt:20633681979982,TaskAttempt ID:60,Partition Id:48,Stage Id:3
16/10/31 18:12:58 INFO myLogger: [ShuffledRDD]EndAt:20633705733774,TaskAttempt ID:12,Partition Id:1,Stage Id:3
16/10/31 18:12:58 INFO myLogger: [MapPartitionsRDD]EndAt:20633707663065,TaskAttempt ID:12,Partition Id:1,Stage Id:3
16/10/31 18:12:58 INFO myLogger: [UnionRDD]EndAt:20633720461935,TaskAttempt ID:68,Partition Id:56,Stage Id:3
16/10/31 18:12:58 INFO myLogger: [UnionRDD]EndAt:20633725193550,TaskAttempt ID:28,Partition Id:16,Stage Id:3
16/10/31 18:12:58 INFO myLogger: [UnionRDD]EndAt:20633725817005,TaskAttempt ID:36,Partition Id:24,Stage Id:3
16/10/31 18:12:58 INFO myLogger: [UnionRDD]EndAt:20633727620778,TaskAttempt ID:20,Partition Id:8,Stage Id:3
16/10/31 18:12:58 INFO myLogger: [UnionRDD]EndAt:20633769698562,TaskAttempt ID:64,Partition Id:52,Stage Id:3
16/10/31 18:12:58 INFO myLogger: [UnionRDD]EndAt:20633770951293,TaskAttempt ID:48,Partition Id:36,Stage Id:3
16/10/31 18:12:58 INFO myLogger: [UnionRDD]EndAt:20633771529001,TaskAttempt ID:24,Partition Id:12,Stage Id:3
16/10/31 18:12:58 INFO myLogger: [UnionRDD]EndAt:20633786568952,TaskAttempt ID:16,Partition Id:4,Stage Id:3
16/10/31 18:12:58 INFO myLogger: [UnionRDD]EndAt:20633882082755,TaskAttempt ID:72,Partition Id:60,Stage Id:3
16/10/31 18:13:16 INFO myLogger: [UnionRDD]EndAt:20651778215394,TaskAttempt ID:12,Partition Id:1,Stage Id:3
16/10/31 18:13:36 INFO myLogger: [UnionRDD]StartAt:20672522775600,TaskAttempt ID:81,Partition Id:4,Stage Id:4
16/10/31 18:13:36 INFO myLogger: [UnionRDD]StartAt:20672524756345,TaskAttempt ID:133,Partition Id:56,Stage Id:4
16/10/31 18:13:36 INFO myLogger: [UnionRDD]StartAt:20672526144749,TaskAttempt ID:137,Partition Id:60,Stage Id:4
16/10/31 18:13:36 INFO myLogger: [UnionRDD]StartAt:20672532238789,TaskAttempt ID:129,Partition Id:52,Stage Id:4
16/10/31 18:13:36 INFO myLogger: [UnionRDD]StartAt:20672542389516,TaskAttempt ID:117,Partition Id:40,Stage Id:4
16/10/31 18:13:36 INFO myLogger: [UnionRDD]StartAt:20672542677774,TaskAttempt ID:113,Partition Id:36,Stage Id:4
16/10/31 18:13:36 INFO myLogger: [UnionRDD]StartAt:20672543309080,TaskAttempt ID:101,Partition Id:24,Stage Id:4
16/10/31 18:13:36 INFO myLogger: [UnionRDD]StartAt:20672543451328,TaskAttempt ID:93,Partition Id:16,Stage Id:4
16/10/31 18:13:36 INFO myLogger: [UnionRDD]StartAt:20672545032561,TaskAttempt ID:121,Partition Id:44,Stage Id:4
16/10/31 18:13:36 INFO myLogger: [UnionRDD]EndAt:20672545167458,TaskAttempt ID:133,Partition Id:56,Stage Id:4
16/10/31 18:13:36 INFO myLogger: [UnionRDD]StartAt:20672546154086,TaskAttempt ID:109,Partition Id:32,Stage Id:4
16/10/31 18:13:36 INFO myLogger: [UnionRDD]StartAt:20672548430961,TaskAttempt ID:125,Partition Id:48,Stage Id:4
16/10/31 18:13:36 INFO myLogger: [UnionRDD]StartAt:20672551148633,TaskAttempt ID:85,Partition Id:8,Stage Id:4
16/10/31 18:13:36 INFO myLogger: [UnionRDD]StartAt:20672552437770,TaskAttempt ID:105,Partition Id:28,Stage Id:4
16/10/31 18:13:36 INFO myLogger: [UnionRDD]StartAt:20672554374871,TaskAttempt ID:89,Partition Id:12,Stage Id:4
16/10/31 18:13:36 INFO myLogger: [UnionRDD]StartAt:20672554918907,TaskAttempt ID:97,Partition Id:20,Stage Id:4
16/10/31 18:13:36 INFO myLogger: [UnionRDD]EndAt:20672570715480,TaskAttempt ID:93,Partition Id:16,Stage Id:4
16/10/31 18:13:36 INFO myLogger: [UnionRDD]EndAt:20672571983750,TaskAttempt ID:121,Partition Id:44,Stage Id:4
16/10/31 18:13:36 INFO myLogger: [UnionRDD]EndAt:20672584165420,TaskAttempt ID:85,Partition Id:8,Stage Id:4
16/10/31 18:13:36 INFO myLogger: [UnionRDD]EndAt:20672588622962,TaskAttempt ID:117,Partition Id:40,Stage Id:4
16/10/31 18:13:36 INFO myLogger: [UnionRDD]EndAt:20672589132044,TaskAttempt ID:125,Partition Id:48,Stage Id:4
16/10/31 18:13:36 INFO myLogger: [UnionRDD]EndAt:20672589521973,TaskAttempt ID:137,Partition Id:60,Stage Id:4
16/10/31 18:13:36 INFO myLogger: [UnionRDD]EndAt:20672590517627,TaskAttempt ID:89,Partition Id:12,Stage Id:4
16/10/31 18:13:36 INFO myLogger: [UnionRDD]EndAt:20672598666363,TaskAttempt ID:97,Partition Id:20,Stage Id:4
16/10/31 18:13:36 INFO myLogger: [UnionRDD]EndAt:20672599779706,TaskAttempt ID:129,Partition Id:52,Stage Id:4
16/10/31 18:13:36 INFO myLogger: [UnionRDD]EndAt:20672599952352,TaskAttempt ID:109,Partition Id:32,Stage Id:4
16/10/31 18:13:36 INFO myLogger: [UnionRDD]EndAt:20672602739940,TaskAttempt ID:113,Partition Id:36,Stage Id:4
16/10/31 18:13:36 INFO myLogger: [UnionRDD]EndAt:20672605895235,TaskAttempt ID:81,Partition Id:4,Stage Id:4
16/10/31 18:13:36 INFO myLogger: [UnionRDD]EndAt:20672619886520,TaskAttempt ID:101,Partition Id:24,Stage Id:4
16/10/31 18:13:36 INFO myLogger: [UnionRDD]EndAt:20672626704161,TaskAttempt ID:105,Partition Id:28,Stage Id:4
16/10/31 18:13:37 INFO myLogger: [UnionRDD]StartAt:20673553637097,TaskAttempt ID:147,Partition Id:1,Stage Id:4
16/10/31 18:13:37 INFO myLogger: [MapPartitionsRDD]StartAt:20673554331311,TaskAttempt ID:147,Partition Id:1,Stage Id:4
16/10/31 18:13:37 INFO myLogger: [ShuffledRDD]StartAt:20673554570087,TaskAttempt ID:147,Partition Id:1,Stage Id:4
16/10/31 18:13:37 INFO myLogger: [ShuffledRDD]EndAt:20673579542361,TaskAttempt ID:147,Partition Id:1,Stage Id:4
16/10/31 18:13:37 INFO myLogger: [MapPartitionsRDD]EndAt:20673580144374,TaskAttempt ID:147,Partition Id:1,Stage Id:4
16/10/31 18:13:46 INFO myLogger: [UnionRDD]EndAt:20682134526744,TaskAttempt ID:147,Partition Id:1,Stage Id:4
16/10/31 18:14:06 INFO myLogger: [UnionRDD]StartAt:20701938280626,TaskAttempt ID:150,Partition Id:1,Stage Id:5
16/10/31 18:14:06 INFO myLogger: [UnionRDD]StartAt:20701939988806,TaskAttempt ID:154,Partition Id:5,Stage Id:5
16/10/31 18:14:06 INFO myLogger: [MapPartitionsRDD]StartAt:20701940082442,TaskAttempt ID:150,Partition Id:1,Stage Id:5
16/10/31 18:14:06 INFO myLogger: [ShuffledRDD]StartAt:20701940769287,TaskAttempt ID:150,Partition Id:1,Stage Id:5
16/10/31 18:14:06 INFO myLogger: [MapPartitionsRDD]StartAt:20701941790258,TaskAttempt ID:154,Partition Id:5,Stage Id:5
16/10/31 18:14:06 INFO myLogger: [ShuffledRDD]StartAt:20701942288637,TaskAttempt ID:154,Partition Id:5,Stage Id:5
16/10/31 18:14:06 INFO myLogger: [ShuffledRDD]EndAt:20701968506381,TaskAttempt ID:150,Partition Id:1,Stage Id:5
16/10/31 18:14:06 INFO myLogger: [MapPartitionsRDD]EndAt:20701968953582,TaskAttempt ID:150,Partition Id:1,Stage Id:5
16/10/31 18:14:06 INFO myLogger: [ShuffledRDD]EndAt:20702001958004,TaskAttempt ID:154,Partition Id:5,Stage Id:5
16/10/31 18:14:06 INFO myLogger: [MapPartitionsRDD]EndAt:20702002622784,TaskAttempt ID:154,Partition Id:5,Stage Id:5
16/10/31 18:14:16 INFO myLogger: [UnionRDD]EndAt:20712243803808,TaskAttempt ID:150,Partition Id:1,Stage Id:5
16/10/31 18:14:21 INFO myLogger: [UnionRDD]EndAt:20717304253059,TaskAttempt ID:154,Partition Id:5,Stage Id:5
16/10/31 18:15:46 INFO myLogger: [UnionRDD]StartAt:20801935026851,TaskAttempt ID:160,Partition Id:5,Stage Id:6
16/10/31 18:15:46 INFO myLogger: [UnionRDD]StartAt:20801935104491,TaskAttempt ID:156,Partition Id:1,Stage Id:6
16/10/31 18:15:46 INFO myLogger: [MapPartitionsRDD]StartAt:20801936173757,TaskAttempt ID:160,Partition Id:5,Stage Id:6
16/10/31 18:15:46 INFO myLogger: [MapPartitionsRDD]StartAt:20801936253073,TaskAttempt ID:156,Partition Id:1,Stage Id:6
16/10/31 18:15:46 INFO myLogger: [ShuffledRDD]StartAt:20801936552173,TaskAttempt ID:160,Partition Id:5,Stage Id:6
16/10/31 18:15:46 INFO myLogger: [ShuffledRDD]StartAt:20801936621022,TaskAttempt ID:156,Partition Id:1,Stage Id:6
16/10/31 18:15:46 INFO myLogger: [ShuffledRDD]EndAt:20801953096096,TaskAttempt ID:160,Partition Id:5,Stage Id:6
16/10/31 18:15:46 INFO myLogger: [MapPartitionsRDD]EndAt:20801953720113,TaskAttempt ID:160,Partition Id:5,Stage Id:6
16/10/31 18:15:46 INFO myLogger: [ShuffledRDD]EndAt:20801953851461,TaskAttempt ID:156,Partition Id:1,Stage Id:6
16/10/31 18:15:46 INFO myLogger: [MapPartitionsRDD]EndAt:20801954631482,TaskAttempt ID:156,Partition Id:1,Stage Id:6
16/10/31 18:15:51 INFO myLogger: [UnionRDD]EndAt:20807275441150,TaskAttempt ID:160,Partition Id:5,Stage Id:6
16/10/31 18:15:57 INFO myLogger: [UnionRDD]EndAt:20813634974319,TaskAttempt ID:156,Partition Id:1,Stage Id:6
16/10/31 18:17:25 INFO myLogger: [UnionRDD]StartAt:20901641069063,TaskAttempt ID:166,Partition Id:1,Stage Id:7
16/10/31 18:17:25 INFO myLogger: [MapPartitionsRDD]StartAt:20901641903779,TaskAttempt ID:166,Partition Id:1,Stage Id:7
16/10/31 18:17:25 INFO myLogger: [ShuffledRDD]StartAt:20901642203159,TaskAttempt ID:166,Partition Id:1,Stage Id:7
16/10/31 18:17:25 INFO myLogger: [UnionRDD]StartAt:20901645248362,TaskAttempt ID:170,Partition Id:5,Stage Id:7
16/10/31 18:17:25 INFO myLogger: [MapPartitionsRDD]StartAt:20901646604674,TaskAttempt ID:170,Partition Id:5,Stage Id:7
16/10/31 18:17:25 INFO myLogger: [ShuffledRDD]StartAt:20901647098034,TaskAttempt ID:170,Partition Id:5,Stage Id:7
16/10/31 18:17:25 INFO myLogger: [ShuffledRDD]EndAt:20901654461638,TaskAttempt ID:166,Partition Id:1,Stage Id:7
16/10/31 18:17:25 INFO myLogger: [MapPartitionsRDD]EndAt:20901654846951,TaskAttempt ID:166,Partition Id:1,Stage Id:7
16/10/31 18:17:25 INFO myLogger: [ShuffledRDD]EndAt:20901658418031,TaskAttempt ID:170,Partition Id:5,Stage Id:7
16/10/31 18:17:25 INFO myLogger: [MapPartitionsRDD]EndAt:20901659171251,TaskAttempt ID:170,Partition Id:5,Stage Id:7
16/10/31 18:17:30 INFO myLogger: [UnionRDD]EndAt:20905929187353,TaskAttempt ID:170,Partition Id:5,Stage Id:7
16/10/31 18:17:35 INFO myLogger: [UnionRDD]EndAt:20911658759563,TaskAttempt ID:166,Partition Id:1,Stage Id:7
16/10/31 18:19:05 INFO myLogger: [UnionRDD]StartAt:21001315479585,TaskAttempt ID:172,Partition Id:1,Stage Id:8
16/10/31 18:19:05 INFO myLogger: [UnionRDD]StartAt:21001316298809,TaskAttempt ID:176,Partition Id:5,Stage Id:8
16/10/31 18:19:05 INFO myLogger: [MapPartitionsRDD]StartAt:21001316994311,TaskAttempt ID:172,Partition Id:1,Stage Id:8
16/10/31 18:19:05 INFO myLogger: [ShuffledRDD]StartAt:21001317529220,TaskAttempt ID:172,Partition Id:1,Stage Id:8
16/10/31 18:19:05 INFO myLogger: [MapPartitionsRDD]StartAt:21001317569993,TaskAttempt ID:176,Partition Id:5,Stage Id:8
16/10/31 18:19:05 INFO myLogger: [ShuffledRDD]StartAt:21001318010897,TaskAttempt ID:176,Partition Id:5,Stage Id:8
16/10/31 18:19:05 INFO myLogger: [ShuffledRDD]EndAt:21001344957748,TaskAttempt ID:176,Partition Id:5,Stage Id:8
16/10/31 18:19:05 INFO myLogger: [ShuffledRDD]EndAt:21001345272709,TaskAttempt ID:172,Partition Id:1,Stage Id:8
16/10/31 18:19:05 INFO myLogger: [MapPartitionsRDD]EndAt:21001346119260,TaskAttempt ID:176,Partition Id:5,Stage Id:8
16/10/31 18:19:05 INFO myLogger: [MapPartitionsRDD]EndAt:21001346304565,TaskAttempt ID:172,Partition Id:1,Stage Id:8
16/10/31 18:20:22 INFO myLogger: [UnionRDD]EndAt:21078042216406,TaskAttempt ID:176,Partition Id:5,Stage Id:8
16/10/31 18:20:27 INFO myLogger: [UnionRDD]EndAt:21083478120943,TaskAttempt ID:172,Partition Id:1,Stage Id:8
16/10/31 18:20:47 INFO myLogger: [MapPartitionsRDD]StartAt:21103153722865,TaskAttempt ID:180,Partition Id:1,Stage Id:9
16/10/31 18:20:47 INFO myLogger: [ShuffledRDD]StartAt:21103154136367,TaskAttempt ID:180,Partition Id:1,Stage Id:9
16/10/31 18:20:47 INFO myLogger: [ShuffledRDD]EndAt:21103170136707,TaskAttempt ID:180,Partition Id:1,Stage Id:9
16/10/31 18:20:47 INFO myLogger: [MapPartitionsRDD]EndAt:21103170658896,TaskAttempt ID:180,Partition Id:1,Stage Id:9
16/10/31 18:21:02 INFO myLogger: [UnionRDD]StartAt:21118342465902,TaskAttempt ID:186,Partition Id:1,Stage Id:16
16/10/31 18:21:02 INFO myLogger: [UnionRDD]StartAt:21118344150712,TaskAttempt ID:190,Partition Id:5,Stage Id:16
16/10/31 18:21:02 INFO myLogger: [MapPartitionsRDD]StartAt:21118344243095,TaskAttempt ID:186,Partition Id:1,Stage Id:16
16/10/31 18:21:02 INFO myLogger: [ShuffledRDD]StartAt:21118345072234,TaskAttempt ID:186,Partition Id:1,Stage Id:16
16/10/31 18:21:02 INFO myLogger: [MapPartitionsRDD]StartAt:21118346054874,TaskAttempt ID:190,Partition Id:5,Stage Id:16
16/10/31 18:21:02 INFO myLogger: [ShuffledRDD]StartAt:21118346495351,TaskAttempt ID:190,Partition Id:5,Stage Id:16
16/10/31 18:21:02 INFO myLogger: [ShuffledRDD]EndAt:21118357371649,TaskAttempt ID:186,Partition Id:1,Stage Id:16
16/10/31 18:21:02 INFO myLogger: [MapPartitionsRDD]EndAt:21118357707430,TaskAttempt ID:186,Partition Id:1,Stage Id:16
16/10/31 18:21:02 INFO myLogger: [ShuffledRDD]EndAt:21118361479821,TaskAttempt ID:190,Partition Id:5,Stage Id:16
16/10/31 18:21:02 INFO myLogger: [MapPartitionsRDD]EndAt:21118362072481,TaskAttempt ID:190,Partition Id:5,Stage Id:16
16/10/31 18:22:29 INFO myLogger: [UnionRDD]EndAt:21204911009167,TaskAttempt ID:190,Partition Id:5,Stage Id:16
16/10/31 18:22:33 INFO myLogger: [UnionRDD]EndAt:21209008336237,TaskAttempt ID:186,Partition Id:1,Stage Id:16
16/10/31 18:22:53 INFO myLogger: [MapPartitionsRDD]StartAt:21229241150081,TaskAttempt ID:193,Partition Id:1,Stage Id:17
16/10/31 18:22:53 INFO myLogger: [ShuffledRDD]StartAt:21229241645613,TaskAttempt ID:193,Partition Id:1,Stage Id:17
16/10/31 18:22:53 INFO myLogger: [ShuffledRDD]EndAt:21229258685474,TaskAttempt ID:193,Partition Id:1,Stage Id:17
16/10/31 18:22:53 INFO myLogger: [MapPartitionsRDD]EndAt:21229259295919,TaskAttempt ID:193,Partition Id:1,Stage Id:17
16/10/31 18:23:08 INFO myLogger: [UnionRDD]StartAt:21244008540415,TaskAttempt ID:199,Partition Id:1,Stage Id:24
16/10/31 18:23:08 INFO myLogger: [UnionRDD]StartAt:21244008647717,TaskAttempt ID:203,Partition Id:5,Stage Id:24
16/10/31 18:23:08 INFO myLogger: [MapPartitionsRDD]StartAt:21244010311063,TaskAttempt ID:199,Partition Id:1,Stage Id:24
16/10/31 18:23:08 INFO myLogger: [MapPartitionsRDD]StartAt:21244010418491,TaskAttempt ID:203,Partition Id:5,Stage Id:24
16/10/31 18:23:08 INFO myLogger: [ShuffledRDD]StartAt:21244010980773,TaskAttempt ID:199,Partition Id:1,Stage Id:24
16/10/31 18:23:08 INFO myLogger: [ShuffledRDD]StartAt:21244011077454,TaskAttempt ID:203,Partition Id:5,Stage Id:24
16/10/31 18:23:08 INFO myLogger: [ShuffledRDD]EndAt:21244021280121,TaskAttempt ID:199,Partition Id:1,Stage Id:24
16/10/31 18:23:08 INFO myLogger: [MapPartitionsRDD]EndAt:21244021555622,TaskAttempt ID:199,Partition Id:1,Stage Id:24
16/10/31 18:23:08 INFO myLogger: [ShuffledRDD]EndAt:21244023288122,TaskAttempt ID:203,Partition Id:5,Stage Id:24
16/10/31 18:23:08 INFO myLogger: [MapPartitionsRDD]EndAt:21244023626658,TaskAttempt ID:203,Partition Id:5,Stage Id:24
16/10/31 18:24:35 INFO myLogger: [UnionRDD]EndAt:21330859957523,TaskAttempt ID:203,Partition Id:5,Stage Id:24
16/10/31 18:24:39 INFO myLogger: [UnionRDD]EndAt:21335568563168,TaskAttempt ID:199,Partition Id:1,Stage Id:24
16/10/31 18:25:00 INFO myLogger: [MapPartitionsRDD]StartAt:21355798242354,TaskAttempt ID:206,Partition Id:1,Stage Id:25
16/10/31 18:25:00 INFO myLogger: [ShuffledRDD]StartAt:21355798548539,TaskAttempt ID:206,Partition Id:1,Stage Id:25
16/10/31 18:25:00 INFO myLogger: [ShuffledRDD]EndAt:21355812508552,TaskAttempt ID:206,Partition Id:1,Stage Id:25
16/10/31 18:25:00 INFO myLogger: [MapPartitionsRDD]EndAt:21355812904558,TaskAttempt ID:206,Partition Id:1,Stage Id:25
16/10/31 18:25:15 INFO myLogger: [UnionRDD]StartAt:21371007107233,TaskAttempt ID:208,Partition Id:1,Stage Id:32
16/10/31 18:25:15 INFO myLogger: [UnionRDD]StartAt:21371008787118,TaskAttempt ID:212,Partition Id:5,Stage Id:32
16/10/31 18:25:15 INFO myLogger: [MapPartitionsRDD]StartAt:21371008907321,TaskAttempt ID:208,Partition Id:1,Stage Id:32
16/10/31 18:25:15 INFO myLogger: [ShuffledRDD]StartAt:21371009601366,TaskAttempt ID:208,Partition Id:1,Stage Id:32
16/10/31 18:25:15 INFO myLogger: [MapPartitionsRDD]StartAt:21371010538206,TaskAttempt ID:212,Partition Id:5,Stage Id:32
16/10/31 18:25:15 INFO myLogger: [ShuffledRDD]StartAt:21371011006506,TaskAttempt ID:212,Partition Id:5,Stage Id:32
16/10/31 18:25:15 INFO myLogger: [ShuffledRDD]EndAt:21371020720403,TaskAttempt ID:208,Partition Id:1,Stage Id:32
16/10/31 18:25:15 INFO myLogger: [MapPartitionsRDD]EndAt:21371021035833,TaskAttempt ID:208,Partition Id:1,Stage Id:32
16/10/31 18:25:15 INFO myLogger: [ShuffledRDD]EndAt:21371021772553,TaskAttempt ID:212,Partition Id:5,Stage Id:32
16/10/31 18:25:15 INFO myLogger: [MapPartitionsRDD]EndAt:21371022195428,TaskAttempt ID:212,Partition Id:5,Stage Id:32
16/10/31 18:26:40 INFO myLogger: [UnionRDD]EndAt:21456295311150,TaskAttempt ID:212,Partition Id:5,Stage Id:32
16/10/31 18:26:47 INFO myLogger: [UnionRDD]EndAt:21463442301011,TaskAttempt ID:208,Partition Id:1,Stage Id:32
16/10/31 18:27:09 INFO myLogger: [MapPartitionsRDD]StartAt:21484733938855,TaskAttempt ID:219,Partition Id:1,Stage Id:33
16/10/31 18:27:09 INFO myLogger: [ShuffledRDD]StartAt:21484734260759,TaskAttempt ID:219,Partition Id:1,Stage Id:33
16/10/31 18:27:09 INFO myLogger: [ShuffledRDD]EndAt:21484751493517,TaskAttempt ID:219,Partition Id:1,Stage Id:33
16/10/31 18:27:09 INFO myLogger: [MapPartitionsRDD]EndAt:21484753152269,TaskAttempt ID:219,Partition Id:1,Stage Id:33
