16/10/31 18:11:36 INFO myLogger: [MapPartitionsRDD]StartAt:20552284484663,TaskAttempt ID:6,Partition Id:2,Stage Id:1
16/10/31 18:11:37 INFO myLogger: [MapPartitionsRDD]EndAt:20552834829803,TaskAttempt ID:6,Partition Id:2,Stage Id:1
16/10/31 18:12:04 INFO myLogger: [MapPartitionsRDD]StartAt:20580518782030,TaskAttempt ID:10,Partition Id:2,Stage Id:2
16/10/31 18:12:04 INFO myLogger: [MapPartitionsRDD]EndAt:20580528117825,TaskAttempt ID:10,Partition Id:2,Stage Id:2
16/10/31 18:12:57 INFO myLogger: [UnionRDD]StartAt:20633344443157,TaskAttempt ID:19,Partition Id:7,Stage Id:3
16/10/31 18:12:57 INFO myLogger: [UnionRDD]StartAt:20633348164075,TaskAttempt ID:15,Partition Id:2,Stage Id:3
16/10/31 18:12:57 INFO myLogger: [UnionRDD]StartAt:20633349247511,TaskAttempt ID:51,Partition Id:39,Stage Id:3
16/10/31 18:12:57 INFO myLogger: [UnionRDD]StartAt:20633351999108,TaskAttempt ID:67,Partition Id:55,Stage Id:3
16/10/31 18:12:57 INFO myLogger: [UnionRDD]StartAt:20633352357023,TaskAttempt ID:31,Partition Id:19,Stage Id:3
16/10/31 18:12:57 INFO myLogger: [UnionRDD]StartAt:20633352891856,TaskAttempt ID:43,Partition Id:31,Stage Id:3
16/10/31 18:12:57 INFO myLogger: [UnionRDD]StartAt:20633353751775,TaskAttempt ID:71,Partition Id:59,Stage Id:3
16/10/31 18:12:57 INFO myLogger: [UnionRDD]StartAt:20633354686607,TaskAttempt ID:35,Partition Id:23,Stage Id:3
16/10/31 18:12:57 INFO myLogger: [UnionRDD]StartAt:20633355318767,TaskAttempt ID:47,Partition Id:35,Stage Id:3
16/10/31 18:12:57 INFO myLogger: [UnionRDD]StartAt:20633355618202,TaskAttempt ID:39,Partition Id:27,Stage Id:3
16/10/31 18:12:57 INFO myLogger: [UnionRDD]StartAt:20633356228249,TaskAttempt ID:63,Partition Id:51,Stage Id:3
16/10/31 18:12:57 INFO myLogger: [UnionRDD]StartAt:20633358128229,TaskAttempt ID:59,Partition Id:47,Stage Id:3
16/10/31 18:12:57 INFO myLogger: [MapPartitionsRDD]StartAt:20633358474200,TaskAttempt ID:15,Partition Id:2,Stage Id:3
16/10/31 18:12:57 INFO myLogger: [UnionRDD]StartAt:20633359700414,TaskAttempt ID:27,Partition Id:15,Stage Id:3
16/10/31 18:12:57 INFO myLogger: [UnionRDD]StartAt:20633361653206,TaskAttempt ID:23,Partition Id:11,Stage Id:3
16/10/31 18:12:57 INFO myLogger: [UnionRDD]StartAt:20633365807251,TaskAttempt ID:75,Partition Id:63,Stage Id:3
16/10/31 18:12:57 INFO myLogger: [ShuffledRDD]StartAt:20633369298866,TaskAttempt ID:15,Partition Id:2,Stage Id:3
16/10/31 18:12:57 INFO myLogger: [UnionRDD]StartAt:20633379377872,TaskAttempt ID:55,Partition Id:43,Stage Id:3
16/10/31 18:12:57 INFO myLogger: [ParallelCollectionRDD]StartAt:20633392412522,TaskAttempt ID:19,Partition Id:7,Stage Id:3
16/10/31 18:12:57 INFO myLogger: [ParallelCollectionRDD]StartAt:20633393524711,TaskAttempt ID:71,Partition Id:59,Stage Id:3
16/10/31 18:12:57 INFO myLogger: [ParallelCollectionRDD]StartAt:20633392921787,TaskAttempt ID:51,Partition Id:39,Stage Id:3
16/10/31 18:12:57 INFO myLogger: [ParallelCollectionRDD]StartAt:20633393859016,TaskAttempt ID:43,Partition Id:31,Stage Id:3
16/10/31 18:12:57 INFO myLogger: [ParallelCollectionRDD]EndAt:20633394152024,TaskAttempt ID:19,Partition Id:7,Stage Id:3
16/10/31 18:12:57 INFO myLogger: [ParallelCollectionRDD]EndAt:20633394399465,TaskAttempt ID:51,Partition Id:39,Stage Id:3
16/10/31 18:12:57 INFO myLogger: [ParallelCollectionRDD]EndAt:20633394602316,TaskAttempt ID:71,Partition Id:59,Stage Id:3
16/10/31 18:12:57 INFO myLogger: [ParallelCollectionRDD]EndAt:20633394832399,TaskAttempt ID:43,Partition Id:31,Stage Id:3
16/10/31 18:12:57 INFO myLogger: [ParallelCollectionRDD]StartAt:20633396364687,TaskAttempt ID:67,Partition Id:55,Stage Id:3
16/10/31 18:12:57 INFO myLogger: [ParallelCollectionRDD]StartAt:20633396796323,TaskAttempt ID:31,Partition Id:19,Stage Id:3
16/10/31 18:12:57 INFO myLogger: [ParallelCollectionRDD]EndAt:20633397129318,TaskAttempt ID:67,Partition Id:55,Stage Id:3
16/10/31 18:12:57 INFO myLogger: [ParallelCollectionRDD]EndAt:20633397372368,TaskAttempt ID:31,Partition Id:19,Stage Id:3
16/10/31 18:12:57 INFO myLogger: [ParallelCollectionRDD]StartAt:20633397665207,TaskAttempt ID:59,Partition Id:47,Stage Id:3
16/10/31 18:12:57 INFO myLogger: [ParallelCollectionRDD]EndAt:20633398107538,TaskAttempt ID:59,Partition Id:47,Stage Id:3
16/10/31 18:12:57 INFO myLogger: [ParallelCollectionRDD]StartAt:20633398374989,TaskAttempt ID:39,Partition Id:27,Stage Id:3
16/10/31 18:12:57 INFO myLogger: [ParallelCollectionRDD]EndAt:20633398720775,TaskAttempt ID:39,Partition Id:27,Stage Id:3
16/10/31 18:12:57 INFO myLogger: [ParallelCollectionRDD]StartAt:20633400649267,TaskAttempt ID:27,Partition Id:15,Stage Id:3
16/10/31 18:12:57 INFO myLogger: [ParallelCollectionRDD]StartAt:20633401376485,TaskAttempt ID:47,Partition Id:35,Stage Id:3
16/10/31 18:12:57 INFO myLogger: [ParallelCollectionRDD]EndAt:20633401460256,TaskAttempt ID:27,Partition Id:15,Stage Id:3
16/10/31 18:12:57 INFO myLogger: [ParallelCollectionRDD]EndAt:20633401864037,TaskAttempt ID:47,Partition Id:35,Stage Id:3
16/10/31 18:12:57 INFO myLogger: [ParallelCollectionRDD]StartAt:20633405420590,TaskAttempt ID:63,Partition Id:51,Stage Id:3
16/10/31 18:12:57 INFO myLogger: [ParallelCollectionRDD]EndAt:20633405783404,TaskAttempt ID:63,Partition Id:51,Stage Id:3
16/10/31 18:12:57 INFO myLogger: [ParallelCollectionRDD]StartAt:20633407172492,TaskAttempt ID:75,Partition Id:63,Stage Id:3
16/10/31 18:12:57 INFO myLogger: [ParallelCollectionRDD]EndAt:20633407550980,TaskAttempt ID:75,Partition Id:63,Stage Id:3
16/10/31 18:12:57 INFO myLogger: [ParallelCollectionRDD]StartAt:20633408359539,TaskAttempt ID:23,Partition Id:11,Stage Id:3
16/10/31 18:12:57 INFO myLogger: [ParallelCollectionRDD]EndAt:20633409106704,TaskAttempt ID:23,Partition Id:11,Stage Id:3
16/10/31 18:12:57 INFO myLogger: [ParallelCollectionRDD]StartAt:20633411436274,TaskAttempt ID:35,Partition Id:23,Stage Id:3
16/10/31 18:12:57 INFO myLogger: [ParallelCollectionRDD]StartAt:20633411963671,TaskAttempt ID:55,Partition Id:43,Stage Id:3
16/10/31 18:12:57 INFO myLogger: [ParallelCollectionRDD]EndAt:20633412240879,TaskAttempt ID:35,Partition Id:23,Stage Id:3
16/10/31 18:12:57 INFO myLogger: [ParallelCollectionRDD]EndAt:20633412613017,TaskAttempt ID:55,Partition Id:43,Stage Id:3
16/10/31 18:12:57 INFO myLogger: [UnionRDD]EndAt:20633563521638,TaskAttempt ID:71,Partition Id:59,Stage Id:3
16/10/31 18:12:57 INFO myLogger: [UnionRDD]EndAt:20633565098815,TaskAttempt ID:43,Partition Id:31,Stage Id:3
16/10/31 18:12:57 INFO myLogger: [UnionRDD]EndAt:20633566442352,TaskAttempt ID:39,Partition Id:27,Stage Id:3
16/10/31 18:12:57 INFO myLogger: [UnionRDD]EndAt:20633567079979,TaskAttempt ID:19,Partition Id:7,Stage Id:3
16/10/31 18:12:57 INFO myLogger: [ShuffledRDD]EndAt:20633568344187,TaskAttempt ID:15,Partition Id:2,Stage Id:3
16/10/31 18:12:58 INFO myLogger: [UnionRDD]EndAt:20633570302712,TaskAttempt ID:67,Partition Id:55,Stage Id:3
16/10/31 18:12:58 INFO myLogger: [MapPartitionsRDD]EndAt:20633583260252,TaskAttempt ID:15,Partition Id:2,Stage Id:3
16/10/31 18:12:58 INFO myLogger: [UnionRDD]EndAt:20633624838646,TaskAttempt ID:31,Partition Id:19,Stage Id:3
16/10/31 18:12:58 INFO myLogger: [UnionRDD]EndAt:20633640536522,TaskAttempt ID:47,Partition Id:35,Stage Id:3
16/10/31 18:12:58 INFO myLogger: [UnionRDD]EndAt:20633642979993,TaskAttempt ID:55,Partition Id:43,Stage Id:3
16/10/31 18:12:58 INFO myLogger: [UnionRDD]EndAt:20633644128065,TaskAttempt ID:35,Partition Id:23,Stage Id:3
16/10/31 18:12:58 INFO myLogger: [UnionRDD]EndAt:20633644953735,TaskAttempt ID:23,Partition Id:11,Stage Id:3
16/10/31 18:12:58 INFO myLogger: [UnionRDD]EndAt:20633645750501,TaskAttempt ID:27,Partition Id:15,Stage Id:3
16/10/31 18:12:58 INFO myLogger: [UnionRDD]EndAt:20633706188426,TaskAttempt ID:63,Partition Id:51,Stage Id:3
16/10/31 18:12:58 INFO myLogger: [UnionRDD]EndAt:20633741437636,TaskAttempt ID:59,Partition Id:47,Stage Id:3
16/10/31 18:12:58 INFO myLogger: [UnionRDD]EndAt:20633741658986,TaskAttempt ID:75,Partition Id:63,Stage Id:3
16/10/31 18:12:58 INFO myLogger: [UnionRDD]EndAt:20633744207314,TaskAttempt ID:51,Partition Id:39,Stage Id:3
16/10/31 18:13:16 INFO myLogger: [UnionRDD]EndAt:20651587090908,TaskAttempt ID:15,Partition Id:2,Stage Id:3
16/10/31 18:13:36 INFO myLogger: [UnionRDD]StartAt:20672422801323,TaskAttempt ID:87,Partition Id:11,Stage Id:4
16/10/31 18:13:36 INFO myLogger: [UnionRDD]StartAt:20672425923422,TaskAttempt ID:131,Partition Id:55,Stage Id:4
16/10/31 18:13:36 INFO myLogger: [UnionRDD]StartAt:20672431787043,TaskAttempt ID:135,Partition Id:59,Stage Id:4
16/10/31 18:13:36 INFO myLogger: [UnionRDD]StartAt:20672430843617,TaskAttempt ID:127,Partition Id:51,Stage Id:4
16/10/31 18:13:36 INFO myLogger: [UnionRDD]StartAt:20672433262837,TaskAttempt ID:119,Partition Id:43,Stage Id:4
16/10/31 18:13:36 INFO myLogger: [UnionRDD]StartAt:20672437447618,TaskAttempt ID:115,Partition Id:39,Stage Id:4
16/10/31 18:13:36 INFO myLogger: [UnionRDD]StartAt:20672441648415,TaskAttempt ID:123,Partition Id:47,Stage Id:4
16/10/31 18:13:36 INFO myLogger: [UnionRDD]StartAt:20672442965262,TaskAttempt ID:111,Partition Id:35,Stage Id:4
16/10/31 18:13:36 INFO myLogger: [UnionRDD]StartAt:20672445933680,TaskAttempt ID:83,Partition Id:7,Stage Id:4
16/10/31 18:13:36 INFO myLogger: [UnionRDD]StartAt:20672446514925,TaskAttempt ID:103,Partition Id:27,Stage Id:4
16/10/31 18:13:36 INFO myLogger: [UnionRDD]StartAt:20672446742055,TaskAttempt ID:99,Partition Id:23,Stage Id:4
16/10/31 18:13:36 INFO myLogger: [UnionRDD]StartAt:20672447828100,TaskAttempt ID:91,Partition Id:15,Stage Id:4
16/10/31 18:13:36 INFO myLogger: [UnionRDD]StartAt:20672449234576,TaskAttempt ID:139,Partition Id:63,Stage Id:4
16/10/31 18:13:36 INFO myLogger: [UnionRDD]StartAt:20672451894056,TaskAttempt ID:107,Partition Id:31,Stage Id:4
16/10/31 18:13:36 INFO myLogger: [UnionRDD]StartAt:20672453383410,TaskAttempt ID:95,Partition Id:19,Stage Id:4
16/10/31 18:13:36 INFO myLogger: [UnionRDD]EndAt:20672454167688,TaskAttempt ID:131,Partition Id:55,Stage Id:4
16/10/31 18:13:36 INFO myLogger: [UnionRDD]EndAt:20672456604511,TaskAttempt ID:119,Partition Id:43,Stage Id:4
16/10/31 18:13:36 INFO myLogger: [UnionRDD]EndAt:20672483952120,TaskAttempt ID:127,Partition Id:51,Stage Id:4
16/10/31 18:13:36 INFO myLogger: [UnionRDD]EndAt:20672511937920,TaskAttempt ID:87,Partition Id:11,Stage Id:4
16/10/31 18:13:36 INFO myLogger: [UnionRDD]EndAt:20672512853739,TaskAttempt ID:83,Partition Id:7,Stage Id:4
16/10/31 18:13:36 INFO myLogger: [UnionRDD]EndAt:20672534690195,TaskAttempt ID:103,Partition Id:27,Stage Id:4
16/10/31 18:13:36 INFO myLogger: [UnionRDD]EndAt:20672534757134,TaskAttempt ID:111,Partition Id:35,Stage Id:4
16/10/31 18:13:36 INFO myLogger: [UnionRDD]EndAt:20672536522800,TaskAttempt ID:135,Partition Id:59,Stage Id:4
16/10/31 18:13:36 INFO myLogger: [UnionRDD]EndAt:20672539667057,TaskAttempt ID:115,Partition Id:39,Stage Id:4
16/10/31 18:13:36 INFO myLogger: [UnionRDD]EndAt:20672542547909,TaskAttempt ID:107,Partition Id:31,Stage Id:4
16/10/31 18:13:36 INFO myLogger: [UnionRDD]EndAt:20672542761189,TaskAttempt ID:95,Partition Id:19,Stage Id:4
16/10/31 18:13:36 INFO myLogger: [UnionRDD]EndAt:20672543223934,TaskAttempt ID:139,Partition Id:63,Stage Id:4
16/10/31 18:13:36 INFO myLogger: [UnionRDD]EndAt:20672543821861,TaskAttempt ID:99,Partition Id:23,Stage Id:4
16/10/31 18:13:36 INFO myLogger: [UnionRDD]EndAt:20672547300837,TaskAttempt ID:123,Partition Id:47,Stage Id:4
16/10/31 18:13:36 INFO myLogger: [UnionRDD]EndAt:20672554792221,TaskAttempt ID:91,Partition Id:15,Stage Id:4
16/10/31 18:13:37 INFO myLogger: [UnionRDD]StartAt:20672680552479,TaskAttempt ID:144,Partition Id:2,Stage Id:4
16/10/31 18:13:37 INFO myLogger: [MapPartitionsRDD]StartAt:20672681464986,TaskAttempt ID:144,Partition Id:2,Stage Id:4
16/10/31 18:13:37 INFO myLogger: [ShuffledRDD]StartAt:20672681704602,TaskAttempt ID:144,Partition Id:2,Stage Id:4
16/10/31 18:13:37 INFO myLogger: [ShuffledRDD]EndAt:20672713793923,TaskAttempt ID:144,Partition Id:2,Stage Id:4
16/10/31 18:13:37 INFO myLogger: [MapPartitionsRDD]EndAt:20672717808618,TaskAttempt ID:144,Partition Id:2,Stage Id:4
16/10/31 18:13:45 INFO myLogger: [UnionRDD]EndAt:20681270375984,TaskAttempt ID:144,Partition Id:2,Stage Id:4
16/10/31 18:14:06 INFO myLogger: [UnionRDD]StartAt:20701834586332,TaskAttempt ID:151,Partition Id:2,Stage Id:5
16/10/31 18:14:06 INFO myLogger: [UnionRDD]StartAt:20701834695506,TaskAttempt ID:155,Partition Id:6,Stage Id:5
16/10/31 18:14:06 INFO myLogger: [MapPartitionsRDD]StartAt:20701835782928,TaskAttempt ID:151,Partition Id:2,Stage Id:5
16/10/31 18:14:06 INFO myLogger: [MapPartitionsRDD]StartAt:20701835854094,TaskAttempt ID:155,Partition Id:6,Stage Id:5
16/10/31 18:14:06 INFO myLogger: [ShuffledRDD]StartAt:20701836248322,TaskAttempt ID:151,Partition Id:2,Stage Id:5
16/10/31 18:14:06 INFO myLogger: [ShuffledRDD]StartAt:20701836322621,TaskAttempt ID:155,Partition Id:6,Stage Id:5
16/10/31 18:14:06 INFO myLogger: [ShuffledRDD]EndAt:20701874669380,TaskAttempt ID:151,Partition Id:2,Stage Id:5
16/10/31 18:14:06 INFO myLogger: [MapPartitionsRDD]EndAt:20701875008014,TaskAttempt ID:151,Partition Id:2,Stage Id:5
16/10/31 18:14:06 INFO myLogger: [ShuffledRDD]EndAt:20701877474749,TaskAttempt ID:155,Partition Id:6,Stage Id:5
16/10/31 18:14:06 INFO myLogger: [MapPartitionsRDD]EndAt:20701877776194,TaskAttempt ID:155,Partition Id:6,Stage Id:5
16/10/31 18:14:11 INFO myLogger: [UnionRDD]EndAt:20706876905702,TaskAttempt ID:155,Partition Id:6,Stage Id:5
16/10/31 18:14:16 INFO myLogger: [UnionRDD]EndAt:20712520717525,TaskAttempt ID:151,Partition Id:2,Stage Id:5
16/10/31 18:15:46 INFO myLogger: [UnionRDD]StartAt:20801834703186,TaskAttempt ID:162,Partition Id:6,Stage Id:6
16/10/31 18:15:46 INFO myLogger: [UnionRDD]StartAt:20801836238666,TaskAttempt ID:158,Partition Id:2,Stage Id:6
16/10/31 18:15:46 INFO myLogger: [MapPartitionsRDD]StartAt:20801836300022,TaskAttempt ID:162,Partition Id:6,Stage Id:6
16/10/31 18:15:46 INFO myLogger: [ShuffledRDD]StartAt:20801836909025,TaskAttempt ID:162,Partition Id:6,Stage Id:6
16/10/31 18:15:46 INFO myLogger: [MapPartitionsRDD]StartAt:20801837970717,TaskAttempt ID:158,Partition Id:2,Stage Id:6
16/10/31 18:15:46 INFO myLogger: [ShuffledRDD]StartAt:20801838471889,TaskAttempt ID:158,Partition Id:2,Stage Id:6
16/10/31 18:15:46 INFO myLogger: [ShuffledRDD]EndAt:20801853863554,TaskAttempt ID:158,Partition Id:2,Stage Id:6
16/10/31 18:15:46 INFO myLogger: [MapPartitionsRDD]EndAt:20801854574184,TaskAttempt ID:158,Partition Id:2,Stage Id:6
16/10/31 18:15:46 INFO myLogger: [ShuffledRDD]EndAt:20801854823548,TaskAttempt ID:162,Partition Id:6,Stage Id:6
16/10/31 18:15:46 INFO myLogger: [MapPartitionsRDD]EndAt:20801855316512,TaskAttempt ID:162,Partition Id:6,Stage Id:6
16/10/31 18:15:50 INFO myLogger: [UnionRDD]EndAt:20806181886561,TaskAttempt ID:162,Partition Id:6,Stage Id:6
16/10/31 18:15:56 INFO myLogger: [UnionRDD]EndAt:20811577818869,TaskAttempt ID:158,Partition Id:2,Stage Id:6
16/10/31 18:17:25 INFO myLogger: [UnionRDD]StartAt:20901530587632,TaskAttempt ID:164,Partition Id:2,Stage Id:7
16/10/31 18:17:25 INFO myLogger: [UnionRDD]StartAt:20901531305084,TaskAttempt ID:168,Partition Id:6,Stage Id:7
16/10/31 18:17:25 INFO myLogger: [MapPartitionsRDD]StartAt:20901532397225,TaskAttempt ID:164,Partition Id:2,Stage Id:7
16/10/31 18:17:25 INFO myLogger: [ShuffledRDD]StartAt:20901532739222,TaskAttempt ID:164,Partition Id:2,Stage Id:7
16/10/31 18:17:25 INFO myLogger: [MapPartitionsRDD]StartAt:20901532826227,TaskAttempt ID:168,Partition Id:6,Stage Id:7
16/10/31 18:17:25 INFO myLogger: [ShuffledRDD]StartAt:20901533158733,TaskAttempt ID:168,Partition Id:6,Stage Id:7
16/10/31 18:17:25 INFO myLogger: [ShuffledRDD]EndAt:20901553476253,TaskAttempt ID:164,Partition Id:2,Stage Id:7
16/10/31 18:17:25 INFO myLogger: [MapPartitionsRDD]EndAt:20901553828433,TaskAttempt ID:164,Partition Id:2,Stage Id:7
16/10/31 18:17:25 INFO myLogger: [ShuffledRDD]EndAt:20901554382950,TaskAttempt ID:168,Partition Id:6,Stage Id:7
16/10/31 18:17:25 INFO myLogger: [MapPartitionsRDD]EndAt:20901554903436,TaskAttempt ID:168,Partition Id:6,Stage Id:7
16/10/31 18:18:40 INFO myLogger: [UnionRDD]EndAt:20975755999279,TaskAttempt ID:168,Partition Id:6,Stage Id:7
16/10/31 18:18:45 INFO myLogger: [UnionRDD]EndAt:20981197187208,TaskAttempt ID:164,Partition Id:2,Stage Id:7
16/10/31 18:19:05 INFO myLogger: [UnionRDD]StartAt:21001213165308,TaskAttempt ID:175,Partition Id:2,Stage Id:8
16/10/31 18:19:05 INFO myLogger: [UnionRDD]StartAt:21001213639163,TaskAttempt ID:179,Partition Id:6,Stage Id:8
16/10/31 18:19:05 INFO myLogger: [MapPartitionsRDD]StartAt:21001214137548,TaskAttempt ID:175,Partition Id:2,Stage Id:8
16/10/31 18:19:05 INFO myLogger: [ShuffledRDD]StartAt:21001214524596,TaskAttempt ID:175,Partition Id:2,Stage Id:8
16/10/31 18:19:05 INFO myLogger: [MapPartitionsRDD]StartAt:21001214771990,TaskAttempt ID:179,Partition Id:6,Stage Id:8
16/10/31 18:19:05 INFO myLogger: [ShuffledRDD]StartAt:21001215083422,TaskAttempt ID:179,Partition Id:6,Stage Id:8
16/10/31 18:19:05 INFO myLogger: [ShuffledRDD]EndAt:21001227346460,TaskAttempt ID:179,Partition Id:6,Stage Id:8
16/10/31 18:19:05 INFO myLogger: [MapPartitionsRDD]EndAt:21001227739192,TaskAttempt ID:179,Partition Id:6,Stage Id:8
16/10/31 18:19:05 INFO myLogger: [ShuffledRDD]EndAt:21001228050940,TaskAttempt ID:175,Partition Id:2,Stage Id:8
16/10/31 18:19:05 INFO myLogger: [MapPartitionsRDD]EndAt:21001228831050,TaskAttempt ID:175,Partition Id:2,Stage Id:8
16/10/31 18:19:09 INFO myLogger: [UnionRDD]EndAt:21004611862453,TaskAttempt ID:179,Partition Id:6,Stage Id:8
16/10/31 18:19:24 INFO myLogger: [UnionRDD]EndAt:21019987781239,TaskAttempt ID:175,Partition Id:2,Stage Id:8
16/10/31 18:20:47 INFO myLogger: [MapPartitionsRDD]StartAt:21103028621731,TaskAttempt ID:181,Partition Id:2,Stage Id:9
16/10/31 18:20:47 INFO myLogger: [ShuffledRDD]StartAt:21103029022713,TaskAttempt ID:181,Partition Id:2,Stage Id:9
16/10/31 18:20:47 INFO myLogger: [ShuffledRDD]EndAt:21103049738303,TaskAttempt ID:181,Partition Id:2,Stage Id:9
16/10/31 18:20:47 INFO myLogger: [MapPartitionsRDD]EndAt:21103050959235,TaskAttempt ID:181,Partition Id:2,Stage Id:9
16/10/31 18:21:02 INFO myLogger: [UnionRDD]StartAt:21118235437751,TaskAttempt ID:184,Partition Id:2,Stage Id:16
16/10/31 18:21:02 INFO myLogger: [UnionRDD]StartAt:21118236171286,TaskAttempt ID:188,Partition Id:6,Stage Id:16
16/10/31 18:21:02 INFO myLogger: [MapPartitionsRDD]StartAt:21118236686594,TaskAttempt ID:184,Partition Id:2,Stage Id:16
16/10/31 18:21:02 INFO myLogger: [ShuffledRDD]StartAt:21118237048688,TaskAttempt ID:184,Partition Id:2,Stage Id:16
16/10/31 18:21:02 INFO myLogger: [MapPartitionsRDD]StartAt:21118237330789,TaskAttempt ID:188,Partition Id:6,Stage Id:16
16/10/31 18:21:02 INFO myLogger: [ShuffledRDD]StartAt:21118237627736,TaskAttempt ID:188,Partition Id:6,Stage Id:16
16/10/31 18:21:02 INFO myLogger: [ShuffledRDD]EndAt:21118247118180,TaskAttempt ID:184,Partition Id:2,Stage Id:16
16/10/31 18:21:02 INFO myLogger: [MapPartitionsRDD]EndAt:21118247420320,TaskAttempt ID:184,Partition Id:2,Stage Id:16
16/10/31 18:21:02 INFO myLogger: [ShuffledRDD]EndAt:21118247711319,TaskAttempt ID:188,Partition Id:6,Stage Id:16
16/10/31 18:21:02 INFO myLogger: [MapPartitionsRDD]EndAt:21118247973472,TaskAttempt ID:188,Partition Id:6,Stage Id:16
16/10/31 18:21:06 INFO myLogger: [UnionRDD]EndAt:21122011032009,TaskAttempt ID:188,Partition Id:6,Stage Id:16
16/10/31 18:21:22 INFO myLogger: [UnionRDD]EndAt:21138443473809,TaskAttempt ID:184,Partition Id:2,Stage Id:16
16/10/31 18:22:53 INFO myLogger: [MapPartitionsRDD]StartAt:21229133222870,TaskAttempt ID:192,Partition Id:2,Stage Id:17
16/10/31 18:22:53 INFO myLogger: [ShuffledRDD]StartAt:21229133456550,TaskAttempt ID:192,Partition Id:2,Stage Id:17
16/10/31 18:22:53 INFO myLogger: [ShuffledRDD]EndAt:21229149589454,TaskAttempt ID:192,Partition Id:2,Stage Id:17
16/10/31 18:22:53 INFO myLogger: [MapPartitionsRDD]EndAt:21229150180330,TaskAttempt ID:192,Partition Id:2,Stage Id:17
16/10/31 18:23:08 INFO myLogger: [UnionRDD]StartAt:21243905085242,TaskAttempt ID:196,Partition Id:2,Stage Id:24
16/10/31 18:23:08 INFO myLogger: [UnionRDD]StartAt:21243906497765,TaskAttempt ID:200,Partition Id:6,Stage Id:24
16/10/31 18:23:08 INFO myLogger: [MapPartitionsRDD]StartAt:21243906906362,TaskAttempt ID:196,Partition Id:2,Stage Id:24
16/10/31 18:23:08 INFO myLogger: [ShuffledRDD]StartAt:21243907565441,TaskAttempt ID:196,Partition Id:2,Stage Id:24
16/10/31 18:23:08 INFO myLogger: [MapPartitionsRDD]StartAt:21243908318011,TaskAttempt ID:200,Partition Id:6,Stage Id:24
16/10/31 18:23:08 INFO myLogger: [ShuffledRDD]StartAt:21243908780542,TaskAttempt ID:200,Partition Id:6,Stage Id:24
16/10/31 18:23:08 INFO myLogger: [ShuffledRDD]EndAt:21243919981096,TaskAttempt ID:196,Partition Id:2,Stage Id:24
16/10/31 18:23:08 INFO myLogger: [MapPartitionsRDD]EndAt:21243920453250,TaskAttempt ID:196,Partition Id:2,Stage Id:24
16/10/31 18:23:08 INFO myLogger: [ShuffledRDD]EndAt:21243921809030,TaskAttempt ID:200,Partition Id:6,Stage Id:24
16/10/31 18:23:08 INFO myLogger: [MapPartitionsRDD]EndAt:21243922234549,TaskAttempt ID:200,Partition Id:6,Stage Id:24
16/10/31 18:23:11 INFO myLogger: [UnionRDD]EndAt:21247364788126,TaskAttempt ID:200,Partition Id:6,Stage Id:24
16/10/31 18:23:27 INFO myLogger: [UnionRDD]EndAt:21262656298490,TaskAttempt ID:196,Partition Id:2,Stage Id:24
16/10/31 18:25:00 INFO myLogger: [MapPartitionsRDD]StartAt:21355693622784,TaskAttempt ID:207,Partition Id:2,Stage Id:25
16/10/31 18:25:00 INFO myLogger: [ShuffledRDD]StartAt:21355693937437,TaskAttempt ID:207,Partition Id:2,Stage Id:25
16/10/31 18:25:00 INFO myLogger: [ShuffledRDD]EndAt:21355708132556,TaskAttempt ID:207,Partition Id:2,Stage Id:25
16/10/31 18:25:00 INFO myLogger: [MapPartitionsRDD]EndAt:21355708926132,TaskAttempt ID:207,Partition Id:2,Stage Id:25
16/10/31 18:25:15 INFO myLogger: [UnionRDD]StartAt:21370901659311,TaskAttempt ID:210,Partition Id:2,Stage Id:32
16/10/31 18:25:15 INFO myLogger: [MapPartitionsRDD]StartAt:21370902786430,TaskAttempt ID:210,Partition Id:2,Stage Id:32
16/10/31 18:25:15 INFO myLogger: [ShuffledRDD]StartAt:21370903232286,TaskAttempt ID:210,Partition Id:2,Stage Id:32
16/10/31 18:25:15 INFO myLogger: [UnionRDD]StartAt:21370904433375,TaskAttempt ID:214,Partition Id:6,Stage Id:32
16/10/31 18:25:15 INFO myLogger: [MapPartitionsRDD]StartAt:21370905640085,TaskAttempt ID:214,Partition Id:6,Stage Id:32
16/10/31 18:25:15 INFO myLogger: [ShuffledRDD]StartAt:21370906048830,TaskAttempt ID:214,Partition Id:6,Stage Id:32
16/10/31 18:25:15 INFO myLogger: [ShuffledRDD]EndAt:21370914105274,TaskAttempt ID:210,Partition Id:2,Stage Id:32
16/10/31 18:25:15 INFO myLogger: [MapPartitionsRDD]EndAt:21370914393100,TaskAttempt ID:210,Partition Id:2,Stage Id:32
16/10/31 18:25:15 INFO myLogger: [ShuffledRDD]EndAt:21370915121133,TaskAttempt ID:214,Partition Id:6,Stage Id:32
16/10/31 18:25:15 INFO myLogger: [MapPartitionsRDD]EndAt:21370915478843,TaskAttempt ID:214,Partition Id:6,Stage Id:32
16/10/31 18:25:19 INFO myLogger: [UnionRDD]EndAt:21374813578790,TaskAttempt ID:214,Partition Id:6,Stage Id:32
16/10/31 18:25:34 INFO myLogger: [UnionRDD]EndAt:21390105680901,TaskAttempt ID:210,Partition Id:2,Stage Id:32
16/10/31 18:27:09 INFO myLogger: [MapPartitionsRDD]StartAt:21484626906640,TaskAttempt ID:217,Partition Id:2,Stage Id:33
16/10/31 18:27:09 INFO myLogger: [ShuffledRDD]StartAt:21484627338954,TaskAttempt ID:217,Partition Id:2,Stage Id:33
16/10/31 18:27:09 INFO myLogger: [ShuffledRDD]EndAt:21484649309056,TaskAttempt ID:217,Partition Id:2,Stage Id:33
16/10/31 18:27:09 INFO myLogger: [MapPartitionsRDD]EndAt:21484649963364,TaskAttempt ID:217,Partition Id:2,Stage Id:33
