16/10/31 18:11:36 INFO serializeLogger: [CreationPYRE]StartAt:1477959096711,Parent RDD ID:1,Name:../ml-10M100K/clean.dat,TaskAttempt ID:6,Partition Id:2,Stage Id:1
16/10/31 18:11:36 INFO serializeLogger: [CreationPYRE]EndAt:1477959096713,Parent RDD ID:1,Name:../ml-10M100K/clean.dat,TaskAttempt ID:6,Partition Id:2,Stage Id:1
16/10/31 18:11:36 INFO serializeLogger: [RunnerCompute]StartAt:1477959096713,Parent RDD ID:1,Name:../ml-10M100K/clean.dat,TaskAttempt ID:6,Partition Id:2,Stage Id:1
16/10/31 18:11:43 INFO serializeLogger: [writerThread]StartAt:1477959103633,Parent RDD ID:1,Name:../ml-10M100K/clean.dat,TaskAttempt ID:6,Partition Id:2,Stage Id:1
16/10/31 18:12:02 INFO serializeLogger: [RunnerCompute]EndAt:1477959122947,Parent RDD ID:1,Name:../ml-10M100K/clean.dat,TaskAttempt ID:6,Partition Id:2,Stage Id:1
16/10/31 18:12:02 INFO serializeLogger: [writerThread]EndAt:1477959122962,Parent RDD ID:1,Name:../ml-10M100K/clean.dat,TaskAttempt ID:6,Partition Id:2,Stage Id:1
16/10/31 18:12:04 INFO serializeLogger: [CreationPYRE]StartAt:1477959124949,Parent RDD ID:1,Name:../ml-10M100K/clean.dat,TaskAttempt ID:10,Partition Id:2,Stage Id:2
16/10/31 18:12:04 INFO serializeLogger: [CreationPYRE]EndAt:1477959124949,Parent RDD ID:1,Name:../ml-10M100K/clean.dat,TaskAttempt ID:10,Partition Id:2,Stage Id:2
16/10/31 18:12:04 INFO serializeLogger: [RunnerCompute]StartAt:1477959124949,Parent RDD ID:1,Name:../ml-10M100K/clean.dat,TaskAttempt ID:10,Partition Id:2,Stage Id:2
16/10/31 18:12:04 INFO serializeLogger: [writerThread]StartAt:1477959124960,Parent RDD ID:1,Name:../ml-10M100K/clean.dat,TaskAttempt ID:10,Partition Id:2,Stage Id:2
16/10/31 18:12:05 INFO serializeLogger: [RunnerCompute]EndAt:1477959125034,Parent RDD ID:1,Name:../ml-10M100K/clean.dat,TaskAttempt ID:10,Partition Id:2,Stage Id:2
16/10/31 18:12:55 INFO serializeLogger: [writerThread]EndAt:1477959175812,Parent RDD ID:1,Name:../ml-10M100K/clean.dat,TaskAttempt ID:10,Partition Id:2,Stage Id:2
16/10/31 18:12:57 INFO serializeLogger: [CreationPYRE]StartAt:1477959177771,Parent RDD ID:11,Name:UnionRDD,TaskAttempt ID:19,Partition Id:7,Stage Id:3
16/10/31 18:12:57 INFO serializeLogger: [CreationPYRE]StartAt:1477959177771,Parent RDD ID:11,Name:UnionRDD,TaskAttempt ID:51,Partition Id:39,Stage Id:3
16/10/31 18:12:57 INFO serializeLogger: [CreationPYRE]EndAt:1477959177771,Parent RDD ID:11,Name:UnionRDD,TaskAttempt ID:19,Partition Id:7,Stage Id:3
16/10/31 18:12:57 INFO serializeLogger: [CreationPYRE]EndAt:1477959177772,Parent RDD ID:11,Name:UnionRDD,TaskAttempt ID:51,Partition Id:39,Stage Id:3
16/10/31 18:12:57 INFO serializeLogger: [RunnerCompute]StartAt:1477959177772,Parent RDD ID:11,Name:UnionRDD,TaskAttempt ID:19,Partition Id:7,Stage Id:3
16/10/31 18:12:57 INFO serializeLogger: [CreationPYRE]StartAt:1477959177773,Parent RDD ID:11,Name:UnionRDD,TaskAttempt ID:35,Partition Id:23,Stage Id:3
16/10/31 18:12:57 INFO serializeLogger: [CreationPYRE]StartAt:1477959177774,Parent RDD ID:11,Name:UnionRDD,TaskAttempt ID:67,Partition Id:55,Stage Id:3
16/10/31 18:12:57 INFO serializeLogger: [CreationPYRE]StartAt:1477959177775,Parent RDD ID:11,Name:UnionRDD,TaskAttempt ID:43,Partition Id:31,Stage Id:3
16/10/31 18:12:57 INFO serializeLogger: [CreationPYRE]EndAt:1477959177776,Parent RDD ID:11,Name:UnionRDD,TaskAttempt ID:35,Partition Id:23,Stage Id:3
16/10/31 18:12:57 INFO serializeLogger: [RunnerCompute]StartAt:1477959177776,Parent RDD ID:11,Name:UnionRDD,TaskAttempt ID:51,Partition Id:39,Stage Id:3
16/10/31 18:12:57 INFO serializeLogger: [RunnerCompute]StartAt:1477959177776,Parent RDD ID:11,Name:UnionRDD,TaskAttempt ID:35,Partition Id:23,Stage Id:3
16/10/31 18:12:57 INFO serializeLogger: [CreationPYRE]StartAt:1477959177777,Parent RDD ID:11,Name:UnionRDD,TaskAttempt ID:47,Partition Id:35,Stage Id:3
16/10/31 18:12:57 INFO serializeLogger: [CreationPYRE]StartAt:1477959177777,Parent RDD ID:11,Name:UnionRDD,TaskAttempt ID:63,Partition Id:51,Stage Id:3
16/10/31 18:12:57 INFO serializeLogger: [CreationPYRE]EndAt:1477959177777,Parent RDD ID:11,Name:UnionRDD,TaskAttempt ID:43,Partition Id:31,Stage Id:3
16/10/31 18:12:57 INFO serializeLogger: [CreationPYRE]StartAt:1477959177778,Parent RDD ID:11,Name:UnionRDD,TaskAttempt ID:15,Partition Id:2,Stage Id:3
16/10/31 18:12:57 INFO serializeLogger: [CreationPYRE]StartAt:1477959177778,Parent RDD ID:11,Name:UnionRDD,TaskAttempt ID:31,Partition Id:19,Stage Id:3
16/10/31 18:12:57 INFO serializeLogger: [CreationPYRE]EndAt:1477959177778,Parent RDD ID:11,Name:UnionRDD,TaskAttempt ID:15,Partition Id:2,Stage Id:3
16/10/31 18:12:57 INFO serializeLogger: [RunnerCompute]StartAt:1477959177778,Parent RDD ID:11,Name:UnionRDD,TaskAttempt ID:15,Partition Id:2,Stage Id:3
16/10/31 18:12:57 INFO serializeLogger: [CreationPYRE]EndAt:1477959177778,Parent RDD ID:11,Name:UnionRDD,TaskAttempt ID:67,Partition Id:55,Stage Id:3
16/10/31 18:12:57 INFO serializeLogger: [RunnerCompute]StartAt:1477959177779,Parent RDD ID:11,Name:UnionRDD,TaskAttempt ID:67,Partition Id:55,Stage Id:3
16/10/31 18:12:57 INFO serializeLogger: [CreationPYRE]StartAt:1477959177779,Parent RDD ID:11,Name:UnionRDD,TaskAttempt ID:59,Partition Id:47,Stage Id:3
16/10/31 18:12:57 INFO serializeLogger: [CreationPYRE]StartAt:1477959177779,Parent RDD ID:8,Name:ParallelCollectionRDD,TaskAttempt ID:19,Partition Id:7,Stage Id:3
16/10/31 18:12:57 INFO serializeLogger: [CreationPYRE]EndAt:1477959177779,Parent RDD ID:11,Name:UnionRDD,TaskAttempt ID:31,Partition Id:19,Stage Id:3
16/10/31 18:12:57 INFO serializeLogger: [RunnerCompute]StartAt:1477959177779,Parent RDD ID:11,Name:UnionRDD,TaskAttempt ID:43,Partition Id:31,Stage Id:3
16/10/31 18:12:57 INFO serializeLogger: [CreationPYRE]StartAt:1477959177779,Parent RDD ID:11,Name:UnionRDD,TaskAttempt ID:27,Partition Id:15,Stage Id:3
16/10/31 18:12:57 INFO serializeLogger: [CreationPYRE]EndAt:1477959177779,Parent RDD ID:11,Name:UnionRDD,TaskAttempt ID:63,Partition Id:51,Stage Id:3
16/10/31 18:12:57 INFO serializeLogger: [CreationPYRE]EndAt:1477959177779,Parent RDD ID:11,Name:UnionRDD,TaskAttempt ID:47,Partition Id:35,Stage Id:3
16/10/31 18:12:57 INFO serializeLogger: [CreationPYRE]StartAt:1477959177780,Parent RDD ID:11,Name:UnionRDD,TaskAttempt ID:71,Partition Id:59,Stage Id:3
16/10/31 18:12:57 INFO serializeLogger: [CreationPYRE]StartAt:1477959177780,Parent RDD ID:11,Name:UnionRDD,TaskAttempt ID:39,Partition Id:27,Stage Id:3
16/10/31 18:12:57 INFO serializeLogger: [CreationPYRE]StartAt:1477959177780,Parent RDD ID:11,Name:UnionRDD,TaskAttempt ID:23,Partition Id:11,Stage Id:3
16/10/31 18:12:57 INFO serializeLogger: [CreationPYRE]EndAt:1477959177781,Parent RDD ID:11,Name:UnionRDD,TaskAttempt ID:23,Partition Id:11,Stage Id:3
16/10/31 18:12:57 INFO serializeLogger: [CreationPYRE]EndAt:1477959177781,Parent RDD ID:11,Name:UnionRDD,TaskAttempt ID:39,Partition Id:27,Stage Id:3
16/10/31 18:12:57 INFO serializeLogger: [CreationPYRE]EndAt:1477959177781,Parent RDD ID:11,Name:UnionRDD,TaskAttempt ID:71,Partition Id:59,Stage Id:3
16/10/31 18:12:57 INFO serializeLogger: [RunnerCompute]StartAt:1477959177781,Parent RDD ID:11,Name:UnionRDD,TaskAttempt ID:47,Partition Id:35,Stage Id:3
16/10/31 18:12:57 INFO serializeLogger: [RunnerCompute]StartAt:1477959177781,Parent RDD ID:11,Name:UnionRDD,TaskAttempt ID:71,Partition Id:59,Stage Id:3
16/10/31 18:12:57 INFO serializeLogger: [RunnerCompute]StartAt:1477959177781,Parent RDD ID:11,Name:UnionRDD,TaskAttempt ID:63,Partition Id:51,Stage Id:3
16/10/31 18:12:57 INFO serializeLogger: [CreationPYRE]EndAt:1477959177781,Parent RDD ID:11,Name:UnionRDD,TaskAttempt ID:27,Partition Id:15,Stage Id:3
16/10/31 18:12:57 INFO serializeLogger: [RunnerCompute]StartAt:1477959177781,Parent RDD ID:11,Name:UnionRDD,TaskAttempt ID:31,Partition Id:19,Stage Id:3
16/10/31 18:12:57 INFO serializeLogger: [CreationPYRE]EndAt:1477959177782,Parent RDD ID:8,Name:ParallelCollectionRDD,TaskAttempt ID:19,Partition Id:7,Stage Id:3
16/10/31 18:12:57 INFO serializeLogger: [CreationPYRE]EndAt:1477959177782,Parent RDD ID:11,Name:UnionRDD,TaskAttempt ID:59,Partition Id:47,Stage Id:3
16/10/31 18:12:57 INFO serializeLogger: [RunnerCompute]StartAt:1477959177782,Parent RDD ID:11,Name:UnionRDD,TaskAttempt ID:59,Partition Id:47,Stage Id:3
16/10/31 18:12:57 INFO serializeLogger: [CreationPYRE]StartAt:1477959177783,Parent RDD ID:7,Name:MapPartitionedRDD,TaskAttempt ID:15,Partition Id:2,Stage Id:3
16/10/31 18:12:57 INFO serializeLogger: [RunnerCompute]StartAt:1477959177783,Parent RDD ID:8,Name:ParallelCollectionRDD,TaskAttempt ID:19,Partition Id:7,Stage Id:3
16/10/31 18:12:57 INFO serializeLogger: [RunnerCompute]StartAt:1477959177784,Parent RDD ID:11,Name:UnionRDD,TaskAttempt ID:27,Partition Id:15,Stage Id:3
16/10/31 18:12:57 INFO serializeLogger: [RunnerCompute]StartAt:1477959177785,Parent RDD ID:11,Name:UnionRDD,TaskAttempt ID:39,Partition Id:27,Stage Id:3
16/10/31 18:12:57 INFO serializeLogger: [CreationPYRE]StartAt:1477959177785,Parent RDD ID:8,Name:ParallelCollectionRDD,TaskAttempt ID:51,Partition Id:39,Stage Id:3
16/10/31 18:12:57 INFO serializeLogger: [RunnerCompute]StartAt:1477959177785,Parent RDD ID:11,Name:UnionRDD,TaskAttempt ID:23,Partition Id:11,Stage Id:3
16/10/31 18:12:57 INFO serializeLogger: [CreationPYRE]StartAt:1477959177785,Parent RDD ID:11,Name:UnionRDD,TaskAttempt ID:75,Partition Id:63,Stage Id:3
16/10/31 18:12:57 INFO serializeLogger: [CreationPYRE]EndAt:1477959177785,Parent RDD ID:11,Name:UnionRDD,TaskAttempt ID:75,Partition Id:63,Stage Id:3
16/10/31 18:12:57 INFO serializeLogger: [CreationPYRE]EndAt:1477959177786,Parent RDD ID:8,Name:ParallelCollectionRDD,TaskAttempt ID:51,Partition Id:39,Stage Id:3
16/10/31 18:12:57 INFO serializeLogger: [CreationPYRE]StartAt:1477959177786,Parent RDD ID:8,Name:ParallelCollectionRDD,TaskAttempt ID:71,Partition Id:59,Stage Id:3
16/10/31 18:12:57 INFO serializeLogger: [CreationPYRE]StartAt:1477959177787,Parent RDD ID:8,Name:ParallelCollectionRDD,TaskAttempt ID:43,Partition Id:31,Stage Id:3
16/10/31 18:12:57 INFO serializeLogger: [CreationPYRE]EndAt:1477959177787,Parent RDD ID:8,Name:ParallelCollectionRDD,TaskAttempt ID:71,Partition Id:59,Stage Id:3
16/10/31 18:12:57 INFO serializeLogger: [CreationPYRE]EndAt:1477959177787,Parent RDD ID:8,Name:ParallelCollectionRDD,TaskAttempt ID:43,Partition Id:31,Stage Id:3
16/10/31 18:12:57 INFO serializeLogger: [RunnerCompute]StartAt:1477959177787,Parent RDD ID:8,Name:ParallelCollectionRDD,TaskAttempt ID:43,Partition Id:31,Stage Id:3
16/10/31 18:12:57 INFO serializeLogger: [CreationPYRE]StartAt:1477959177788,Parent RDD ID:8,Name:ParallelCollectionRDD,TaskAttempt ID:67,Partition Id:55,Stage Id:3
16/10/31 18:12:57 INFO serializeLogger: [CreationPYRE]EndAt:1477959177788,Parent RDD ID:7,Name:MapPartitionedRDD,TaskAttempt ID:15,Partition Id:2,Stage Id:3
16/10/31 18:12:57 INFO serializeLogger: [RunnerCompute]StartAt:1477959177788,Parent RDD ID:7,Name:MapPartitionedRDD,TaskAttempt ID:15,Partition Id:2,Stage Id:3
16/10/31 18:12:57 INFO serializeLogger: [CreationPYRE]StartAt:1477959177789,Parent RDD ID:11,Name:UnionRDD,TaskAttempt ID:55,Partition Id:43,Stage Id:3
16/10/31 18:12:57 INFO serializeLogger: [CreationPYRE]StartAt:1477959177789,Parent RDD ID:8,Name:ParallelCollectionRDD,TaskAttempt ID:31,Partition Id:19,Stage Id:3
16/10/31 18:12:57 INFO serializeLogger: [CreationPYRE]EndAt:1477959177790,Parent RDD ID:8,Name:ParallelCollectionRDD,TaskAttempt ID:67,Partition Id:55,Stage Id:3
16/10/31 18:12:57 INFO serializeLogger: [RunnerCompute]StartAt:1477959177791,Parent RDD ID:8,Name:ParallelCollectionRDD,TaskAttempt ID:71,Partition Id:59,Stage Id:3
16/10/31 18:12:57 INFO serializeLogger: [RunnerCompute]StartAt:1477959177792,Parent RDD ID:8,Name:ParallelCollectionRDD,TaskAttempt ID:51,Partition Id:39,Stage Id:3
16/10/31 18:12:57 INFO serializeLogger: [RunnerCompute]StartAt:1477959177792,Parent RDD ID:11,Name:UnionRDD,TaskAttempt ID:75,Partition Id:63,Stage Id:3
16/10/31 18:12:57 INFO serializeLogger: [CreationPYRE]StartAt:1477959177793,Parent RDD ID:8,Name:ParallelCollectionRDD,TaskAttempt ID:47,Partition Id:35,Stage Id:3
16/10/31 18:12:57 INFO serializeLogger: [CreationPYRE]StartAt:1477959177793,Parent RDD ID:8,Name:ParallelCollectionRDD,TaskAttempt ID:39,Partition Id:27,Stage Id:3
16/10/31 18:12:57 INFO serializeLogger: [CreationPYRE]StartAt:1477959177793,Parent RDD ID:8,Name:ParallelCollectionRDD,TaskAttempt ID:63,Partition Id:51,Stage Id:3
16/10/31 18:12:57 INFO serializeLogger: [RunnerCompute]StartAt:1477959177793,Parent RDD ID:8,Name:ParallelCollectionRDD,TaskAttempt ID:67,Partition Id:55,Stage Id:3
16/10/31 18:12:57 INFO serializeLogger: [CreationPYRE]EndAt:1477959177794,Parent RDD ID:8,Name:ParallelCollectionRDD,TaskAttempt ID:31,Partition Id:19,Stage Id:3
16/10/31 18:12:57 INFO serializeLogger: [CreationPYRE]EndAt:1477959177794,Parent RDD ID:11,Name:UnionRDD,TaskAttempt ID:55,Partition Id:43,Stage Id:3
16/10/31 18:12:57 INFO serializeLogger: [RunnerCompute]StartAt:1477959177794,Parent RDD ID:8,Name:ParallelCollectionRDD,TaskAttempt ID:31,Partition Id:19,Stage Id:3
16/10/31 18:12:57 INFO serializeLogger: [CreationPYRE]StartAt:1477959177794,Parent RDD ID:8,Name:ParallelCollectionRDD,TaskAttempt ID:59,Partition Id:47,Stage Id:3
16/10/31 18:12:57 INFO serializeLogger: [CreationPYRE]EndAt:1477959177795,Parent RDD ID:8,Name:ParallelCollectionRDD,TaskAttempt ID:59,Partition Id:47,Stage Id:3
16/10/31 18:12:57 INFO serializeLogger: [CreationPYRE]StartAt:1477959177795,Parent RDD ID:8,Name:ParallelCollectionRDD,TaskAttempt ID:27,Partition Id:15,Stage Id:3
16/10/31 18:12:57 INFO serializeLogger: [CreationPYRE]EndAt:1477959177795,Parent RDD ID:8,Name:ParallelCollectionRDD,TaskAttempt ID:63,Partition Id:51,Stage Id:3
16/10/31 18:12:57 INFO serializeLogger: [CreationPYRE]EndAt:1477959177795,Parent RDD ID:8,Name:ParallelCollectionRDD,TaskAttempt ID:39,Partition Id:27,Stage Id:3
16/10/31 18:12:57 INFO serializeLogger: [CreationPYRE]EndAt:1477959177796,Parent RDD ID:8,Name:ParallelCollectionRDD,TaskAttempt ID:47,Partition Id:35,Stage Id:3
16/10/31 18:12:57 INFO serializeLogger: [CreationPYRE]StartAt:1477959177797,Parent RDD ID:8,Name:ParallelCollectionRDD,TaskAttempt ID:35,Partition Id:23,Stage Id:3
16/10/31 18:12:57 INFO serializeLogger: [RunnerCompute]StartAt:1477959177798,Parent RDD ID:8,Name:ParallelCollectionRDD,TaskAttempt ID:47,Partition Id:35,Stage Id:3
16/10/31 18:12:57 INFO serializeLogger: [RunnerCompute]StartAt:1477959177798,Parent RDD ID:8,Name:ParallelCollectionRDD,TaskAttempt ID:39,Partition Id:27,Stage Id:3
16/10/31 18:12:57 INFO serializeLogger: [RunnerCompute]StartAt:1477959177798,Parent RDD ID:8,Name:ParallelCollectionRDD,TaskAttempt ID:63,Partition Id:51,Stage Id:3
16/10/31 18:12:57 INFO serializeLogger: [CreationPYRE]EndAt:1477959177799,Parent RDD ID:8,Name:ParallelCollectionRDD,TaskAttempt ID:27,Partition Id:15,Stage Id:3
16/10/31 18:12:57 INFO serializeLogger: [RunnerCompute]StartAt:1477959177799,Parent RDD ID:8,Name:ParallelCollectionRDD,TaskAttempt ID:59,Partition Id:47,Stage Id:3
16/10/31 18:12:57 INFO serializeLogger: [RunnerCompute]StartAt:1477959177800,Parent RDD ID:8,Name:ParallelCollectionRDD,TaskAttempt ID:27,Partition Id:15,Stage Id:3
16/10/31 18:12:57 INFO serializeLogger: [RunnerCompute]StartAt:1477959177800,Parent RDD ID:11,Name:UnionRDD,TaskAttempt ID:55,Partition Id:43,Stage Id:3
16/10/31 18:12:57 INFO serializeLogger: [CreationPYRE]StartAt:1477959177801,Parent RDD ID:8,Name:ParallelCollectionRDD,TaskAttempt ID:75,Partition Id:63,Stage Id:3
16/10/31 18:12:57 INFO serializeLogger: [CreationPYRE]StartAt:1477959177802,Parent RDD ID:8,Name:ParallelCollectionRDD,TaskAttempt ID:23,Partition Id:11,Stage Id:3
16/10/31 18:12:57 INFO serializeLogger: [CreationPYRE]EndAt:1477959177802,Parent RDD ID:8,Name:ParallelCollectionRDD,TaskAttempt ID:35,Partition Id:23,Stage Id:3
16/10/31 18:12:57 INFO serializeLogger: [CreationPYRE]EndAt:1477959177803,Parent RDD ID:8,Name:ParallelCollectionRDD,TaskAttempt ID:75,Partition Id:63,Stage Id:3
16/10/31 18:12:57 INFO serializeLogger: [RunnerCompute]StartAt:1477959177804,Parent RDD ID:8,Name:ParallelCollectionRDD,TaskAttempt ID:75,Partition Id:63,Stage Id:3
16/10/31 18:12:57 INFO serializeLogger: [RunnerCompute]StartAt:1477959177809,Parent RDD ID:8,Name:ParallelCollectionRDD,TaskAttempt ID:35,Partition Id:23,Stage Id:3
16/10/31 18:12:57 INFO serializeLogger: [CreationPYRE]EndAt:1477959177809,Parent RDD ID:8,Name:ParallelCollectionRDD,TaskAttempt ID:23,Partition Id:11,Stage Id:3
16/10/31 18:12:57 INFO serializeLogger: [RunnerCompute]StartAt:1477959177810,Parent RDD ID:8,Name:ParallelCollectionRDD,TaskAttempt ID:23,Partition Id:11,Stage Id:3
16/10/31 18:12:57 INFO serializeLogger: [CreationPYRE]StartAt:1477959177811,Parent RDD ID:8,Name:ParallelCollectionRDD,TaskAttempt ID:55,Partition Id:43,Stage Id:3
16/10/31 18:12:57 INFO serializeLogger: [CreationPYRE]EndAt:1477959177812,Parent RDD ID:8,Name:ParallelCollectionRDD,TaskAttempt ID:55,Partition Id:43,Stage Id:3
16/10/31 18:12:57 INFO serializeLogger: [RunnerCompute]StartAt:1477959177813,Parent RDD ID:8,Name:ParallelCollectionRDD,TaskAttempt ID:55,Partition Id:43,Stage Id:3
16/10/31 18:12:57 INFO serializeLogger: [writerThread]StartAt:1477959177856,Parent RDD ID:8,Name:ParallelCollectionRDD,TaskAttempt ID:71,Partition Id:59,Stage Id:3
16/10/31 18:12:57 INFO serializeLogger: [writerThread]StartAt:1477959177878,Parent RDD ID:8,Name:ParallelCollectionRDD,TaskAttempt ID:39,Partition Id:27,Stage Id:3
16/10/31 18:12:57 INFO serializeLogger: [writerThread]StartAt:1477959177893,Parent RDD ID:8,Name:ParallelCollectionRDD,TaskAttempt ID:19,Partition Id:7,Stage Id:3
16/10/31 18:12:57 INFO serializeLogger: [writerThread]StartAt:1477959177907,Parent RDD ID:8,Name:ParallelCollectionRDD,TaskAttempt ID:43,Partition Id:31,Stage Id:3
16/10/31 18:12:57 INFO serializeLogger: [writerThread]StartAt:1477959177953,Parent RDD ID:8,Name:ParallelCollectionRDD,TaskAttempt ID:67,Partition Id:55,Stage Id:3
16/10/31 18:12:57 INFO serializeLogger: [writerThread]StartAt:1477959177973,Parent RDD ID:8,Name:ParallelCollectionRDD,TaskAttempt ID:31,Partition Id:19,Stage Id:3
16/10/31 18:12:57 INFO serializeLogger: [writerThread]StartAt:1477959177993,Parent RDD ID:8,Name:ParallelCollectionRDD,TaskAttempt ID:27,Partition Id:15,Stage Id:3
16/10/31 18:12:57 INFO serializeLogger: [RunnerCompute]EndAt:1477959177993,Parent RDD ID:8,Name:ParallelCollectionRDD,TaskAttempt ID:71,Partition Id:59,Stage Id:3
16/10/31 18:12:57 INFO serializeLogger: [RunnerCompute]EndAt:1477959177994,Parent RDD ID:8,Name:ParallelCollectionRDD,TaskAttempt ID:43,Partition Id:31,Stage Id:3
16/10/31 18:12:57 INFO serializeLogger: [RunnerCompute]EndAt:1477959177996,Parent RDD ID:8,Name:ParallelCollectionRDD,TaskAttempt ID:39,Partition Id:27,Stage Id:3
16/10/31 18:12:57 INFO serializeLogger: [RunnerCompute]EndAt:1477959177995,Parent RDD ID:8,Name:ParallelCollectionRDD,TaskAttempt ID:19,Partition Id:7,Stage Id:3
16/10/31 18:12:57 INFO serializeLogger: [RunnerCompute]EndAt:1477959177999,Parent RDD ID:8,Name:ParallelCollectionRDD,TaskAttempt ID:67,Partition Id:55,Stage Id:3
16/10/31 18:12:58 INFO serializeLogger: [writerThread]StartAt:1477959178001,Parent RDD ID:8,Name:ParallelCollectionRDD,TaskAttempt ID:23,Partition Id:11,Stage Id:3
16/10/31 18:12:58 INFO serializeLogger: [writerThread]StartAt:1477959178003,Parent RDD ID:8,Name:ParallelCollectionRDD,TaskAttempt ID:55,Partition Id:43,Stage Id:3
16/10/31 18:12:58 INFO serializeLogger: [writerThread]StartAt:1477959178002,Parent RDD ID:11,Name:UnionRDD,TaskAttempt ID:71,Partition Id:59,Stage Id:3
16/10/31 18:12:58 INFO serializeLogger: [writerThread]StartAt:1477959178003,Parent RDD ID:8,Name:ParallelCollectionRDD,TaskAttempt ID:63,Partition Id:51,Stage Id:3
16/10/31 18:12:58 INFO serializeLogger: [writerThread]StartAt:1477959178002,Parent RDD ID:8,Name:ParallelCollectionRDD,TaskAttempt ID:75,Partition Id:63,Stage Id:3
16/10/31 18:12:58 INFO serializeLogger: [writerThread]StartAt:1477959178014,Parent RDD ID:8,Name:ParallelCollectionRDD,TaskAttempt ID:47,Partition Id:35,Stage Id:3
16/10/31 18:12:58 INFO serializeLogger: [writerThread]StartAt:1477959178031,Parent RDD ID:8,Name:ParallelCollectionRDD,TaskAttempt ID:35,Partition Id:23,Stage Id:3
16/10/31 18:12:58 INFO serializeLogger: [writerThread]StartAt:1477959178054,Parent RDD ID:8,Name:ParallelCollectionRDD,TaskAttempt ID:51,Partition Id:39,Stage Id:3
16/10/31 18:12:58 INFO serializeLogger: [RunnerCompute]EndAt:1477959178054,Parent RDD ID:8,Name:ParallelCollectionRDD,TaskAttempt ID:31,Partition Id:19,Stage Id:3
16/10/31 18:12:58 INFO serializeLogger: [RunnerCompute]EndAt:1477959178070,Parent RDD ID:8,Name:ParallelCollectionRDD,TaskAttempt ID:47,Partition Id:35,Stage Id:3
16/10/31 18:12:58 INFO serializeLogger: [writerThread]StartAt:1477959178071,Parent RDD ID:8,Name:ParallelCollectionRDD,TaskAttempt ID:59,Partition Id:47,Stage Id:3
16/10/31 18:12:58 INFO serializeLogger: [RunnerCompute]EndAt:1477959178073,Parent RDD ID:8,Name:ParallelCollectionRDD,TaskAttempt ID:55,Partition Id:43,Stage Id:3
16/10/31 18:12:58 INFO serializeLogger: [RunnerCompute]EndAt:1477959178074,Parent RDD ID:8,Name:ParallelCollectionRDD,TaskAttempt ID:35,Partition Id:23,Stage Id:3
16/10/31 18:12:58 INFO serializeLogger: [RunnerCompute]EndAt:1477959178074,Parent RDD ID:8,Name:ParallelCollectionRDD,TaskAttempt ID:23,Partition Id:11,Stage Id:3
16/10/31 18:12:58 INFO serializeLogger: [RunnerCompute]EndAt:1477959178075,Parent RDD ID:8,Name:ParallelCollectionRDD,TaskAttempt ID:27,Partition Id:15,Stage Id:3
16/10/31 18:12:58 INFO serializeLogger: [writerThread]StartAt:1477959178077,Parent RDD ID:11,Name:UnionRDD,TaskAttempt ID:55,Partition Id:43,Stage Id:3
16/10/31 18:12:58 INFO serializeLogger: [writerThread]StartAt:1477959178078,Parent RDD ID:7,Name:MapPartitionedRDD,TaskAttempt ID:15,Partition Id:2,Stage Id:3
16/10/31 18:12:58 INFO serializeLogger: [writerThread]StartAt:1477959178079,Parent RDD ID:11,Name:UnionRDD,TaskAttempt ID:31,Partition Id:19,Stage Id:3
16/10/31 18:12:58 INFO serializeLogger: [writerThread]StartAt:1477959178095,Parent RDD ID:11,Name:UnionRDD,TaskAttempt ID:67,Partition Id:55,Stage Id:3
16/10/31 18:12:58 INFO serializeLogger: [writerThread]StartAt:1477959178115,Parent RDD ID:11,Name:UnionRDD,TaskAttempt ID:39,Partition Id:27,Stage Id:3
16/10/31 18:12:58 INFO serializeLogger: [RunnerCompute]EndAt:1477959178127,Parent RDD ID:8,Name:ParallelCollectionRDD,TaskAttempt ID:63,Partition Id:51,Stage Id:3
16/10/31 18:12:58 INFO serializeLogger: [writerThread]StartAt:1477959178130,Parent RDD ID:11,Name:UnionRDD,TaskAttempt ID:19,Partition Id:7,Stage Id:3
16/10/31 18:12:58 INFO serializeLogger: [RunnerCompute]EndAt:1477959178164,Parent RDD ID:11,Name:UnionRDD,TaskAttempt ID:19,Partition Id:7,Stage Id:3
16/10/31 18:12:58 INFO serializeLogger: [writerThread]StartAt:1477959178164,Parent RDD ID:11,Name:UnionRDD,TaskAttempt ID:43,Partition Id:31,Stage Id:3
16/10/31 18:12:58 INFO serializeLogger: [RunnerCompute]EndAt:1477959178165,Parent RDD ID:11,Name:UnionRDD,TaskAttempt ID:71,Partition Id:59,Stage Id:3
16/10/31 18:12:58 INFO serializeLogger: [RunnerCompute]EndAt:1477959178167,Parent RDD ID:11,Name:UnionRDD,TaskAttempt ID:55,Partition Id:43,Stage Id:3
16/10/31 18:12:58 INFO serializeLogger: [RunnerCompute]EndAt:1477959178168,Parent RDD ID:11,Name:UnionRDD,TaskAttempt ID:39,Partition Id:27,Stage Id:3
16/10/31 18:12:58 INFO serializeLogger: [RunnerCompute]EndAt:1477959178170,Parent RDD ID:8,Name:ParallelCollectionRDD,TaskAttempt ID:59,Partition Id:47,Stage Id:3
16/10/31 18:12:58 INFO serializeLogger: [RunnerCompute]EndAt:1477959178170,Parent RDD ID:8,Name:ParallelCollectionRDD,TaskAttempt ID:75,Partition Id:63,Stage Id:3
16/10/31 18:12:58 INFO serializeLogger: [RunnerCompute]EndAt:1477959178171,Parent RDD ID:8,Name:ParallelCollectionRDD,TaskAttempt ID:51,Partition Id:39,Stage Id:3
16/10/31 18:12:58 INFO serializeLogger: [writerThread]StartAt:1477959178171,Parent RDD ID:11,Name:UnionRDD,TaskAttempt ID:63,Partition Id:51,Stage Id:3
16/10/31 18:12:58 INFO serializeLogger: [writerThread]StartAt:1477959178172,Parent RDD ID:11,Name:UnionRDD,TaskAttempt ID:27,Partition Id:15,Stage Id:3
16/10/31 18:12:58 INFO serializeLogger: [RunnerCompute]EndAt:1477959178209,Parent RDD ID:11,Name:UnionRDD,TaskAttempt ID:43,Partition Id:31,Stage Id:3
16/10/31 18:12:58 INFO serializeLogger: [RunnerCompute]EndAt:1477959178209,Parent RDD ID:11,Name:UnionRDD,TaskAttempt ID:67,Partition Id:55,Stage Id:3
16/10/31 18:12:58 INFO serializeLogger: [writerThread]EndAt:1477959178210,Parent RDD ID:11,Name:UnionRDD,TaskAttempt ID:55,Partition Id:43,Stage Id:3
16/10/31 18:12:58 INFO serializeLogger: [writerThread]EndAt:1477959178210,Parent RDD ID:11,Name:UnionRDD,TaskAttempt ID:39,Partition Id:27,Stage Id:3
16/10/31 18:12:58 INFO serializeLogger: [writerThread]StartAt:1477959178211,Parent RDD ID:11,Name:UnionRDD,TaskAttempt ID:51,Partition Id:39,Stage Id:3
16/10/31 18:12:58 INFO serializeLogger: [writerThread]EndAt:1477959178211,Parent RDD ID:11,Name:UnionRDD,TaskAttempt ID:19,Partition Id:7,Stage Id:3
16/10/31 18:12:58 INFO serializeLogger: [writerThread]EndAt:1477959178213,Parent RDD ID:11,Name:UnionRDD,TaskAttempt ID:71,Partition Id:59,Stage Id:3
16/10/31 18:12:58 INFO serializeLogger: [writerThread]StartAt:1477959178215,Parent RDD ID:11,Name:UnionRDD,TaskAttempt ID:47,Partition Id:35,Stage Id:3
16/10/31 18:12:58 INFO serializeLogger: [writerThread]StartAt:1477959178216,Parent RDD ID:11,Name:UnionRDD,TaskAttempt ID:35,Partition Id:23,Stage Id:3
16/10/31 18:12:58 INFO serializeLogger: [writerThread]StartAt:1477959178216,Parent RDD ID:11,Name:UnionRDD,TaskAttempt ID:23,Partition Id:11,Stage Id:3
16/10/31 18:12:58 INFO serializeLogger: [writerThread]StartAt:1477959178215,Parent RDD ID:11,Name:UnionRDD,TaskAttempt ID:59,Partition Id:47,Stage Id:3
16/10/31 18:12:58 INFO serializeLogger: [writerThread]EndAt:1477959178218,Parent RDD ID:11,Name:UnionRDD,TaskAttempt ID:67,Partition Id:55,Stage Id:3
16/10/31 18:12:58 INFO serializeLogger: [writerThread]EndAt:1477959178219,Parent RDD ID:11,Name:UnionRDD,TaskAttempt ID:43,Partition Id:31,Stage Id:3
16/10/31 18:12:58 INFO serializeLogger: [writerThread]StartAt:1477959178221,Parent RDD ID:11,Name:UnionRDD,TaskAttempt ID:75,Partition Id:63,Stage Id:3
16/10/31 18:12:58 INFO serializeLogger: [writerThread]EndAt:1477959178222,Parent RDD ID:8,Name:ParallelCollectionRDD,TaskAttempt ID:19,Partition Id:7,Stage Id:3
16/10/31 18:12:58 INFO serializeLogger: [writerThread]EndAt:1477959178222,Parent RDD ID:8,Name:ParallelCollectionRDD,TaskAttempt ID:39,Partition Id:27,Stage Id:3
16/10/31 18:12:58 INFO serializeLogger: [writerThread]EndAt:1477959178223,Parent RDD ID:8,Name:ParallelCollectionRDD,TaskAttempt ID:71,Partition Id:59,Stage Id:3
16/10/31 18:12:58 INFO serializeLogger: [RunnerCompute]EndAt:1477959178235,Parent RDD ID:11,Name:UnionRDD,TaskAttempt ID:27,Partition Id:15,Stage Id:3
16/10/31 18:12:58 INFO serializeLogger: [RunnerCompute]EndAt:1477959178235,Parent RDD ID:11,Name:UnionRDD,TaskAttempt ID:31,Partition Id:19,Stage Id:3
16/10/31 18:12:58 INFO serializeLogger: [writerThread]EndAt:1477959178225,Parent RDD ID:8,Name:ParallelCollectionRDD,TaskAttempt ID:55,Partition Id:43,Stage Id:3
16/10/31 18:12:58 INFO serializeLogger: [writerThread]EndAt:1477959178238,Parent RDD ID:11,Name:UnionRDD,TaskAttempt ID:27,Partition Id:15,Stage Id:3
16/10/31 18:12:58 INFO serializeLogger: [RunnerCompute]EndAt:1477959178246,Parent RDD ID:11,Name:UnionRDD,TaskAttempt ID:51,Partition Id:39,Stage Id:3
16/10/31 18:12:58 INFO serializeLogger: [writerThread]EndAt:1477959178250,Parent RDD ID:11,Name:UnionRDD,TaskAttempt ID:51,Partition Id:39,Stage Id:3
16/10/31 18:12:58 INFO serializeLogger: [writerThread]EndAt:1477959178256,Parent RDD ID:8,Name:ParallelCollectionRDD,TaskAttempt ID:43,Partition Id:31,Stage Id:3
16/10/31 18:12:58 INFO serializeLogger: [writerThread]EndAt:1477959178256,Parent RDD ID:8,Name:ParallelCollectionRDD,TaskAttempt ID:67,Partition Id:55,Stage Id:3
16/10/31 18:12:58 INFO serializeLogger: [writerThread]EndAt:1477959178272,Parent RDD ID:8,Name:ParallelCollectionRDD,TaskAttempt ID:27,Partition Id:15,Stage Id:3
16/10/31 18:12:58 INFO serializeLogger: [RunnerCompute]EndAt:1477959178274,Parent RDD ID:11,Name:UnionRDD,TaskAttempt ID:75,Partition Id:63,Stage Id:3
16/10/31 18:12:58 INFO serializeLogger: [writerThread]EndAt:1477959178279,Parent RDD ID:8,Name:ParallelCollectionRDD,TaskAttempt ID:51,Partition Id:39,Stage Id:3
16/10/31 18:12:58 INFO serializeLogger: [writerThread]EndAt:1477959178283,Parent RDD ID:11,Name:UnionRDD,TaskAttempt ID:75,Partition Id:63,Stage Id:3
16/10/31 18:12:58 INFO serializeLogger: [writerThread]EndAt:1477959178283,Parent RDD ID:8,Name:ParallelCollectionRDD,TaskAttempt ID:75,Partition Id:63,Stage Id:3
16/10/31 18:12:58 INFO serializeLogger: [writerThread]EndAt:1477959178295,Parent RDD ID:11,Name:UnionRDD,TaskAttempt ID:31,Partition Id:19,Stage Id:3
16/10/31 18:12:58 INFO serializeLogger: [writerThread]EndAt:1477959178295,Parent RDD ID:8,Name:ParallelCollectionRDD,TaskAttempt ID:31,Partition Id:19,Stage Id:3
16/10/31 18:12:58 INFO serializeLogger: [RunnerCompute]EndAt:1477959178302,Parent RDD ID:11,Name:UnionRDD,TaskAttempt ID:23,Partition Id:11,Stage Id:3
16/10/31 18:12:58 INFO serializeLogger: [RunnerCompute]EndAt:1477959178303,Parent RDD ID:11,Name:UnionRDD,TaskAttempt ID:59,Partition Id:47,Stage Id:3
16/10/31 18:12:58 INFO serializeLogger: [writerThread]EndAt:1477959178305,Parent RDD ID:11,Name:UnionRDD,TaskAttempt ID:23,Partition Id:11,Stage Id:3
16/10/31 18:12:58 INFO serializeLogger: [writerThread]EndAt:1477959178305,Parent RDD ID:8,Name:ParallelCollectionRDD,TaskAttempt ID:23,Partition Id:11,Stage Id:3
16/10/31 18:12:58 INFO serializeLogger: [writerThread]EndAt:1477959178306,Parent RDD ID:11,Name:UnionRDD,TaskAttempt ID:59,Partition Id:47,Stage Id:3
16/10/31 18:12:58 INFO serializeLogger: [writerThread]EndAt:1477959178306,Parent RDD ID:8,Name:ParallelCollectionRDD,TaskAttempt ID:59,Partition Id:47,Stage Id:3
16/10/31 18:12:58 INFO serializeLogger: [RunnerCompute]EndAt:1477959178308,Parent RDD ID:11,Name:UnionRDD,TaskAttempt ID:47,Partition Id:35,Stage Id:3
16/10/31 18:12:58 INFO serializeLogger: [RunnerCompute]EndAt:1477959178329,Parent RDD ID:11,Name:UnionRDD,TaskAttempt ID:35,Partition Id:23,Stage Id:3
16/10/31 18:12:58 INFO serializeLogger: [writerThread]EndAt:1477959178332,Parent RDD ID:11,Name:UnionRDD,TaskAttempt ID:35,Partition Id:23,Stage Id:3
16/10/31 18:12:58 INFO serializeLogger: [writerThread]EndAt:1477959178332,Parent RDD ID:8,Name:ParallelCollectionRDD,TaskAttempt ID:35,Partition Id:23,Stage Id:3
16/10/31 18:12:58 INFO serializeLogger: [writerThread]EndAt:1477959178334,Parent RDD ID:11,Name:UnionRDD,TaskAttempt ID:47,Partition Id:35,Stage Id:3
16/10/31 18:12:58 INFO serializeLogger: [writerThread]EndAt:1477959178334,Parent RDD ID:8,Name:ParallelCollectionRDD,TaskAttempt ID:47,Partition Id:35,Stage Id:3
16/10/31 18:12:58 INFO serializeLogger: [RunnerCompute]EndAt:1477959178359,Parent RDD ID:11,Name:UnionRDD,TaskAttempt ID:63,Partition Id:51,Stage Id:3
16/10/31 18:12:58 INFO serializeLogger: [writerThread]EndAt:1477959178393,Parent RDD ID:11,Name:UnionRDD,TaskAttempt ID:63,Partition Id:51,Stage Id:3
16/10/31 18:12:58 INFO serializeLogger: [writerThread]EndAt:1477959178393,Parent RDD ID:8,Name:ParallelCollectionRDD,TaskAttempt ID:63,Partition Id:51,Stage Id:3
16/10/31 18:13:16 INFO serializeLogger: [RunnerCompute]EndAt:1477959196017,Parent RDD ID:7,Name:MapPartitionedRDD,TaskAttempt ID:15,Partition Id:2,Stage Id:3
16/10/31 18:13:16 INFO serializeLogger: [writerThread]StartAt:1477959196021,Parent RDD ID:11,Name:UnionRDD,TaskAttempt ID:15,Partition Id:2,Stage Id:3
16/10/31 18:13:34 INFO serializeLogger: [RunnerCompute]EndAt:1477959214443,Parent RDD ID:11,Name:UnionRDD,TaskAttempt ID:15,Partition Id:2,Stage Id:3
16/10/31 18:13:35 INFO serializeLogger: [writerThread]EndAt:1477959215629,Parent RDD ID:11,Name:UnionRDD,TaskAttempt ID:15,Partition Id:2,Stage Id:3
16/10/31 18:13:35 INFO serializeLogger: [writerThread]EndAt:1477959215630,Parent RDD ID:7,Name:MapPartitionedRDD,TaskAttempt ID:15,Partition Id:2,Stage Id:3
16/10/31 18:13:36 INFO serializeLogger: [CreationPYRE]StartAt:1477959216851,Parent RDD ID:18,Name:UnionRDD,TaskAttempt ID:87,Partition Id:11,Stage Id:4
16/10/31 18:13:36 INFO serializeLogger: [CreationPYRE]StartAt:1477959216851,Parent RDD ID:18,Name:UnionRDD,TaskAttempt ID:131,Partition Id:55,Stage Id:4
16/10/31 18:13:36 INFO serializeLogger: [CreationPYRE]EndAt:1477959216851,Parent RDD ID:18,Name:UnionRDD,TaskAttempt ID:87,Partition Id:11,Stage Id:4
16/10/31 18:13:36 INFO serializeLogger: [CreationPYRE]EndAt:1477959216851,Parent RDD ID:18,Name:UnionRDD,TaskAttempt ID:131,Partition Id:55,Stage Id:4
16/10/31 18:13:36 INFO serializeLogger: [RunnerCompute]StartAt:1477959216851,Parent RDD ID:18,Name:UnionRDD,TaskAttempt ID:87,Partition Id:11,Stage Id:4
16/10/31 18:13:36 INFO serializeLogger: [RunnerCompute]StartAt:1477959216851,Parent RDD ID:18,Name:UnionRDD,TaskAttempt ID:131,Partition Id:55,Stage Id:4
16/10/31 18:13:36 INFO serializeLogger: [CreationPYRE]StartAt:1477959216854,Parent RDD ID:8,Name:ParallelCollectionRDD,TaskAttempt ID:87,Partition Id:11,Stage Id:4
16/10/31 18:13:36 INFO serializeLogger: [CreationPYRE]EndAt:1477959216854,Parent RDD ID:8,Name:ParallelCollectionRDD,TaskAttempt ID:87,Partition Id:11,Stage Id:4
16/10/31 18:13:36 INFO serializeLogger: [RunnerCompute]StartAt:1477959216854,Parent RDD ID:8,Name:ParallelCollectionRDD,TaskAttempt ID:87,Partition Id:11,Stage Id:4
16/10/31 18:13:36 INFO serializeLogger: [CreationPYRE]StartAt:1477959216855,Parent RDD ID:18,Name:UnionRDD,TaskAttempt ID:135,Partition Id:59,Stage Id:4
16/10/31 18:13:36 INFO serializeLogger: [CreationPYRE]StartAt:1477959216855,Parent RDD ID:18,Name:UnionRDD,TaskAttempt ID:127,Partition Id:51,Stage Id:4
16/10/31 18:13:36 INFO serializeLogger: [CreationPYRE]EndAt:1477959216855,Parent RDD ID:18,Name:UnionRDD,TaskAttempt ID:135,Partition Id:59,Stage Id:4
16/10/31 18:13:36 INFO serializeLogger: [CreationPYRE]StartAt:1477959216856,Parent RDD ID:18,Name:UnionRDD,TaskAttempt ID:119,Partition Id:43,Stage Id:4
16/10/31 18:13:36 INFO serializeLogger: [CreationPYRE]StartAt:1477959216857,Parent RDD ID:8,Name:ParallelCollectionRDD,TaskAttempt ID:131,Partition Id:55,Stage Id:4
16/10/31 18:13:36 INFO serializeLogger: [CreationPYRE]EndAt:1477959216857,Parent RDD ID:8,Name:ParallelCollectionRDD,TaskAttempt ID:131,Partition Id:55,Stage Id:4
16/10/31 18:13:36 INFO serializeLogger: [CreationPYRE]StartAt:1477959216858,Parent RDD ID:18,Name:UnionRDD,TaskAttempt ID:123,Partition Id:47,Stage Id:4
16/10/31 18:13:36 INFO serializeLogger: [CreationPYRE]StartAt:1477959216858,Parent RDD ID:18,Name:UnionRDD,TaskAttempt ID:139,Partition Id:63,Stage Id:4
16/10/31 18:13:36 INFO serializeLogger: [RunnerCompute]StartAt:1477959216858,Parent RDD ID:8,Name:ParallelCollectionRDD,TaskAttempt ID:131,Partition Id:55,Stage Id:4
16/10/31 18:13:36 INFO serializeLogger: [CreationPYRE]EndAt:1477959216859,Parent RDD ID:18,Name:UnionRDD,TaskAttempt ID:119,Partition Id:43,Stage Id:4
16/10/31 18:13:36 INFO serializeLogger: [RunnerCompute]StartAt:1477959216859,Parent RDD ID:18,Name:UnionRDD,TaskAttempt ID:135,Partition Id:59,Stage Id:4
16/10/31 18:13:36 INFO serializeLogger: [CreationPYRE]EndAt:1477959216860,Parent RDD ID:18,Name:UnionRDD,TaskAttempt ID:127,Partition Id:51,Stage Id:4
16/10/31 18:13:36 INFO serializeLogger: [RunnerCompute]StartAt:1477959216860,Parent RDD ID:18,Name:UnionRDD,TaskAttempt ID:119,Partition Id:43,Stage Id:4
16/10/31 18:13:36 INFO serializeLogger: [RunnerCompute]StartAt:1477959216860,Parent RDD ID:18,Name:UnionRDD,TaskAttempt ID:127,Partition Id:51,Stage Id:4
16/10/31 18:13:36 INFO serializeLogger: [CreationPYRE]StartAt:1477959216860,Parent RDD ID:18,Name:UnionRDD,TaskAttempt ID:115,Partition Id:39,Stage Id:4
16/10/31 18:13:36 INFO serializeLogger: [CreationPYRE]EndAt:1477959216861,Parent RDD ID:18,Name:UnionRDD,TaskAttempt ID:139,Partition Id:63,Stage Id:4
16/10/31 18:13:36 INFO serializeLogger: [CreationPYRE]EndAt:1477959216861,Parent RDD ID:18,Name:UnionRDD,TaskAttempt ID:123,Partition Id:47,Stage Id:4
16/10/31 18:13:36 INFO serializeLogger: [CreationPYRE]StartAt:1477959216863,Parent RDD ID:18,Name:UnionRDD,TaskAttempt ID:111,Partition Id:35,Stage Id:4
16/10/31 18:13:36 INFO serializeLogger: [CreationPYRE]EndAt:1477959216863,Parent RDD ID:18,Name:UnionRDD,TaskAttempt ID:115,Partition Id:39,Stage Id:4
16/10/31 18:13:36 INFO serializeLogger: [CreationPYRE]StartAt:1477959216864,Parent RDD ID:18,Name:UnionRDD,TaskAttempt ID:103,Partition Id:27,Stage Id:4
16/10/31 18:13:36 INFO serializeLogger: [CreationPYRE]StartAt:1477959216864,Parent RDD ID:18,Name:UnionRDD,TaskAttempt ID:107,Partition Id:31,Stage Id:4
16/10/31 18:13:36 INFO serializeLogger: [CreationPYRE]StartAt:1477959216865,Parent RDD ID:8,Name:ParallelCollectionRDD,TaskAttempt ID:119,Partition Id:43,Stage Id:4
16/10/31 18:13:36 INFO serializeLogger: [CreationPYRE]EndAt:1477959216865,Parent RDD ID:8,Name:ParallelCollectionRDD,TaskAttempt ID:119,Partition Id:43,Stage Id:4
16/10/31 18:13:36 INFO serializeLogger: [RunnerCompute]StartAt:1477959216865,Parent RDD ID:8,Name:ParallelCollectionRDD,TaskAttempt ID:119,Partition Id:43,Stage Id:4
16/10/31 18:13:36 INFO serializeLogger: [RunnerCompute]StartAt:1477959216866,Parent RDD ID:18,Name:UnionRDD,TaskAttempt ID:115,Partition Id:39,Stage Id:4
16/10/31 18:13:36 INFO serializeLogger: [CreationPYRE]EndAt:1477959216866,Parent RDD ID:18,Name:UnionRDD,TaskAttempt ID:111,Partition Id:35,Stage Id:4
16/10/31 18:13:36 INFO serializeLogger: [RunnerCompute]StartAt:1477959216867,Parent RDD ID:18,Name:UnionRDD,TaskAttempt ID:123,Partition Id:47,Stage Id:4
16/10/31 18:13:36 INFO serializeLogger: [RunnerCompute]StartAt:1477959216867,Parent RDD ID:18,Name:UnionRDD,TaskAttempt ID:139,Partition Id:63,Stage Id:4
16/10/31 18:13:36 INFO serializeLogger: [writerThread]StartAt:1477959216868,Parent RDD ID:8,Name:ParallelCollectionRDD,TaskAttempt ID:131,Partition Id:55,Stage Id:4
16/10/31 18:13:36 INFO serializeLogger: [RunnerCompute]StartAt:1477959216868,Parent RDD ID:18,Name:UnionRDD,TaskAttempt ID:111,Partition Id:35,Stage Id:4
16/10/31 18:13:36 INFO serializeLogger: [CreationPYRE]StartAt:1477959216868,Parent RDD ID:8,Name:ParallelCollectionRDD,TaskAttempt ID:135,Partition Id:59,Stage Id:4
16/10/31 18:13:36 INFO serializeLogger: [writerThread]StartAt:1477959216868,Parent RDD ID:8,Name:ParallelCollectionRDD,TaskAttempt ID:87,Partition Id:11,Stage Id:4
16/10/31 18:13:36 INFO serializeLogger: [CreationPYRE]StartAt:1477959216868,Parent RDD ID:8,Name:ParallelCollectionRDD,TaskAttempt ID:127,Partition Id:51,Stage Id:4
16/10/31 18:13:36 INFO serializeLogger: [CreationPYRE]StartAt:1477959216868,Parent RDD ID:18,Name:UnionRDD,TaskAttempt ID:99,Partition Id:23,Stage Id:4
16/10/31 18:13:36 INFO serializeLogger: [CreationPYRE]EndAt:1477959216870,Parent RDD ID:18,Name:UnionRDD,TaskAttempt ID:107,Partition Id:31,Stage Id:4
16/10/31 18:13:36 INFO serializeLogger: [CreationPYRE]EndAt:1477959216870,Parent RDD ID:18,Name:UnionRDD,TaskAttempt ID:103,Partition Id:27,Stage Id:4
16/10/31 18:13:36 INFO serializeLogger: [RunnerCompute]StartAt:1477959216870,Parent RDD ID:18,Name:UnionRDD,TaskAttempt ID:103,Partition Id:27,Stage Id:4
16/10/31 18:13:36 INFO serializeLogger: [CreationPYRE]EndAt:1477959216870,Parent RDD ID:18,Name:UnionRDD,TaskAttempt ID:99,Partition Id:23,Stage Id:4
16/10/31 18:13:36 INFO serializeLogger: [CreationPYRE]StartAt:1477959216870,Parent RDD ID:18,Name:UnionRDD,TaskAttempt ID:91,Partition Id:15,Stage Id:4
16/10/31 18:13:36 INFO serializeLogger: [RunnerCompute]StartAt:1477959216870,Parent RDD ID:18,Name:UnionRDD,TaskAttempt ID:99,Partition Id:23,Stage Id:4
16/10/31 18:13:36 INFO serializeLogger: [CreationPYRE]EndAt:1477959216871,Parent RDD ID:8,Name:ParallelCollectionRDD,TaskAttempt ID:127,Partition Id:51,Stage Id:4
16/10/31 18:13:36 INFO serializeLogger: [CreationPYRE]EndAt:1477959216871,Parent RDD ID:18,Name:UnionRDD,TaskAttempt ID:91,Partition Id:15,Stage Id:4
16/10/31 18:13:36 INFO serializeLogger: [CreationPYRE]EndAt:1477959216872,Parent RDD ID:8,Name:ParallelCollectionRDD,TaskAttempt ID:135,Partition Id:59,Stage Id:4
16/10/31 18:13:36 INFO serializeLogger: [CreationPYRE]StartAt:1477959216872,Parent RDD ID:8,Name:ParallelCollectionRDD,TaskAttempt ID:115,Partition Id:39,Stage Id:4
16/10/31 18:13:36 INFO serializeLogger: [CreationPYRE]EndAt:1477959216872,Parent RDD ID:8,Name:ParallelCollectionRDD,TaskAttempt ID:115,Partition Id:39,Stage Id:4
16/10/31 18:13:36 INFO serializeLogger: [CreationPYRE]StartAt:1477959216873,Parent RDD ID:8,Name:ParallelCollectionRDD,TaskAttempt ID:123,Partition Id:47,Stage Id:4
16/10/31 18:13:36 INFO serializeLogger: [RunnerCompute]StartAt:1477959216873,Parent RDD ID:8,Name:ParallelCollectionRDD,TaskAttempt ID:115,Partition Id:39,Stage Id:4
16/10/31 18:13:36 INFO serializeLogger: [RunnerCompute]StartAt:1477959216874,Parent RDD ID:8,Name:ParallelCollectionRDD,TaskAttempt ID:135,Partition Id:59,Stage Id:4
16/10/31 18:13:36 INFO serializeLogger: [RunnerCompute]StartAt:1477959216874,Parent RDD ID:18,Name:UnionRDD,TaskAttempt ID:91,Partition Id:15,Stage Id:4
16/10/31 18:13:36 INFO serializeLogger: [RunnerCompute]StartAt:1477959216875,Parent RDD ID:8,Name:ParallelCollectionRDD,TaskAttempt ID:127,Partition Id:51,Stage Id:4
16/10/31 18:13:36 INFO serializeLogger: [CreationPYRE]StartAt:1477959216875,Parent RDD ID:18,Name:UnionRDD,TaskAttempt ID:95,Partition Id:19,Stage Id:4
16/10/31 18:13:36 INFO serializeLogger: [CreationPYRE]StartAt:1477959216876,Parent RDD ID:18,Name:UnionRDD,TaskAttempt ID:83,Partition Id:7,Stage Id:4
16/10/31 18:13:36 INFO serializeLogger: [RunnerCompute]StartAt:1477959216876,Parent RDD ID:18,Name:UnionRDD,TaskAttempt ID:107,Partition Id:31,Stage Id:4
16/10/31 18:13:36 INFO serializeLogger: [CreationPYRE]EndAt:1477959216876,Parent RDD ID:18,Name:UnionRDD,TaskAttempt ID:83,Partition Id:7,Stage Id:4
16/10/31 18:13:36 INFO serializeLogger: [RunnerCompute]StartAt:1477959216876,Parent RDD ID:18,Name:UnionRDD,TaskAttempt ID:83,Partition Id:7,Stage Id:4
16/10/31 18:13:36 INFO serializeLogger: [writerThread]StartAt:1477959216877,Parent RDD ID:8,Name:ParallelCollectionRDD,TaskAttempt ID:119,Partition Id:43,Stage Id:4
16/10/31 18:13:36 INFO serializeLogger: [CreationPYRE]EndAt:1477959216877,Parent RDD ID:18,Name:UnionRDD,TaskAttempt ID:95,Partition Id:19,Stage Id:4
16/10/31 18:13:36 INFO serializeLogger: [RunnerCompute]StartAt:1477959216877,Parent RDD ID:18,Name:UnionRDD,TaskAttempt ID:95,Partition Id:19,Stage Id:4
16/10/31 18:13:36 INFO serializeLogger: [RunnerCompute]EndAt:1477959216878,Parent RDD ID:8,Name:ParallelCollectionRDD,TaskAttempt ID:131,Partition Id:55,Stage Id:4
16/10/31 18:13:36 INFO serializeLogger: [CreationPYRE]EndAt:1477959216879,Parent RDD ID:8,Name:ParallelCollectionRDD,TaskAttempt ID:123,Partition Id:47,Stage Id:4
16/10/31 18:13:36 INFO serializeLogger: [RunnerCompute]StartAt:1477959216880,Parent RDD ID:8,Name:ParallelCollectionRDD,TaskAttempt ID:123,Partition Id:47,Stage Id:4
16/10/31 18:13:36 INFO serializeLogger: [CreationPYRE]StartAt:1477959216881,Parent RDD ID:8,Name:ParallelCollectionRDD,TaskAttempt ID:111,Partition Id:35,Stage Id:4
16/10/31 18:13:36 INFO serializeLogger: [CreationPYRE]StartAt:1477959216881,Parent RDD ID:8,Name:ParallelCollectionRDD,TaskAttempt ID:91,Partition Id:15,Stage Id:4
16/10/31 18:13:36 INFO serializeLogger: [RunnerCompute]EndAt:1477959216882,Parent RDD ID:8,Name:ParallelCollectionRDD,TaskAttempt ID:119,Partition Id:43,Stage Id:4
16/10/31 18:13:36 INFO serializeLogger: [writerThread]StartAt:1477959216881,Parent RDD ID:8,Name:ParallelCollectionRDD,TaskAttempt ID:135,Partition Id:59,Stage Id:4
16/10/31 18:13:36 INFO serializeLogger: [CreationPYRE]StartAt:1477959216882,Parent RDD ID:8,Name:ParallelCollectionRDD,TaskAttempt ID:83,Partition Id:7,Stage Id:4
16/10/31 18:13:36 INFO serializeLogger: [CreationPYRE]StartAt:1477959216883,Parent RDD ID:8,Name:ParallelCollectionRDD,TaskAttempt ID:103,Partition Id:27,Stage Id:4
16/10/31 18:13:36 INFO serializeLogger: [CreationPYRE]StartAt:1477959216883,Parent RDD ID:8,Name:ParallelCollectionRDD,TaskAttempt ID:99,Partition Id:23,Stage Id:4
16/10/31 18:13:36 INFO serializeLogger: [CreationPYRE]EndAt:1477959216883,Parent RDD ID:8,Name:ParallelCollectionRDD,TaskAttempt ID:103,Partition Id:27,Stage Id:4
16/10/31 18:13:36 INFO serializeLogger: [CreationPYRE]EndAt:1477959216884,Parent RDD ID:8,Name:ParallelCollectionRDD,TaskAttempt ID:99,Partition Id:23,Stage Id:4
16/10/31 18:13:36 INFO serializeLogger: [CreationPYRE]EndAt:1477959216884,Parent RDD ID:8,Name:ParallelCollectionRDD,TaskAttempt ID:91,Partition Id:15,Stage Id:4
16/10/31 18:13:36 INFO serializeLogger: [CreationPYRE]StartAt:1477959216885,Parent RDD ID:8,Name:ParallelCollectionRDD,TaskAttempt ID:95,Partition Id:19,Stage Id:4
16/10/31 18:13:36 INFO serializeLogger: [CreationPYRE]EndAt:1477959216885,Parent RDD ID:8,Name:ParallelCollectionRDD,TaskAttempt ID:111,Partition Id:35,Stage Id:4
16/10/31 18:13:36 INFO serializeLogger: [RunnerCompute]StartAt:1477959216885,Parent RDD ID:8,Name:ParallelCollectionRDD,TaskAttempt ID:91,Partition Id:15,Stage Id:4
16/10/31 18:13:36 INFO serializeLogger: [RunnerCompute]StartAt:1477959216886,Parent RDD ID:8,Name:ParallelCollectionRDD,TaskAttempt ID:111,Partition Id:35,Stage Id:4
16/10/31 18:13:36 INFO serializeLogger: [writerThread]StartAt:1477959216887,Parent RDD ID:18,Name:UnionRDD,TaskAttempt ID:131,Partition Id:55,Stage Id:4
16/10/31 18:13:36 INFO serializeLogger: [CreationPYRE]EndAt:1477959216887,Parent RDD ID:8,Name:ParallelCollectionRDD,TaskAttempt ID:95,Partition Id:19,Stage Id:4
16/10/31 18:13:36 INFO serializeLogger: [writerThread]StartAt:1477959216887,Parent RDD ID:8,Name:ParallelCollectionRDD,TaskAttempt ID:115,Partition Id:39,Stage Id:4
16/10/31 18:13:36 INFO serializeLogger: [RunnerCompute]StartAt:1477959216888,Parent RDD ID:8,Name:ParallelCollectionRDD,TaskAttempt ID:99,Partition Id:23,Stage Id:4
16/10/31 18:13:36 INFO serializeLogger: [RunnerCompute]StartAt:1477959216888,Parent RDD ID:8,Name:ParallelCollectionRDD,TaskAttempt ID:103,Partition Id:27,Stage Id:4
16/10/31 18:13:36 INFO serializeLogger: [writerThread]StartAt:1477959216888,Parent RDD ID:8,Name:ParallelCollectionRDD,TaskAttempt ID:127,Partition Id:51,Stage Id:4
16/10/31 18:13:36 INFO serializeLogger: [CreationPYRE]EndAt:1477959216888,Parent RDD ID:8,Name:ParallelCollectionRDD,TaskAttempt ID:83,Partition Id:7,Stage Id:4
16/10/31 18:13:36 INFO serializeLogger: [CreationPYRE]StartAt:1477959216888,Parent RDD ID:8,Name:ParallelCollectionRDD,TaskAttempt ID:107,Partition Id:31,Stage Id:4
16/10/31 18:13:36 INFO serializeLogger: [RunnerCompute]StartAt:1477959216889,Parent RDD ID:8,Name:ParallelCollectionRDD,TaskAttempt ID:95,Partition Id:19,Stage Id:4
16/10/31 18:13:36 INFO serializeLogger: [CreationPYRE]StartAt:1477959216890,Parent RDD ID:8,Name:ParallelCollectionRDD,TaskAttempt ID:139,Partition Id:63,Stage Id:4
16/10/31 18:13:36 INFO serializeLogger: [writerThread]StartAt:1477959216891,Parent RDD ID:8,Name:ParallelCollectionRDD,TaskAttempt ID:111,Partition Id:35,Stage Id:4
16/10/31 18:13:36 INFO serializeLogger: [CreationPYRE]EndAt:1477959216891,Parent RDD ID:8,Name:ParallelCollectionRDD,TaskAttempt ID:107,Partition Id:31,Stage Id:4
16/10/31 18:13:36 INFO serializeLogger: [writerThread]StartAt:1477959216891,Parent RDD ID:18,Name:UnionRDD,TaskAttempt ID:119,Partition Id:43,Stage Id:4
16/10/31 18:13:36 INFO serializeLogger: [RunnerCompute]StartAt:1477959216891,Parent RDD ID:8,Name:ParallelCollectionRDD,TaskAttempt ID:83,Partition Id:7,Stage Id:4
16/10/31 18:13:36 INFO serializeLogger: [RunnerCompute]StartAt:1477959216892,Parent RDD ID:8,Name:ParallelCollectionRDD,TaskAttempt ID:107,Partition Id:31,Stage Id:4
16/10/31 18:13:36 INFO serializeLogger: [CreationPYRE]EndAt:1477959216893,Parent RDD ID:8,Name:ParallelCollectionRDD,TaskAttempt ID:139,Partition Id:63,Stage Id:4
16/10/31 18:13:36 INFO serializeLogger: [writerThread]StartAt:1477959216893,Parent RDD ID:8,Name:ParallelCollectionRDD,TaskAttempt ID:99,Partition Id:23,Stage Id:4
16/10/31 18:13:36 INFO serializeLogger: [writerThread]StartAt:1477959216894,Parent RDD ID:8,Name:ParallelCollectionRDD,TaskAttempt ID:123,Partition Id:47,Stage Id:4
16/10/31 18:13:36 INFO serializeLogger: [RunnerCompute]StartAt:1477959216896,Parent RDD ID:8,Name:ParallelCollectionRDD,TaskAttempt ID:139,Partition Id:63,Stage Id:4
16/10/31 18:13:36 INFO serializeLogger: [writerThread]StartAt:1477959216897,Parent RDD ID:8,Name:ParallelCollectionRDD,TaskAttempt ID:91,Partition Id:15,Stage Id:4
16/10/31 18:13:36 INFO serializeLogger: [writerThread]StartAt:1477959216901,Parent RDD ID:8,Name:ParallelCollectionRDD,TaskAttempt ID:103,Partition Id:27,Stage Id:4
16/10/31 18:13:36 INFO serializeLogger: [writerThread]StartAt:1477959216902,Parent RDD ID:8,Name:ParallelCollectionRDD,TaskAttempt ID:83,Partition Id:7,Stage Id:4
16/10/31 18:13:36 INFO serializeLogger: [writerThread]StartAt:1477959216905,Parent RDD ID:8,Name:ParallelCollectionRDD,TaskAttempt ID:95,Partition Id:19,Stage Id:4
16/10/31 18:13:36 INFO serializeLogger: [writerThread]StartAt:1477959216905,Parent RDD ID:8,Name:ParallelCollectionRDD,TaskAttempt ID:107,Partition Id:31,Stage Id:4
16/10/31 18:13:36 INFO serializeLogger: [RunnerCompute]EndAt:1477959216914,Parent RDD ID:8,Name:ParallelCollectionRDD,TaskAttempt ID:127,Partition Id:51,Stage Id:4
16/10/31 18:13:36 INFO serializeLogger: [writerThread]StartAt:1477959216924,Parent RDD ID:8,Name:ParallelCollectionRDD,TaskAttempt ID:139,Partition Id:63,Stage Id:4
16/10/31 18:13:36 INFO serializeLogger: [writerThread]StartAt:1477959216939,Parent RDD ID:18,Name:UnionRDD,TaskAttempt ID:127,Partition Id:51,Stage Id:4
16/10/31 18:13:36 INFO serializeLogger: [RunnerCompute]EndAt:1477959216941,Parent RDD ID:8,Name:ParallelCollectionRDD,TaskAttempt ID:87,Partition Id:11,Stage Id:4
16/10/31 18:13:36 INFO serializeLogger: [RunnerCompute]EndAt:1477959216941,Parent RDD ID:18,Name:UnionRDD,TaskAttempt ID:119,Partition Id:43,Stage Id:4
16/10/31 18:13:36 INFO serializeLogger: [RunnerCompute]EndAt:1477959216941,Parent RDD ID:8,Name:ParallelCollectionRDD,TaskAttempt ID:103,Partition Id:27,Stage Id:4
16/10/31 18:13:36 INFO serializeLogger: [RunnerCompute]EndAt:1477959216942,Parent RDD ID:8,Name:ParallelCollectionRDD,TaskAttempt ID:83,Partition Id:7,Stage Id:4
16/10/31 18:13:36 INFO serializeLogger: [RunnerCompute]EndAt:1477959216942,Parent RDD ID:8,Name:ParallelCollectionRDD,TaskAttempt ID:99,Partition Id:23,Stage Id:4
16/10/31 18:13:36 INFO serializeLogger: [RunnerCompute]EndAt:1477959216962,Parent RDD ID:8,Name:ParallelCollectionRDD,TaskAttempt ID:115,Partition Id:39,Stage Id:4
16/10/31 18:13:36 INFO serializeLogger: [RunnerCompute]EndAt:1477959216944,Parent RDD ID:18,Name:UnionRDD,TaskAttempt ID:131,Partition Id:55,Stage Id:4
16/10/31 18:13:36 INFO serializeLogger: [RunnerCompute]EndAt:1477959216964,Parent RDD ID:8,Name:ParallelCollectionRDD,TaskAttempt ID:111,Partition Id:35,Stage Id:4
16/10/31 18:13:36 INFO serializeLogger: [RunnerCompute]EndAt:1477959216965,Parent RDD ID:8,Name:ParallelCollectionRDD,TaskAttempt ID:123,Partition Id:47,Stage Id:4
16/10/31 18:13:36 INFO serializeLogger: [writerThread]StartAt:1477959216966,Parent RDD ID:18,Name:UnionRDD,TaskAttempt ID:83,Partition Id:7,Stage Id:4
16/10/31 18:13:36 INFO serializeLogger: [RunnerCompute]EndAt:1477959216967,Parent RDD ID:8,Name:ParallelCollectionRDD,TaskAttempt ID:135,Partition Id:59,Stage Id:4
16/10/31 18:13:36 INFO serializeLogger: [writerThread]StartAt:1477959216968,Parent RDD ID:18,Name:UnionRDD,TaskAttempt ID:135,Partition Id:59,Stage Id:4
16/10/31 18:13:36 INFO serializeLogger: [RunnerCompute]EndAt:1477959216971,Parent RDD ID:8,Name:ParallelCollectionRDD,TaskAttempt ID:139,Partition Id:63,Stage Id:4
16/10/31 18:13:36 INFO serializeLogger: [RunnerCompute]EndAt:1477959216972,Parent RDD ID:8,Name:ParallelCollectionRDD,TaskAttempt ID:95,Partition Id:19,Stage Id:4
16/10/31 18:13:36 INFO serializeLogger: [RunnerCompute]EndAt:1477959216972,Parent RDD ID:8,Name:ParallelCollectionRDD,TaskAttempt ID:107,Partition Id:31,Stage Id:4
16/10/31 18:13:36 INFO serializeLogger: [RunnerCompute]EndAt:1477959216973,Parent RDD ID:8,Name:ParallelCollectionRDD,TaskAttempt ID:91,Partition Id:15,Stage Id:4
16/10/31 18:13:36 INFO serializeLogger: [writerThread]StartAt:1477959216974,Parent RDD ID:18,Name:UnionRDD,TaskAttempt ID:115,Partition Id:39,Stage Id:4
16/10/31 18:13:36 INFO serializeLogger: [writerThread]EndAt:1477959216977,Parent RDD ID:18,Name:UnionRDD,TaskAttempt ID:119,Partition Id:43,Stage Id:4
16/10/31 18:13:36 INFO serializeLogger: [writerThread]EndAt:1477959216977,Parent RDD ID:18,Name:UnionRDD,TaskAttempt ID:131,Partition Id:55,Stage Id:4
16/10/31 18:13:36 INFO serializeLogger: [writerThread]StartAt:1477959216984,Parent RDD ID:18,Name:UnionRDD,TaskAttempt ID:123,Partition Id:47,Stage Id:4
16/10/31 18:13:36 INFO serializeLogger: [writerThread]StartAt:1477959216984,Parent RDD ID:18,Name:UnionRDD,TaskAttempt ID:103,Partition Id:27,Stage Id:4
16/10/31 18:13:36 INFO serializeLogger: [writerThread]StartAt:1477959216984,Parent RDD ID:18,Name:UnionRDD,TaskAttempt ID:111,Partition Id:35,Stage Id:4
16/10/31 18:13:36 INFO serializeLogger: [writerThread]EndAt:1477959216991,Parent RDD ID:8,Name:ParallelCollectionRDD,TaskAttempt ID:131,Partition Id:55,Stage Id:4
16/10/31 18:13:37 INFO serializeLogger: [writerThread]EndAt:1477959217003,Parent RDD ID:8,Name:ParallelCollectionRDD,TaskAttempt ID:119,Partition Id:43,Stage Id:4
16/10/31 18:13:37 INFO serializeLogger: [writerThread]StartAt:1477959217003,Parent RDD ID:18,Name:UnionRDD,TaskAttempt ID:139,Partition Id:63,Stage Id:4
16/10/31 18:13:37 INFO serializeLogger: [writerThread]StartAt:1477959217004,Parent RDD ID:18,Name:UnionRDD,TaskAttempt ID:95,Partition Id:19,Stage Id:4
16/10/31 18:13:37 INFO serializeLogger: [writerThread]StartAt:1477959217005,Parent RDD ID:18,Name:UnionRDD,TaskAttempt ID:91,Partition Id:15,Stage Id:4
16/10/31 18:13:37 INFO serializeLogger: [writerThread]StartAt:1477959217006,Parent RDD ID:18,Name:UnionRDD,TaskAttempt ID:87,Partition Id:11,Stage Id:4
16/10/31 18:13:37 INFO serializeLogger: [writerThread]StartAt:1477959217006,Parent RDD ID:18,Name:UnionRDD,TaskAttempt ID:107,Partition Id:31,Stage Id:4
16/10/31 18:13:37 INFO serializeLogger: [writerThread]StartAt:1477959217007,Parent RDD ID:18,Name:UnionRDD,TaskAttempt ID:99,Partition Id:23,Stage Id:4
16/10/31 18:13:37 INFO serializeLogger: [RunnerCompute]EndAt:1477959217012,Parent RDD ID:18,Name:UnionRDD,TaskAttempt ID:83,Partition Id:7,Stage Id:4
16/10/31 18:13:37 INFO serializeLogger: [RunnerCompute]EndAt:1477959217012,Parent RDD ID:18,Name:UnionRDD,TaskAttempt ID:127,Partition Id:51,Stage Id:4
16/10/31 18:13:37 INFO serializeLogger: [writerThread]EndAt:1477959217018,Parent RDD ID:18,Name:UnionRDD,TaskAttempt ID:83,Partition Id:7,Stage Id:4
16/10/31 18:13:37 INFO serializeLogger: [writerThread]EndAt:1477959217021,Parent RDD ID:8,Name:ParallelCollectionRDD,TaskAttempt ID:83,Partition Id:7,Stage Id:4
16/10/31 18:13:37 INFO serializeLogger: [RunnerCompute]EndAt:1477959217027,Parent RDD ID:18,Name:UnionRDD,TaskAttempt ID:115,Partition Id:39,Stage Id:4
16/10/31 18:13:37 INFO serializeLogger: [RunnerCompute]EndAt:1477959217028,Parent RDD ID:18,Name:UnionRDD,TaskAttempt ID:111,Partition Id:35,Stage Id:4
16/10/31 18:13:37 INFO serializeLogger: [writerThread]EndAt:1477959217030,Parent RDD ID:18,Name:UnionRDD,TaskAttempt ID:115,Partition Id:39,Stage Id:4
16/10/31 18:13:37 INFO serializeLogger: [writerThread]EndAt:1477959217030,Parent RDD ID:8,Name:ParallelCollectionRDD,TaskAttempt ID:115,Partition Id:39,Stage Id:4
16/10/31 18:13:37 INFO serializeLogger: [RunnerCompute]EndAt:1477959217033,Parent RDD ID:18,Name:UnionRDD,TaskAttempt ID:95,Partition Id:19,Stage Id:4
16/10/31 18:13:37 INFO serializeLogger: [RunnerCompute]EndAt:1477959217045,Parent RDD ID:18,Name:UnionRDD,TaskAttempt ID:135,Partition Id:59,Stage Id:4
16/10/31 18:13:37 INFO serializeLogger: [RunnerCompute]EndAt:1477959217046,Parent RDD ID:18,Name:UnionRDD,TaskAttempt ID:103,Partition Id:27,Stage Id:4
16/10/31 18:13:37 INFO serializeLogger: [writerThread]EndAt:1477959217048,Parent RDD ID:18,Name:UnionRDD,TaskAttempt ID:135,Partition Id:59,Stage Id:4
16/10/31 18:13:37 INFO serializeLogger: [RunnerCompute]EndAt:1477959217050,Parent RDD ID:18,Name:UnionRDD,TaskAttempt ID:139,Partition Id:63,Stage Id:4
16/10/31 18:13:37 INFO serializeLogger: [RunnerCompute]EndAt:1477959217049,Parent RDD ID:18,Name:UnionRDD,TaskAttempt ID:123,Partition Id:47,Stage Id:4
16/10/31 18:13:37 INFO serializeLogger: [RunnerCompute]EndAt:1477959217049,Parent RDD ID:18,Name:UnionRDD,TaskAttempt ID:107,Partition Id:31,Stage Id:4
16/10/31 18:13:37 INFO serializeLogger: [RunnerCompute]EndAt:1477959217055,Parent RDD ID:18,Name:UnionRDD,TaskAttempt ID:99,Partition Id:23,Stage Id:4
16/10/31 18:13:37 INFO serializeLogger: [RunnerCompute]EndAt:1477959217056,Parent RDD ID:18,Name:UnionRDD,TaskAttempt ID:91,Partition Id:15,Stage Id:4
16/10/31 18:13:37 INFO serializeLogger: [writerThread]EndAt:1477959217058,Parent RDD ID:18,Name:UnionRDD,TaskAttempt ID:107,Partition Id:31,Stage Id:4
16/10/31 18:13:37 INFO serializeLogger: [writerThread]EndAt:1477959217058,Parent RDD ID:8,Name:ParallelCollectionRDD,TaskAttempt ID:107,Partition Id:31,Stage Id:4
16/10/31 18:13:37 INFO serializeLogger: [writerThread]EndAt:1477959217059,Parent RDD ID:18,Name:UnionRDD,TaskAttempt ID:99,Partition Id:23,Stage Id:4
16/10/31 18:13:37 INFO serializeLogger: [writerThread]EndAt:1477959217059,Parent RDD ID:8,Name:ParallelCollectionRDD,TaskAttempt ID:99,Partition Id:23,Stage Id:4
16/10/31 18:13:37 INFO serializeLogger: [writerThread]EndAt:1477959217064,Parent RDD ID:18,Name:UnionRDD,TaskAttempt ID:91,Partition Id:15,Stage Id:4
16/10/31 18:13:37 INFO serializeLogger: [writerThread]EndAt:1477959217064,Parent RDD ID:8,Name:ParallelCollectionRDD,TaskAttempt ID:91,Partition Id:15,Stage Id:4
16/10/31 18:13:37 INFO serializeLogger: [writerThread]EndAt:1477959217064,Parent RDD ID:18,Name:UnionRDD,TaskAttempt ID:139,Partition Id:63,Stage Id:4
16/10/31 18:13:37 INFO serializeLogger: [writerThread]EndAt:1477959217065,Parent RDD ID:8,Name:ParallelCollectionRDD,TaskAttempt ID:139,Partition Id:63,Stage Id:4
16/10/31 18:13:37 INFO serializeLogger: [writerThread]EndAt:1477959217054,Parent RDD ID:8,Name:ParallelCollectionRDD,TaskAttempt ID:135,Partition Id:59,Stage Id:4
16/10/31 18:13:37 INFO serializeLogger: [writerThread]EndAt:1477959217048,Parent RDD ID:18,Name:UnionRDD,TaskAttempt ID:103,Partition Id:27,Stage Id:4
16/10/31 18:13:37 INFO serializeLogger: [writerThread]EndAt:1477959217064,Parent RDD ID:18,Name:UnionRDD,TaskAttempt ID:123,Partition Id:47,Stage Id:4
16/10/31 18:13:37 INFO serializeLogger: [writerThread]EndAt:1477959217069,Parent RDD ID:8,Name:ParallelCollectionRDD,TaskAttempt ID:103,Partition Id:27,Stage Id:4
16/10/31 18:13:37 INFO serializeLogger: [writerThread]EndAt:1477959217070,Parent RDD ID:8,Name:ParallelCollectionRDD,TaskAttempt ID:123,Partition Id:47,Stage Id:4
16/10/31 18:13:37 INFO serializeLogger: [writerThread]EndAt:1477959217081,Parent RDD ID:18,Name:UnionRDD,TaskAttempt ID:127,Partition Id:51,Stage Id:4
16/10/31 18:13:37 INFO serializeLogger: [writerThread]EndAt:1477959217081,Parent RDD ID:8,Name:ParallelCollectionRDD,TaskAttempt ID:127,Partition Id:51,Stage Id:4
16/10/31 18:13:37 INFO serializeLogger: [writerThread]EndAt:1477959217089,Parent RDD ID:18,Name:UnionRDD,TaskAttempt ID:111,Partition Id:35,Stage Id:4
16/10/31 18:13:37 INFO serializeLogger: [writerThread]EndAt:1477959217089,Parent RDD ID:8,Name:ParallelCollectionRDD,TaskAttempt ID:111,Partition Id:35,Stage Id:4
16/10/31 18:13:37 INFO serializeLogger: [writerThread]EndAt:1477959217095,Parent RDD ID:18,Name:UnionRDD,TaskAttempt ID:95,Partition Id:19,Stage Id:4
16/10/31 18:13:37 INFO serializeLogger: [writerThread]EndAt:1477959217095,Parent RDD ID:8,Name:ParallelCollectionRDD,TaskAttempt ID:95,Partition Id:19,Stage Id:4
16/10/31 18:13:37 INFO serializeLogger: [CreationPYRE]StartAt:1477959217110,Parent RDD ID:18,Name:UnionRDD,TaskAttempt ID:144,Partition Id:2,Stage Id:4
16/10/31 18:13:37 INFO serializeLogger: [CreationPYRE]EndAt:1477959217111,Parent RDD ID:18,Name:UnionRDD,TaskAttempt ID:144,Partition Id:2,Stage Id:4
16/10/31 18:13:37 INFO serializeLogger: [RunnerCompute]EndAt:1477959217111,Parent RDD ID:18,Name:UnionRDD,TaskAttempt ID:87,Partition Id:11,Stage Id:4
16/10/31 18:13:37 INFO serializeLogger: [RunnerCompute]StartAt:1477959217111,Parent RDD ID:18,Name:UnionRDD,TaskAttempt ID:144,Partition Id:2,Stage Id:4
16/10/31 18:13:37 INFO serializeLogger: [CreationPYRE]StartAt:1477959217112,Parent RDD ID:15,Name:MapPartitionedRDD,TaskAttempt ID:144,Partition Id:2,Stage Id:4
16/10/31 18:13:37 INFO serializeLogger: [CreationPYRE]EndAt:1477959217112,Parent RDD ID:15,Name:MapPartitionedRDD,TaskAttempt ID:144,Partition Id:2,Stage Id:4
16/10/31 18:13:37 INFO serializeLogger: [RunnerCompute]StartAt:1477959217112,Parent RDD ID:15,Name:MapPartitionedRDD,TaskAttempt ID:144,Partition Id:2,Stage Id:4
16/10/31 18:13:37 INFO serializeLogger: [writerThread]EndAt:1477959217116,Parent RDD ID:18,Name:UnionRDD,TaskAttempt ID:87,Partition Id:11,Stage Id:4
16/10/31 18:13:37 INFO serializeLogger: [writerThread]EndAt:1477959217116,Parent RDD ID:8,Name:ParallelCollectionRDD,TaskAttempt ID:87,Partition Id:11,Stage Id:4
16/10/31 18:13:37 INFO serializeLogger: [writerThread]StartAt:1477959217149,Parent RDD ID:15,Name:MapPartitionedRDD,TaskAttempt ID:144,Partition Id:2,Stage Id:4
16/10/31 18:13:45 INFO serializeLogger: [RunnerCompute]EndAt:1477959225700,Parent RDD ID:15,Name:MapPartitionedRDD,TaskAttempt ID:144,Partition Id:2,Stage Id:4
16/10/31 18:13:45 INFO serializeLogger: [writerThread]StartAt:1477959225702,Parent RDD ID:18,Name:UnionRDD,TaskAttempt ID:144,Partition Id:2,Stage Id:4
16/10/31 18:14:04 INFO serializeLogger: [RunnerCompute]EndAt:1477959244549,Parent RDD ID:18,Name:UnionRDD,TaskAttempt ID:144,Partition Id:2,Stage Id:4
16/10/31 18:14:05 INFO serializeLogger: [writerThread]EndAt:1477959245690,Parent RDD ID:18,Name:UnionRDD,TaskAttempt ID:144,Partition Id:2,Stage Id:4
16/10/31 18:14:05 INFO serializeLogger: [writerThread]EndAt:1477959245690,Parent RDD ID:15,Name:MapPartitionedRDD,TaskAttempt ID:144,Partition Id:2,Stage Id:4
16/10/31 18:14:06 INFO serializeLogger: [CreationPYRE]StartAt:1477959246264,Parent RDD ID:25,Name:UnionRDD,TaskAttempt ID:151,Partition Id:2,Stage Id:5
16/10/31 18:14:06 INFO serializeLogger: [CreationPYRE]EndAt:1477959246264,Parent RDD ID:25,Name:UnionRDD,TaskAttempt ID:151,Partition Id:2,Stage Id:5
16/10/31 18:14:06 INFO serializeLogger: [CreationPYRE]StartAt:1477959246265,Parent RDD ID:25,Name:UnionRDD,TaskAttempt ID:155,Partition Id:6,Stage Id:5
16/10/31 18:14:06 INFO serializeLogger: [RunnerCompute]StartAt:1477959246265,Parent RDD ID:25,Name:UnionRDD,TaskAttempt ID:151,Partition Id:2,Stage Id:5
16/10/31 18:14:06 INFO serializeLogger: [CreationPYRE]EndAt:1477959246265,Parent RDD ID:25,Name:UnionRDD,TaskAttempt ID:155,Partition Id:6,Stage Id:5
16/10/31 18:14:06 INFO serializeLogger: [RunnerCompute]StartAt:1477959246265,Parent RDD ID:25,Name:UnionRDD,TaskAttempt ID:155,Partition Id:6,Stage Id:5
16/10/31 18:14:06 INFO serializeLogger: [CreationPYRE]StartAt:1477959246266,Parent RDD ID:22,Name:MapPartitionedRDD,TaskAttempt ID:151,Partition Id:2,Stage Id:5
16/10/31 18:14:06 INFO serializeLogger: [CreationPYRE]StartAt:1477959246266,Parent RDD ID:22,Name:MapPartitionedRDD,TaskAttempt ID:155,Partition Id:6,Stage Id:5
16/10/31 18:14:06 INFO serializeLogger: [CreationPYRE]EndAt:1477959246266,Parent RDD ID:22,Name:MapPartitionedRDD,TaskAttempt ID:151,Partition Id:2,Stage Id:5
16/10/31 18:14:06 INFO serializeLogger: [CreationPYRE]EndAt:1477959246266,Parent RDD ID:22,Name:MapPartitionedRDD,TaskAttempt ID:155,Partition Id:6,Stage Id:5
16/10/31 18:14:06 INFO serializeLogger: [RunnerCompute]StartAt:1477959246266,Parent RDD ID:22,Name:MapPartitionedRDD,TaskAttempt ID:151,Partition Id:2,Stage Id:5
16/10/31 18:14:06 INFO serializeLogger: [RunnerCompute]StartAt:1477959246266,Parent RDD ID:22,Name:MapPartitionedRDD,TaskAttempt ID:155,Partition Id:6,Stage Id:5
16/10/31 18:14:06 INFO serializeLogger: [writerThread]StartAt:1477959246307,Parent RDD ID:22,Name:MapPartitionedRDD,TaskAttempt ID:151,Partition Id:2,Stage Id:5
16/10/31 18:14:06 INFO serializeLogger: [writerThread]StartAt:1477959246309,Parent RDD ID:22,Name:MapPartitionedRDD,TaskAttempt ID:155,Partition Id:6,Stage Id:5
16/10/31 18:14:11 INFO serializeLogger: [RunnerCompute]EndAt:1477959251307,Parent RDD ID:22,Name:MapPartitionedRDD,TaskAttempt ID:155,Partition Id:6,Stage Id:5
16/10/31 18:14:11 INFO serializeLogger: [writerThread]StartAt:1477959251309,Parent RDD ID:25,Name:UnionRDD,TaskAttempt ID:155,Partition Id:6,Stage Id:5
16/10/31 18:14:11 INFO serializeLogger: [RunnerCompute]EndAt:1477959251327,Parent RDD ID:25,Name:UnionRDD,TaskAttempt ID:155,Partition Id:6,Stage Id:5
16/10/31 18:14:11 INFO serializeLogger: [writerThread]EndAt:1477959251352,Parent RDD ID:25,Name:UnionRDD,TaskAttempt ID:155,Partition Id:6,Stage Id:5
16/10/31 18:14:11 INFO serializeLogger: [writerThread]EndAt:1477959251352,Parent RDD ID:22,Name:MapPartitionedRDD,TaskAttempt ID:155,Partition Id:6,Stage Id:5
16/10/31 18:14:16 INFO serializeLogger: [RunnerCompute]EndAt:1477959256950,Parent RDD ID:22,Name:MapPartitionedRDD,TaskAttempt ID:151,Partition Id:2,Stage Id:5
16/10/31 18:14:16 INFO serializeLogger: [writerThread]StartAt:1477959256953,Parent RDD ID:25,Name:UnionRDD,TaskAttempt ID:151,Partition Id:2,Stage Id:5
16/10/31 18:14:36 INFO serializeLogger: [RunnerCompute]EndAt:1477959276639,Parent RDD ID:25,Name:UnionRDD,TaskAttempt ID:151,Partition Id:2,Stage Id:5
16/10/31 18:14:37 INFO serializeLogger: [writerThread]EndAt:1477959277800,Parent RDD ID:25,Name:UnionRDD,TaskAttempt ID:151,Partition Id:2,Stage Id:5
16/10/31 18:14:37 INFO serializeLogger: [writerThread]EndAt:1477959277801,Parent RDD ID:22,Name:MapPartitionedRDD,TaskAttempt ID:151,Partition Id:2,Stage Id:5
16/10/31 18:15:46 INFO serializeLogger: [CreationPYRE]StartAt:1477959346265,Parent RDD ID:32,Name:UnionRDD,TaskAttempt ID:162,Partition Id:6,Stage Id:6
16/10/31 18:15:46 INFO serializeLogger: [CreationPYRE]EndAt:1477959346265,Parent RDD ID:32,Name:UnionRDD,TaskAttempt ID:162,Partition Id:6,Stage Id:6
16/10/31 18:15:46 INFO serializeLogger: [RunnerCompute]StartAt:1477959346265,Parent RDD ID:32,Name:UnionRDD,TaskAttempt ID:162,Partition Id:6,Stage Id:6
16/10/31 18:15:46 INFO serializeLogger: [CreationPYRE]StartAt:1477959346266,Parent RDD ID:32,Name:UnionRDD,TaskAttempt ID:158,Partition Id:2,Stage Id:6
16/10/31 18:15:46 INFO serializeLogger: [CreationPYRE]StartAt:1477959346266,Parent RDD ID:29,Name:MapPartitionedRDD,TaskAttempt ID:162,Partition Id:6,Stage Id:6
16/10/31 18:15:46 INFO serializeLogger: [CreationPYRE]EndAt:1477959346266,Parent RDD ID:32,Name:UnionRDD,TaskAttempt ID:158,Partition Id:2,Stage Id:6
16/10/31 18:15:46 INFO serializeLogger: [CreationPYRE]EndAt:1477959346266,Parent RDD ID:29,Name:MapPartitionedRDD,TaskAttempt ID:162,Partition Id:6,Stage Id:6
16/10/31 18:15:46 INFO serializeLogger: [RunnerCompute]StartAt:1477959346266,Parent RDD ID:32,Name:UnionRDD,TaskAttempt ID:158,Partition Id:2,Stage Id:6
16/10/31 18:15:46 INFO serializeLogger: [RunnerCompute]StartAt:1477959346266,Parent RDD ID:29,Name:MapPartitionedRDD,TaskAttempt ID:162,Partition Id:6,Stage Id:6
16/10/31 18:15:46 INFO serializeLogger: [CreationPYRE]StartAt:1477959346267,Parent RDD ID:29,Name:MapPartitionedRDD,TaskAttempt ID:158,Partition Id:2,Stage Id:6
16/10/31 18:15:46 INFO serializeLogger: [CreationPYRE]EndAt:1477959346268,Parent RDD ID:29,Name:MapPartitionedRDD,TaskAttempt ID:158,Partition Id:2,Stage Id:6
16/10/31 18:15:46 INFO serializeLogger: [RunnerCompute]StartAt:1477959346268,Parent RDD ID:29,Name:MapPartitionedRDD,TaskAttempt ID:158,Partition Id:2,Stage Id:6
16/10/31 18:15:46 INFO serializeLogger: [writerThread]StartAt:1477959346301,Parent RDD ID:29,Name:MapPartitionedRDD,TaskAttempt ID:158,Partition Id:2,Stage Id:6
16/10/31 18:15:46 INFO serializeLogger: [writerThread]StartAt:1477959346318,Parent RDD ID:29,Name:MapPartitionedRDD,TaskAttempt ID:162,Partition Id:6,Stage Id:6
16/10/31 18:15:50 INFO serializeLogger: [RunnerCompute]EndAt:1477959350612,Parent RDD ID:29,Name:MapPartitionedRDD,TaskAttempt ID:162,Partition Id:6,Stage Id:6
16/10/31 18:15:50 INFO serializeLogger: [writerThread]StartAt:1477959350628,Parent RDD ID:32,Name:UnionRDD,TaskAttempt ID:162,Partition Id:6,Stage Id:6
16/10/31 18:15:50 INFO serializeLogger: [RunnerCompute]EndAt:1477959350663,Parent RDD ID:32,Name:UnionRDD,TaskAttempt ID:162,Partition Id:6,Stage Id:6
16/10/31 18:15:50 INFO serializeLogger: [writerThread]EndAt:1477959350702,Parent RDD ID:32,Name:UnionRDD,TaskAttempt ID:162,Partition Id:6,Stage Id:6
16/10/31 18:15:50 INFO serializeLogger: [writerThread]EndAt:1477959350702,Parent RDD ID:29,Name:MapPartitionedRDD,TaskAttempt ID:162,Partition Id:6,Stage Id:6
16/10/31 18:15:56 INFO serializeLogger: [RunnerCompute]EndAt:1477959356008,Parent RDD ID:29,Name:MapPartitionedRDD,TaskAttempt ID:158,Partition Id:2,Stage Id:6
16/10/31 18:15:56 INFO serializeLogger: [writerThread]StartAt:1477959356010,Parent RDD ID:32,Name:UnionRDD,TaskAttempt ID:158,Partition Id:2,Stage Id:6
16/10/31 18:16:14 INFO serializeLogger: [RunnerCompute]EndAt:1477959374582,Parent RDD ID:32,Name:UnionRDD,TaskAttempt ID:158,Partition Id:2,Stage Id:6
16/10/31 18:16:15 INFO serializeLogger: [writerThread]EndAt:1477959375853,Parent RDD ID:32,Name:UnionRDD,TaskAttempt ID:158,Partition Id:2,Stage Id:6
16/10/31 18:16:15 INFO serializeLogger: [writerThread]EndAt:1477959375853,Parent RDD ID:29,Name:MapPartitionedRDD,TaskAttempt ID:158,Partition Id:2,Stage Id:6
16/10/31 18:17:25 INFO serializeLogger: [CreationPYRE]StartAt:1477959445960,Parent RDD ID:39,Name:UnionRDD,TaskAttempt ID:164,Partition Id:2,Stage Id:7
16/10/31 18:17:25 INFO serializeLogger: [CreationPYRE]EndAt:1477959445960,Parent RDD ID:39,Name:UnionRDD,TaskAttempt ID:164,Partition Id:2,Stage Id:7
16/10/31 18:17:25 INFO serializeLogger: [RunnerCompute]StartAt:1477959445960,Parent RDD ID:39,Name:UnionRDD,TaskAttempt ID:164,Partition Id:2,Stage Id:7
16/10/31 18:17:25 INFO serializeLogger: [CreationPYRE]StartAt:1477959445961,Parent RDD ID:39,Name:UnionRDD,TaskAttempt ID:168,Partition Id:6,Stage Id:7
16/10/31 18:17:25 INFO serializeLogger: [CreationPYRE]EndAt:1477959445961,Parent RDD ID:39,Name:UnionRDD,TaskAttempt ID:168,Partition Id:6,Stage Id:7
16/10/31 18:17:25 INFO serializeLogger: [RunnerCompute]StartAt:1477959445961,Parent RDD ID:39,Name:UnionRDD,TaskAttempt ID:168,Partition Id:6,Stage Id:7
16/10/31 18:17:25 INFO serializeLogger: [CreationPYRE]StartAt:1477959445962,Parent RDD ID:36,Name:MapPartitionedRDD,TaskAttempt ID:164,Partition Id:2,Stage Id:7
16/10/31 18:17:25 INFO serializeLogger: [CreationPYRE]EndAt:1477959445962,Parent RDD ID:36,Name:MapPartitionedRDD,TaskAttempt ID:164,Partition Id:2,Stage Id:7
16/10/31 18:17:25 INFO serializeLogger: [RunnerCompute]StartAt:1477959445962,Parent RDD ID:36,Name:MapPartitionedRDD,TaskAttempt ID:164,Partition Id:2,Stage Id:7
16/10/31 18:17:25 INFO serializeLogger: [CreationPYRE]StartAt:1477959445963,Parent RDD ID:36,Name:MapPartitionedRDD,TaskAttempt ID:168,Partition Id:6,Stage Id:7
16/10/31 18:17:25 INFO serializeLogger: [CreationPYRE]EndAt:1477959445963,Parent RDD ID:36,Name:MapPartitionedRDD,TaskAttempt ID:168,Partition Id:6,Stage Id:7
16/10/31 18:17:25 INFO serializeLogger: [RunnerCompute]StartAt:1477959445963,Parent RDD ID:36,Name:MapPartitionedRDD,TaskAttempt ID:168,Partition Id:6,Stage Id:7
16/10/31 18:17:25 INFO serializeLogger: [writerThread]StartAt:1477959445998,Parent RDD ID:36,Name:MapPartitionedRDD,TaskAttempt ID:164,Partition Id:2,Stage Id:7
16/10/31 18:17:26 INFO serializeLogger: [writerThread]StartAt:1477959446014,Parent RDD ID:36,Name:MapPartitionedRDD,TaskAttempt ID:168,Partition Id:6,Stage Id:7
16/10/31 18:18:40 INFO serializeLogger: [RunnerCompute]EndAt:1477959520186,Parent RDD ID:36,Name:MapPartitionedRDD,TaskAttempt ID:168,Partition Id:6,Stage Id:7
16/10/31 18:18:40 INFO serializeLogger: [writerThread]StartAt:1477959520204,Parent RDD ID:39,Name:UnionRDD,TaskAttempt ID:168,Partition Id:6,Stage Id:7
16/10/31 18:18:40 INFO serializeLogger: [RunnerCompute]EndAt:1477959520245,Parent RDD ID:39,Name:UnionRDD,TaskAttempt ID:168,Partition Id:6,Stage Id:7
16/10/31 18:18:40 INFO serializeLogger: [writerThread]EndAt:1477959520271,Parent RDD ID:39,Name:UnionRDD,TaskAttempt ID:168,Partition Id:6,Stage Id:7
16/10/31 18:18:40 INFO serializeLogger: [writerThread]EndAt:1477959520271,Parent RDD ID:36,Name:MapPartitionedRDD,TaskAttempt ID:168,Partition Id:6,Stage Id:7
16/10/31 18:18:45 INFO serializeLogger: [RunnerCompute]EndAt:1477959525627,Parent RDD ID:36,Name:MapPartitionedRDD,TaskAttempt ID:164,Partition Id:2,Stage Id:7
16/10/31 18:18:45 INFO serializeLogger: [writerThread]StartAt:1477959525629,Parent RDD ID:39,Name:UnionRDD,TaskAttempt ID:164,Partition Id:2,Stage Id:7
16/10/31 18:19:04 INFO serializeLogger: [RunnerCompute]EndAt:1477959544404,Parent RDD ID:39,Name:UnionRDD,TaskAttempt ID:164,Partition Id:2,Stage Id:7
16/10/31 18:19:05 INFO serializeLogger: [writerThread]EndAt:1477959545541,Parent RDD ID:39,Name:UnionRDD,TaskAttempt ID:164,Partition Id:2,Stage Id:7
16/10/31 18:19:05 INFO serializeLogger: [writerThread]EndAt:1477959545541,Parent RDD ID:36,Name:MapPartitionedRDD,TaskAttempt ID:164,Partition Id:2,Stage Id:7
16/10/31 18:19:05 INFO serializeLogger: [CreationPYRE]StartAt:1477959545643,Parent RDD ID:46,Name:UnionRDD,TaskAttempt ID:175,Partition Id:2,Stage Id:8
16/10/31 18:19:05 INFO serializeLogger: [CreationPYRE]EndAt:1477959545643,Parent RDD ID:46,Name:UnionRDD,TaskAttempt ID:175,Partition Id:2,Stage Id:8
16/10/31 18:19:05 INFO serializeLogger: [RunnerCompute]StartAt:1477959545643,Parent RDD ID:46,Name:UnionRDD,TaskAttempt ID:175,Partition Id:2,Stage Id:8
16/10/31 18:19:05 INFO serializeLogger: [CreationPYRE]StartAt:1477959545644,Parent RDD ID:46,Name:UnionRDD,TaskAttempt ID:179,Partition Id:6,Stage Id:8
16/10/31 18:19:05 INFO serializeLogger: [CreationPYRE]EndAt:1477959545644,Parent RDD ID:46,Name:UnionRDD,TaskAttempt ID:179,Partition Id:6,Stage Id:8
16/10/31 18:19:05 INFO serializeLogger: [RunnerCompute]StartAt:1477959545644,Parent RDD ID:46,Name:UnionRDD,TaskAttempt ID:179,Partition Id:6,Stage Id:8
16/10/31 18:19:05 INFO serializeLogger: [CreationPYRE]StartAt:1477959545644,Parent RDD ID:43,Name:MapPartitionedRDD,TaskAttempt ID:175,Partition Id:2,Stage Id:8
16/10/31 18:19:05 INFO serializeLogger: [CreationPYRE]EndAt:1477959545644,Parent RDD ID:43,Name:MapPartitionedRDD,TaskAttempt ID:175,Partition Id:2,Stage Id:8
16/10/31 18:19:05 INFO serializeLogger: [RunnerCompute]StartAt:1477959545644,Parent RDD ID:43,Name:MapPartitionedRDD,TaskAttempt ID:175,Partition Id:2,Stage Id:8
16/10/31 18:19:05 INFO serializeLogger: [CreationPYRE]StartAt:1477959545645,Parent RDD ID:43,Name:MapPartitionedRDD,TaskAttempt ID:179,Partition Id:6,Stage Id:8
16/10/31 18:19:05 INFO serializeLogger: [CreationPYRE]EndAt:1477959545645,Parent RDD ID:43,Name:MapPartitionedRDD,TaskAttempt ID:179,Partition Id:6,Stage Id:8
16/10/31 18:19:05 INFO serializeLogger: [RunnerCompute]StartAt:1477959545645,Parent RDD ID:43,Name:MapPartitionedRDD,TaskAttempt ID:179,Partition Id:6,Stage Id:8
16/10/31 18:19:05 INFO serializeLogger: [writerThread]StartAt:1477959545659,Parent RDD ID:43,Name:MapPartitionedRDD,TaskAttempt ID:179,Partition Id:6,Stage Id:8
16/10/31 18:19:05 INFO serializeLogger: [writerThread]StartAt:1477959545661,Parent RDD ID:43,Name:MapPartitionedRDD,TaskAttempt ID:175,Partition Id:2,Stage Id:8
16/10/31 18:19:09 INFO serializeLogger: [RunnerCompute]EndAt:1477959549042,Parent RDD ID:43,Name:MapPartitionedRDD,TaskAttempt ID:179,Partition Id:6,Stage Id:8
16/10/31 18:19:09 INFO serializeLogger: [writerThread]StartAt:1477959549044,Parent RDD ID:46,Name:UnionRDD,TaskAttempt ID:179,Partition Id:6,Stage Id:8
16/10/31 18:19:09 INFO serializeLogger: [RunnerCompute]EndAt:1477959549066,Parent RDD ID:46,Name:UnionRDD,TaskAttempt ID:179,Partition Id:6,Stage Id:8
16/10/31 18:19:09 INFO serializeLogger: [writerThread]EndAt:1477959549091,Parent RDD ID:46,Name:UnionRDD,TaskAttempt ID:179,Partition Id:6,Stage Id:8
16/10/31 18:19:09 INFO serializeLogger: [writerThread]EndAt:1477959549091,Parent RDD ID:43,Name:MapPartitionedRDD,TaskAttempt ID:179,Partition Id:6,Stage Id:8
16/10/31 18:19:24 INFO serializeLogger: [RunnerCompute]EndAt:1477959564418,Parent RDD ID:43,Name:MapPartitionedRDD,TaskAttempt ID:175,Partition Id:2,Stage Id:8
16/10/31 18:19:24 INFO serializeLogger: [writerThread]StartAt:1477959564420,Parent RDD ID:46,Name:UnionRDD,TaskAttempt ID:175,Partition Id:2,Stage Id:8
16/10/31 18:19:43 INFO serializeLogger: [RunnerCompute]EndAt:1477959583825,Parent RDD ID:46,Name:UnionRDD,TaskAttempt ID:175,Partition Id:2,Stage Id:8
16/10/31 18:19:45 INFO serializeLogger: [writerThread]EndAt:1477959585376,Parent RDD ID:46,Name:UnionRDD,TaskAttempt ID:175,Partition Id:2,Stage Id:8
16/10/31 18:19:45 INFO serializeLogger: [writerThread]EndAt:1477959585376,Parent RDD ID:43,Name:MapPartitionedRDD,TaskAttempt ID:175,Partition Id:2,Stage Id:8
16/10/31 18:20:47 INFO serializeLogger: [CreationPYRE]StartAt:1477959647458,Parent RDD ID:50,Name:MapPartitionedRDD,TaskAttempt ID:181,Partition Id:2,Stage Id:9
16/10/31 18:20:47 INFO serializeLogger: [CreationPYRE]EndAt:1477959647459,Parent RDD ID:50,Name:MapPartitionedRDD,TaskAttempt ID:181,Partition Id:2,Stage Id:9
16/10/31 18:20:47 INFO serializeLogger: [RunnerCompute]StartAt:1477959647459,Parent RDD ID:50,Name:MapPartitionedRDD,TaskAttempt ID:181,Partition Id:2,Stage Id:9
16/10/31 18:20:47 INFO serializeLogger: [writerThread]StartAt:1477959647496,Parent RDD ID:50,Name:MapPartitionedRDD,TaskAttempt ID:181,Partition Id:2,Stage Id:9
16/10/31 18:20:50 INFO serializeLogger: [RunnerCompute]EndAt:1477959650756,Parent RDD ID:50,Name:MapPartitionedRDD,TaskAttempt ID:181,Partition Id:2,Stage Id:9
16/10/31 18:20:50 INFO serializeLogger: [writerThread]EndAt:1477959650759,Parent RDD ID:50,Name:MapPartitionedRDD,TaskAttempt ID:181,Partition Id:2,Stage Id:9
16/10/31 18:21:02 INFO serializeLogger: [CreationPYRE]StartAt:1477959662665,Parent RDD ID:54,Name:UnionRDD,TaskAttempt ID:184,Partition Id:2,Stage Id:16
16/10/31 18:21:02 INFO serializeLogger: [CreationPYRE]EndAt:1477959662666,Parent RDD ID:54,Name:UnionRDD,TaskAttempt ID:184,Partition Id:2,Stage Id:16
16/10/31 18:21:02 INFO serializeLogger: [RunnerCompute]StartAt:1477959662666,Parent RDD ID:54,Name:UnionRDD,TaskAttempt ID:184,Partition Id:2,Stage Id:16
16/10/31 18:21:02 INFO serializeLogger: [CreationPYRE]StartAt:1477959662666,Parent RDD ID:54,Name:UnionRDD,TaskAttempt ID:188,Partition Id:6,Stage Id:16
16/10/31 18:21:02 INFO serializeLogger: [CreationPYRE]EndAt:1477959662666,Parent RDD ID:54,Name:UnionRDD,TaskAttempt ID:188,Partition Id:6,Stage Id:16
16/10/31 18:21:02 INFO serializeLogger: [RunnerCompute]StartAt:1477959662666,Parent RDD ID:54,Name:UnionRDD,TaskAttempt ID:188,Partition Id:6,Stage Id:16
16/10/31 18:21:02 INFO serializeLogger: [CreationPYRE]StartAt:1477959662666,Parent RDD ID:43,Name:MapPartitionedRDD,TaskAttempt ID:184,Partition Id:2,Stage Id:16
16/10/31 18:21:02 INFO serializeLogger: [CreationPYRE]EndAt:1477959662667,Parent RDD ID:43,Name:MapPartitionedRDD,TaskAttempt ID:184,Partition Id:2,Stage Id:16
16/10/31 18:21:02 INFO serializeLogger: [RunnerCompute]StartAt:1477959662667,Parent RDD ID:43,Name:MapPartitionedRDD,TaskAttempt ID:184,Partition Id:2,Stage Id:16
16/10/31 18:21:02 INFO serializeLogger: [CreationPYRE]StartAt:1477959662667,Parent RDD ID:43,Name:MapPartitionedRDD,TaskAttempt ID:188,Partition Id:6,Stage Id:16
16/10/31 18:21:02 INFO serializeLogger: [CreationPYRE]EndAt:1477959662667,Parent RDD ID:43,Name:MapPartitionedRDD,TaskAttempt ID:188,Partition Id:6,Stage Id:16
16/10/31 18:21:02 INFO serializeLogger: [RunnerCompute]StartAt:1477959662668,Parent RDD ID:43,Name:MapPartitionedRDD,TaskAttempt ID:188,Partition Id:6,Stage Id:16
16/10/31 18:21:02 INFO serializeLogger: [writerThread]StartAt:1477959662679,Parent RDD ID:43,Name:MapPartitionedRDD,TaskAttempt ID:184,Partition Id:2,Stage Id:16
16/10/31 18:21:02 INFO serializeLogger: [writerThread]StartAt:1477959662709,Parent RDD ID:43,Name:MapPartitionedRDD,TaskAttempt ID:188,Partition Id:6,Stage Id:16
16/10/31 18:21:06 INFO serializeLogger: [RunnerCompute]EndAt:1477959666441,Parent RDD ID:43,Name:MapPartitionedRDD,TaskAttempt ID:188,Partition Id:6,Stage Id:16
16/10/31 18:21:06 INFO serializeLogger: [writerThread]StartAt:1477959666458,Parent RDD ID:54,Name:UnionRDD,TaskAttempt ID:188,Partition Id:6,Stage Id:16
16/10/31 18:21:06 INFO serializeLogger: [RunnerCompute]EndAt:1477959666494,Parent RDD ID:54,Name:UnionRDD,TaskAttempt ID:188,Partition Id:6,Stage Id:16
16/10/31 18:21:06 INFO serializeLogger: [writerThread]EndAt:1477959666527,Parent RDD ID:54,Name:UnionRDD,TaskAttempt ID:188,Partition Id:6,Stage Id:16
16/10/31 18:21:06 INFO serializeLogger: [writerThread]EndAt:1477959666528,Parent RDD ID:43,Name:MapPartitionedRDD,TaskAttempt ID:188,Partition Id:6,Stage Id:16
16/10/31 18:21:22 INFO serializeLogger: [RunnerCompute]EndAt:1477959682873,Parent RDD ID:43,Name:MapPartitionedRDD,TaskAttempt ID:184,Partition Id:2,Stage Id:16
16/10/31 18:21:22 INFO serializeLogger: [writerThread]StartAt:1477959682875,Parent RDD ID:54,Name:UnionRDD,TaskAttempt ID:184,Partition Id:2,Stage Id:16
16/10/31 18:21:40 INFO serializeLogger: [RunnerCompute]EndAt:1477959700999,Parent RDD ID:54,Name:UnionRDD,TaskAttempt ID:184,Partition Id:2,Stage Id:16
16/10/31 18:21:42 INFO serializeLogger: [writerThread]EndAt:1477959702154,Parent RDD ID:54,Name:UnionRDD,TaskAttempt ID:184,Partition Id:2,Stage Id:16
16/10/31 18:21:42 INFO serializeLogger: [writerThread]EndAt:1477959702154,Parent RDD ID:43,Name:MapPartitionedRDD,TaskAttempt ID:184,Partition Id:2,Stage Id:16
16/10/31 18:22:53 INFO serializeLogger: [CreationPYRE]StartAt:1477959773563,Parent RDD ID:58,Name:MapPartitionedRDD,TaskAttempt ID:192,Partition Id:2,Stage Id:17
16/10/31 18:22:53 INFO serializeLogger: [CreationPYRE]EndAt:1477959773563,Parent RDD ID:58,Name:MapPartitionedRDD,TaskAttempt ID:192,Partition Id:2,Stage Id:17
16/10/31 18:22:53 INFO serializeLogger: [RunnerCompute]StartAt:1477959773564,Parent RDD ID:58,Name:MapPartitionedRDD,TaskAttempt ID:192,Partition Id:2,Stage Id:17
16/10/31 18:22:53 INFO serializeLogger: [writerThread]StartAt:1477959773596,Parent RDD ID:58,Name:MapPartitionedRDD,TaskAttempt ID:192,Partition Id:2,Stage Id:17
16/10/31 18:22:56 INFO serializeLogger: [RunnerCompute]EndAt:1477959776708,Parent RDD ID:58,Name:MapPartitionedRDD,TaskAttempt ID:192,Partition Id:2,Stage Id:17
16/10/31 18:22:56 INFO serializeLogger: [writerThread]EndAt:1477959776710,Parent RDD ID:58,Name:MapPartitionedRDD,TaskAttempt ID:192,Partition Id:2,Stage Id:17
16/10/31 18:23:08 INFO serializeLogger: [CreationPYRE]StartAt:1477959788335,Parent RDD ID:62,Name:UnionRDD,TaskAttempt ID:196,Partition Id:2,Stage Id:24
16/10/31 18:23:08 INFO serializeLogger: [CreationPYRE]EndAt:1477959788335,Parent RDD ID:62,Name:UnionRDD,TaskAttempt ID:196,Partition Id:2,Stage Id:24
16/10/31 18:23:08 INFO serializeLogger: [RunnerCompute]StartAt:1477959788335,Parent RDD ID:62,Name:UnionRDD,TaskAttempt ID:196,Partition Id:2,Stage Id:24
16/10/31 18:23:08 INFO serializeLogger: [CreationPYRE]StartAt:1477959788336,Parent RDD ID:62,Name:UnionRDD,TaskAttempt ID:200,Partition Id:6,Stage Id:24
16/10/31 18:23:08 INFO serializeLogger: [CreationPYRE]EndAt:1477959788336,Parent RDD ID:62,Name:UnionRDD,TaskAttempt ID:200,Partition Id:6,Stage Id:24
16/10/31 18:23:08 INFO serializeLogger: [CreationPYRE]StartAt:1477959788336,Parent RDD ID:43,Name:MapPartitionedRDD,TaskAttempt ID:196,Partition Id:2,Stage Id:24
16/10/31 18:23:08 INFO serializeLogger: [RunnerCompute]StartAt:1477959788336,Parent RDD ID:62,Name:UnionRDD,TaskAttempt ID:200,Partition Id:6,Stage Id:24
16/10/31 18:23:08 INFO serializeLogger: [CreationPYRE]EndAt:1477959788337,Parent RDD ID:43,Name:MapPartitionedRDD,TaskAttempt ID:196,Partition Id:2,Stage Id:24
16/10/31 18:23:08 INFO serializeLogger: [RunnerCompute]StartAt:1477959788337,Parent RDD ID:43,Name:MapPartitionedRDD,TaskAttempt ID:196,Partition Id:2,Stage Id:24
16/10/31 18:23:08 INFO serializeLogger: [CreationPYRE]StartAt:1477959788338,Parent RDD ID:43,Name:MapPartitionedRDD,TaskAttempt ID:200,Partition Id:6,Stage Id:24
16/10/31 18:23:08 INFO serializeLogger: [CreationPYRE]EndAt:1477959788338,Parent RDD ID:43,Name:MapPartitionedRDD,TaskAttempt ID:200,Partition Id:6,Stage Id:24
16/10/31 18:23:08 INFO serializeLogger: [RunnerCompute]StartAt:1477959788338,Parent RDD ID:43,Name:MapPartitionedRDD,TaskAttempt ID:200,Partition Id:6,Stage Id:24
16/10/31 18:23:08 INFO serializeLogger: [writerThread]StartAt:1477959788352,Parent RDD ID:43,Name:MapPartitionedRDD,TaskAttempt ID:196,Partition Id:2,Stage Id:24
16/10/31 18:23:08 INFO serializeLogger: [writerThread]StartAt:1477959788369,Parent RDD ID:43,Name:MapPartitionedRDD,TaskAttempt ID:200,Partition Id:6,Stage Id:24
16/10/31 18:23:11 INFO serializeLogger: [RunnerCompute]EndAt:1477959791795,Parent RDD ID:43,Name:MapPartitionedRDD,TaskAttempt ID:200,Partition Id:6,Stage Id:24
16/10/31 18:23:11 INFO serializeLogger: [writerThread]StartAt:1477959791809,Parent RDD ID:62,Name:UnionRDD,TaskAttempt ID:200,Partition Id:6,Stage Id:24
16/10/31 18:23:11 INFO serializeLogger: [RunnerCompute]EndAt:1477959791848,Parent RDD ID:62,Name:UnionRDD,TaskAttempt ID:200,Partition Id:6,Stage Id:24
16/10/31 18:23:11 INFO serializeLogger: [writerThread]EndAt:1477959791872,Parent RDD ID:62,Name:UnionRDD,TaskAttempt ID:200,Partition Id:6,Stage Id:24
16/10/31 18:23:11 INFO serializeLogger: [writerThread]EndAt:1477959791872,Parent RDD ID:43,Name:MapPartitionedRDD,TaskAttempt ID:200,Partition Id:6,Stage Id:24
16/10/31 18:23:27 INFO serializeLogger: [RunnerCompute]EndAt:1477959807086,Parent RDD ID:43,Name:MapPartitionedRDD,TaskAttempt ID:196,Partition Id:2,Stage Id:24
16/10/31 18:23:27 INFO serializeLogger: [writerThread]StartAt:1477959807088,Parent RDD ID:62,Name:UnionRDD,TaskAttempt ID:196,Partition Id:2,Stage Id:24
16/10/31 18:23:45 INFO serializeLogger: [RunnerCompute]EndAt:1477959825835,Parent RDD ID:62,Name:UnionRDD,TaskAttempt ID:196,Partition Id:2,Stage Id:24
16/10/31 18:23:46 INFO serializeLogger: [writerThread]EndAt:1477959826996,Parent RDD ID:62,Name:UnionRDD,TaskAttempt ID:196,Partition Id:2,Stage Id:24
16/10/31 18:23:46 INFO serializeLogger: [writerThread]EndAt:1477959826996,Parent RDD ID:43,Name:MapPartitionedRDD,TaskAttempt ID:196,Partition Id:2,Stage Id:24
16/10/31 18:25:00 INFO serializeLogger: [CreationPYRE]StartAt:1477959900124,Parent RDD ID:66,Name:MapPartitionedRDD,TaskAttempt ID:207,Partition Id:2,Stage Id:25
16/10/31 18:25:00 INFO serializeLogger: [CreationPYRE]EndAt:1477959900124,Parent RDD ID:66,Name:MapPartitionedRDD,TaskAttempt ID:207,Partition Id:2,Stage Id:25
16/10/31 18:25:00 INFO serializeLogger: [RunnerCompute]StartAt:1477959900124,Parent RDD ID:66,Name:MapPartitionedRDD,TaskAttempt ID:207,Partition Id:2,Stage Id:25
16/10/31 18:25:00 INFO serializeLogger: [writerThread]StartAt:1477959900157,Parent RDD ID:66,Name:MapPartitionedRDD,TaskAttempt ID:207,Partition Id:2,Stage Id:25
16/10/31 18:25:15 INFO serializeLogger: [RunnerCompute]EndAt:1477959915094,Parent RDD ID:66,Name:MapPartitionedRDD,TaskAttempt ID:207,Partition Id:2,Stage Id:25
16/10/31 18:25:15 INFO serializeLogger: [writerThread]EndAt:1477959915096,Parent RDD ID:66,Name:MapPartitionedRDD,TaskAttempt ID:207,Partition Id:2,Stage Id:25
16/10/31 18:25:15 INFO serializeLogger: [CreationPYRE]StartAt:1477959915332,Parent RDD ID:70,Name:UnionRDD,TaskAttempt ID:210,Partition Id:2,Stage Id:32
16/10/31 18:25:15 INFO serializeLogger: [CreationPYRE]EndAt:1477959915332,Parent RDD ID:70,Name:UnionRDD,TaskAttempt ID:210,Partition Id:2,Stage Id:32
16/10/31 18:25:15 INFO serializeLogger: [RunnerCompute]StartAt:1477959915332,Parent RDD ID:70,Name:UnionRDD,TaskAttempt ID:210,Partition Id:2,Stage Id:32
16/10/31 18:25:15 INFO serializeLogger: [CreationPYRE]StartAt:1477959915333,Parent RDD ID:43,Name:MapPartitionedRDD,TaskAttempt ID:210,Partition Id:2,Stage Id:32
16/10/31 18:25:15 INFO serializeLogger: [CreationPYRE]EndAt:1477959915333,Parent RDD ID:43,Name:MapPartitionedRDD,TaskAttempt ID:210,Partition Id:2,Stage Id:32
16/10/31 18:25:15 INFO serializeLogger: [RunnerCompute]StartAt:1477959915333,Parent RDD ID:43,Name:MapPartitionedRDD,TaskAttempt ID:210,Partition Id:2,Stage Id:32
16/10/31 18:25:15 INFO serializeLogger: [CreationPYRE]StartAt:1477959915334,Parent RDD ID:70,Name:UnionRDD,TaskAttempt ID:214,Partition Id:6,Stage Id:32
16/10/31 18:25:15 INFO serializeLogger: [CreationPYRE]EndAt:1477959915334,Parent RDD ID:70,Name:UnionRDD,TaskAttempt ID:214,Partition Id:6,Stage Id:32
16/10/31 18:25:15 INFO serializeLogger: [RunnerCompute]StartAt:1477959915335,Parent RDD ID:70,Name:UnionRDD,TaskAttempt ID:214,Partition Id:6,Stage Id:32
16/10/31 18:25:15 INFO serializeLogger: [CreationPYRE]StartAt:1477959915335,Parent RDD ID:43,Name:MapPartitionedRDD,TaskAttempt ID:214,Partition Id:6,Stage Id:32
16/10/31 18:25:15 INFO serializeLogger: [CreationPYRE]EndAt:1477959915336,Parent RDD ID:43,Name:MapPartitionedRDD,TaskAttempt ID:214,Partition Id:6,Stage Id:32
16/10/31 18:25:15 INFO serializeLogger: [RunnerCompute]StartAt:1477959915336,Parent RDD ID:43,Name:MapPartitionedRDD,TaskAttempt ID:214,Partition Id:6,Stage Id:32
16/10/31 18:25:15 INFO serializeLogger: [writerThread]StartAt:1477959915346,Parent RDD ID:43,Name:MapPartitionedRDD,TaskAttempt ID:210,Partition Id:2,Stage Id:32
16/10/31 18:25:15 INFO serializeLogger: [writerThread]StartAt:1477959915395,Parent RDD ID:43,Name:MapPartitionedRDD,TaskAttempt ID:214,Partition Id:6,Stage Id:32
16/10/31 18:25:19 INFO serializeLogger: [RunnerCompute]EndAt:1477959919243,Parent RDD ID:43,Name:MapPartitionedRDD,TaskAttempt ID:214,Partition Id:6,Stage Id:32
16/10/31 18:25:19 INFO serializeLogger: [writerThread]StartAt:1477959919260,Parent RDD ID:70,Name:UnionRDD,TaskAttempt ID:214,Partition Id:6,Stage Id:32
16/10/31 18:25:19 INFO serializeLogger: [RunnerCompute]EndAt:1477959919300,Parent RDD ID:70,Name:UnionRDD,TaskAttempt ID:214,Partition Id:6,Stage Id:32
16/10/31 18:25:19 INFO serializeLogger: [writerThread]EndAt:1477959919327,Parent RDD ID:70,Name:UnionRDD,TaskAttempt ID:214,Partition Id:6,Stage Id:32
16/10/31 18:25:19 INFO serializeLogger: [writerThread]EndAt:1477959919327,Parent RDD ID:43,Name:MapPartitionedRDD,TaskAttempt ID:214,Partition Id:6,Stage Id:32
16/10/31 18:25:34 INFO serializeLogger: [RunnerCompute]EndAt:1477959934536,Parent RDD ID:43,Name:MapPartitionedRDD,TaskAttempt ID:210,Partition Id:2,Stage Id:32
16/10/31 18:25:34 INFO serializeLogger: [writerThread]StartAt:1477959934537,Parent RDD ID:70,Name:UnionRDD,TaskAttempt ID:210,Partition Id:2,Stage Id:32
16/10/31 18:25:53 INFO serializeLogger: [RunnerCompute]EndAt:1477959953141,Parent RDD ID:70,Name:UnionRDD,TaskAttempt ID:210,Partition Id:2,Stage Id:32
16/10/31 18:25:54 INFO serializeLogger: [writerThread]EndAt:1477959954338,Parent RDD ID:70,Name:UnionRDD,TaskAttempt ID:210,Partition Id:2,Stage Id:32
16/10/31 18:25:54 INFO serializeLogger: [writerThread]EndAt:1477959954338,Parent RDD ID:43,Name:MapPartitionedRDD,TaskAttempt ID:210,Partition Id:2,Stage Id:32
16/10/31 18:27:09 INFO serializeLogger: [CreationPYRE]StartAt:1477960029057,Parent RDD ID:74,Name:MapPartitionedRDD,TaskAttempt ID:217,Partition Id:2,Stage Id:33
16/10/31 18:27:09 INFO serializeLogger: [CreationPYRE]EndAt:1477960029057,Parent RDD ID:74,Name:MapPartitionedRDD,TaskAttempt ID:217,Partition Id:2,Stage Id:33
16/10/31 18:27:09 INFO serializeLogger: [RunnerCompute]StartAt:1477960029057,Parent RDD ID:74,Name:MapPartitionedRDD,TaskAttempt ID:217,Partition Id:2,Stage Id:33
16/10/31 18:27:09 INFO serializeLogger: [writerThread]StartAt:1477960029096,Parent RDD ID:74,Name:MapPartitionedRDD,TaskAttempt ID:217,Partition Id:2,Stage Id:33
16/10/31 18:27:12 INFO serializeLogger: [RunnerCompute]EndAt:1477960032099,Parent RDD ID:74,Name:MapPartitionedRDD,TaskAttempt ID:217,Partition Id:2,Stage Id:33
16/10/31 18:27:12 INFO serializeLogger: [writerThread]EndAt:1477960032101,Parent RDD ID:74,Name:MapPartitionedRDD,TaskAttempt ID:217,Partition Id:2,Stage Id:33
