16/10/31 18:11:36 INFO serializeLogger: [CreationPYRE]StartAt:1477959096717,Parent RDD ID:1,Name:../ml-10M100K/clean.dat,TaskAttempt ID:4,Partition Id:0,Stage Id:1
16/10/31 18:11:36 INFO serializeLogger: [CreationPYRE]EndAt:1477959096718,Parent RDD ID:1,Name:../ml-10M100K/clean.dat,TaskAttempt ID:4,Partition Id:0,Stage Id:1
16/10/31 18:11:36 INFO serializeLogger: [RunnerCompute]StartAt:1477959096719,Parent RDD ID:1,Name:../ml-10M100K/clean.dat,TaskAttempt ID:4,Partition Id:0,Stage Id:1
16/10/31 18:11:43 INFO serializeLogger: [writerThread]StartAt:1477959103722,Parent RDD ID:1,Name:../ml-10M100K/clean.dat,TaskAttempt ID:4,Partition Id:0,Stage Id:1
16/10/31 18:12:04 INFO serializeLogger: [RunnerCompute]EndAt:1477959124152,Parent RDD ID:1,Name:../ml-10M100K/clean.dat,TaskAttempt ID:4,Partition Id:0,Stage Id:1
16/10/31 18:12:04 INFO serializeLogger: [writerThread]EndAt:1477959124165,Parent RDD ID:1,Name:../ml-10M100K/clean.dat,TaskAttempt ID:4,Partition Id:0,Stage Id:1
16/10/31 18:12:04 INFO serializeLogger: [CreationPYRE]StartAt:1477959124956,Parent RDD ID:1,Name:../ml-10M100K/clean.dat,TaskAttempt ID:9,Partition Id:1,Stage Id:2
16/10/31 18:12:04 INFO serializeLogger: [CreationPYRE]EndAt:1477959124957,Parent RDD ID:1,Name:../ml-10M100K/clean.dat,TaskAttempt ID:9,Partition Id:1,Stage Id:2
16/10/31 18:12:04 INFO serializeLogger: [RunnerCompute]StartAt:1477959124957,Parent RDD ID:1,Name:../ml-10M100K/clean.dat,TaskAttempt ID:9,Partition Id:1,Stage Id:2
16/10/31 18:12:04 INFO serializeLogger: [writerThread]StartAt:1477959124968,Parent RDD ID:1,Name:../ml-10M100K/clean.dat,TaskAttempt ID:9,Partition Id:1,Stage Id:2
16/10/31 18:12:05 INFO serializeLogger: [RunnerCompute]EndAt:1477959125036,Parent RDD ID:1,Name:../ml-10M100K/clean.dat,TaskAttempt ID:9,Partition Id:1,Stage Id:2
16/10/31 18:12:54 INFO serializeLogger: [writerThread]EndAt:1477959174765,Parent RDD ID:1,Name:../ml-10M100K/clean.dat,TaskAttempt ID:9,Partition Id:1,Stage Id:2
16/10/31 18:12:57 INFO serializeLogger: [CreationPYRE]StartAt:1477959177778,Parent RDD ID:11,Name:UnionRDD,TaskAttempt ID:52,Partition Id:40,Stage Id:3
16/10/31 18:12:57 INFO serializeLogger: [CreationPYRE]EndAt:1477959177778,Parent RDD ID:11,Name:UnionRDD,TaskAttempt ID:52,Partition Id:40,Stage Id:3
16/10/31 18:12:57 INFO serializeLogger: [RunnerCompute]StartAt:1477959177779,Parent RDD ID:11,Name:UnionRDD,TaskAttempt ID:52,Partition Id:40,Stage Id:3
16/10/31 18:12:57 INFO serializeLogger: [CreationPYRE]StartAt:1477959177781,Parent RDD ID:11,Name:UnionRDD,TaskAttempt ID:44,Partition Id:32,Stage Id:3
16/10/31 18:12:57 INFO serializeLogger: [CreationPYRE]StartAt:1477959177781,Parent RDD ID:11,Name:UnionRDD,TaskAttempt ID:36,Partition Id:24,Stage Id:3
16/10/31 18:12:57 INFO serializeLogger: [CreationPYRE]StartAt:1477959177782,Parent RDD ID:11,Name:UnionRDD,TaskAttempt ID:68,Partition Id:56,Stage Id:3
16/10/31 18:12:57 INFO serializeLogger: [CreationPYRE]EndAt:1477959177782,Parent RDD ID:11,Name:UnionRDD,TaskAttempt ID:44,Partition Id:32,Stage Id:3
16/10/31 18:12:57 INFO serializeLogger: [CreationPYRE]EndAt:1477959177782,Parent RDD ID:11,Name:UnionRDD,TaskAttempt ID:36,Partition Id:24,Stage Id:3
16/10/31 18:12:57 INFO serializeLogger: [CreationPYRE]StartAt:1477959177782,Parent RDD ID:11,Name:UnionRDD,TaskAttempt ID:20,Partition Id:8,Stage Id:3
16/10/31 18:12:57 INFO serializeLogger: [CreationPYRE]EndAt:1477959177782,Parent RDD ID:11,Name:UnionRDD,TaskAttempt ID:68,Partition Id:56,Stage Id:3
16/10/31 18:12:57 INFO serializeLogger: [CreationPYRE]StartAt:1477959177782,Parent RDD ID:11,Name:UnionRDD,TaskAttempt ID:24,Partition Id:12,Stage Id:3
16/10/31 18:12:57 INFO serializeLogger: [RunnerCompute]StartAt:1477959177783,Parent RDD ID:11,Name:UnionRDD,TaskAttempt ID:68,Partition Id:56,Stage Id:3
16/10/31 18:12:57 INFO serializeLogger: [CreationPYRE]EndAt:1477959177783,Parent RDD ID:11,Name:UnionRDD,TaskAttempt ID:20,Partition Id:8,Stage Id:3
16/10/31 18:12:57 INFO serializeLogger: [RunnerCompute]StartAt:1477959177783,Parent RDD ID:11,Name:UnionRDD,TaskAttempt ID:36,Partition Id:24,Stage Id:3
16/10/31 18:12:57 INFO serializeLogger: [RunnerCompute]StartAt:1477959177784,Parent RDD ID:11,Name:UnionRDD,TaskAttempt ID:20,Partition Id:8,Stage Id:3
16/10/31 18:12:57 INFO serializeLogger: [RunnerCompute]StartAt:1477959177784,Parent RDD ID:11,Name:UnionRDD,TaskAttempt ID:44,Partition Id:32,Stage Id:3
16/10/31 18:12:57 INFO serializeLogger: [CreationPYRE]StartAt:1477959177784,Parent RDD ID:11,Name:UnionRDD,TaskAttempt ID:48,Partition Id:36,Stage Id:3
16/10/31 18:12:57 INFO serializeLogger: [CreationPYRE]EndAt:1477959177785,Parent RDD ID:11,Name:UnionRDD,TaskAttempt ID:48,Partition Id:36,Stage Id:3
16/10/31 18:12:57 INFO serializeLogger: [CreationPYRE]StartAt:1477959177786,Parent RDD ID:11,Name:UnionRDD,TaskAttempt ID:64,Partition Id:52,Stage Id:3
16/10/31 18:12:57 INFO serializeLogger: [CreationPYRE]EndAt:1477959177786,Parent RDD ID:11,Name:UnionRDD,TaskAttempt ID:24,Partition Id:12,Stage Id:3
16/10/31 18:12:57 INFO serializeLogger: [CreationPYRE]StartAt:1477959177787,Parent RDD ID:11,Name:UnionRDD,TaskAttempt ID:12,Partition Id:1,Stage Id:3
16/10/31 18:12:57 INFO serializeLogger: [CreationPYRE]EndAt:1477959177787,Parent RDD ID:11,Name:UnionRDD,TaskAttempt ID:64,Partition Id:52,Stage Id:3
16/10/31 18:12:57 INFO serializeLogger: [CreationPYRE]StartAt:1477959177787,Parent RDD ID:11,Name:UnionRDD,TaskAttempt ID:32,Partition Id:20,Stage Id:3
16/10/31 18:12:57 INFO serializeLogger: [CreationPYRE]StartAt:1477959177788,Parent RDD ID:11,Name:UnionRDD,TaskAttempt ID:40,Partition Id:28,Stage Id:3
16/10/31 18:12:57 INFO serializeLogger: [CreationPYRE]StartAt:1477959177788,Parent RDD ID:11,Name:UnionRDD,TaskAttempt ID:72,Partition Id:60,Stage Id:3
16/10/31 18:12:57 INFO serializeLogger: [CreationPYRE]EndAt:1477959177788,Parent RDD ID:11,Name:UnionRDD,TaskAttempt ID:32,Partition Id:20,Stage Id:3
16/10/31 18:12:57 INFO serializeLogger: [CreationPYRE]EndAt:1477959177788,Parent RDD ID:11,Name:UnionRDD,TaskAttempt ID:40,Partition Id:28,Stage Id:3
16/10/31 18:12:57 INFO serializeLogger: [CreationPYRE]EndAt:1477959177788,Parent RDD ID:11,Name:UnionRDD,TaskAttempt ID:72,Partition Id:60,Stage Id:3
16/10/31 18:12:57 INFO serializeLogger: [RunnerCompute]StartAt:1477959177788,Parent RDD ID:11,Name:UnionRDD,TaskAttempt ID:32,Partition Id:20,Stage Id:3
16/10/31 18:12:57 INFO serializeLogger: [RunnerCompute]StartAt:1477959177788,Parent RDD ID:11,Name:UnionRDD,TaskAttempt ID:40,Partition Id:28,Stage Id:3
16/10/31 18:12:57 INFO serializeLogger: [RunnerCompute]StartAt:1477959177789,Parent RDD ID:11,Name:UnionRDD,TaskAttempt ID:48,Partition Id:36,Stage Id:3
16/10/31 18:12:57 INFO serializeLogger: [RunnerCompute]StartAt:1477959177791,Parent RDD ID:11,Name:UnionRDD,TaskAttempt ID:72,Partition Id:60,Stage Id:3
16/10/31 18:12:57 INFO serializeLogger: [CreationPYRE]StartAt:1477959177791,Parent RDD ID:11,Name:UnionRDD,TaskAttempt ID:60,Partition Id:48,Stage Id:3
16/10/31 18:12:57 INFO serializeLogger: [RunnerCompute]StartAt:1477959177791,Parent RDD ID:11,Name:UnionRDD,TaskAttempt ID:64,Partition Id:52,Stage Id:3
16/10/31 18:12:57 INFO serializeLogger: [CreationPYRE]EndAt:1477959177791,Parent RDD ID:11,Name:UnionRDD,TaskAttempt ID:12,Partition Id:1,Stage Id:3
16/10/31 18:12:57 INFO serializeLogger: [CreationPYRE]EndAt:1477959177792,Parent RDD ID:11,Name:UnionRDD,TaskAttempt ID:60,Partition Id:48,Stage Id:3
16/10/31 18:12:57 INFO serializeLogger: [RunnerCompute]StartAt:1477959177792,Parent RDD ID:11,Name:UnionRDD,TaskAttempt ID:12,Partition Id:1,Stage Id:3
16/10/31 18:12:57 INFO serializeLogger: [RunnerCompute]StartAt:1477959177792,Parent RDD ID:11,Name:UnionRDD,TaskAttempt ID:24,Partition Id:12,Stage Id:3
16/10/31 18:12:57 INFO serializeLogger: [CreationPYRE]StartAt:1477959177793,Parent RDD ID:11,Name:UnionRDD,TaskAttempt ID:56,Partition Id:44,Stage Id:3
16/10/31 18:12:57 INFO serializeLogger: [RunnerCompute]StartAt:1477959177793,Parent RDD ID:11,Name:UnionRDD,TaskAttempt ID:60,Partition Id:48,Stage Id:3
16/10/31 18:12:57 INFO serializeLogger: [CreationPYRE]StartAt:1477959177794,Parent RDD ID:8,Name:ParallelCollectionRDD,TaskAttempt ID:20,Partition Id:8,Stage Id:3
16/10/31 18:12:57 INFO serializeLogger: [CreationPYRE]StartAt:1477959177795,Parent RDD ID:8,Name:ParallelCollectionRDD,TaskAttempt ID:52,Partition Id:40,Stage Id:3
16/10/31 18:12:57 INFO serializeLogger: [CreationPYRE]StartAt:1477959177795,Parent RDD ID:11,Name:UnionRDD,TaskAttempt ID:28,Partition Id:16,Stage Id:3
16/10/31 18:12:57 INFO serializeLogger: [CreationPYRE]EndAt:1477959177795,Parent RDD ID:8,Name:ParallelCollectionRDD,TaskAttempt ID:52,Partition Id:40,Stage Id:3
16/10/31 18:12:57 INFO serializeLogger: [CreationPYRE]StartAt:1477959177795,Parent RDD ID:8,Name:ParallelCollectionRDD,TaskAttempt ID:44,Partition Id:32,Stage Id:3
16/10/31 18:12:57 INFO serializeLogger: [CreationPYRE]StartAt:1477959177796,Parent RDD ID:11,Name:UnionRDD,TaskAttempt ID:16,Partition Id:4,Stage Id:3
16/10/31 18:12:57 INFO serializeLogger: [CreationPYRE]StartAt:1477959177796,Parent RDD ID:8,Name:ParallelCollectionRDD,TaskAttempt ID:32,Partition Id:20,Stage Id:3
16/10/31 18:12:57 INFO serializeLogger: [CreationPYRE]EndAt:1477959177796,Parent RDD ID:8,Name:ParallelCollectionRDD,TaskAttempt ID:20,Partition Id:8,Stage Id:3
16/10/31 18:12:57 INFO serializeLogger: [RunnerCompute]StartAt:1477959177797,Parent RDD ID:8,Name:ParallelCollectionRDD,TaskAttempt ID:20,Partition Id:8,Stage Id:3
16/10/31 18:12:57 INFO serializeLogger: [CreationPYRE]EndAt:1477959177797,Parent RDD ID:11,Name:UnionRDD,TaskAttempt ID:56,Partition Id:44,Stage Id:3
16/10/31 18:12:57 INFO serializeLogger: [RunnerCompute]StartAt:1477959177797,Parent RDD ID:11,Name:UnionRDD,TaskAttempt ID:56,Partition Id:44,Stage Id:3
16/10/31 18:12:57 INFO serializeLogger: [CreationPYRE]StartAt:1477959177798,Parent RDD ID:8,Name:ParallelCollectionRDD,TaskAttempt ID:68,Partition Id:56,Stage Id:3
16/10/31 18:12:57 INFO serializeLogger: [CreationPYRE]EndAt:1477959177798,Parent RDD ID:8,Name:ParallelCollectionRDD,TaskAttempt ID:68,Partition Id:56,Stage Id:3
16/10/31 18:12:57 INFO serializeLogger: [CreationPYRE]StartAt:1477959177799,Parent RDD ID:8,Name:ParallelCollectionRDD,TaskAttempt ID:64,Partition Id:52,Stage Id:3
16/10/31 18:12:57 INFO serializeLogger: [CreationPYRE]StartAt:1477959177799,Parent RDD ID:8,Name:ParallelCollectionRDD,TaskAttempt ID:60,Partition Id:48,Stage Id:3
16/10/31 18:12:57 INFO serializeLogger: [CreationPYRE]StartAt:1477959177799,Parent RDD ID:8,Name:ParallelCollectionRDD,TaskAttempt ID:40,Partition Id:28,Stage Id:3
16/10/31 18:12:57 INFO serializeLogger: [CreationPYRE]StartAt:1477959177800,Parent RDD ID:8,Name:ParallelCollectionRDD,TaskAttempt ID:48,Partition Id:36,Stage Id:3
16/10/31 18:12:57 INFO serializeLogger: [CreationPYRE]EndAt:1477959177800,Parent RDD ID:8,Name:ParallelCollectionRDD,TaskAttempt ID:32,Partition Id:20,Stage Id:3
16/10/31 18:12:57 INFO serializeLogger: [CreationPYRE]EndAt:1477959177800,Parent RDD ID:11,Name:UnionRDD,TaskAttempt ID:16,Partition Id:4,Stage Id:3
16/10/31 18:12:57 INFO serializeLogger: [CreationPYRE]EndAt:1477959177800,Parent RDD ID:8,Name:ParallelCollectionRDD,TaskAttempt ID:44,Partition Id:32,Stage Id:3
16/10/31 18:12:57 INFO serializeLogger: [RunnerCompute]StartAt:1477959177800,Parent RDD ID:8,Name:ParallelCollectionRDD,TaskAttempt ID:52,Partition Id:40,Stage Id:3
16/10/31 18:12:57 INFO serializeLogger: [RunnerCompute]StartAt:1477959177800,Parent RDD ID:8,Name:ParallelCollectionRDD,TaskAttempt ID:44,Partition Id:32,Stage Id:3
16/10/31 18:12:57 INFO serializeLogger: [CreationPYRE]StartAt:1477959177801,Parent RDD ID:8,Name:ParallelCollectionRDD,TaskAttempt ID:36,Partition Id:24,Stage Id:3
16/10/31 18:12:57 INFO serializeLogger: [CreationPYRE]EndAt:1477959177801,Parent RDD ID:11,Name:UnionRDD,TaskAttempt ID:28,Partition Id:16,Stage Id:3
16/10/31 18:12:57 INFO serializeLogger: [RunnerCompute]StartAt:1477959177801,Parent RDD ID:11,Name:UnionRDD,TaskAttempt ID:16,Partition Id:4,Stage Id:3
16/10/31 18:12:57 INFO serializeLogger: [RunnerCompute]StartAt:1477959177801,Parent RDD ID:8,Name:ParallelCollectionRDD,TaskAttempt ID:32,Partition Id:20,Stage Id:3
16/10/31 18:12:57 INFO serializeLogger: [CreationPYRE]EndAt:1477959177801,Parent RDD ID:8,Name:ParallelCollectionRDD,TaskAttempt ID:48,Partition Id:36,Stage Id:3
16/10/31 18:12:57 INFO serializeLogger: [CreationPYRE]EndAt:1477959177802,Parent RDD ID:8,Name:ParallelCollectionRDD,TaskAttempt ID:40,Partition Id:28,Stage Id:3
16/10/31 18:12:57 INFO serializeLogger: [CreationPYRE]StartAt:1477959177802,Parent RDD ID:8,Name:ParallelCollectionRDD,TaskAttempt ID:72,Partition Id:60,Stage Id:3
16/10/31 18:12:57 INFO serializeLogger: [CreationPYRE]EndAt:1477959177802,Parent RDD ID:8,Name:ParallelCollectionRDD,TaskAttempt ID:60,Partition Id:48,Stage Id:3
16/10/31 18:12:57 INFO serializeLogger: [CreationPYRE]EndAt:1477959177802,Parent RDD ID:8,Name:ParallelCollectionRDD,TaskAttempt ID:64,Partition Id:52,Stage Id:3
16/10/31 18:12:57 INFO serializeLogger: [RunnerCompute]StartAt:1477959177802,Parent RDD ID:8,Name:ParallelCollectionRDD,TaskAttempt ID:60,Partition Id:48,Stage Id:3
16/10/31 18:12:57 INFO serializeLogger: [CreationPYRE]StartAt:1477959177803,Parent RDD ID:7,Name:MapPartitionedRDD,TaskAttempt ID:12,Partition Id:1,Stage Id:3
16/10/31 18:12:57 INFO serializeLogger: [RunnerCompute]StartAt:1477959177803,Parent RDD ID:8,Name:ParallelCollectionRDD,TaskAttempt ID:68,Partition Id:56,Stage Id:3
16/10/31 18:12:57 INFO serializeLogger: [CreationPYRE]EndAt:1477959177803,Parent RDD ID:7,Name:MapPartitionedRDD,TaskAttempt ID:12,Partition Id:1,Stage Id:3
16/10/31 18:12:57 INFO serializeLogger: [RunnerCompute]StartAt:1477959177803,Parent RDD ID:7,Name:MapPartitionedRDD,TaskAttempt ID:12,Partition Id:1,Stage Id:3
16/10/31 18:12:57 INFO serializeLogger: [RunnerCompute]StartAt:1477959177804,Parent RDD ID:8,Name:ParallelCollectionRDD,TaskAttempt ID:64,Partition Id:52,Stage Id:3
16/10/31 18:12:57 INFO serializeLogger: [CreationPYRE]EndAt:1477959177804,Parent RDD ID:8,Name:ParallelCollectionRDD,TaskAttempt ID:72,Partition Id:60,Stage Id:3
16/10/31 18:12:57 INFO serializeLogger: [RunnerCompute]StartAt:1477959177804,Parent RDD ID:8,Name:ParallelCollectionRDD,TaskAttempt ID:40,Partition Id:28,Stage Id:3
16/10/31 18:12:57 INFO serializeLogger: [RunnerCompute]StartAt:1477959177805,Parent RDD ID:8,Name:ParallelCollectionRDD,TaskAttempt ID:48,Partition Id:36,Stage Id:3
16/10/31 18:12:57 INFO serializeLogger: [RunnerCompute]StartAt:1477959177806,Parent RDD ID:11,Name:UnionRDD,TaskAttempt ID:28,Partition Id:16,Stage Id:3
16/10/31 18:12:57 INFO serializeLogger: [CreationPYRE]EndAt:1477959177806,Parent RDD ID:8,Name:ParallelCollectionRDD,TaskAttempt ID:36,Partition Id:24,Stage Id:3
16/10/31 18:12:57 INFO serializeLogger: [CreationPYRE]StartAt:1477959177807,Parent RDD ID:8,Name:ParallelCollectionRDD,TaskAttempt ID:16,Partition Id:4,Stage Id:3
16/10/31 18:12:57 INFO serializeLogger: [RunnerCompute]StartAt:1477959177808,Parent RDD ID:8,Name:ParallelCollectionRDD,TaskAttempt ID:72,Partition Id:60,Stage Id:3
16/10/31 18:12:57 INFO serializeLogger: [CreationPYRE]StartAt:1477959177813,Parent RDD ID:8,Name:ParallelCollectionRDD,TaskAttempt ID:24,Partition Id:12,Stage Id:3
16/10/31 18:12:57 INFO serializeLogger: [CreationPYRE]StartAt:1477959177814,Parent RDD ID:8,Name:ParallelCollectionRDD,TaskAttempt ID:56,Partition Id:44,Stage Id:3
16/10/31 18:12:57 INFO serializeLogger: [CreationPYRE]EndAt:1477959177815,Parent RDD ID:8,Name:ParallelCollectionRDD,TaskAttempt ID:16,Partition Id:4,Stage Id:3
16/10/31 18:12:57 INFO serializeLogger: [RunnerCompute]StartAt:1477959177816,Parent RDD ID:8,Name:ParallelCollectionRDD,TaskAttempt ID:36,Partition Id:24,Stage Id:3
16/10/31 18:12:57 INFO serializeLogger: [RunnerCompute]StartAt:1477959177816,Parent RDD ID:8,Name:ParallelCollectionRDD,TaskAttempt ID:16,Partition Id:4,Stage Id:3
16/10/31 18:12:57 INFO serializeLogger: [CreationPYRE]EndAt:1477959177818,Parent RDD ID:8,Name:ParallelCollectionRDD,TaskAttempt ID:56,Partition Id:44,Stage Id:3
16/10/31 18:12:57 INFO serializeLogger: [CreationPYRE]EndAt:1477959177819,Parent RDD ID:8,Name:ParallelCollectionRDD,TaskAttempt ID:24,Partition Id:12,Stage Id:3
16/10/31 18:12:57 INFO serializeLogger: [RunnerCompute]StartAt:1477959177819,Parent RDD ID:8,Name:ParallelCollectionRDD,TaskAttempt ID:56,Partition Id:44,Stage Id:3
16/10/31 18:12:57 INFO serializeLogger: [RunnerCompute]StartAt:1477959177821,Parent RDD ID:8,Name:ParallelCollectionRDD,TaskAttempt ID:24,Partition Id:12,Stage Id:3
16/10/31 18:12:57 INFO serializeLogger: [CreationPYRE]StartAt:1477959177822,Parent RDD ID:8,Name:ParallelCollectionRDD,TaskAttempt ID:28,Partition Id:16,Stage Id:3
16/10/31 18:12:57 INFO serializeLogger: [CreationPYRE]EndAt:1477959177823,Parent RDD ID:8,Name:ParallelCollectionRDD,TaskAttempt ID:28,Partition Id:16,Stage Id:3
16/10/31 18:12:57 INFO serializeLogger: [RunnerCompute]StartAt:1477959177825,Parent RDD ID:8,Name:ParallelCollectionRDD,TaskAttempt ID:28,Partition Id:16,Stage Id:3
16/10/31 18:12:57 INFO serializeLogger: [writerThread]StartAt:1477959177868,Parent RDD ID:8,Name:ParallelCollectionRDD,TaskAttempt ID:40,Partition Id:28,Stage Id:3
16/10/31 18:12:57 INFO serializeLogger: [writerThread]StartAt:1477959177889,Parent RDD ID:8,Name:ParallelCollectionRDD,TaskAttempt ID:44,Partition Id:32,Stage Id:3
16/10/31 18:12:57 INFO serializeLogger: [writerThread]StartAt:1477959177906,Parent RDD ID:8,Name:ParallelCollectionRDD,TaskAttempt ID:32,Partition Id:20,Stage Id:3
16/10/31 18:12:57 INFO serializeLogger: [writerThread]StartAt:1477959177919,Parent RDD ID:8,Name:ParallelCollectionRDD,TaskAttempt ID:56,Partition Id:44,Stage Id:3
16/10/31 18:12:57 INFO serializeLogger: [writerThread]StartAt:1477959177945,Parent RDD ID:8,Name:ParallelCollectionRDD,TaskAttempt ID:52,Partition Id:40,Stage Id:3
16/10/31 18:12:57 INFO serializeLogger: [writerThread]StartAt:1477959177961,Parent RDD ID:8,Name:ParallelCollectionRDD,TaskAttempt ID:20,Partition Id:8,Stage Id:3
16/10/31 18:12:57 INFO serializeLogger: [RunnerCompute]EndAt:1477959177961,Parent RDD ID:8,Name:ParallelCollectionRDD,TaskAttempt ID:40,Partition Id:28,Stage Id:3
16/10/31 18:12:57 INFO serializeLogger: [writerThread]StartAt:1477959177974,Parent RDD ID:8,Name:ParallelCollectionRDD,TaskAttempt ID:28,Partition Id:16,Stage Id:3
16/10/31 18:12:57 INFO serializeLogger: [RunnerCompute]EndAt:1477959177975,Parent RDD ID:8,Name:ParallelCollectionRDD,TaskAttempt ID:32,Partition Id:20,Stage Id:3
16/10/31 18:12:57 INFO serializeLogger: [RunnerCompute]EndAt:1477959177975,Parent RDD ID:8,Name:ParallelCollectionRDD,TaskAttempt ID:52,Partition Id:40,Stage Id:3
16/10/31 18:12:57 INFO serializeLogger: [writerThread]StartAt:1477959177974,Parent RDD ID:8,Name:ParallelCollectionRDD,TaskAttempt ID:24,Partition Id:12,Stage Id:3
16/10/31 18:12:57 INFO serializeLogger: [writerThread]StartAt:1477959177976,Parent RDD ID:8,Name:ParallelCollectionRDD,TaskAttempt ID:64,Partition Id:52,Stage Id:3
16/10/31 18:12:57 INFO serializeLogger: [RunnerCompute]EndAt:1477959177963,Parent RDD ID:8,Name:ParallelCollectionRDD,TaskAttempt ID:56,Partition Id:44,Stage Id:3
16/10/31 18:12:57 INFO serializeLogger: [writerThread]StartAt:1477959177977,Parent RDD ID:11,Name:UnionRDD,TaskAttempt ID:40,Partition Id:28,Stage Id:3
16/10/31 18:12:57 INFO serializeLogger: [writerThread]StartAt:1477959177991,Parent RDD ID:8,Name:ParallelCollectionRDD,TaskAttempt ID:60,Partition Id:48,Stage Id:3
16/10/31 18:12:58 INFO serializeLogger: [writerThread]StartAt:1477959178008,Parent RDD ID:8,Name:ParallelCollectionRDD,TaskAttempt ID:36,Partition Id:24,Stage Id:3
16/10/31 18:12:58 INFO serializeLogger: [RunnerCompute]EndAt:1477959178008,Parent RDD ID:8,Name:ParallelCollectionRDD,TaskAttempt ID:44,Partition Id:32,Stage Id:3
16/10/31 18:12:58 INFO serializeLogger: [RunnerCompute]EndAt:1477959178009,Parent RDD ID:8,Name:ParallelCollectionRDD,TaskAttempt ID:60,Partition Id:48,Stage Id:3
16/10/31 18:12:58 INFO serializeLogger: [writerThread]StartAt:1477959178009,Parent RDD ID:8,Name:ParallelCollectionRDD,TaskAttempt ID:16,Partition Id:4,Stage Id:3
16/10/31 18:12:58 INFO serializeLogger: [writerThread]StartAt:1477959178012,Parent RDD ID:8,Name:ParallelCollectionRDD,TaskAttempt ID:72,Partition Id:60,Stage Id:3
16/10/31 18:12:58 INFO serializeLogger: [writerThread]StartAt:1477959178034,Parent RDD ID:8,Name:ParallelCollectionRDD,TaskAttempt ID:68,Partition Id:56,Stage Id:3
16/10/31 18:12:58 INFO serializeLogger: [writerThread]StartAt:1477959178051,Parent RDD ID:8,Name:ParallelCollectionRDD,TaskAttempt ID:48,Partition Id:36,Stage Id:3
16/10/31 18:12:58 INFO serializeLogger: [RunnerCompute]EndAt:1477959178051,Parent RDD ID:8,Name:ParallelCollectionRDD,TaskAttempt ID:68,Partition Id:56,Stage Id:3
16/10/31 18:12:58 INFO serializeLogger: [RunnerCompute]EndAt:1477959178052,Parent RDD ID:8,Name:ParallelCollectionRDD,TaskAttempt ID:28,Partition Id:16,Stage Id:3
16/10/31 18:12:58 INFO serializeLogger: [RunnerCompute]EndAt:1477959178053,Parent RDD ID:8,Name:ParallelCollectionRDD,TaskAttempt ID:36,Partition Id:24,Stage Id:3
16/10/31 18:12:58 INFO serializeLogger: [writerThread]StartAt:1477959178052,Parent RDD ID:7,Name:MapPartitionedRDD,TaskAttempt ID:12,Partition Id:1,Stage Id:3
16/10/31 18:12:58 INFO serializeLogger: [RunnerCompute]EndAt:1477959178057,Parent RDD ID:8,Name:ParallelCollectionRDD,TaskAttempt ID:20,Partition Id:8,Stage Id:3
16/10/31 18:12:58 INFO serializeLogger: [writerThread]StartAt:1477959178057,Parent RDD ID:11,Name:UnionRDD,TaskAttempt ID:44,Partition Id:32,Stage Id:3
16/10/31 18:12:58 INFO serializeLogger: [writerThread]StartAt:1477959178057,Parent RDD ID:11,Name:UnionRDD,TaskAttempt ID:60,Partition Id:48,Stage Id:3
16/10/31 18:12:58 INFO serializeLogger: [writerThread]StartAt:1477959178082,Parent RDD ID:11,Name:UnionRDD,TaskAttempt ID:56,Partition Id:44,Stage Id:3
16/10/31 18:12:58 INFO serializeLogger: [writerThread]StartAt:1477959178085,Parent RDD ID:11,Name:UnionRDD,TaskAttempt ID:32,Partition Id:20,Stage Id:3
16/10/31 18:12:58 INFO serializeLogger: [RunnerCompute]EndAt:1477959178100,Parent RDD ID:8,Name:ParallelCollectionRDD,TaskAttempt ID:64,Partition Id:52,Stage Id:3
16/10/31 18:12:58 INFO serializeLogger: [RunnerCompute]EndAt:1477959178100,Parent RDD ID:8,Name:ParallelCollectionRDD,TaskAttempt ID:48,Partition Id:36,Stage Id:3
16/10/31 18:12:58 INFO serializeLogger: [writerThread]StartAt:1477959178100,Parent RDD ID:11,Name:UnionRDD,TaskAttempt ID:52,Partition Id:40,Stage Id:3
16/10/31 18:12:58 INFO serializeLogger: [writerThread]StartAt:1477959178101,Parent RDD ID:11,Name:UnionRDD,TaskAttempt ID:68,Partition Id:56,Stage Id:3
16/10/31 18:12:58 INFO serializeLogger: [RunnerCompute]EndAt:1477959178101,Parent RDD ID:8,Name:ParallelCollectionRDD,TaskAttempt ID:24,Partition Id:12,Stage Id:3
16/10/31 18:12:58 INFO serializeLogger: [writerThread]StartAt:1477959178106,Parent RDD ID:11,Name:UnionRDD,TaskAttempt ID:20,Partition Id:8,Stage Id:3
16/10/31 18:12:58 INFO serializeLogger: [writerThread]StartAt:1477959178113,Parent RDD ID:11,Name:UnionRDD,TaskAttempt ID:28,Partition Id:16,Stage Id:3
16/10/31 18:12:58 INFO serializeLogger: [writerThread]StartAt:1477959178117,Parent RDD ID:11,Name:UnionRDD,TaskAttempt ID:36,Partition Id:24,Stage Id:3
16/10/31 18:12:58 INFO serializeLogger: [RunnerCompute]EndAt:1477959178118,Parent RDD ID:8,Name:ParallelCollectionRDD,TaskAttempt ID:16,Partition Id:4,Stage Id:3
16/10/31 18:12:58 INFO serializeLogger: [writerThread]StartAt:1477959178118,Parent RDD ID:11,Name:UnionRDD,TaskAttempt ID:24,Partition Id:12,Stage Id:3
16/10/31 18:12:58 INFO serializeLogger: [writerThread]StartAt:1477959178139,Parent RDD ID:11,Name:UnionRDD,TaskAttempt ID:48,Partition Id:36,Stage Id:3
16/10/31 18:12:58 INFO serializeLogger: [writerThread]StartAt:1477959178165,Parent RDD ID:11,Name:UnionRDD,TaskAttempt ID:64,Partition Id:52,Stage Id:3
16/10/31 18:12:58 INFO serializeLogger: [RunnerCompute]EndAt:1477959178165,Parent RDD ID:11,Name:UnionRDD,TaskAttempt ID:32,Partition Id:20,Stage Id:3
16/10/31 18:12:58 INFO serializeLogger: [RunnerCompute]EndAt:1477959178166,Parent RDD ID:11,Name:UnionRDD,TaskAttempt ID:48,Partition Id:36,Stage Id:3
16/10/31 18:12:58 INFO serializeLogger: [RunnerCompute]EndAt:1477959178166,Parent RDD ID:11,Name:UnionRDD,TaskAttempt ID:20,Partition Id:8,Stage Id:3
16/10/31 18:12:58 INFO serializeLogger: [RunnerCompute]EndAt:1477959178167,Parent RDD ID:11,Name:UnionRDD,TaskAttempt ID:40,Partition Id:28,Stage Id:3
16/10/31 18:12:58 INFO serializeLogger: [RunnerCompute]EndAt:1477959178167,Parent RDD ID:11,Name:UnionRDD,TaskAttempt ID:68,Partition Id:56,Stage Id:3
16/10/31 18:12:58 INFO serializeLogger: [RunnerCompute]EndAt:1477959178168,Parent RDD ID:11,Name:UnionRDD,TaskAttempt ID:36,Partition Id:24,Stage Id:3
16/10/31 18:12:58 INFO serializeLogger: [RunnerCompute]EndAt:1477959178169,Parent RDD ID:11,Name:UnionRDD,TaskAttempt ID:52,Partition Id:40,Stage Id:3
16/10/31 18:12:58 INFO serializeLogger: [RunnerCompute]EndAt:1477959178169,Parent RDD ID:11,Name:UnionRDD,TaskAttempt ID:44,Partition Id:32,Stage Id:3
16/10/31 18:12:58 INFO serializeLogger: [RunnerCompute]EndAt:1477959178170,Parent RDD ID:11,Name:UnionRDD,TaskAttempt ID:24,Partition Id:12,Stage Id:3
16/10/31 18:12:58 INFO serializeLogger: [writerThread]StartAt:1477959178198,Parent RDD ID:11,Name:UnionRDD,TaskAttempt ID:16,Partition Id:4,Stage Id:3
16/10/31 18:12:58 INFO serializeLogger: [writerThread]EndAt:1477959178199,Parent RDD ID:11,Name:UnionRDD,TaskAttempt ID:48,Partition Id:36,Stage Id:3
16/10/31 18:12:58 INFO serializeLogger: [writerThread]EndAt:1477959178200,Parent RDD ID:8,Name:ParallelCollectionRDD,TaskAttempt ID:48,Partition Id:36,Stage Id:3
16/10/31 18:12:58 INFO serializeLogger: [writerThread]EndAt:1477959178200,Parent RDD ID:11,Name:UnionRDD,TaskAttempt ID:36,Partition Id:24,Stage Id:3
16/10/31 18:12:58 INFO serializeLogger: [writerThread]EndAt:1477959178201,Parent RDD ID:8,Name:ParallelCollectionRDD,TaskAttempt ID:36,Partition Id:24,Stage Id:3
16/10/31 18:12:58 INFO serializeLogger: [writerThread]EndAt:1477959178201,Parent RDD ID:11,Name:UnionRDD,TaskAttempt ID:20,Partition Id:8,Stage Id:3
16/10/31 18:12:58 INFO serializeLogger: [RunnerCompute]EndAt:1477959178207,Parent RDD ID:11,Name:UnionRDD,TaskAttempt ID:64,Partition Id:52,Stage Id:3
16/10/31 18:12:58 INFO serializeLogger: [writerThread]EndAt:1477959178207,Parent RDD ID:11,Name:UnionRDD,TaskAttempt ID:32,Partition Id:20,Stage Id:3
16/10/31 18:12:58 INFO serializeLogger: [RunnerCompute]EndAt:1477959178207,Parent RDD ID:8,Name:ParallelCollectionRDD,TaskAttempt ID:72,Partition Id:60,Stage Id:3
16/10/31 18:12:58 INFO serializeLogger: [writerThread]EndAt:1477959178205,Parent RDD ID:11,Name:UnionRDD,TaskAttempt ID:24,Partition Id:12,Stage Id:3
16/10/31 18:12:58 INFO serializeLogger: [writerThread]EndAt:1477959178229,Parent RDD ID:8,Name:ParallelCollectionRDD,TaskAttempt ID:24,Partition Id:12,Stage Id:3
16/10/31 18:12:58 INFO serializeLogger: [RunnerCompute]EndAt:1477959178230,Parent RDD ID:11,Name:UnionRDD,TaskAttempt ID:56,Partition Id:44,Stage Id:3
16/10/31 18:12:58 INFO serializeLogger: [writerThread]EndAt:1477959178207,Parent RDD ID:11,Name:UnionRDD,TaskAttempt ID:68,Partition Id:56,Stage Id:3
16/10/31 18:12:58 INFO serializeLogger: [writerThread]EndAt:1477959178206,Parent RDD ID:11,Name:UnionRDD,TaskAttempt ID:40,Partition Id:28,Stage Id:3
16/10/31 18:12:58 INFO serializeLogger: [writerThread]EndAt:1477959178233,Parent RDD ID:8,Name:ParallelCollectionRDD,TaskAttempt ID:40,Partition Id:28,Stage Id:3
16/10/31 18:12:58 INFO serializeLogger: [writerThread]EndAt:1477959178206,Parent RDD ID:11,Name:UnionRDD,TaskAttempt ID:52,Partition Id:40,Stage Id:3
16/10/31 18:12:58 INFO serializeLogger: [writerThread]EndAt:1477959178233,Parent RDD ID:8,Name:ParallelCollectionRDD,TaskAttempt ID:52,Partition Id:40,Stage Id:3
16/10/31 18:12:58 INFO serializeLogger: [RunnerCompute]EndAt:1477959178234,Parent RDD ID:11,Name:UnionRDD,TaskAttempt ID:60,Partition Id:48,Stage Id:3
16/10/31 18:12:58 INFO serializeLogger: [writerThread]EndAt:1477959178234,Parent RDD ID:11,Name:UnionRDD,TaskAttempt ID:64,Partition Id:52,Stage Id:3
16/10/31 18:12:58 INFO serializeLogger: [writerThread]EndAt:1477959178235,Parent RDD ID:11,Name:UnionRDD,TaskAttempt ID:56,Partition Id:44,Stage Id:3
16/10/31 18:12:58 INFO serializeLogger: [writerThread]EndAt:1477959178235,Parent RDD ID:8,Name:ParallelCollectionRDD,TaskAttempt ID:56,Partition Id:44,Stage Id:3
16/10/31 18:12:58 INFO serializeLogger: [writerThread]EndAt:1477959178206,Parent RDD ID:11,Name:UnionRDD,TaskAttempt ID:44,Partition Id:32,Stage Id:3
16/10/31 18:12:58 INFO serializeLogger: [writerThread]EndAt:1477959178232,Parent RDD ID:8,Name:ParallelCollectionRDD,TaskAttempt ID:68,Partition Id:56,Stage Id:3
16/10/31 18:12:58 INFO serializeLogger: [writerThread]StartAt:1477959178225,Parent RDD ID:11,Name:UnionRDD,TaskAttempt ID:72,Partition Id:60,Stage Id:3
16/10/31 18:12:58 INFO serializeLogger: [writerThread]EndAt:1477959178213,Parent RDD ID:8,Name:ParallelCollectionRDD,TaskAttempt ID:32,Partition Id:20,Stage Id:3
16/10/31 18:12:58 INFO serializeLogger: [writerThread]EndAt:1477959178212,Parent RDD ID:8,Name:ParallelCollectionRDD,TaskAttempt ID:20,Partition Id:8,Stage Id:3
16/10/31 18:12:58 INFO serializeLogger: [writerThread]EndAt:1477959178237,Parent RDD ID:8,Name:ParallelCollectionRDD,TaskAttempt ID:44,Partition Id:32,Stage Id:3
16/10/31 18:12:58 INFO serializeLogger: [writerThread]EndAt:1477959178242,Parent RDD ID:11,Name:UnionRDD,TaskAttempt ID:60,Partition Id:48,Stage Id:3
16/10/31 18:12:58 INFO serializeLogger: [writerThread]EndAt:1477959178245,Parent RDD ID:8,Name:ParallelCollectionRDD,TaskAttempt ID:64,Partition Id:52,Stage Id:3
16/10/31 18:12:58 INFO serializeLogger: [writerThread]EndAt:1477959178252,Parent RDD ID:8,Name:ParallelCollectionRDD,TaskAttempt ID:60,Partition Id:48,Stage Id:3
16/10/31 18:12:58 INFO serializeLogger: [RunnerCompute]EndAt:1477959178272,Parent RDD ID:11,Name:UnionRDD,TaskAttempt ID:28,Partition Id:16,Stage Id:3
16/10/31 18:12:58 INFO serializeLogger: [writerThread]EndAt:1477959178274,Parent RDD ID:11,Name:UnionRDD,TaskAttempt ID:28,Partition Id:16,Stage Id:3
16/10/31 18:12:58 INFO serializeLogger: [writerThread]EndAt:1477959178274,Parent RDD ID:8,Name:ParallelCollectionRDD,TaskAttempt ID:28,Partition Id:16,Stage Id:3
16/10/31 18:12:58 INFO serializeLogger: [RunnerCompute]EndAt:1477959178286,Parent RDD ID:11,Name:UnionRDD,TaskAttempt ID:16,Partition Id:4,Stage Id:3
16/10/31 18:12:58 INFO serializeLogger: [writerThread]EndAt:1477959178288,Parent RDD ID:11,Name:UnionRDD,TaskAttempt ID:16,Partition Id:4,Stage Id:3
16/10/31 18:12:58 INFO serializeLogger: [writerThread]EndAt:1477959178288,Parent RDD ID:8,Name:ParallelCollectionRDD,TaskAttempt ID:16,Partition Id:4,Stage Id:3
16/10/31 18:12:58 INFO serializeLogger: [RunnerCompute]EndAt:1477959178354,Parent RDD ID:11,Name:UnionRDD,TaskAttempt ID:72,Partition Id:60,Stage Id:3
16/10/31 18:12:58 INFO serializeLogger: [writerThread]EndAt:1477959178357,Parent RDD ID:11,Name:UnionRDD,TaskAttempt ID:72,Partition Id:60,Stage Id:3
16/10/31 18:12:58 INFO serializeLogger: [writerThread]EndAt:1477959178357,Parent RDD ID:8,Name:ParallelCollectionRDD,TaskAttempt ID:72,Partition Id:60,Stage Id:3
16/10/31 18:13:16 INFO serializeLogger: [RunnerCompute]EndAt:1477959196109,Parent RDD ID:7,Name:MapPartitionedRDD,TaskAttempt ID:12,Partition Id:1,Stage Id:3
16/10/31 18:13:16 INFO serializeLogger: [writerThread]StartAt:1477959196112,Parent RDD ID:11,Name:UnionRDD,TaskAttempt ID:12,Partition Id:1,Stage Id:3
16/10/31 18:13:35 INFO serializeLogger: [RunnerCompute]EndAt:1477959215454,Parent RDD ID:11,Name:UnionRDD,TaskAttempt ID:12,Partition Id:1,Stage Id:3
16/10/31 18:13:36 INFO serializeLogger: [writerThread]EndAt:1477959216594,Parent RDD ID:11,Name:UnionRDD,TaskAttempt ID:12,Partition Id:1,Stage Id:3
16/10/31 18:13:36 INFO serializeLogger: [writerThread]EndAt:1477959216595,Parent RDD ID:7,Name:MapPartitionedRDD,TaskAttempt ID:12,Partition Id:1,Stage Id:3
16/10/31 18:13:36 INFO serializeLogger: [CreationPYRE]StartAt:1477959216853,Parent RDD ID:18,Name:UnionRDD,TaskAttempt ID:81,Partition Id:4,Stage Id:4
16/10/31 18:13:36 INFO serializeLogger: [CreationPYRE]StartAt:1477959216853,Parent RDD ID:18,Name:UnionRDD,TaskAttempt ID:137,Partition Id:60,Stage Id:4
16/10/31 18:13:36 INFO serializeLogger: [CreationPYRE]EndAt:1477959216853,Parent RDD ID:18,Name:UnionRDD,TaskAttempt ID:81,Partition Id:4,Stage Id:4
16/10/31 18:13:36 INFO serializeLogger: [CreationPYRE]EndAt:1477959216853,Parent RDD ID:18,Name:UnionRDD,TaskAttempt ID:137,Partition Id:60,Stage Id:4
16/10/31 18:13:36 INFO serializeLogger: [RunnerCompute]StartAt:1477959216853,Parent RDD ID:18,Name:UnionRDD,TaskAttempt ID:81,Partition Id:4,Stage Id:4
16/10/31 18:13:36 INFO serializeLogger: [RunnerCompute]StartAt:1477959216853,Parent RDD ID:18,Name:UnionRDD,TaskAttempt ID:137,Partition Id:60,Stage Id:4
16/10/31 18:13:36 INFO serializeLogger: [CreationPYRE]StartAt:1477959216855,Parent RDD ID:18,Name:UnionRDD,TaskAttempt ID:133,Partition Id:56,Stage Id:4
16/10/31 18:13:36 INFO serializeLogger: [CreationPYRE]EndAt:1477959216855,Parent RDD ID:18,Name:UnionRDD,TaskAttempt ID:133,Partition Id:56,Stage Id:4
16/10/31 18:13:36 INFO serializeLogger: [RunnerCompute]StartAt:1477959216856,Parent RDD ID:18,Name:UnionRDD,TaskAttempt ID:133,Partition Id:56,Stage Id:4
16/10/31 18:13:36 INFO serializeLogger: [CreationPYRE]StartAt:1477959216857,Parent RDD ID:8,Name:ParallelCollectionRDD,TaskAttempt ID:133,Partition Id:56,Stage Id:4
16/10/31 18:13:36 INFO serializeLogger: [CreationPYRE]EndAt:1477959216857,Parent RDD ID:8,Name:ParallelCollectionRDD,TaskAttempt ID:133,Partition Id:56,Stage Id:4
16/10/31 18:13:36 INFO serializeLogger: [CreationPYRE]StartAt:1477959216858,Parent RDD ID:8,Name:ParallelCollectionRDD,TaskAttempt ID:81,Partition Id:4,Stage Id:4
16/10/31 18:13:36 INFO serializeLogger: [CreationPYRE]StartAt:1477959216859,Parent RDD ID:18,Name:UnionRDD,TaskAttempt ID:129,Partition Id:52,Stage Id:4
16/10/31 18:13:36 INFO serializeLogger: [CreationPYRE]StartAt:1477959216859,Parent RDD ID:8,Name:ParallelCollectionRDD,TaskAttempt ID:137,Partition Id:60,Stage Id:4
16/10/31 18:13:36 INFO serializeLogger: [CreationPYRE]EndAt:1477959216859,Parent RDD ID:18,Name:UnionRDD,TaskAttempt ID:129,Partition Id:52,Stage Id:4
16/10/31 18:13:36 INFO serializeLogger: [RunnerCompute]StartAt:1477959216859,Parent RDD ID:8,Name:ParallelCollectionRDD,TaskAttempt ID:133,Partition Id:56,Stage Id:4
16/10/31 18:13:36 INFO serializeLogger: [RunnerCompute]StartAt:1477959216860,Parent RDD ID:18,Name:UnionRDD,TaskAttempt ID:129,Partition Id:52,Stage Id:4
16/10/31 18:13:36 INFO serializeLogger: [CreationPYRE]EndAt:1477959216861,Parent RDD ID:8,Name:ParallelCollectionRDD,TaskAttempt ID:137,Partition Id:60,Stage Id:4
16/10/31 18:13:36 INFO serializeLogger: [CreationPYRE]EndAt:1477959216862,Parent RDD ID:8,Name:ParallelCollectionRDD,TaskAttempt ID:81,Partition Id:4,Stage Id:4
16/10/31 18:13:36 INFO serializeLogger: [RunnerCompute]StartAt:1477959216862,Parent RDD ID:8,Name:ParallelCollectionRDD,TaskAttempt ID:137,Partition Id:60,Stage Id:4
16/10/31 18:13:36 INFO serializeLogger: [CreationPYRE]StartAt:1477959216865,Parent RDD ID:18,Name:UnionRDD,TaskAttempt ID:117,Partition Id:40,Stage Id:4
16/10/31 18:13:36 INFO serializeLogger: [CreationPYRE]StartAt:1477959216865,Parent RDD ID:18,Name:UnionRDD,TaskAttempt ID:113,Partition Id:36,Stage Id:4
16/10/31 18:13:36 INFO serializeLogger: [writerThread]StartAt:1477959216867,Parent RDD ID:8,Name:ParallelCollectionRDD,TaskAttempt ID:133,Partition Id:56,Stage Id:4
16/10/31 18:13:36 INFO serializeLogger: [RunnerCompute]StartAt:1477959216867,Parent RDD ID:8,Name:ParallelCollectionRDD,TaskAttempt ID:81,Partition Id:4,Stage Id:4
16/10/31 18:13:36 INFO serializeLogger: [CreationPYRE]StartAt:1477959216867,Parent RDD ID:8,Name:ParallelCollectionRDD,TaskAttempt ID:129,Partition Id:52,Stage Id:4
16/10/31 18:13:36 INFO serializeLogger: [CreationPYRE]EndAt:1477959216868,Parent RDD ID:8,Name:ParallelCollectionRDD,TaskAttempt ID:129,Partition Id:52,Stage Id:4
16/10/31 18:13:36 INFO serializeLogger: [CreationPYRE]StartAt:1477959216868,Parent RDD ID:18,Name:UnionRDD,TaskAttempt ID:93,Partition Id:16,Stage Id:4
16/10/31 18:13:36 INFO serializeLogger: [CreationPYRE]EndAt:1477959216868,Parent RDD ID:18,Name:UnionRDD,TaskAttempt ID:93,Partition Id:16,Stage Id:4
16/10/31 18:13:36 INFO serializeLogger: [CreationPYRE]EndAt:1477959216869,Parent RDD ID:18,Name:UnionRDD,TaskAttempt ID:113,Partition Id:36,Stage Id:4
16/10/31 18:13:36 INFO serializeLogger: [RunnerCompute]StartAt:1477959216869,Parent RDD ID:18,Name:UnionRDD,TaskAttempt ID:113,Partition Id:36,Stage Id:4
16/10/31 18:13:36 INFO serializeLogger: [writerThread]StartAt:1477959216869,Parent RDD ID:8,Name:ParallelCollectionRDD,TaskAttempt ID:137,Partition Id:60,Stage Id:4
16/10/31 18:13:36 INFO serializeLogger: [CreationPYRE]EndAt:1477959216869,Parent RDD ID:18,Name:UnionRDD,TaskAttempt ID:117,Partition Id:40,Stage Id:4
16/10/31 18:13:36 INFO serializeLogger: [RunnerCompute]StartAt:1477959216869,Parent RDD ID:18,Name:UnionRDD,TaskAttempt ID:117,Partition Id:40,Stage Id:4
16/10/31 18:13:36 INFO serializeLogger: [CreationPYRE]StartAt:1477959216870,Parent RDD ID:18,Name:UnionRDD,TaskAttempt ID:101,Partition Id:24,Stage Id:4
16/10/31 18:13:36 INFO serializeLogger: [CreationPYRE]StartAt:1477959216870,Parent RDD ID:18,Name:UnionRDD,TaskAttempt ID:109,Partition Id:32,Stage Id:4
16/10/31 18:13:36 INFO serializeLogger: [CreationPYRE]EndAt:1477959216870,Parent RDD ID:18,Name:UnionRDD,TaskAttempt ID:101,Partition Id:24,Stage Id:4
16/10/31 18:13:36 INFO serializeLogger: [RunnerCompute]StartAt:1477959216870,Parent RDD ID:18,Name:UnionRDD,TaskAttempt ID:93,Partition Id:16,Stage Id:4
16/10/31 18:13:36 INFO serializeLogger: [CreationPYRE]StartAt:1477959216870,Parent RDD ID:18,Name:UnionRDD,TaskAttempt ID:121,Partition Id:44,Stage Id:4
16/10/31 18:13:36 INFO serializeLogger: [RunnerCompute]StartAt:1477959216870,Parent RDD ID:8,Name:ParallelCollectionRDD,TaskAttempt ID:129,Partition Id:52,Stage Id:4
16/10/31 18:13:36 INFO serializeLogger: [CreationPYRE]StartAt:1477959216871,Parent RDD ID:18,Name:UnionRDD,TaskAttempt ID:125,Partition Id:48,Stage Id:4
16/10/31 18:13:36 INFO serializeLogger: [CreationPYRE]EndAt:1477959216871,Parent RDD ID:18,Name:UnionRDD,TaskAttempt ID:125,Partition Id:48,Stage Id:4
16/10/31 18:13:36 INFO serializeLogger: [RunnerCompute]StartAt:1477959216872,Parent RDD ID:18,Name:UnionRDD,TaskAttempt ID:125,Partition Id:48,Stage Id:4
16/10/31 18:13:36 INFO serializeLogger: [CreationPYRE]EndAt:1477959216872,Parent RDD ID:18,Name:UnionRDD,TaskAttempt ID:121,Partition Id:44,Stage Id:4
16/10/31 18:13:36 INFO serializeLogger: [RunnerCompute]StartAt:1477959216872,Parent RDD ID:18,Name:UnionRDD,TaskAttempt ID:101,Partition Id:24,Stage Id:4
16/10/31 18:13:36 INFO serializeLogger: [CreationPYRE]EndAt:1477959216874,Parent RDD ID:18,Name:UnionRDD,TaskAttempt ID:109,Partition Id:32,Stage Id:4
16/10/31 18:13:36 INFO serializeLogger: [CreationPYRE]StartAt:1477959216874,Parent RDD ID:18,Name:UnionRDD,TaskAttempt ID:97,Partition Id:20,Stage Id:4
16/10/31 18:13:36 INFO serializeLogger: [RunnerCompute]StartAt:1477959216875,Parent RDD ID:18,Name:UnionRDD,TaskAttempt ID:109,Partition Id:32,Stage Id:4
16/10/31 18:13:36 INFO serializeLogger: [RunnerCompute]EndAt:1477959216875,Parent RDD ID:8,Name:ParallelCollectionRDD,TaskAttempt ID:133,Partition Id:56,Stage Id:4
16/10/31 18:13:36 INFO serializeLogger: [RunnerCompute]StartAt:1477959216876,Parent RDD ID:18,Name:UnionRDD,TaskAttempt ID:121,Partition Id:44,Stage Id:4
16/10/31 18:13:36 INFO serializeLogger: [CreationPYRE]StartAt:1477959216877,Parent RDD ID:18,Name:UnionRDD,TaskAttempt ID:105,Partition Id:28,Stage Id:4
16/10/31 18:13:36 INFO serializeLogger: [CreationPYRE]StartAt:1477959216877,Parent RDD ID:8,Name:ParallelCollectionRDD,TaskAttempt ID:93,Partition Id:16,Stage Id:4
16/10/31 18:13:36 INFO serializeLogger: [CreationPYRE]EndAt:1477959216877,Parent RDD ID:18,Name:UnionRDD,TaskAttempt ID:105,Partition Id:28,Stage Id:4
16/10/31 18:13:36 INFO serializeLogger: [CreationPYRE]StartAt:1477959216877,Parent RDD ID:18,Name:UnionRDD,TaskAttempt ID:85,Partition Id:8,Stage Id:4
16/10/31 18:13:36 INFO serializeLogger: [CreationPYRE]StartAt:1477959216878,Parent RDD ID:8,Name:ParallelCollectionRDD,TaskAttempt ID:117,Partition Id:40,Stage Id:4
16/10/31 18:13:36 INFO serializeLogger: [CreationPYRE]EndAt:1477959216878,Parent RDD ID:18,Name:UnionRDD,TaskAttempt ID:97,Partition Id:20,Stage Id:4
16/10/31 18:13:36 INFO serializeLogger: [CreationPYRE]StartAt:1477959216878,Parent RDD ID:8,Name:ParallelCollectionRDD,TaskAttempt ID:113,Partition Id:36,Stage Id:4
16/10/31 18:13:36 INFO serializeLogger: [RunnerCompute]StartAt:1477959216879,Parent RDD ID:18,Name:UnionRDD,TaskAttempt ID:97,Partition Id:20,Stage Id:4
16/10/31 18:13:36 INFO serializeLogger: [CreationPYRE]EndAt:1477959216879,Parent RDD ID:8,Name:ParallelCollectionRDD,TaskAttempt ID:117,Partition Id:40,Stage Id:4
16/10/31 18:13:36 INFO serializeLogger: [CreationPYRE]EndAt:1477959216879,Parent RDD ID:8,Name:ParallelCollectionRDD,TaskAttempt ID:113,Partition Id:36,Stage Id:4
16/10/31 18:13:36 INFO serializeLogger: [CreationPYRE]StartAt:1477959216879,Parent RDD ID:18,Name:UnionRDD,TaskAttempt ID:89,Partition Id:12,Stage Id:4
16/10/31 18:13:36 INFO serializeLogger: [CreationPYRE]EndAt:1477959216879,Parent RDD ID:18,Name:UnionRDD,TaskAttempt ID:85,Partition Id:8,Stage Id:4
16/10/31 18:13:36 INFO serializeLogger: [RunnerCompute]StartAt:1477959216879,Parent RDD ID:8,Name:ParallelCollectionRDD,TaskAttempt ID:113,Partition Id:36,Stage Id:4
16/10/31 18:13:36 INFO serializeLogger: [CreationPYRE]StartAt:1477959216880,Parent RDD ID:8,Name:ParallelCollectionRDD,TaskAttempt ID:101,Partition Id:24,Stage Id:4
16/10/31 18:13:36 INFO serializeLogger: [CreationPYRE]StartAt:1477959216880,Parent RDD ID:8,Name:ParallelCollectionRDD,TaskAttempt ID:121,Partition Id:44,Stage Id:4
16/10/31 18:13:36 INFO serializeLogger: [RunnerCompute]StartAt:1477959216880,Parent RDD ID:18,Name:UnionRDD,TaskAttempt ID:105,Partition Id:28,Stage Id:4
16/10/31 18:13:36 INFO serializeLogger: [CreationPYRE]EndAt:1477959216880,Parent RDD ID:8,Name:ParallelCollectionRDD,TaskAttempt ID:93,Partition Id:16,Stage Id:4
16/10/31 18:13:36 INFO serializeLogger: [RunnerCompute]StartAt:1477959216881,Parent RDD ID:8,Name:ParallelCollectionRDD,TaskAttempt ID:93,Partition Id:16,Stage Id:4
16/10/31 18:13:36 INFO serializeLogger: [writerThread]StartAt:1477959216881,Parent RDD ID:8,Name:ParallelCollectionRDD,TaskAttempt ID:129,Partition Id:52,Stage Id:4
16/10/31 18:13:36 INFO serializeLogger: [CreationPYRE]EndAt:1477959216881,Parent RDD ID:8,Name:ParallelCollectionRDD,TaskAttempt ID:101,Partition Id:24,Stage Id:4
16/10/31 18:13:36 INFO serializeLogger: [writerThread]StartAt:1477959216881,Parent RDD ID:8,Name:ParallelCollectionRDD,TaskAttempt ID:81,Partition Id:4,Stage Id:4
16/10/31 18:13:36 INFO serializeLogger: [CreationPYRE]EndAt:1477959216881,Parent RDD ID:8,Name:ParallelCollectionRDD,TaskAttempt ID:121,Partition Id:44,Stage Id:4
16/10/31 18:13:36 INFO serializeLogger: [RunnerCompute]StartAt:1477959216882,Parent RDD ID:8,Name:ParallelCollectionRDD,TaskAttempt ID:121,Partition Id:44,Stage Id:4
16/10/31 18:13:36 INFO serializeLogger: [RunnerCompute]StartAt:1477959216882,Parent RDD ID:18,Name:UnionRDD,TaskAttempt ID:85,Partition Id:8,Stage Id:4
16/10/31 18:13:36 INFO serializeLogger: [writerThread]StartAt:1477959216882,Parent RDD ID:18,Name:UnionRDD,TaskAttempt ID:133,Partition Id:56,Stage Id:4
16/10/31 18:13:36 INFO serializeLogger: [CreationPYRE]EndAt:1477959216882,Parent RDD ID:18,Name:UnionRDD,TaskAttempt ID:89,Partition Id:12,Stage Id:4
16/10/31 18:13:36 INFO serializeLogger: [RunnerCompute]StartAt:1477959216882,Parent RDD ID:8,Name:ParallelCollectionRDD,TaskAttempt ID:117,Partition Id:40,Stage Id:4
16/10/31 18:13:36 INFO serializeLogger: [RunnerCompute]StartAt:1477959216882,Parent RDD ID:18,Name:UnionRDD,TaskAttempt ID:89,Partition Id:12,Stage Id:4
16/10/31 18:13:36 INFO serializeLogger: [CreationPYRE]StartAt:1477959216883,Parent RDD ID:8,Name:ParallelCollectionRDD,TaskAttempt ID:109,Partition Id:32,Stage Id:4
16/10/31 18:13:36 INFO serializeLogger: [RunnerCompute]StartAt:1477959216884,Parent RDD ID:8,Name:ParallelCollectionRDD,TaskAttempt ID:101,Partition Id:24,Stage Id:4
16/10/31 18:13:36 INFO serializeLogger: [CreationPYRE]StartAt:1477959216887,Parent RDD ID:8,Name:ParallelCollectionRDD,TaskAttempt ID:89,Partition Id:12,Stage Id:4
16/10/31 18:13:36 INFO serializeLogger: [CreationPYRE]EndAt:1477959216887,Parent RDD ID:8,Name:ParallelCollectionRDD,TaskAttempt ID:109,Partition Id:32,Stage Id:4
16/10/31 18:13:36 INFO serializeLogger: [CreationPYRE]EndAt:1477959216887,Parent RDD ID:8,Name:ParallelCollectionRDD,TaskAttempt ID:89,Partition Id:12,Stage Id:4
16/10/31 18:13:36 INFO serializeLogger: [CreationPYRE]StartAt:1477959216888,Parent RDD ID:8,Name:ParallelCollectionRDD,TaskAttempt ID:85,Partition Id:8,Stage Id:4
16/10/31 18:13:36 INFO serializeLogger: [CreationPYRE]StartAt:1477959216889,Parent RDD ID:8,Name:ParallelCollectionRDD,TaskAttempt ID:125,Partition Id:48,Stage Id:4
16/10/31 18:13:36 INFO serializeLogger: [writerThread]StartAt:1477959216890,Parent RDD ID:8,Name:ParallelCollectionRDD,TaskAttempt ID:113,Partition Id:36,Stage Id:4
16/10/31 18:13:36 INFO serializeLogger: [CreationPYRE]EndAt:1477959216890,Parent RDD ID:8,Name:ParallelCollectionRDD,TaskAttempt ID:85,Partition Id:8,Stage Id:4
16/10/31 18:13:36 INFO serializeLogger: [CreationPYRE]StartAt:1477959216890,Parent RDD ID:8,Name:ParallelCollectionRDD,TaskAttempt ID:97,Partition Id:20,Stage Id:4
16/10/31 18:13:36 INFO serializeLogger: [RunnerCompute]StartAt:1477959216890,Parent RDD ID:8,Name:ParallelCollectionRDD,TaskAttempt ID:89,Partition Id:12,Stage Id:4
16/10/31 18:13:36 INFO serializeLogger: [writerThread]StartAt:1477959216890,Parent RDD ID:8,Name:ParallelCollectionRDD,TaskAttempt ID:93,Partition Id:16,Stage Id:4
16/10/31 18:13:36 INFO serializeLogger: [RunnerCompute]StartAt:1477959216890,Parent RDD ID:8,Name:ParallelCollectionRDD,TaskAttempt ID:109,Partition Id:32,Stage Id:4
16/10/31 18:13:36 INFO serializeLogger: [writerThread]StartAt:1477959216890,Parent RDD ID:8,Name:ParallelCollectionRDD,TaskAttempt ID:101,Partition Id:24,Stage Id:4
16/10/31 18:13:36 INFO serializeLogger: [writerThread]StartAt:1477959216891,Parent RDD ID:8,Name:ParallelCollectionRDD,TaskAttempt ID:121,Partition Id:44,Stage Id:4
16/10/31 18:13:36 INFO serializeLogger: [CreationPYRE]EndAt:1477959216891,Parent RDD ID:8,Name:ParallelCollectionRDD,TaskAttempt ID:97,Partition Id:20,Stage Id:4
16/10/31 18:13:36 INFO serializeLogger: [RunnerCompute]StartAt:1477959216892,Parent RDD ID:8,Name:ParallelCollectionRDD,TaskAttempt ID:85,Partition Id:8,Stage Id:4
16/10/31 18:13:36 INFO serializeLogger: [CreationPYRE]StartAt:1477959216892,Parent RDD ID:8,Name:ParallelCollectionRDD,TaskAttempt ID:105,Partition Id:28,Stage Id:4
16/10/31 18:13:36 INFO serializeLogger: [CreationPYRE]EndAt:1477959216892,Parent RDD ID:8,Name:ParallelCollectionRDD,TaskAttempt ID:125,Partition Id:48,Stage Id:4
16/10/31 18:13:36 INFO serializeLogger: [CreationPYRE]EndAt:1477959216894,Parent RDD ID:8,Name:ParallelCollectionRDD,TaskAttempt ID:105,Partition Id:28,Stage Id:4
16/10/31 18:13:36 INFO serializeLogger: [RunnerCompute]StartAt:1477959216894,Parent RDD ID:8,Name:ParallelCollectionRDD,TaskAttempt ID:97,Partition Id:20,Stage Id:4
16/10/31 18:13:36 INFO serializeLogger: [RunnerCompute]StartAt:1477959216895,Parent RDD ID:8,Name:ParallelCollectionRDD,TaskAttempt ID:105,Partition Id:28,Stage Id:4
16/10/31 18:13:36 INFO serializeLogger: [writerThread]StartAt:1477959216897,Parent RDD ID:8,Name:ParallelCollectionRDD,TaskAttempt ID:117,Partition Id:40,Stage Id:4
16/10/31 18:13:36 INFO serializeLogger: [writerThread]StartAt:1477959216898,Parent RDD ID:8,Name:ParallelCollectionRDD,TaskAttempt ID:89,Partition Id:12,Stage Id:4
16/10/31 18:13:36 INFO serializeLogger: [RunnerCompute]EndAt:1477959216899,Parent RDD ID:8,Name:ParallelCollectionRDD,TaskAttempt ID:93,Partition Id:16,Stage Id:4
16/10/31 18:13:36 INFO serializeLogger: [RunnerCompute]StartAt:1477959216899,Parent RDD ID:8,Name:ParallelCollectionRDD,TaskAttempt ID:125,Partition Id:48,Stage Id:4
16/10/31 18:13:36 INFO serializeLogger: [writerThread]StartAt:1477959216900,Parent RDD ID:8,Name:ParallelCollectionRDD,TaskAttempt ID:85,Partition Id:8,Stage Id:4
16/10/31 18:13:36 INFO serializeLogger: [RunnerCompute]EndAt:1477959216902,Parent RDD ID:8,Name:ParallelCollectionRDD,TaskAttempt ID:121,Partition Id:44,Stage Id:4
16/10/31 18:13:36 INFO serializeLogger: [writerThread]StartAt:1477959216905,Parent RDD ID:8,Name:ParallelCollectionRDD,TaskAttempt ID:97,Partition Id:20,Stage Id:4
16/10/31 18:13:36 INFO serializeLogger: [writerThread]StartAt:1477959216905,Parent RDD ID:8,Name:ParallelCollectionRDD,TaskAttempt ID:109,Partition Id:32,Stage Id:4
16/10/31 18:13:36 INFO serializeLogger: [writerThread]StartAt:1477959216906,Parent RDD ID:8,Name:ParallelCollectionRDD,TaskAttempt ID:105,Partition Id:28,Stage Id:4
16/10/31 18:13:36 INFO serializeLogger: [writerThread]StartAt:1477959216906,Parent RDD ID:8,Name:ParallelCollectionRDD,TaskAttempt ID:125,Partition Id:48,Stage Id:4
16/10/31 18:13:36 INFO serializeLogger: [RunnerCompute]EndAt:1477959216907,Parent RDD ID:8,Name:ParallelCollectionRDD,TaskAttempt ID:117,Partition Id:40,Stage Id:4
16/10/31 18:13:36 INFO serializeLogger: [RunnerCompute]EndAt:1477959216908,Parent RDD ID:8,Name:ParallelCollectionRDD,TaskAttempt ID:85,Partition Id:8,Stage Id:4
16/10/31 18:13:36 INFO serializeLogger: [RunnerCompute]EndAt:1477959216909,Parent RDD ID:8,Name:ParallelCollectionRDD,TaskAttempt ID:89,Partition Id:12,Stage Id:4
16/10/31 18:13:36 INFO serializeLogger: [writerThread]StartAt:1477959216912,Parent RDD ID:18,Name:UnionRDD,TaskAttempt ID:121,Partition Id:44,Stage Id:4
16/10/31 18:13:36 INFO serializeLogger: [writerThread]StartAt:1477959216916,Parent RDD ID:18,Name:UnionRDD,TaskAttempt ID:93,Partition Id:16,Stage Id:4
16/10/31 18:13:36 INFO serializeLogger: [RunnerCompute]EndAt:1477959216918,Parent RDD ID:8,Name:ParallelCollectionRDD,TaskAttempt ID:137,Partition Id:60,Stage Id:4
16/10/31 18:13:36 INFO serializeLogger: [RunnerCompute]EndAt:1477959216919,Parent RDD ID:8,Name:ParallelCollectionRDD,TaskAttempt ID:125,Partition Id:48,Stage Id:4
16/10/31 18:13:36 INFO serializeLogger: [RunnerCompute]EndAt:1477959216924,Parent RDD ID:8,Name:ParallelCollectionRDD,TaskAttempt ID:97,Partition Id:20,Stage Id:4
16/10/31 18:13:36 INFO serializeLogger: [RunnerCompute]EndAt:1477959216930,Parent RDD ID:8,Name:ParallelCollectionRDD,TaskAttempt ID:129,Partition Id:52,Stage Id:4
16/10/31 18:13:36 INFO serializeLogger: [writerThread]StartAt:1477959216930,Parent RDD ID:18,Name:UnionRDD,TaskAttempt ID:137,Partition Id:60,Stage Id:4
16/10/31 18:13:36 INFO serializeLogger: [RunnerCompute]EndAt:1477959216930,Parent RDD ID:8,Name:ParallelCollectionRDD,TaskAttempt ID:81,Partition Id:4,Stage Id:4
16/10/31 18:13:36 INFO serializeLogger: [RunnerCompute]EndAt:1477959216931,Parent RDD ID:8,Name:ParallelCollectionRDD,TaskAttempt ID:109,Partition Id:32,Stage Id:4
16/10/31 18:13:36 INFO serializeLogger: [RunnerCompute]EndAt:1477959216933,Parent RDD ID:18,Name:UnionRDD,TaskAttempt ID:133,Partition Id:56,Stage Id:4
16/10/31 18:13:36 INFO serializeLogger: [RunnerCompute]EndAt:1477959216934,Parent RDD ID:8,Name:ParallelCollectionRDD,TaskAttempt ID:113,Partition Id:36,Stage Id:4
16/10/31 18:13:36 INFO serializeLogger: [writerThread]StartAt:1477959216940,Parent RDD ID:18,Name:UnionRDD,TaskAttempt ID:117,Partition Id:40,Stage Id:4
16/10/31 18:13:36 INFO serializeLogger: [writerThread]StartAt:1477959216940,Parent RDD ID:18,Name:UnionRDD,TaskAttempt ID:89,Partition Id:12,Stage Id:4
16/10/31 18:13:36 INFO serializeLogger: [writerThread]StartAt:1477959216948,Parent RDD ID:18,Name:UnionRDD,TaskAttempt ID:113,Partition Id:36,Stage Id:4
16/10/31 18:13:36 INFO serializeLogger: [writerThread]StartAt:1477959216940,Parent RDD ID:18,Name:UnionRDD,TaskAttempt ID:109,Partition Id:32,Stage Id:4
16/10/31 18:13:36 INFO serializeLogger: [writerThread]StartAt:1477959216940,Parent RDD ID:18,Name:UnionRDD,TaskAttempt ID:125,Partition Id:48,Stage Id:4
16/10/31 18:13:36 INFO serializeLogger: [writerThread]StartAt:1477959216949,Parent RDD ID:18,Name:UnionRDD,TaskAttempt ID:129,Partition Id:52,Stage Id:4
16/10/31 18:13:36 INFO serializeLogger: [writerThread]StartAt:1477959216948,Parent RDD ID:18,Name:UnionRDD,TaskAttempt ID:97,Partition Id:20,Stage Id:4
16/10/31 18:13:36 INFO serializeLogger: [writerThread]EndAt:1477959216945,Parent RDD ID:18,Name:UnionRDD,TaskAttempt ID:133,Partition Id:56,Stage Id:4
16/10/31 18:13:36 INFO serializeLogger: [writerThread]EndAt:1477959216951,Parent RDD ID:8,Name:ParallelCollectionRDD,TaskAttempt ID:133,Partition Id:56,Stage Id:4
16/10/31 18:13:36 INFO serializeLogger: [RunnerCompute]EndAt:1477959216943,Parent RDD ID:8,Name:ParallelCollectionRDD,TaskAttempt ID:101,Partition Id:24,Stage Id:4
16/10/31 18:13:36 INFO serializeLogger: [writerThread]StartAt:1477959216943,Parent RDD ID:18,Name:UnionRDD,TaskAttempt ID:81,Partition Id:4,Stage Id:4
16/10/31 18:13:36 INFO serializeLogger: [writerThread]StartAt:1477959216941,Parent RDD ID:18,Name:UnionRDD,TaskAttempt ID:85,Partition Id:8,Stage Id:4
16/10/31 18:13:36 INFO serializeLogger: [RunnerCompute]EndAt:1477959216958,Parent RDD ID:8,Name:ParallelCollectionRDD,TaskAttempt ID:105,Partition Id:28,Stage Id:4
16/10/31 18:13:36 INFO serializeLogger: [writerThread]StartAt:1477959216964,Parent RDD ID:18,Name:UnionRDD,TaskAttempt ID:101,Partition Id:24,Stage Id:4
16/10/31 18:13:36 INFO serializeLogger: [RunnerCompute]EndAt:1477959216970,Parent RDD ID:18,Name:UnionRDD,TaskAttempt ID:93,Partition Id:16,Stage Id:4
16/10/31 18:13:36 INFO serializeLogger: [writerThread]EndAt:1477959216972,Parent RDD ID:18,Name:UnionRDD,TaskAttempt ID:93,Partition Id:16,Stage Id:4
16/10/31 18:13:36 INFO serializeLogger: [writerThread]EndAt:1477959216972,Parent RDD ID:8,Name:ParallelCollectionRDD,TaskAttempt ID:93,Partition Id:16,Stage Id:4
16/10/31 18:13:37 INFO serializeLogger: [RunnerCompute]EndAt:1477959217007,Parent RDD ID:18,Name:UnionRDD,TaskAttempt ID:85,Partition Id:8,Stage Id:4
16/10/31 18:13:37 INFO serializeLogger: [RunnerCompute]EndAt:1477959217009,Parent RDD ID:18,Name:UnionRDD,TaskAttempt ID:137,Partition Id:60,Stage Id:4
16/10/31 18:13:37 INFO serializeLogger: [RunnerCompute]EndAt:1477959217012,Parent RDD ID:18,Name:UnionRDD,TaskAttempt ID:89,Partition Id:12,Stage Id:4
16/10/31 18:13:37 INFO serializeLogger: [writerThread]EndAt:1477959217013,Parent RDD ID:18,Name:UnionRDD,TaskAttempt ID:137,Partition Id:60,Stage Id:4
16/10/31 18:13:37 INFO serializeLogger: [writerThread]EndAt:1477959217013,Parent RDD ID:8,Name:ParallelCollectionRDD,TaskAttempt ID:137,Partition Id:60,Stage Id:4
16/10/31 18:13:37 INFO serializeLogger: [writerThread]StartAt:1477959217014,Parent RDD ID:18,Name:UnionRDD,TaskAttempt ID:105,Partition Id:28,Stage Id:4
16/10/31 18:13:37 INFO serializeLogger: [RunnerCompute]EndAt:1477959217014,Parent RDD ID:18,Name:UnionRDD,TaskAttempt ID:113,Partition Id:36,Stage Id:4
16/10/31 18:13:37 INFO serializeLogger: [writerThread]EndAt:1477959217015,Parent RDD ID:18,Name:UnionRDD,TaskAttempt ID:85,Partition Id:8,Stage Id:4
16/10/31 18:13:37 INFO serializeLogger: [writerThread]EndAt:1477959217015,Parent RDD ID:8,Name:ParallelCollectionRDD,TaskAttempt ID:85,Partition Id:8,Stage Id:4
16/10/31 18:13:37 INFO serializeLogger: [writerThread]EndAt:1477959217023,Parent RDD ID:18,Name:UnionRDD,TaskAttempt ID:89,Partition Id:12,Stage Id:4
16/10/31 18:13:37 INFO serializeLogger: [writerThread]EndAt:1477959217023,Parent RDD ID:8,Name:ParallelCollectionRDD,TaskAttempt ID:89,Partition Id:12,Stage Id:4
16/10/31 18:13:37 INFO serializeLogger: [writerThread]EndAt:1477959217025,Parent RDD ID:18,Name:UnionRDD,TaskAttempt ID:113,Partition Id:36,Stage Id:4
16/10/31 18:13:37 INFO serializeLogger: [RunnerCompute]EndAt:1477959217032,Parent RDD ID:18,Name:UnionRDD,TaskAttempt ID:101,Partition Id:24,Stage Id:4
16/10/31 18:13:37 INFO serializeLogger: [RunnerCompute]EndAt:1477959217035,Parent RDD ID:18,Name:UnionRDD,TaskAttempt ID:81,Partition Id:4,Stage Id:4
16/10/31 18:13:37 INFO serializeLogger: [RunnerCompute]EndAt:1477959217035,Parent RDD ID:18,Name:UnionRDD,TaskAttempt ID:121,Partition Id:44,Stage Id:4
16/10/31 18:13:37 INFO serializeLogger: [writerThread]EndAt:1477959217036,Parent RDD ID:18,Name:UnionRDD,TaskAttempt ID:101,Partition Id:24,Stage Id:4
16/10/31 18:13:37 INFO serializeLogger: [RunnerCompute]EndAt:1477959217036,Parent RDD ID:18,Name:UnionRDD,TaskAttempt ID:117,Partition Id:40,Stage Id:4
16/10/31 18:13:37 INFO serializeLogger: [writerThread]EndAt:1477959217036,Parent RDD ID:8,Name:ParallelCollectionRDD,TaskAttempt ID:101,Partition Id:24,Stage Id:4
16/10/31 18:13:37 INFO serializeLogger: [writerThread]EndAt:1477959217040,Parent RDD ID:8,Name:ParallelCollectionRDD,TaskAttempt ID:113,Partition Id:36,Stage Id:4
16/10/31 18:13:37 INFO serializeLogger: [writerThread]EndAt:1477959217042,Parent RDD ID:18,Name:UnionRDD,TaskAttempt ID:121,Partition Id:44,Stage Id:4
16/10/31 18:13:37 INFO serializeLogger: [writerThread]EndAt:1477959217042,Parent RDD ID:8,Name:ParallelCollectionRDD,TaskAttempt ID:121,Partition Id:44,Stage Id:4
16/10/31 18:13:37 INFO serializeLogger: [writerThread]EndAt:1477959217045,Parent RDD ID:18,Name:UnionRDD,TaskAttempt ID:117,Partition Id:40,Stage Id:4
16/10/31 18:13:37 INFO serializeLogger: [writerThread]EndAt:1477959217045,Parent RDD ID:18,Name:UnionRDD,TaskAttempt ID:81,Partition Id:4,Stage Id:4
16/10/31 18:13:37 INFO serializeLogger: [writerThread]EndAt:1477959217045,Parent RDD ID:8,Name:ParallelCollectionRDD,TaskAttempt ID:117,Partition Id:40,Stage Id:4
16/10/31 18:13:37 INFO serializeLogger: [writerThread]EndAt:1477959217045,Parent RDD ID:8,Name:ParallelCollectionRDD,TaskAttempt ID:81,Partition Id:4,Stage Id:4
16/10/31 18:13:37 INFO serializeLogger: [RunnerCompute]EndAt:1477959217050,Parent RDD ID:18,Name:UnionRDD,TaskAttempt ID:125,Partition Id:48,Stage Id:4
16/10/31 18:13:37 INFO serializeLogger: [RunnerCompute]EndAt:1477959217052,Parent RDD ID:18,Name:UnionRDD,TaskAttempt ID:129,Partition Id:52,Stage Id:4
16/10/31 18:13:37 INFO serializeLogger: [writerThread]EndAt:1477959217052,Parent RDD ID:18,Name:UnionRDD,TaskAttempt ID:125,Partition Id:48,Stage Id:4
16/10/31 18:13:37 INFO serializeLogger: [RunnerCompute]EndAt:1477959217055,Parent RDD ID:18,Name:UnionRDD,TaskAttempt ID:97,Partition Id:20,Stage Id:4
16/10/31 18:13:37 INFO serializeLogger: [writerThread]EndAt:1477959217055,Parent RDD ID:8,Name:ParallelCollectionRDD,TaskAttempt ID:125,Partition Id:48,Stage Id:4
16/10/31 18:13:37 INFO serializeLogger: [RunnerCompute]EndAt:1477959217055,Parent RDD ID:18,Name:UnionRDD,TaskAttempt ID:109,Partition Id:32,Stage Id:4
16/10/31 18:13:37 INFO serializeLogger: [writerThread]EndAt:1477959217055,Parent RDD ID:18,Name:UnionRDD,TaskAttempt ID:129,Partition Id:52,Stage Id:4
16/10/31 18:13:37 INFO serializeLogger: [writerThread]EndAt:1477959217056,Parent RDD ID:8,Name:ParallelCollectionRDD,TaskAttempt ID:129,Partition Id:52,Stage Id:4
16/10/31 18:13:37 INFO serializeLogger: [writerThread]EndAt:1477959217057,Parent RDD ID:18,Name:UnionRDD,TaskAttempt ID:97,Partition Id:20,Stage Id:4
16/10/31 18:13:37 INFO serializeLogger: [writerThread]EndAt:1477959217058,Parent RDD ID:8,Name:ParallelCollectionRDD,TaskAttempt ID:97,Partition Id:20,Stage Id:4
16/10/31 18:13:37 INFO serializeLogger: [writerThread]EndAt:1477959217058,Parent RDD ID:18,Name:UnionRDD,TaskAttempt ID:109,Partition Id:32,Stage Id:4
16/10/31 18:13:37 INFO serializeLogger: [writerThread]EndAt:1477959217058,Parent RDD ID:8,Name:ParallelCollectionRDD,TaskAttempt ID:109,Partition Id:32,Stage Id:4
16/10/31 18:13:37 INFO serializeLogger: [RunnerCompute]EndAt:1477959217068,Parent RDD ID:18,Name:UnionRDD,TaskAttempt ID:105,Partition Id:28,Stage Id:4
16/10/31 18:13:37 INFO serializeLogger: [writerThread]EndAt:1477959217071,Parent RDD ID:18,Name:UnionRDD,TaskAttempt ID:105,Partition Id:28,Stage Id:4
16/10/31 18:13:37 INFO serializeLogger: [writerThread]EndAt:1477959217071,Parent RDD ID:8,Name:ParallelCollectionRDD,TaskAttempt ID:105,Partition Id:28,Stage Id:4
16/10/31 18:13:37 INFO serializeLogger: [CreationPYRE]StartAt:1477959217885,Parent RDD ID:18,Name:UnionRDD,TaskAttempt ID:147,Partition Id:1,Stage Id:4
16/10/31 18:13:37 INFO serializeLogger: [CreationPYRE]EndAt:1477959217885,Parent RDD ID:18,Name:UnionRDD,TaskAttempt ID:147,Partition Id:1,Stage Id:4
16/10/31 18:13:37 INFO serializeLogger: [RunnerCompute]StartAt:1477959217885,Parent RDD ID:18,Name:UnionRDD,TaskAttempt ID:147,Partition Id:1,Stage Id:4
16/10/31 18:13:37 INFO serializeLogger: [CreationPYRE]StartAt:1477959217886,Parent RDD ID:15,Name:MapPartitionedRDD,TaskAttempt ID:147,Partition Id:1,Stage Id:4
16/10/31 18:13:37 INFO serializeLogger: [CreationPYRE]EndAt:1477959217886,Parent RDD ID:15,Name:MapPartitionedRDD,TaskAttempt ID:147,Partition Id:1,Stage Id:4
16/10/31 18:13:37 INFO serializeLogger: [RunnerCompute]StartAt:1477959217886,Parent RDD ID:15,Name:MapPartitionedRDD,TaskAttempt ID:147,Partition Id:1,Stage Id:4
16/10/31 18:13:37 INFO serializeLogger: [writerThread]StartAt:1477959217913,Parent RDD ID:15,Name:MapPartitionedRDD,TaskAttempt ID:147,Partition Id:1,Stage Id:4
16/10/31 18:13:46 INFO serializeLogger: [RunnerCompute]EndAt:1477959226466,Parent RDD ID:15,Name:MapPartitionedRDD,TaskAttempt ID:147,Partition Id:1,Stage Id:4
16/10/31 18:13:46 INFO serializeLogger: [writerThread]StartAt:1477959226468,Parent RDD ID:18,Name:UnionRDD,TaskAttempt ID:147,Partition Id:1,Stage Id:4
16/10/31 18:14:04 INFO serializeLogger: [RunnerCompute]EndAt:1477959244970,Parent RDD ID:18,Name:UnionRDD,TaskAttempt ID:147,Partition Id:1,Stage Id:4
16/10/31 18:14:06 INFO serializeLogger: [writerThread]EndAt:1477959246151,Parent RDD ID:18,Name:UnionRDD,TaskAttempt ID:147,Partition Id:1,Stage Id:4
16/10/31 18:14:06 INFO serializeLogger: [writerThread]EndAt:1477959246151,Parent RDD ID:15,Name:MapPartitionedRDD,TaskAttempt ID:147,Partition Id:1,Stage Id:4
16/10/31 18:14:06 INFO serializeLogger: [CreationPYRE]StartAt:1477959246270,Parent RDD ID:25,Name:UnionRDD,TaskAttempt ID:150,Partition Id:1,Stage Id:5
16/10/31 18:14:06 INFO serializeLogger: [CreationPYRE]EndAt:1477959246270,Parent RDD ID:25,Name:UnionRDD,TaskAttempt ID:150,Partition Id:1,Stage Id:5
16/10/31 18:14:06 INFO serializeLogger: [RunnerCompute]StartAt:1477959246270,Parent RDD ID:25,Name:UnionRDD,TaskAttempt ID:150,Partition Id:1,Stage Id:5
16/10/31 18:14:06 INFO serializeLogger: [CreationPYRE]StartAt:1477959246271,Parent RDD ID:25,Name:UnionRDD,TaskAttempt ID:154,Partition Id:5,Stage Id:5
16/10/31 18:14:06 INFO serializeLogger: [CreationPYRE]StartAt:1477959246271,Parent RDD ID:22,Name:MapPartitionedRDD,TaskAttempt ID:150,Partition Id:1,Stage Id:5
16/10/31 18:14:06 INFO serializeLogger: [CreationPYRE]EndAt:1477959246271,Parent RDD ID:25,Name:UnionRDD,TaskAttempt ID:154,Partition Id:5,Stage Id:5
16/10/31 18:14:06 INFO serializeLogger: [CreationPYRE]EndAt:1477959246271,Parent RDD ID:22,Name:MapPartitionedRDD,TaskAttempt ID:150,Partition Id:1,Stage Id:5
16/10/31 18:14:06 INFO serializeLogger: [RunnerCompute]StartAt:1477959246271,Parent RDD ID:25,Name:UnionRDD,TaskAttempt ID:154,Partition Id:5,Stage Id:5
16/10/31 18:14:06 INFO serializeLogger: [RunnerCompute]StartAt:1477959246271,Parent RDD ID:22,Name:MapPartitionedRDD,TaskAttempt ID:150,Partition Id:1,Stage Id:5
16/10/31 18:14:06 INFO serializeLogger: [CreationPYRE]StartAt:1477959246273,Parent RDD ID:22,Name:MapPartitionedRDD,TaskAttempt ID:154,Partition Id:5,Stage Id:5
16/10/31 18:14:06 INFO serializeLogger: [CreationPYRE]EndAt:1477959246273,Parent RDD ID:22,Name:MapPartitionedRDD,TaskAttempt ID:154,Partition Id:5,Stage Id:5
16/10/31 18:14:06 INFO serializeLogger: [RunnerCompute]StartAt:1477959246273,Parent RDD ID:22,Name:MapPartitionedRDD,TaskAttempt ID:154,Partition Id:5,Stage Id:5
16/10/31 18:14:06 INFO serializeLogger: [writerThread]StartAt:1477959246302,Parent RDD ID:22,Name:MapPartitionedRDD,TaskAttempt ID:150,Partition Id:1,Stage Id:5
16/10/31 18:14:06 INFO serializeLogger: [writerThread]StartAt:1477959246336,Parent RDD ID:22,Name:MapPartitionedRDD,TaskAttempt ID:154,Partition Id:5,Stage Id:5
16/10/31 18:14:16 INFO serializeLogger: [RunnerCompute]EndAt:1477959256575,Parent RDD ID:22,Name:MapPartitionedRDD,TaskAttempt ID:150,Partition Id:1,Stage Id:5
16/10/31 18:14:16 INFO serializeLogger: [writerThread]StartAt:1477959256577,Parent RDD ID:25,Name:UnionRDD,TaskAttempt ID:150,Partition Id:1,Stage Id:5
16/10/31 18:14:21 INFO serializeLogger: [RunnerCompute]EndAt:1477959261634,Parent RDD ID:22,Name:MapPartitionedRDD,TaskAttempt ID:154,Partition Id:5,Stage Id:5
16/10/31 18:14:21 INFO serializeLogger: [writerThread]StartAt:1477959261638,Parent RDD ID:25,Name:UnionRDD,TaskAttempt ID:154,Partition Id:5,Stage Id:5
16/10/31 18:14:21 INFO serializeLogger: [RunnerCompute]EndAt:1477959261659,Parent RDD ID:25,Name:UnionRDD,TaskAttempt ID:154,Partition Id:5,Stage Id:5
16/10/31 18:14:21 INFO serializeLogger: [writerThread]EndAt:1477959261680,Parent RDD ID:25,Name:UnionRDD,TaskAttempt ID:154,Partition Id:5,Stage Id:5
16/10/31 18:14:21 INFO serializeLogger: [writerThread]EndAt:1477959261681,Parent RDD ID:22,Name:MapPartitionedRDD,TaskAttempt ID:154,Partition Id:5,Stage Id:5
16/10/31 18:14:36 INFO serializeLogger: [RunnerCompute]EndAt:1477959276562,Parent RDD ID:25,Name:UnionRDD,TaskAttempt ID:150,Partition Id:1,Stage Id:5
16/10/31 18:14:37 INFO serializeLogger: [writerThread]EndAt:1477959277786,Parent RDD ID:25,Name:UnionRDD,TaskAttempt ID:150,Partition Id:1,Stage Id:5
16/10/31 18:14:37 INFO serializeLogger: [writerThread]EndAt:1477959277786,Parent RDD ID:22,Name:MapPartitionedRDD,TaskAttempt ID:150,Partition Id:1,Stage Id:5
16/10/31 18:15:46 INFO serializeLogger: [CreationPYRE]StartAt:1477959346266,Parent RDD ID:32,Name:UnionRDD,TaskAttempt ID:160,Partition Id:5,Stage Id:6
16/10/31 18:15:46 INFO serializeLogger: [CreationPYRE]StartAt:1477959346266,Parent RDD ID:32,Name:UnionRDD,TaskAttempt ID:156,Partition Id:1,Stage Id:6
16/10/31 18:15:46 INFO serializeLogger: [CreationPYRE]EndAt:1477959346266,Parent RDD ID:32,Name:UnionRDD,TaskAttempt ID:160,Partition Id:5,Stage Id:6
16/10/31 18:15:46 INFO serializeLogger: [CreationPYRE]EndAt:1477959346266,Parent RDD ID:32,Name:UnionRDD,TaskAttempt ID:156,Partition Id:1,Stage Id:6
16/10/31 18:15:46 INFO serializeLogger: [RunnerCompute]StartAt:1477959346266,Parent RDD ID:32,Name:UnionRDD,TaskAttempt ID:160,Partition Id:5,Stage Id:6
16/10/31 18:15:46 INFO serializeLogger: [RunnerCompute]StartAt:1477959346267,Parent RDD ID:32,Name:UnionRDD,TaskAttempt ID:156,Partition Id:1,Stage Id:6
16/10/31 18:15:46 INFO serializeLogger: [CreationPYRE]StartAt:1477959346267,Parent RDD ID:29,Name:MapPartitionedRDD,TaskAttempt ID:160,Partition Id:5,Stage Id:6
16/10/31 18:15:46 INFO serializeLogger: [CreationPYRE]StartAt:1477959346267,Parent RDD ID:29,Name:MapPartitionedRDD,TaskAttempt ID:156,Partition Id:1,Stage Id:6
16/10/31 18:15:46 INFO serializeLogger: [CreationPYRE]EndAt:1477959346267,Parent RDD ID:29,Name:MapPartitionedRDD,TaskAttempt ID:160,Partition Id:5,Stage Id:6
16/10/31 18:15:46 INFO serializeLogger: [CreationPYRE]EndAt:1477959346268,Parent RDD ID:29,Name:MapPartitionedRDD,TaskAttempt ID:156,Partition Id:1,Stage Id:6
16/10/31 18:15:46 INFO serializeLogger: [RunnerCompute]StartAt:1477959346268,Parent RDD ID:29,Name:MapPartitionedRDD,TaskAttempt ID:160,Partition Id:5,Stage Id:6
16/10/31 18:15:46 INFO serializeLogger: [RunnerCompute]StartAt:1477959346268,Parent RDD ID:29,Name:MapPartitionedRDD,TaskAttempt ID:156,Partition Id:1,Stage Id:6
16/10/31 18:15:46 INFO serializeLogger: [writerThread]StartAt:1477959346302,Parent RDD ID:29,Name:MapPartitionedRDD,TaskAttempt ID:160,Partition Id:5,Stage Id:6
16/10/31 18:15:46 INFO serializeLogger: [writerThread]StartAt:1477959346317,Parent RDD ID:29,Name:MapPartitionedRDD,TaskAttempt ID:156,Partition Id:1,Stage Id:6
16/10/31 18:15:51 INFO serializeLogger: [RunnerCompute]EndAt:1477959351607,Parent RDD ID:29,Name:MapPartitionedRDD,TaskAttempt ID:160,Partition Id:5,Stage Id:6
16/10/31 18:15:51 INFO serializeLogger: [writerThread]StartAt:1477959351624,Parent RDD ID:32,Name:UnionRDD,TaskAttempt ID:160,Partition Id:5,Stage Id:6
16/10/31 18:15:51 INFO serializeLogger: [RunnerCompute]EndAt:1477959351661,Parent RDD ID:32,Name:UnionRDD,TaskAttempt ID:160,Partition Id:5,Stage Id:6
16/10/31 18:15:51 INFO serializeLogger: [writerThread]EndAt:1477959351689,Parent RDD ID:32,Name:UnionRDD,TaskAttempt ID:160,Partition Id:5,Stage Id:6
16/10/31 18:15:51 INFO serializeLogger: [writerThread]EndAt:1477959351690,Parent RDD ID:29,Name:MapPartitionedRDD,TaskAttempt ID:160,Partition Id:5,Stage Id:6
16/10/31 18:15:57 INFO serializeLogger: [RunnerCompute]EndAt:1477959357966,Parent RDD ID:29,Name:MapPartitionedRDD,TaskAttempt ID:156,Partition Id:1,Stage Id:6
16/10/31 18:15:57 INFO serializeLogger: [writerThread]StartAt:1477959357968,Parent RDD ID:32,Name:UnionRDD,TaskAttempt ID:156,Partition Id:1,Stage Id:6
16/10/31 18:16:16 INFO serializeLogger: [RunnerCompute]EndAt:1477959376224,Parent RDD ID:32,Name:UnionRDD,TaskAttempt ID:156,Partition Id:1,Stage Id:6
16/10/31 18:16:17 INFO serializeLogger: [writerThread]EndAt:1477959377385,Parent RDD ID:32,Name:UnionRDD,TaskAttempt ID:156,Partition Id:1,Stage Id:6
16/10/31 18:16:17 INFO serializeLogger: [writerThread]EndAt:1477959377386,Parent RDD ID:29,Name:MapPartitionedRDD,TaskAttempt ID:156,Partition Id:1,Stage Id:6
16/10/31 18:17:25 INFO serializeLogger: [CreationPYRE]StartAt:1477959445972,Parent RDD ID:39,Name:UnionRDD,TaskAttempt ID:166,Partition Id:1,Stage Id:7
16/10/31 18:17:25 INFO serializeLogger: [CreationPYRE]EndAt:1477959445973,Parent RDD ID:39,Name:UnionRDD,TaskAttempt ID:166,Partition Id:1,Stage Id:7
16/10/31 18:17:25 INFO serializeLogger: [RunnerCompute]StartAt:1477959445973,Parent RDD ID:39,Name:UnionRDD,TaskAttempt ID:166,Partition Id:1,Stage Id:7
16/10/31 18:17:25 INFO serializeLogger: [CreationPYRE]StartAt:1477959445973,Parent RDD ID:36,Name:MapPartitionedRDD,TaskAttempt ID:166,Partition Id:1,Stage Id:7
16/10/31 18:17:25 INFO serializeLogger: [CreationPYRE]EndAt:1477959445973,Parent RDD ID:36,Name:MapPartitionedRDD,TaskAttempt ID:166,Partition Id:1,Stage Id:7
16/10/31 18:17:25 INFO serializeLogger: [RunnerCompute]StartAt:1477959445973,Parent RDD ID:36,Name:MapPartitionedRDD,TaskAttempt ID:166,Partition Id:1,Stage Id:7
16/10/31 18:17:25 INFO serializeLogger: [CreationPYRE]StartAt:1477959445976,Parent RDD ID:39,Name:UnionRDD,TaskAttempt ID:170,Partition Id:5,Stage Id:7
16/10/31 18:17:25 INFO serializeLogger: [CreationPYRE]EndAt:1477959445976,Parent RDD ID:39,Name:UnionRDD,TaskAttempt ID:170,Partition Id:5,Stage Id:7
16/10/31 18:17:25 INFO serializeLogger: [RunnerCompute]StartAt:1477959445977,Parent RDD ID:39,Name:UnionRDD,TaskAttempt ID:170,Partition Id:5,Stage Id:7
16/10/31 18:17:25 INFO serializeLogger: [CreationPYRE]StartAt:1477959445978,Parent RDD ID:36,Name:MapPartitionedRDD,TaskAttempt ID:170,Partition Id:5,Stage Id:7
16/10/31 18:17:25 INFO serializeLogger: [CreationPYRE]EndAt:1477959445978,Parent RDD ID:36,Name:MapPartitionedRDD,TaskAttempt ID:170,Partition Id:5,Stage Id:7
16/10/31 18:17:25 INFO serializeLogger: [RunnerCompute]StartAt:1477959445978,Parent RDD ID:36,Name:MapPartitionedRDD,TaskAttempt ID:170,Partition Id:5,Stage Id:7
16/10/31 18:17:26 INFO serializeLogger: [writerThread]StartAt:1477959446005,Parent RDD ID:36,Name:MapPartitionedRDD,TaskAttempt ID:166,Partition Id:1,Stage Id:7
16/10/31 18:17:26 INFO serializeLogger: [writerThread]StartAt:1477959446034,Parent RDD ID:36,Name:MapPartitionedRDD,TaskAttempt ID:170,Partition Id:5,Stage Id:7
16/10/31 18:17:30 INFO serializeLogger: [RunnerCompute]EndAt:1477959450260,Parent RDD ID:36,Name:MapPartitionedRDD,TaskAttempt ID:170,Partition Id:5,Stage Id:7
16/10/31 18:17:30 INFO serializeLogger: [writerThread]StartAt:1477959450277,Parent RDD ID:39,Name:UnionRDD,TaskAttempt ID:170,Partition Id:5,Stage Id:7
16/10/31 18:17:30 INFO serializeLogger: [RunnerCompute]EndAt:1477959450312,Parent RDD ID:39,Name:UnionRDD,TaskAttempt ID:170,Partition Id:5,Stage Id:7
16/10/31 18:17:30 INFO serializeLogger: [writerThread]EndAt:1477959450335,Parent RDD ID:39,Name:UnionRDD,TaskAttempt ID:170,Partition Id:5,Stage Id:7
16/10/31 18:17:30 INFO serializeLogger: [writerThread]EndAt:1477959450335,Parent RDD ID:36,Name:MapPartitionedRDD,TaskAttempt ID:170,Partition Id:5,Stage Id:7
16/10/31 18:17:35 INFO serializeLogger: [RunnerCompute]EndAt:1477959455990,Parent RDD ID:36,Name:MapPartitionedRDD,TaskAttempt ID:166,Partition Id:1,Stage Id:7
16/10/31 18:17:35 INFO serializeLogger: [writerThread]StartAt:1477959455992,Parent RDD ID:39,Name:UnionRDD,TaskAttempt ID:166,Partition Id:1,Stage Id:7
16/10/31 18:17:54 INFO serializeLogger: [RunnerCompute]EndAt:1477959474848,Parent RDD ID:39,Name:UnionRDD,TaskAttempt ID:166,Partition Id:1,Stage Id:7
16/10/31 18:17:56 INFO serializeLogger: [writerThread]EndAt:1477959476004,Parent RDD ID:39,Name:UnionRDD,TaskAttempt ID:166,Partition Id:1,Stage Id:7
16/10/31 18:17:56 INFO serializeLogger: [writerThread]EndAt:1477959476005,Parent RDD ID:36,Name:MapPartitionedRDD,TaskAttempt ID:166,Partition Id:1,Stage Id:7
16/10/31 18:19:05 INFO serializeLogger: [CreationPYRE]StartAt:1477959545647,Parent RDD ID:46,Name:UnionRDD,TaskAttempt ID:172,Partition Id:1,Stage Id:8
16/10/31 18:19:05 INFO serializeLogger: [CreationPYRE]EndAt:1477959545647,Parent RDD ID:46,Name:UnionRDD,TaskAttempt ID:172,Partition Id:1,Stage Id:8
16/10/31 18:19:05 INFO serializeLogger: [RunnerCompute]StartAt:1477959545647,Parent RDD ID:46,Name:UnionRDD,TaskAttempt ID:172,Partition Id:1,Stage Id:8
16/10/31 18:19:05 INFO serializeLogger: [CreationPYRE]StartAt:1477959545647,Parent RDD ID:46,Name:UnionRDD,TaskAttempt ID:176,Partition Id:5,Stage Id:8
16/10/31 18:19:05 INFO serializeLogger: [CreationPYRE]EndAt:1477959545647,Parent RDD ID:46,Name:UnionRDD,TaskAttempt ID:176,Partition Id:5,Stage Id:8
16/10/31 18:19:05 INFO serializeLogger: [RunnerCompute]StartAt:1477959545648,Parent RDD ID:46,Name:UnionRDD,TaskAttempt ID:176,Partition Id:5,Stage Id:8
16/10/31 18:19:05 INFO serializeLogger: [CreationPYRE]StartAt:1477959545648,Parent RDD ID:43,Name:MapPartitionedRDD,TaskAttempt ID:172,Partition Id:1,Stage Id:8
16/10/31 18:19:05 INFO serializeLogger: [CreationPYRE]EndAt:1477959545648,Parent RDD ID:43,Name:MapPartitionedRDD,TaskAttempt ID:172,Partition Id:1,Stage Id:8
16/10/31 18:19:05 INFO serializeLogger: [RunnerCompute]StartAt:1477959545648,Parent RDD ID:43,Name:MapPartitionedRDD,TaskAttempt ID:172,Partition Id:1,Stage Id:8
16/10/31 18:19:05 INFO serializeLogger: [CreationPYRE]StartAt:1477959545649,Parent RDD ID:43,Name:MapPartitionedRDD,TaskAttempt ID:176,Partition Id:5,Stage Id:8
16/10/31 18:19:05 INFO serializeLogger: [CreationPYRE]EndAt:1477959545649,Parent RDD ID:43,Name:MapPartitionedRDD,TaskAttempt ID:176,Partition Id:5,Stage Id:8
16/10/31 18:19:05 INFO serializeLogger: [RunnerCompute]StartAt:1477959545649,Parent RDD ID:43,Name:MapPartitionedRDD,TaskAttempt ID:176,Partition Id:5,Stage Id:8
16/10/31 18:19:05 INFO serializeLogger: [writerThread]StartAt:1477959545695,Parent RDD ID:43,Name:MapPartitionedRDD,TaskAttempt ID:176,Partition Id:5,Stage Id:8
16/10/31 18:19:05 INFO serializeLogger: [writerThread]StartAt:1477959545736,Parent RDD ID:43,Name:MapPartitionedRDD,TaskAttempt ID:172,Partition Id:1,Stage Id:8
16/10/31 18:20:22 INFO serializeLogger: [RunnerCompute]EndAt:1477959622373,Parent RDD ID:43,Name:MapPartitionedRDD,TaskAttempt ID:176,Partition Id:5,Stage Id:8
16/10/31 18:20:22 INFO serializeLogger: [writerThread]StartAt:1477959622393,Parent RDD ID:46,Name:UnionRDD,TaskAttempt ID:176,Partition Id:5,Stage Id:8
16/10/31 18:20:22 INFO serializeLogger: [RunnerCompute]EndAt:1477959622427,Parent RDD ID:46,Name:UnionRDD,TaskAttempt ID:176,Partition Id:5,Stage Id:8
16/10/31 18:20:22 INFO serializeLogger: [writerThread]EndAt:1477959622452,Parent RDD ID:46,Name:UnionRDD,TaskAttempt ID:176,Partition Id:5,Stage Id:8
16/10/31 18:20:22 INFO serializeLogger: [writerThread]EndAt:1477959622452,Parent RDD ID:43,Name:MapPartitionedRDD,TaskAttempt ID:176,Partition Id:5,Stage Id:8
16/10/31 18:20:27 INFO serializeLogger: [RunnerCompute]EndAt:1477959627809,Parent RDD ID:43,Name:MapPartitionedRDD,TaskAttempt ID:172,Partition Id:1,Stage Id:8
16/10/31 18:20:27 INFO serializeLogger: [writerThread]StartAt:1477959627811,Parent RDD ID:46,Name:UnionRDD,TaskAttempt ID:172,Partition Id:1,Stage Id:8
16/10/31 18:20:46 INFO serializeLogger: [RunnerCompute]EndAt:1477959646210,Parent RDD ID:46,Name:UnionRDD,TaskAttempt ID:172,Partition Id:1,Stage Id:8
16/10/31 18:20:47 INFO serializeLogger: [writerThread]EndAt:1477959647385,Parent RDD ID:46,Name:UnionRDD,TaskAttempt ID:172,Partition Id:1,Stage Id:8
16/10/31 18:20:47 INFO serializeLogger: [writerThread]EndAt:1477959647385,Parent RDD ID:43,Name:MapPartitionedRDD,TaskAttempt ID:172,Partition Id:1,Stage Id:8
16/10/31 18:20:47 INFO serializeLogger: [CreationPYRE]StartAt:1477959647485,Parent RDD ID:50,Name:MapPartitionedRDD,TaskAttempt ID:180,Partition Id:1,Stage Id:9
16/10/31 18:20:47 INFO serializeLogger: [CreationPYRE]EndAt:1477959647485,Parent RDD ID:50,Name:MapPartitionedRDD,TaskAttempt ID:180,Partition Id:1,Stage Id:9
16/10/31 18:20:47 INFO serializeLogger: [RunnerCompute]StartAt:1477959647485,Parent RDD ID:50,Name:MapPartitionedRDD,TaskAttempt ID:180,Partition Id:1,Stage Id:9
16/10/31 18:20:47 INFO serializeLogger: [writerThread]StartAt:1477959647504,Parent RDD ID:50,Name:MapPartitionedRDD,TaskAttempt ID:180,Partition Id:1,Stage Id:9
16/10/31 18:20:50 INFO serializeLogger: [RunnerCompute]EndAt:1477959650593,Parent RDD ID:50,Name:MapPartitionedRDD,TaskAttempt ID:180,Partition Id:1,Stage Id:9
16/10/31 18:20:50 INFO serializeLogger: [writerThread]EndAt:1477959650595,Parent RDD ID:50,Name:MapPartitionedRDD,TaskAttempt ID:180,Partition Id:1,Stage Id:9
16/10/31 18:21:02 INFO serializeLogger: [CreationPYRE]StartAt:1477959662673,Parent RDD ID:54,Name:UnionRDD,TaskAttempt ID:186,Partition Id:1,Stage Id:16
16/10/31 18:21:02 INFO serializeLogger: [CreationPYRE]EndAt:1477959662674,Parent RDD ID:54,Name:UnionRDD,TaskAttempt ID:186,Partition Id:1,Stage Id:16
16/10/31 18:21:02 INFO serializeLogger: [RunnerCompute]StartAt:1477959662674,Parent RDD ID:54,Name:UnionRDD,TaskAttempt ID:186,Partition Id:1,Stage Id:16
16/10/31 18:21:02 INFO serializeLogger: [CreationPYRE]StartAt:1477959662675,Parent RDD ID:54,Name:UnionRDD,TaskAttempt ID:190,Partition Id:5,Stage Id:16
16/10/31 18:21:02 INFO serializeLogger: [CreationPYRE]StartAt:1477959662675,Parent RDD ID:43,Name:MapPartitionedRDD,TaskAttempt ID:186,Partition Id:1,Stage Id:16
16/10/31 18:21:02 INFO serializeLogger: [CreationPYRE]EndAt:1477959662675,Parent RDD ID:54,Name:UnionRDD,TaskAttempt ID:190,Partition Id:5,Stage Id:16
16/10/31 18:21:02 INFO serializeLogger: [CreationPYRE]EndAt:1477959662675,Parent RDD ID:43,Name:MapPartitionedRDD,TaskAttempt ID:186,Partition Id:1,Stage Id:16
16/10/31 18:21:02 INFO serializeLogger: [RunnerCompute]StartAt:1477959662675,Parent RDD ID:54,Name:UnionRDD,TaskAttempt ID:190,Partition Id:5,Stage Id:16
16/10/31 18:21:02 INFO serializeLogger: [RunnerCompute]StartAt:1477959662675,Parent RDD ID:43,Name:MapPartitionedRDD,TaskAttempt ID:186,Partition Id:1,Stage Id:16
16/10/31 18:21:02 INFO serializeLogger: [CreationPYRE]StartAt:1477959662677,Parent RDD ID:43,Name:MapPartitionedRDD,TaskAttempt ID:190,Partition Id:5,Stage Id:16
16/10/31 18:21:02 INFO serializeLogger: [CreationPYRE]EndAt:1477959662677,Parent RDD ID:43,Name:MapPartitionedRDD,TaskAttempt ID:190,Partition Id:5,Stage Id:16
16/10/31 18:21:02 INFO serializeLogger: [RunnerCompute]StartAt:1477959662677,Parent RDD ID:43,Name:MapPartitionedRDD,TaskAttempt ID:190,Partition Id:5,Stage Id:16
16/10/31 18:21:02 INFO serializeLogger: [writerThread]StartAt:1477959662690,Parent RDD ID:43,Name:MapPartitionedRDD,TaskAttempt ID:186,Partition Id:1,Stage Id:16
16/10/31 18:21:02 INFO serializeLogger: [writerThread]StartAt:1477959662695,Parent RDD ID:43,Name:MapPartitionedRDD,TaskAttempt ID:190,Partition Id:5,Stage Id:16
16/10/31 18:22:29 INFO serializeLogger: [RunnerCompute]EndAt:1477959749242,Parent RDD ID:43,Name:MapPartitionedRDD,TaskAttempt ID:190,Partition Id:5,Stage Id:16
16/10/31 18:22:29 INFO serializeLogger: [writerThread]StartAt:1477959749262,Parent RDD ID:54,Name:UnionRDD,TaskAttempt ID:190,Partition Id:5,Stage Id:16
16/10/31 18:22:29 INFO serializeLogger: [RunnerCompute]EndAt:1477959749310,Parent RDD ID:54,Name:UnionRDD,TaskAttempt ID:190,Partition Id:5,Stage Id:16
16/10/31 18:22:29 INFO serializeLogger: [writerThread]EndAt:1477959749334,Parent RDD ID:54,Name:UnionRDD,TaskAttempt ID:190,Partition Id:5,Stage Id:16
16/10/31 18:22:29 INFO serializeLogger: [writerThread]EndAt:1477959749334,Parent RDD ID:43,Name:MapPartitionedRDD,TaskAttempt ID:190,Partition Id:5,Stage Id:16
16/10/31 18:22:33 INFO serializeLogger: [RunnerCompute]EndAt:1477959753339,Parent RDD ID:43,Name:MapPartitionedRDD,TaskAttempt ID:186,Partition Id:1,Stage Id:16
16/10/31 18:22:33 INFO serializeLogger: [writerThread]StartAt:1477959753341,Parent RDD ID:54,Name:UnionRDD,TaskAttempt ID:186,Partition Id:1,Stage Id:16
16/10/31 18:22:52 INFO serializeLogger: [RunnerCompute]EndAt:1477959772330,Parent RDD ID:54,Name:UnionRDD,TaskAttempt ID:186,Partition Id:1,Stage Id:16
16/10/31 18:22:53 INFO serializeLogger: [writerThread]EndAt:1477959773480,Parent RDD ID:54,Name:UnionRDD,TaskAttempt ID:186,Partition Id:1,Stage Id:16
16/10/31 18:22:53 INFO serializeLogger: [writerThread]EndAt:1477959773480,Parent RDD ID:43,Name:MapPartitionedRDD,TaskAttempt ID:186,Partition Id:1,Stage Id:16
16/10/31 18:22:53 INFO serializeLogger: [CreationPYRE]StartAt:1477959773572,Parent RDD ID:58,Name:MapPartitionedRDD,TaskAttempt ID:193,Partition Id:1,Stage Id:17
16/10/31 18:22:53 INFO serializeLogger: [CreationPYRE]EndAt:1477959773572,Parent RDD ID:58,Name:MapPartitionedRDD,TaskAttempt ID:193,Partition Id:1,Stage Id:17
16/10/31 18:22:53 INFO serializeLogger: [RunnerCompute]StartAt:1477959773573,Parent RDD ID:58,Name:MapPartitionedRDD,TaskAttempt ID:193,Partition Id:1,Stage Id:17
16/10/31 18:22:53 INFO serializeLogger: [writerThread]StartAt:1477959773593,Parent RDD ID:58,Name:MapPartitionedRDD,TaskAttempt ID:193,Partition Id:1,Stage Id:17
16/10/31 18:22:56 INFO serializeLogger: [RunnerCompute]EndAt:1477959776611,Parent RDD ID:58,Name:MapPartitionedRDD,TaskAttempt ID:193,Partition Id:1,Stage Id:17
16/10/31 18:22:56 INFO serializeLogger: [writerThread]EndAt:1477959776614,Parent RDD ID:58,Name:MapPartitionedRDD,TaskAttempt ID:193,Partition Id:1,Stage Id:17
16/10/31 18:23:08 INFO serializeLogger: [CreationPYRE]StartAt:1477959788339,Parent RDD ID:62,Name:UnionRDD,TaskAttempt ID:199,Partition Id:1,Stage Id:24
16/10/31 18:23:08 INFO serializeLogger: [CreationPYRE]StartAt:1477959788339,Parent RDD ID:62,Name:UnionRDD,TaskAttempt ID:203,Partition Id:5,Stage Id:24
16/10/31 18:23:08 INFO serializeLogger: [CreationPYRE]EndAt:1477959788339,Parent RDD ID:62,Name:UnionRDD,TaskAttempt ID:199,Partition Id:1,Stage Id:24
16/10/31 18:23:08 INFO serializeLogger: [CreationPYRE]EndAt:1477959788340,Parent RDD ID:62,Name:UnionRDD,TaskAttempt ID:203,Partition Id:5,Stage Id:24
16/10/31 18:23:08 INFO serializeLogger: [RunnerCompute]StartAt:1477959788340,Parent RDD ID:62,Name:UnionRDD,TaskAttempt ID:199,Partition Id:1,Stage Id:24
16/10/31 18:23:08 INFO serializeLogger: [RunnerCompute]StartAt:1477959788340,Parent RDD ID:62,Name:UnionRDD,TaskAttempt ID:203,Partition Id:5,Stage Id:24
16/10/31 18:23:08 INFO serializeLogger: [CreationPYRE]StartAt:1477959788341,Parent RDD ID:43,Name:MapPartitionedRDD,TaskAttempt ID:199,Partition Id:1,Stage Id:24
16/10/31 18:23:08 INFO serializeLogger: [CreationPYRE]StartAt:1477959788341,Parent RDD ID:43,Name:MapPartitionedRDD,TaskAttempt ID:203,Partition Id:5,Stage Id:24
16/10/31 18:23:08 INFO serializeLogger: [CreationPYRE]EndAt:1477959788341,Parent RDD ID:43,Name:MapPartitionedRDD,TaskAttempt ID:199,Partition Id:1,Stage Id:24
16/10/31 18:23:08 INFO serializeLogger: [CreationPYRE]EndAt:1477959788341,Parent RDD ID:43,Name:MapPartitionedRDD,TaskAttempt ID:203,Partition Id:5,Stage Id:24
16/10/31 18:23:08 INFO serializeLogger: [RunnerCompute]StartAt:1477959788342,Parent RDD ID:43,Name:MapPartitionedRDD,TaskAttempt ID:199,Partition Id:1,Stage Id:24
16/10/31 18:23:08 INFO serializeLogger: [RunnerCompute]StartAt:1477959788342,Parent RDD ID:43,Name:MapPartitionedRDD,TaskAttempt ID:203,Partition Id:5,Stage Id:24
16/10/31 18:23:08 INFO serializeLogger: [writerThread]StartAt:1477959788354,Parent RDD ID:43,Name:MapPartitionedRDD,TaskAttempt ID:199,Partition Id:1,Stage Id:24
16/10/31 18:23:08 INFO serializeLogger: [writerThread]StartAt:1477959788356,Parent RDD ID:43,Name:MapPartitionedRDD,TaskAttempt ID:203,Partition Id:5,Stage Id:24
16/10/31 18:24:35 INFO serializeLogger: [RunnerCompute]EndAt:1477959875191,Parent RDD ID:43,Name:MapPartitionedRDD,TaskAttempt ID:203,Partition Id:5,Stage Id:24
16/10/31 18:24:35 INFO serializeLogger: [writerThread]StartAt:1477959875209,Parent RDD ID:62,Name:UnionRDD,TaskAttempt ID:203,Partition Id:5,Stage Id:24
16/10/31 18:24:35 INFO serializeLogger: [RunnerCompute]EndAt:1477959875246,Parent RDD ID:62,Name:UnionRDD,TaskAttempt ID:203,Partition Id:5,Stage Id:24
16/10/31 18:24:35 INFO serializeLogger: [writerThread]EndAt:1477959875272,Parent RDD ID:62,Name:UnionRDD,TaskAttempt ID:203,Partition Id:5,Stage Id:24
16/10/31 18:24:35 INFO serializeLogger: [writerThread]EndAt:1477959875272,Parent RDD ID:43,Name:MapPartitionedRDD,TaskAttempt ID:203,Partition Id:5,Stage Id:24
16/10/31 18:24:39 INFO serializeLogger: [RunnerCompute]EndAt:1477959879900,Parent RDD ID:43,Name:MapPartitionedRDD,TaskAttempt ID:199,Partition Id:1,Stage Id:24
16/10/31 18:24:39 INFO serializeLogger: [writerThread]StartAt:1477959879902,Parent RDD ID:62,Name:UnionRDD,TaskAttempt ID:199,Partition Id:1,Stage Id:24
16/10/31 18:24:58 INFO serializeLogger: [RunnerCompute]EndAt:1477959898904,Parent RDD ID:62,Name:UnionRDD,TaskAttempt ID:199,Partition Id:1,Stage Id:24
16/10/31 18:25:00 INFO serializeLogger: [writerThread]EndAt:1477959900047,Parent RDD ID:62,Name:UnionRDD,TaskAttempt ID:199,Partition Id:1,Stage Id:24
16/10/31 18:25:00 INFO serializeLogger: [writerThread]EndAt:1477959900047,Parent RDD ID:43,Name:MapPartitionedRDD,TaskAttempt ID:199,Partition Id:1,Stage Id:24
16/10/31 18:25:00 INFO serializeLogger: [CreationPYRE]StartAt:1477959900129,Parent RDD ID:66,Name:MapPartitionedRDD,TaskAttempt ID:206,Partition Id:1,Stage Id:25
16/10/31 18:25:00 INFO serializeLogger: [CreationPYRE]EndAt:1477959900130,Parent RDD ID:66,Name:MapPartitionedRDD,TaskAttempt ID:206,Partition Id:1,Stage Id:25
16/10/31 18:25:00 INFO serializeLogger: [RunnerCompute]StartAt:1477959900130,Parent RDD ID:66,Name:MapPartitionedRDD,TaskAttempt ID:206,Partition Id:1,Stage Id:25
16/10/31 18:25:00 INFO serializeLogger: [writerThread]StartAt:1477959900145,Parent RDD ID:66,Name:MapPartitionedRDD,TaskAttempt ID:206,Partition Id:1,Stage Id:25
16/10/31 18:25:03 INFO serializeLogger: [RunnerCompute]EndAt:1477959903118,Parent RDD ID:66,Name:MapPartitionedRDD,TaskAttempt ID:206,Partition Id:1,Stage Id:25
16/10/31 18:25:03 INFO serializeLogger: [writerThread]EndAt:1477959903121,Parent RDD ID:66,Name:MapPartitionedRDD,TaskAttempt ID:206,Partition Id:1,Stage Id:25
16/10/31 18:25:15 INFO serializeLogger: [CreationPYRE]StartAt:1477959915338,Parent RDD ID:70,Name:UnionRDD,TaskAttempt ID:208,Partition Id:1,Stage Id:32
16/10/31 18:25:15 INFO serializeLogger: [CreationPYRE]EndAt:1477959915338,Parent RDD ID:70,Name:UnionRDD,TaskAttempt ID:208,Partition Id:1,Stage Id:32
16/10/31 18:25:15 INFO serializeLogger: [RunnerCompute]StartAt:1477959915338,Parent RDD ID:70,Name:UnionRDD,TaskAttempt ID:208,Partition Id:1,Stage Id:32
16/10/31 18:25:15 INFO serializeLogger: [CreationPYRE]StartAt:1477959915339,Parent RDD ID:70,Name:UnionRDD,TaskAttempt ID:212,Partition Id:5,Stage Id:32
16/10/31 18:25:15 INFO serializeLogger: [CreationPYRE]StartAt:1477959915340,Parent RDD ID:43,Name:MapPartitionedRDD,TaskAttempt ID:208,Partition Id:1,Stage Id:32
16/10/31 18:25:15 INFO serializeLogger: [CreationPYRE]EndAt:1477959915340,Parent RDD ID:70,Name:UnionRDD,TaskAttempt ID:212,Partition Id:5,Stage Id:32
16/10/31 18:25:15 INFO serializeLogger: [CreationPYRE]EndAt:1477959915340,Parent RDD ID:43,Name:MapPartitionedRDD,TaskAttempt ID:208,Partition Id:1,Stage Id:32
16/10/31 18:25:15 INFO serializeLogger: [RunnerCompute]StartAt:1477959915340,Parent RDD ID:70,Name:UnionRDD,TaskAttempt ID:212,Partition Id:5,Stage Id:32
16/10/31 18:25:15 INFO serializeLogger: [RunnerCompute]StartAt:1477959915340,Parent RDD ID:43,Name:MapPartitionedRDD,TaskAttempt ID:208,Partition Id:1,Stage Id:32
16/10/31 18:25:15 INFO serializeLogger: [CreationPYRE]StartAt:1477959915341,Parent RDD ID:43,Name:MapPartitionedRDD,TaskAttempt ID:212,Partition Id:5,Stage Id:32
16/10/31 18:25:15 INFO serializeLogger: [CreationPYRE]EndAt:1477959915342,Parent RDD ID:43,Name:MapPartitionedRDD,TaskAttempt ID:212,Partition Id:5,Stage Id:32
16/10/31 18:25:15 INFO serializeLogger: [RunnerCompute]StartAt:1477959915342,Parent RDD ID:43,Name:MapPartitionedRDD,TaskAttempt ID:212,Partition Id:5,Stage Id:32
16/10/31 18:25:15 INFO serializeLogger: [writerThread]StartAt:1477959915354,Parent RDD ID:43,Name:MapPartitionedRDD,TaskAttempt ID:208,Partition Id:1,Stage Id:32
16/10/31 18:25:15 INFO serializeLogger: [writerThread]StartAt:1477959915355,Parent RDD ID:43,Name:MapPartitionedRDD,TaskAttempt ID:212,Partition Id:5,Stage Id:32
16/10/31 18:26:40 INFO serializeLogger: [RunnerCompute]EndAt:1477960000626,Parent RDD ID:43,Name:MapPartitionedRDD,TaskAttempt ID:212,Partition Id:5,Stage Id:32
16/10/31 18:26:40 INFO serializeLogger: [writerThread]StartAt:1477960000642,Parent RDD ID:70,Name:UnionRDD,TaskAttempt ID:212,Partition Id:5,Stage Id:32
16/10/31 18:26:40 INFO serializeLogger: [RunnerCompute]EndAt:1477960000677,Parent RDD ID:70,Name:UnionRDD,TaskAttempt ID:212,Partition Id:5,Stage Id:32
16/10/31 18:26:40 INFO serializeLogger: [writerThread]EndAt:1477960000701,Parent RDD ID:70,Name:UnionRDD,TaskAttempt ID:212,Partition Id:5,Stage Id:32
16/10/31 18:26:40 INFO serializeLogger: [writerThread]EndAt:1477960000702,Parent RDD ID:43,Name:MapPartitionedRDD,TaskAttempt ID:212,Partition Id:5,Stage Id:32
16/10/31 18:26:47 INFO serializeLogger: [RunnerCompute]EndAt:1477960007773,Parent RDD ID:43,Name:MapPartitionedRDD,TaskAttempt ID:208,Partition Id:1,Stage Id:32
16/10/31 18:26:47 INFO serializeLogger: [writerThread]StartAt:1477960007775,Parent RDD ID:70,Name:UnionRDD,TaskAttempt ID:208,Partition Id:1,Stage Id:32
16/10/31 18:27:07 INFO serializeLogger: [RunnerCompute]EndAt:1477960027823,Parent RDD ID:70,Name:UnionRDD,TaskAttempt ID:208,Partition Id:1,Stage Id:32
16/10/31 18:27:08 INFO serializeLogger: [writerThread]EndAt:1477960028990,Parent RDD ID:70,Name:UnionRDD,TaskAttempt ID:208,Partition Id:1,Stage Id:32
16/10/31 18:27:08 INFO serializeLogger: [writerThread]EndAt:1477960028990,Parent RDD ID:43,Name:MapPartitionedRDD,TaskAttempt ID:208,Partition Id:1,Stage Id:32
16/10/31 18:27:09 INFO serializeLogger: [CreationPYRE]StartAt:1477960029065,Parent RDD ID:74,Name:MapPartitionedRDD,TaskAttempt ID:219,Partition Id:1,Stage Id:33
16/10/31 18:27:09 INFO serializeLogger: [CreationPYRE]EndAt:1477960029065,Parent RDD ID:74,Name:MapPartitionedRDD,TaskAttempt ID:219,Partition Id:1,Stage Id:33
16/10/31 18:27:09 INFO serializeLogger: [RunnerCompute]StartAt:1477960029065,Parent RDD ID:74,Name:MapPartitionedRDD,TaskAttempt ID:219,Partition Id:1,Stage Id:33
16/10/31 18:27:09 INFO serializeLogger: [writerThread]StartAt:1477960029086,Parent RDD ID:74,Name:MapPartitionedRDD,TaskAttempt ID:219,Partition Id:1,Stage Id:33
16/10/31 18:27:23 INFO serializeLogger: [RunnerCompute]EndAt:1477960043426,Parent RDD ID:74,Name:MapPartitionedRDD,TaskAttempt ID:219,Partition Id:1,Stage Id:33
16/10/31 18:27:23 INFO serializeLogger: [writerThread]EndAt:1477960043429,Parent RDD ID:74,Name:MapPartitionedRDD,TaskAttempt ID:219,Partition Id:1,Stage Id:33
