16/10/31 18:11:08 INFO serializeLogger: [CreationPYRE]StartAt:1477959068394,Parent RDD ID:1,Name:../ml-10M100K/clean.dat,TaskAttempt ID:3,Partition Id:3,Stage Id:0
16/10/31 18:11:08 INFO serializeLogger: [CreationPYRE]StartAt:1477959068394,Parent RDD ID:1,Name:../ml-10M100K/clean.dat,TaskAttempt ID:2,Partition Id:2,Stage Id:0
16/10/31 18:11:08 INFO serializeLogger: [CreationPYRE]StartAt:1477959068394,Parent RDD ID:1,Name:../ml-10M100K/clean.dat,TaskAttempt ID:0,Partition Id:0,Stage Id:0
16/10/31 18:11:08 INFO serializeLogger: [CreationPYRE]StartAt:1477959068394,Parent RDD ID:1,Name:../ml-10M100K/clean.dat,TaskAttempt ID:1,Partition Id:1,Stage Id:0
16/10/31 18:11:08 INFO serializeLogger: [CreationPYRE]EndAt:1477959068396,Parent RDD ID:1,Name:../ml-10M100K/clean.dat,TaskAttempt ID:1,Partition Id:1,Stage Id:0
16/10/31 18:11:08 INFO serializeLogger: [CreationPYRE]EndAt:1477959068396,Parent RDD ID:1,Name:../ml-10M100K/clean.dat,TaskAttempt ID:0,Partition Id:0,Stage Id:0
16/10/31 18:11:08 INFO serializeLogger: [CreationPYRE]EndAt:1477959068396,Parent RDD ID:1,Name:../ml-10M100K/clean.dat,TaskAttempt ID:3,Partition Id:3,Stage Id:0
16/10/31 18:11:08 INFO serializeLogger: [RunnerCompute]StartAt:1477959068397,Parent RDD ID:1,Name:../ml-10M100K/clean.dat,TaskAttempt ID:0,Partition Id:0,Stage Id:0
16/10/31 18:11:08 INFO serializeLogger: [CreationPYRE]EndAt:1477959068396,Parent RDD ID:1,Name:../ml-10M100K/clean.dat,TaskAttempt ID:2,Partition Id:2,Stage Id:0
16/10/31 18:11:08 INFO serializeLogger: [RunnerCompute]StartAt:1477959068397,Parent RDD ID:1,Name:../ml-10M100K/clean.dat,TaskAttempt ID:3,Partition Id:3,Stage Id:0
16/10/31 18:11:08 INFO serializeLogger: [RunnerCompute]StartAt:1477959068398,Parent RDD ID:1,Name:../ml-10M100K/clean.dat,TaskAttempt ID:2,Partition Id:2,Stage Id:0
16/10/31 18:11:08 INFO serializeLogger: [RunnerCompute]StartAt:1477959068397,Parent RDD ID:1,Name:../ml-10M100K/clean.dat,TaskAttempt ID:1,Partition Id:1,Stage Id:0
16/10/31 18:11:15 INFO serializeLogger: [writerThread]StartAt:1477959075442,Parent RDD ID:1,Name:../ml-10M100K/clean.dat,TaskAttempt ID:2,Partition Id:2,Stage Id:0
16/10/31 18:11:15 INFO serializeLogger: [writerThread]StartAt:1477959075457,Parent RDD ID:1,Name:../ml-10M100K/clean.dat,TaskAttempt ID:0,Partition Id:0,Stage Id:0
16/10/31 18:11:15 INFO serializeLogger: [writerThread]StartAt:1477959075472,Parent RDD ID:1,Name:../ml-10M100K/clean.dat,TaskAttempt ID:3,Partition Id:3,Stage Id:0
16/10/31 18:11:15 INFO serializeLogger: [writerThread]StartAt:1477959075489,Parent RDD ID:1,Name:../ml-10M100K/clean.dat,TaskAttempt ID:1,Partition Id:1,Stage Id:0
16/10/31 18:11:32 INFO serializeLogger: [RunnerCompute]EndAt:1477959092063,Parent RDD ID:1,Name:../ml-10M100K/clean.dat,TaskAttempt ID:3,Partition Id:3,Stage Id:0
16/10/31 18:11:32 INFO serializeLogger: [writerThread]EndAt:1477959092074,Parent RDD ID:1,Name:../ml-10M100K/clean.dat,TaskAttempt ID:3,Partition Id:3,Stage Id:0
16/10/31 18:11:34 INFO serializeLogger: [RunnerCompute]EndAt:1477959094626,Parent RDD ID:1,Name:../ml-10M100K/clean.dat,TaskAttempt ID:2,Partition Id:2,Stage Id:0
16/10/31 18:11:34 INFO serializeLogger: [writerThread]EndAt:1477959094629,Parent RDD ID:1,Name:../ml-10M100K/clean.dat,TaskAttempt ID:2,Partition Id:2,Stage Id:0
16/10/31 18:11:34 INFO serializeLogger: [RunnerCompute]EndAt:1477959094713,Parent RDD ID:1,Name:../ml-10M100K/clean.dat,TaskAttempt ID:1,Partition Id:1,Stage Id:0
16/10/31 18:11:34 INFO serializeLogger: [writerThread]EndAt:1477959094716,Parent RDD ID:1,Name:../ml-10M100K/clean.dat,TaskAttempt ID:1,Partition Id:1,Stage Id:0
16/10/31 18:11:35 INFO serializeLogger: [RunnerCompute]EndAt:1477959095627,Parent RDD ID:1,Name:../ml-10M100K/clean.dat,TaskAttempt ID:0,Partition Id:0,Stage Id:0
16/10/31 18:11:35 INFO serializeLogger: [writerThread]EndAt:1477959095630,Parent RDD ID:1,Name:../ml-10M100K/clean.dat,TaskAttempt ID:0,Partition Id:0,Stage Id:0
16/10/31 18:11:35 INFO serializeLogger: [CreationPYRE]StartAt:1477959095873,Parent RDD ID:1,Name:../ml-10M100K/clean.dat,TaskAttempt ID:7,Partition Id:3,Stage Id:1
16/10/31 18:11:35 INFO serializeLogger: [CreationPYRE]EndAt:1477959095873,Parent RDD ID:1,Name:../ml-10M100K/clean.dat,TaskAttempt ID:7,Partition Id:3,Stage Id:1
16/10/31 18:11:35 INFO serializeLogger: [RunnerCompute]StartAt:1477959095874,Parent RDD ID:1,Name:../ml-10M100K/clean.dat,TaskAttempt ID:7,Partition Id:3,Stage Id:1
16/10/31 18:11:35 INFO serializeLogger: [writerThread]StartAt:1477959095886,Parent RDD ID:1,Name:../ml-10M100K/clean.dat,TaskAttempt ID:7,Partition Id:3,Stage Id:1
16/10/31 18:11:51 INFO serializeLogger: [RunnerCompute]EndAt:1477959111949,Parent RDD ID:1,Name:../ml-10M100K/clean.dat,TaskAttempt ID:7,Partition Id:3,Stage Id:1
16/10/31 18:11:51 INFO serializeLogger: [writerThread]EndAt:1477959111952,Parent RDD ID:1,Name:../ml-10M100K/clean.dat,TaskAttempt ID:7,Partition Id:3,Stage Id:1
16/10/31 18:12:04 INFO serializeLogger: [CreationPYRE]StartAt:1477959124945,Parent RDD ID:1,Name:../ml-10M100K/clean.dat,TaskAttempt ID:8,Partition Id:0,Stage Id:2
16/10/31 18:12:04 INFO serializeLogger: [CreationPYRE]EndAt:1477959124945,Parent RDD ID:1,Name:../ml-10M100K/clean.dat,TaskAttempt ID:8,Partition Id:0,Stage Id:2
16/10/31 18:12:04 INFO serializeLogger: [RunnerCompute]StartAt:1477959124945,Parent RDD ID:1,Name:../ml-10M100K/clean.dat,TaskAttempt ID:8,Partition Id:0,Stage Id:2
16/10/31 18:12:04 INFO serializeLogger: [writerThread]StartAt:1477959124953,Parent RDD ID:1,Name:../ml-10M100K/clean.dat,TaskAttempt ID:8,Partition Id:0,Stage Id:2
16/10/31 18:12:05 INFO serializeLogger: [RunnerCompute]EndAt:1477959125017,Parent RDD ID:1,Name:../ml-10M100K/clean.dat,TaskAttempt ID:8,Partition Id:0,Stage Id:2
16/10/31 18:12:57 INFO serializeLogger: [writerThread]EndAt:1477959177293,Parent RDD ID:1,Name:../ml-10M100K/clean.dat,TaskAttempt ID:8,Partition Id:0,Stage Id:2
16/10/31 18:12:57 INFO serializeLogger: [CreationPYRE]StartAt:1477959177983,Parent RDD ID:11,Name:UnionRDD,TaskAttempt ID:74,Partition Id:62,Stage Id:3
16/10/31 18:12:57 INFO serializeLogger: [CreationPYRE]EndAt:1477959177984,Parent RDD ID:11,Name:UnionRDD,TaskAttempt ID:74,Partition Id:62,Stage Id:3
16/10/31 18:12:57 INFO serializeLogger: [CreationPYRE]StartAt:1477959177984,Parent RDD ID:11,Name:UnionRDD,TaskAttempt ID:62,Partition Id:50,Stage Id:3
16/10/31 18:12:57 INFO serializeLogger: [CreationPYRE]EndAt:1477959177984,Parent RDD ID:11,Name:UnionRDD,TaskAttempt ID:62,Partition Id:50,Stage Id:3
16/10/31 18:12:57 INFO serializeLogger: [RunnerCompute]StartAt:1477959177984,Parent RDD ID:11,Name:UnionRDD,TaskAttempt ID:74,Partition Id:62,Stage Id:3
16/10/31 18:12:57 INFO serializeLogger: [CreationPYRE]StartAt:1477959177985,Parent RDD ID:11,Name:UnionRDD,TaskAttempt ID:30,Partition Id:18,Stage Id:3
16/10/31 18:12:57 INFO serializeLogger: [CreationPYRE]StartAt:1477959177986,Parent RDD ID:11,Name:UnionRDD,TaskAttempt ID:22,Partition Id:10,Stage Id:3
16/10/31 18:12:57 INFO serializeLogger: [RunnerCompute]StartAt:1477959177986,Parent RDD ID:11,Name:UnionRDD,TaskAttempt ID:62,Partition Id:50,Stage Id:3
16/10/31 18:12:57 INFO serializeLogger: [CreationPYRE]StartAt:1477959177987,Parent RDD ID:11,Name:UnionRDD,TaskAttempt ID:34,Partition Id:22,Stage Id:3
16/10/31 18:12:57 INFO serializeLogger: [CreationPYRE]StartAt:1477959177988,Parent RDD ID:11,Name:UnionRDD,TaskAttempt ID:46,Partition Id:34,Stage Id:3
16/10/31 18:12:57 INFO serializeLogger: [CreationPYRE]EndAt:1477959177988,Parent RDD ID:11,Name:UnionRDD,TaskAttempt ID:22,Partition Id:10,Stage Id:3
16/10/31 18:12:57 INFO serializeLogger: [CreationPYRE]StartAt:1477959177988,Parent RDD ID:11,Name:UnionRDD,TaskAttempt ID:66,Partition Id:54,Stage Id:3
16/10/31 18:12:57 INFO serializeLogger: [CreationPYRE]StartAt:1477959177988,Parent RDD ID:11,Name:UnionRDD,TaskAttempt ID:14,Partition Id:0,Stage Id:3
16/10/31 18:12:57 INFO serializeLogger: [CreationPYRE]EndAt:1477959177988,Parent RDD ID:11,Name:UnionRDD,TaskAttempt ID:30,Partition Id:18,Stage Id:3
16/10/31 18:12:57 INFO serializeLogger: [CreationPYRE]StartAt:1477959177989,Parent RDD ID:11,Name:UnionRDD,TaskAttempt ID:50,Partition Id:38,Stage Id:3
16/10/31 18:12:57 INFO serializeLogger: [RunnerCompute]StartAt:1477959177989,Parent RDD ID:11,Name:UnionRDD,TaskAttempt ID:30,Partition Id:18,Stage Id:3
16/10/31 18:12:57 INFO serializeLogger: [CreationPYRE]EndAt:1477959177989,Parent RDD ID:11,Name:UnionRDD,TaskAttempt ID:50,Partition Id:38,Stage Id:3
16/10/31 18:12:57 INFO serializeLogger: [CreationPYRE]StartAt:1477959177990,Parent RDD ID:11,Name:UnionRDD,TaskAttempt ID:26,Partition Id:14,Stage Id:3
16/10/31 18:12:57 INFO serializeLogger: [RunnerCompute]StartAt:1477959177990,Parent RDD ID:11,Name:UnionRDD,TaskAttempt ID:50,Partition Id:38,Stage Id:3
16/10/31 18:12:57 INFO serializeLogger: [CreationPYRE]StartAt:1477959177990,Parent RDD ID:11,Name:UnionRDD,TaskAttempt ID:42,Partition Id:30,Stage Id:3
16/10/31 18:12:57 INFO serializeLogger: [CreationPYRE]EndAt:1477959177990,Parent RDD ID:11,Name:UnionRDD,TaskAttempt ID:26,Partition Id:14,Stage Id:3
16/10/31 18:12:57 INFO serializeLogger: [CreationPYRE]EndAt:1477959177990,Parent RDD ID:11,Name:UnionRDD,TaskAttempt ID:42,Partition Id:30,Stage Id:3
16/10/31 18:12:57 INFO serializeLogger: [CreationPYRE]EndAt:1477959177991,Parent RDD ID:11,Name:UnionRDD,TaskAttempt ID:14,Partition Id:0,Stage Id:3
16/10/31 18:12:57 INFO serializeLogger: [CreationPYRE]EndAt:1477959177991,Parent RDD ID:11,Name:UnionRDD,TaskAttempt ID:66,Partition Id:54,Stage Id:3
16/10/31 18:12:57 INFO serializeLogger: [CreationPYRE]StartAt:1477959177991,Parent RDD ID:11,Name:UnionRDD,TaskAttempt ID:38,Partition Id:26,Stage Id:3
16/10/31 18:12:57 INFO serializeLogger: [RunnerCompute]StartAt:1477959177991,Parent RDD ID:11,Name:UnionRDD,TaskAttempt ID:66,Partition Id:54,Stage Id:3
16/10/31 18:12:57 INFO serializeLogger: [RunnerCompute]StartAt:1477959177992,Parent RDD ID:11,Name:UnionRDD,TaskAttempt ID:22,Partition Id:10,Stage Id:3
16/10/31 18:12:57 INFO serializeLogger: [CreationPYRE]EndAt:1477959177992,Parent RDD ID:11,Name:UnionRDD,TaskAttempt ID:34,Partition Id:22,Stage Id:3
16/10/31 18:12:57 INFO serializeLogger: [CreationPYRE]EndAt:1477959177993,Parent RDD ID:11,Name:UnionRDD,TaskAttempt ID:46,Partition Id:34,Stage Id:3
16/10/31 18:12:57 INFO serializeLogger: [CreationPYRE]StartAt:1477959177993,Parent RDD ID:8,Name:ParallelCollectionRDD,TaskAttempt ID:62,Partition Id:50,Stage Id:3
16/10/31 18:12:57 INFO serializeLogger: [CreationPYRE]StartAt:1477959177994,Parent RDD ID:11,Name:UnionRDD,TaskAttempt ID:58,Partition Id:46,Stage Id:3
16/10/31 18:12:57 INFO serializeLogger: [CreationPYRE]StartAt:1477959177994,Parent RDD ID:11,Name:UnionRDD,TaskAttempt ID:54,Partition Id:42,Stage Id:3
16/10/31 18:12:57 INFO serializeLogger: [CreationPYRE]StartAt:1477959177994,Parent RDD ID:11,Name:UnionRDD,TaskAttempt ID:18,Partition Id:6,Stage Id:3
16/10/31 18:12:57 INFO serializeLogger: [CreationPYRE]EndAt:1477959177994,Parent RDD ID:11,Name:UnionRDD,TaskAttempt ID:58,Partition Id:46,Stage Id:3
16/10/31 18:12:57 INFO serializeLogger: [CreationPYRE]StartAt:1477959177994,Parent RDD ID:11,Name:UnionRDD,TaskAttempt ID:70,Partition Id:58,Stage Id:3
16/10/31 18:12:57 INFO serializeLogger: [CreationPYRE]EndAt:1477959177995,Parent RDD ID:11,Name:UnionRDD,TaskAttempt ID:18,Partition Id:6,Stage Id:3
16/10/31 18:12:57 INFO serializeLogger: [CreationPYRE]EndAt:1477959177995,Parent RDD ID:8,Name:ParallelCollectionRDD,TaskAttempt ID:62,Partition Id:50,Stage Id:3
16/10/31 18:12:57 INFO serializeLogger: [RunnerCompute]StartAt:1477959177995,Parent RDD ID:11,Name:UnionRDD,TaskAttempt ID:18,Partition Id:6,Stage Id:3
16/10/31 18:12:57 INFO serializeLogger: [RunnerCompute]StartAt:1477959177995,Parent RDD ID:8,Name:ParallelCollectionRDD,TaskAttempt ID:62,Partition Id:50,Stage Id:3
16/10/31 18:12:57 INFO serializeLogger: [CreationPYRE]StartAt:1477959177996,Parent RDD ID:8,Name:ParallelCollectionRDD,TaskAttempt ID:74,Partition Id:62,Stage Id:3
16/10/31 18:12:57 INFO serializeLogger: [RunnerCompute]StartAt:1477959177996,Parent RDD ID:11,Name:UnionRDD,TaskAttempt ID:46,Partition Id:34,Stage Id:3
16/10/31 18:12:57 INFO serializeLogger: [RunnerCompute]StartAt:1477959177996,Parent RDD ID:11,Name:UnionRDD,TaskAttempt ID:34,Partition Id:22,Stage Id:3
16/10/31 18:12:57 INFO serializeLogger: [CreationPYRE]EndAt:1477959177996,Parent RDD ID:8,Name:ParallelCollectionRDD,TaskAttempt ID:74,Partition Id:62,Stage Id:3
16/10/31 18:12:57 INFO serializeLogger: [CreationPYRE]EndAt:1477959177997,Parent RDD ID:11,Name:UnionRDD,TaskAttempt ID:38,Partition Id:26,Stage Id:3
16/10/31 18:12:57 INFO serializeLogger: [RunnerCompute]StartAt:1477959177997,Parent RDD ID:11,Name:UnionRDD,TaskAttempt ID:14,Partition Id:0,Stage Id:3
16/10/31 18:12:57 INFO serializeLogger: [RunnerCompute]StartAt:1477959177997,Parent RDD ID:11,Name:UnionRDD,TaskAttempt ID:42,Partition Id:30,Stage Id:3
16/10/31 18:12:57 INFO serializeLogger: [RunnerCompute]StartAt:1477959177998,Parent RDD ID:11,Name:UnionRDD,TaskAttempt ID:26,Partition Id:14,Stage Id:3
16/10/31 18:12:57 INFO serializeLogger: [RunnerCompute]StartAt:1477959177999,Parent RDD ID:11,Name:UnionRDD,TaskAttempt ID:38,Partition Id:26,Stage Id:3
16/10/31 18:12:58 INFO serializeLogger: [RunnerCompute]StartAt:1477959177999,Parent RDD ID:8,Name:ParallelCollectionRDD,TaskAttempt ID:74,Partition Id:62,Stage Id:3
16/10/31 18:12:58 INFO serializeLogger: [CreationPYRE]EndAt:1477959178001,Parent RDD ID:11,Name:UnionRDD,TaskAttempt ID:70,Partition Id:58,Stage Id:3
16/10/31 18:12:58 INFO serializeLogger: [RunnerCompute]StartAt:1477959178001,Parent RDD ID:11,Name:UnionRDD,TaskAttempt ID:58,Partition Id:46,Stage Id:3
16/10/31 18:12:58 INFO serializeLogger: [CreationPYRE]EndAt:1477959178001,Parent RDD ID:11,Name:UnionRDD,TaskAttempt ID:54,Partition Id:42,Stage Id:3
16/10/31 18:12:58 INFO serializeLogger: [RunnerCompute]StartAt:1477959178002,Parent RDD ID:11,Name:UnionRDD,TaskAttempt ID:70,Partition Id:58,Stage Id:3
16/10/31 18:12:58 INFO serializeLogger: [CreationPYRE]StartAt:1477959178003,Parent RDD ID:8,Name:ParallelCollectionRDD,TaskAttempt ID:22,Partition Id:10,Stage Id:3
16/10/31 18:12:58 INFO serializeLogger: [CreationPYRE]EndAt:1477959178003,Parent RDD ID:8,Name:ParallelCollectionRDD,TaskAttempt ID:22,Partition Id:10,Stage Id:3
16/10/31 18:12:58 INFO serializeLogger: [CreationPYRE]StartAt:1477959178003,Parent RDD ID:8,Name:ParallelCollectionRDD,TaskAttempt ID:46,Partition Id:34,Stage Id:3
16/10/31 18:12:58 INFO serializeLogger: [CreationPYRE]StartAt:1477959178005,Parent RDD ID:8,Name:ParallelCollectionRDD,TaskAttempt ID:30,Partition Id:18,Stage Id:3
16/10/31 18:12:58 INFO serializeLogger: [CreationPYRE]EndAt:1477959178006,Parent RDD ID:8,Name:ParallelCollectionRDD,TaskAttempt ID:30,Partition Id:18,Stage Id:3
16/10/31 18:12:58 INFO serializeLogger: [CreationPYRE]StartAt:1477959178006,Parent RDD ID:8,Name:ParallelCollectionRDD,TaskAttempt ID:66,Partition Id:54,Stage Id:3
16/10/31 18:12:58 INFO serializeLogger: [CreationPYRE]StartAt:1477959178007,Parent RDD ID:8,Name:ParallelCollectionRDD,TaskAttempt ID:42,Partition Id:30,Stage Id:3
16/10/31 18:12:58 INFO serializeLogger: [CreationPYRE]StartAt:1477959178007,Parent RDD ID:7,Name:MapPartitionedRDD,TaskAttempt ID:14,Partition Id:0,Stage Id:3
16/10/31 18:12:58 INFO serializeLogger: [CreationPYRE]EndAt:1477959178007,Parent RDD ID:8,Name:ParallelCollectionRDD,TaskAttempt ID:46,Partition Id:34,Stage Id:3
16/10/31 18:12:58 INFO serializeLogger: [RunnerCompute]StartAt:1477959178008,Parent RDD ID:8,Name:ParallelCollectionRDD,TaskAttempt ID:22,Partition Id:10,Stage Id:3
16/10/31 18:12:58 INFO serializeLogger: [CreationPYRE]StartAt:1477959178010,Parent RDD ID:8,Name:ParallelCollectionRDD,TaskAttempt ID:34,Partition Id:22,Stage Id:3
16/10/31 18:12:58 INFO serializeLogger: [RunnerCompute]StartAt:1477959178011,Parent RDD ID:11,Name:UnionRDD,TaskAttempt ID:54,Partition Id:42,Stage Id:3
16/10/31 18:12:58 INFO serializeLogger: [CreationPYRE]EndAt:1477959178012,Parent RDD ID:8,Name:ParallelCollectionRDD,TaskAttempt ID:34,Partition Id:22,Stage Id:3
16/10/31 18:12:58 INFO serializeLogger: [CreationPYRE]StartAt:1477959178012,Parent RDD ID:8,Name:ParallelCollectionRDD,TaskAttempt ID:18,Partition Id:6,Stage Id:3
16/10/31 18:12:58 INFO serializeLogger: [RunnerCompute]StartAt:1477959178012,Parent RDD ID:8,Name:ParallelCollectionRDD,TaskAttempt ID:46,Partition Id:34,Stage Id:3
16/10/31 18:12:58 INFO serializeLogger: [CreationPYRE]EndAt:1477959178012,Parent RDD ID:7,Name:MapPartitionedRDD,TaskAttempt ID:14,Partition Id:0,Stage Id:3
16/10/31 18:12:58 INFO serializeLogger: [CreationPYRE]EndAt:1477959178013,Parent RDD ID:8,Name:ParallelCollectionRDD,TaskAttempt ID:42,Partition Id:30,Stage Id:3
16/10/31 18:12:58 INFO serializeLogger: [CreationPYRE]EndAt:1477959178013,Parent RDD ID:8,Name:ParallelCollectionRDD,TaskAttempt ID:66,Partition Id:54,Stage Id:3
16/10/31 18:12:58 INFO serializeLogger: [RunnerCompute]StartAt:1477959178013,Parent RDD ID:8,Name:ParallelCollectionRDD,TaskAttempt ID:30,Partition Id:18,Stage Id:3
16/10/31 18:12:58 INFO serializeLogger: [CreationPYRE]StartAt:1477959178014,Parent RDD ID:8,Name:ParallelCollectionRDD,TaskAttempt ID:50,Partition Id:38,Stage Id:3
16/10/31 18:12:58 INFO serializeLogger: [CreationPYRE]StartAt:1477959178014,Parent RDD ID:8,Name:ParallelCollectionRDD,TaskAttempt ID:38,Partition Id:26,Stage Id:3
16/10/31 18:12:58 INFO serializeLogger: [RunnerCompute]StartAt:1477959178014,Parent RDD ID:8,Name:ParallelCollectionRDD,TaskAttempt ID:66,Partition Id:54,Stage Id:3
16/10/31 18:12:58 INFO serializeLogger: [RunnerCompute]StartAt:1477959178015,Parent RDD ID:8,Name:ParallelCollectionRDD,TaskAttempt ID:42,Partition Id:30,Stage Id:3
16/10/31 18:12:58 INFO serializeLogger: [RunnerCompute]StartAt:1477959178015,Parent RDD ID:7,Name:MapPartitionedRDD,TaskAttempt ID:14,Partition Id:0,Stage Id:3
16/10/31 18:12:58 INFO serializeLogger: [CreationPYRE]EndAt:1477959178016,Parent RDD ID:8,Name:ParallelCollectionRDD,TaskAttempt ID:18,Partition Id:6,Stage Id:3
16/10/31 18:12:58 INFO serializeLogger: [RunnerCompute]StartAt:1477959178017,Parent RDD ID:8,Name:ParallelCollectionRDD,TaskAttempt ID:18,Partition Id:6,Stage Id:3
16/10/31 18:12:58 INFO serializeLogger: [RunnerCompute]StartAt:1477959178017,Parent RDD ID:8,Name:ParallelCollectionRDD,TaskAttempt ID:34,Partition Id:22,Stage Id:3
16/10/31 18:12:58 INFO serializeLogger: [CreationPYRE]StartAt:1477959178018,Parent RDD ID:8,Name:ParallelCollectionRDD,TaskAttempt ID:58,Partition Id:46,Stage Id:3
16/10/31 18:12:58 INFO serializeLogger: [CreationPYRE]StartAt:1477959178019,Parent RDD ID:8,Name:ParallelCollectionRDD,TaskAttempt ID:70,Partition Id:58,Stage Id:3
16/10/31 18:12:58 INFO serializeLogger: [CreationPYRE]EndAt:1477959178019,Parent RDD ID:8,Name:ParallelCollectionRDD,TaskAttempt ID:58,Partition Id:46,Stage Id:3
16/10/31 18:12:58 INFO serializeLogger: [CreationPYRE]EndAt:1477959178022,Parent RDD ID:8,Name:ParallelCollectionRDD,TaskAttempt ID:38,Partition Id:26,Stage Id:3
16/10/31 18:12:58 INFO serializeLogger: [CreationPYRE]EndAt:1477959178022,Parent RDD ID:8,Name:ParallelCollectionRDD,TaskAttempt ID:50,Partition Id:38,Stage Id:3
16/10/31 18:12:58 INFO serializeLogger: [RunnerCompute]StartAt:1477959178022,Parent RDD ID:8,Name:ParallelCollectionRDD,TaskAttempt ID:38,Partition Id:26,Stage Id:3
16/10/31 18:12:58 INFO serializeLogger: [RunnerCompute]StartAt:1477959178025,Parent RDD ID:8,Name:ParallelCollectionRDD,TaskAttempt ID:58,Partition Id:46,Stage Id:3
16/10/31 18:12:58 INFO serializeLogger: [CreationPYRE]EndAt:1477959178026,Parent RDD ID:8,Name:ParallelCollectionRDD,TaskAttempt ID:70,Partition Id:58,Stage Id:3
16/10/31 18:12:58 INFO serializeLogger: [RunnerCompute]StartAt:1477959178028,Parent RDD ID:8,Name:ParallelCollectionRDD,TaskAttempt ID:70,Partition Id:58,Stage Id:3
16/10/31 18:12:58 INFO serializeLogger: [RunnerCompute]StartAt:1477959178030,Parent RDD ID:8,Name:ParallelCollectionRDD,TaskAttempt ID:50,Partition Id:38,Stage Id:3
16/10/31 18:12:58 INFO serializeLogger: [CreationPYRE]StartAt:1477959178030,Parent RDD ID:8,Name:ParallelCollectionRDD,TaskAttempt ID:26,Partition Id:14,Stage Id:3
16/10/31 18:12:58 INFO serializeLogger: [CreationPYRE]EndAt:1477959178031,Parent RDD ID:8,Name:ParallelCollectionRDD,TaskAttempt ID:26,Partition Id:14,Stage Id:3
16/10/31 18:12:58 INFO serializeLogger: [RunnerCompute]StartAt:1477959178035,Parent RDD ID:8,Name:ParallelCollectionRDD,TaskAttempt ID:26,Partition Id:14,Stage Id:3
16/10/31 18:12:58 INFO serializeLogger: [CreationPYRE]StartAt:1477959178037,Parent RDD ID:8,Name:ParallelCollectionRDD,TaskAttempt ID:54,Partition Id:42,Stage Id:3
16/10/31 18:12:58 INFO serializeLogger: [CreationPYRE]EndAt:1477959178038,Parent RDD ID:8,Name:ParallelCollectionRDD,TaskAttempt ID:54,Partition Id:42,Stage Id:3
16/10/31 18:12:58 INFO serializeLogger: [RunnerCompute]StartAt:1477959178038,Parent RDD ID:8,Name:ParallelCollectionRDD,TaskAttempt ID:54,Partition Id:42,Stage Id:3
16/10/31 18:12:58 INFO serializeLogger: [writerThread]StartAt:1477959178059,Parent RDD ID:8,Name:ParallelCollectionRDD,TaskAttempt ID:74,Partition Id:62,Stage Id:3
16/10/31 18:12:58 INFO serializeLogger: [writerThread]StartAt:1477959178061,Parent RDD ID:8,Name:ParallelCollectionRDD,TaskAttempt ID:62,Partition Id:50,Stage Id:3
16/10/31 18:12:58 INFO serializeLogger: [RunnerCompute]EndAt:1477959178066,Parent RDD ID:8,Name:ParallelCollectionRDD,TaskAttempt ID:74,Partition Id:62,Stage Id:3
16/10/31 18:12:58 INFO serializeLogger: [writerThread]StartAt:1477959178066,Parent RDD ID:8,Name:ParallelCollectionRDD,TaskAttempt ID:22,Partition Id:10,Stage Id:3
16/10/31 18:12:58 INFO serializeLogger: [writerThread]StartAt:1477959178069,Parent RDD ID:8,Name:ParallelCollectionRDD,TaskAttempt ID:46,Partition Id:34,Stage Id:3
16/10/31 18:12:58 INFO serializeLogger: [writerThread]StartAt:1477959178070,Parent RDD ID:11,Name:UnionRDD,TaskAttempt ID:74,Partition Id:62,Stage Id:3
16/10/31 18:12:58 INFO serializeLogger: [RunnerCompute]EndAt:1477959178071,Parent RDD ID:8,Name:ParallelCollectionRDD,TaskAttempt ID:62,Partition Id:50,Stage Id:3
16/10/31 18:12:58 INFO serializeLogger: [RunnerCompute]EndAt:1477959178072,Parent RDD ID:8,Name:ParallelCollectionRDD,TaskAttempt ID:22,Partition Id:10,Stage Id:3
16/10/31 18:12:58 INFO serializeLogger: [RunnerCompute]EndAt:1477959178078,Parent RDD ID:8,Name:ParallelCollectionRDD,TaskAttempt ID:46,Partition Id:34,Stage Id:3
16/10/31 18:12:58 INFO serializeLogger: [writerThread]StartAt:1477959178082,Parent RDD ID:8,Name:ParallelCollectionRDD,TaskAttempt ID:58,Partition Id:46,Stage Id:3
16/10/31 18:12:58 INFO serializeLogger: [writerThread]StartAt:1477959178082,Parent RDD ID:11,Name:UnionRDD,TaskAttempt ID:46,Partition Id:34,Stage Id:3
16/10/31 18:12:58 INFO serializeLogger: [writerThread]StartAt:1477959178080,Parent RDD ID:11,Name:UnionRDD,TaskAttempt ID:62,Partition Id:50,Stage Id:3
16/10/31 18:12:58 INFO serializeLogger: [writerThread]StartAt:1477959178100,Parent RDD ID:8,Name:ParallelCollectionRDD,TaskAttempt ID:42,Partition Id:30,Stage Id:3
16/10/31 18:12:58 INFO serializeLogger: [writerThread]StartAt:1477959178116,Parent RDD ID:8,Name:ParallelCollectionRDD,TaskAttempt ID:50,Partition Id:38,Stage Id:3
16/10/31 18:12:58 INFO serializeLogger: [writerThread]StartAt:1477959178130,Parent RDD ID:8,Name:ParallelCollectionRDD,TaskAttempt ID:38,Partition Id:26,Stage Id:3
16/10/31 18:12:58 INFO serializeLogger: [writerThread]StartAt:1477959178147,Parent RDD ID:11,Name:UnionRDD,TaskAttempt ID:22,Partition Id:10,Stage Id:3
16/10/31 18:12:58 INFO serializeLogger: [RunnerCompute]EndAt:1477959178148,Parent RDD ID:8,Name:ParallelCollectionRDD,TaskAttempt ID:38,Partition Id:26,Stage Id:3
16/10/31 18:12:58 INFO serializeLogger: [RunnerCompute]EndAt:1477959178148,Parent RDD ID:11,Name:UnionRDD,TaskAttempt ID:62,Partition Id:50,Stage Id:3
16/10/31 18:12:58 INFO serializeLogger: [RunnerCompute]EndAt:1477959178159,Parent RDD ID:8,Name:ParallelCollectionRDD,TaskAttempt ID:58,Partition Id:46,Stage Id:3
16/10/31 18:12:58 INFO serializeLogger: [writerThread]StartAt:1477959178160,Parent RDD ID:11,Name:UnionRDD,TaskAttempt ID:38,Partition Id:26,Stage Id:3
16/10/31 18:12:58 INFO serializeLogger: [RunnerCompute]EndAt:1477959178161,Parent RDD ID:8,Name:ParallelCollectionRDD,TaskAttempt ID:50,Partition Id:38,Stage Id:3
16/10/31 18:12:58 INFO serializeLogger: [RunnerCompute]EndAt:1477959178162,Parent RDD ID:11,Name:UnionRDD,TaskAttempt ID:74,Partition Id:62,Stage Id:3
16/10/31 18:12:58 INFO serializeLogger: [RunnerCompute]EndAt:1477959178149,Parent RDD ID:11,Name:UnionRDD,TaskAttempt ID:46,Partition Id:34,Stage Id:3
16/10/31 18:12:58 INFO serializeLogger: [writerThread]StartAt:1477959178164,Parent RDD ID:8,Name:ParallelCollectionRDD,TaskAttempt ID:18,Partition Id:6,Stage Id:3
16/10/31 18:12:58 INFO serializeLogger: [RunnerCompute]EndAt:1477959178164,Parent RDD ID:8,Name:ParallelCollectionRDD,TaskAttempt ID:42,Partition Id:30,Stage Id:3
16/10/31 18:12:58 INFO serializeLogger: [writerThread]StartAt:1477959178168,Parent RDD ID:8,Name:ParallelCollectionRDD,TaskAttempt ID:70,Partition Id:58,Stage Id:3
16/10/31 18:12:58 INFO serializeLogger: [writerThread]StartAt:1477959178168,Parent RDD ID:8,Name:ParallelCollectionRDD,TaskAttempt ID:54,Partition Id:42,Stage Id:3
16/10/31 18:12:58 INFO serializeLogger: [writerThread]StartAt:1477959178170,Parent RDD ID:11,Name:UnionRDD,TaskAttempt ID:58,Partition Id:46,Stage Id:3
16/10/31 18:12:58 INFO serializeLogger: [writerThread]EndAt:1477959178170,Parent RDD ID:11,Name:UnionRDD,TaskAttempt ID:62,Partition Id:50,Stage Id:3
16/10/31 18:12:58 INFO serializeLogger: [writerThread]EndAt:1477959178171,Parent RDD ID:11,Name:UnionRDD,TaskAttempt ID:74,Partition Id:62,Stage Id:3
16/10/31 18:12:58 INFO serializeLogger: [writerThread]EndAt:1477959178172,Parent RDD ID:11,Name:UnionRDD,TaskAttempt ID:46,Partition Id:34,Stage Id:3
16/10/31 18:12:58 INFO serializeLogger: [writerThread]StartAt:1477959178172,Parent RDD ID:11,Name:UnionRDD,TaskAttempt ID:50,Partition Id:38,Stage Id:3
16/10/31 18:12:58 INFO serializeLogger: [writerThread]StartAt:1477959178172,Parent RDD ID:8,Name:ParallelCollectionRDD,TaskAttempt ID:34,Partition Id:22,Stage Id:3
16/10/31 18:12:58 INFO serializeLogger: [writerThread]EndAt:1477959178183,Parent RDD ID:8,Name:ParallelCollectionRDD,TaskAttempt ID:74,Partition Id:62,Stage Id:3
16/10/31 18:12:58 INFO serializeLogger: [writerThread]EndAt:1477959178181,Parent RDD ID:8,Name:ParallelCollectionRDD,TaskAttempt ID:62,Partition Id:50,Stage Id:3
16/10/31 18:12:58 INFO serializeLogger: [writerThread]StartAt:1477959178187,Parent RDD ID:11,Name:UnionRDD,TaskAttempt ID:42,Partition Id:30,Stage Id:3
16/10/31 18:12:58 INFO serializeLogger: [writerThread]EndAt:1477959178187,Parent RDD ID:8,Name:ParallelCollectionRDD,TaskAttempt ID:46,Partition Id:34,Stage Id:3
16/10/31 18:12:58 INFO serializeLogger: [writerThread]StartAt:1477959178204,Parent RDD ID:8,Name:ParallelCollectionRDD,TaskAttempt ID:66,Partition Id:54,Stage Id:3
16/10/31 18:12:58 INFO serializeLogger: [writerThread]StartAt:1477959178231,Parent RDD ID:8,Name:ParallelCollectionRDD,TaskAttempt ID:26,Partition Id:14,Stage Id:3
16/10/31 18:12:58 INFO serializeLogger: [RunnerCompute]EndAt:1477959178231,Parent RDD ID:11,Name:UnionRDD,TaskAttempt ID:42,Partition Id:30,Stage Id:3
16/10/31 18:12:58 INFO serializeLogger: [RunnerCompute]EndAt:1477959178232,Parent RDD ID:8,Name:ParallelCollectionRDD,TaskAttempt ID:70,Partition Id:58,Stage Id:3
16/10/31 18:12:58 INFO serializeLogger: [RunnerCompute]EndAt:1477959178233,Parent RDD ID:8,Name:ParallelCollectionRDD,TaskAttempt ID:54,Partition Id:42,Stage Id:3
16/10/31 18:12:58 INFO serializeLogger: [RunnerCompute]EndAt:1477959178238,Parent RDD ID:11,Name:UnionRDD,TaskAttempt ID:38,Partition Id:26,Stage Id:3
16/10/31 18:12:58 INFO serializeLogger: [writerThread]StartAt:1477959178238,Parent RDD ID:8,Name:ParallelCollectionRDD,TaskAttempt ID:30,Partition Id:18,Stage Id:3
16/10/31 18:12:58 INFO serializeLogger: [RunnerCompute]EndAt:1477959178239,Parent RDD ID:11,Name:UnionRDD,TaskAttempt ID:22,Partition Id:10,Stage Id:3
16/10/31 18:12:58 INFO serializeLogger: [RunnerCompute]EndAt:1477959178240,Parent RDD ID:11,Name:UnionRDD,TaskAttempt ID:50,Partition Id:38,Stage Id:3
16/10/31 18:12:58 INFO serializeLogger: [RunnerCompute]EndAt:1477959178241,Parent RDD ID:8,Name:ParallelCollectionRDD,TaskAttempt ID:66,Partition Id:54,Stage Id:3
16/10/31 18:12:58 INFO serializeLogger: [writerThread]EndAt:1477959178241,Parent RDD ID:11,Name:UnionRDD,TaskAttempt ID:42,Partition Id:30,Stage Id:3
16/10/31 18:12:58 INFO serializeLogger: [writerThread]EndAt:1477959178242,Parent RDD ID:8,Name:ParallelCollectionRDD,TaskAttempt ID:42,Partition Id:30,Stage Id:3
16/10/31 18:12:58 INFO serializeLogger: [writerThread]StartAt:1477959178243,Parent RDD ID:11,Name:UnionRDD,TaskAttempt ID:70,Partition Id:58,Stage Id:3
16/10/31 18:12:58 INFO serializeLogger: [writerThread]StartAt:1477959178245,Parent RDD ID:11,Name:UnionRDD,TaskAttempt ID:66,Partition Id:54,Stage Id:3
16/10/31 18:12:58 INFO serializeLogger: [RunnerCompute]EndAt:1477959178246,Parent RDD ID:8,Name:ParallelCollectionRDD,TaskAttempt ID:26,Partition Id:14,Stage Id:3
16/10/31 18:12:58 INFO serializeLogger: [writerThread]EndAt:1477959178254,Parent RDD ID:11,Name:UnionRDD,TaskAttempt ID:38,Partition Id:26,Stage Id:3
16/10/31 18:12:58 INFO serializeLogger: [writerThread]EndAt:1477959178270,Parent RDD ID:11,Name:UnionRDD,TaskAttempt ID:50,Partition Id:38,Stage Id:3
16/10/31 18:12:58 INFO serializeLogger: [RunnerCompute]EndAt:1477959178270,Parent RDD ID:8,Name:ParallelCollectionRDD,TaskAttempt ID:34,Partition Id:22,Stage Id:3
16/10/31 18:12:58 INFO serializeLogger: [writerThread]StartAt:1477959178271,Parent RDD ID:11,Name:UnionRDD,TaskAttempt ID:54,Partition Id:42,Stage Id:3
16/10/31 18:12:58 INFO serializeLogger: [writerThread]StartAt:1477959178273,Parent RDD ID:11,Name:UnionRDD,TaskAttempt ID:34,Partition Id:22,Stage Id:3
16/10/31 18:12:58 INFO serializeLogger: [writerThread]EndAt:1477959178270,Parent RDD ID:8,Name:ParallelCollectionRDD,TaskAttempt ID:50,Partition Id:38,Stage Id:3
16/10/31 18:12:58 INFO serializeLogger: [writerThread]EndAt:1477959178276,Parent RDD ID:11,Name:UnionRDD,TaskAttempt ID:22,Partition Id:10,Stage Id:3
16/10/31 18:12:58 INFO serializeLogger: [writerThread]EndAt:1477959178278,Parent RDD ID:8,Name:ParallelCollectionRDD,TaskAttempt ID:38,Partition Id:26,Stage Id:3
16/10/31 18:12:58 INFO serializeLogger: [writerThread]StartAt:1477959178280,Parent RDD ID:7,Name:MapPartitionedRDD,TaskAttempt ID:14,Partition Id:0,Stage Id:3
16/10/31 18:12:58 INFO serializeLogger: [writerThread]StartAt:1477959178282,Parent RDD ID:11,Name:UnionRDD,TaskAttempt ID:26,Partition Id:14,Stage Id:3
16/10/31 18:12:58 INFO serializeLogger: [writerThread]EndAt:1477959178288,Parent RDD ID:8,Name:ParallelCollectionRDD,TaskAttempt ID:22,Partition Id:10,Stage Id:3
16/10/31 18:12:58 INFO serializeLogger: [RunnerCompute]EndAt:1477959178295,Parent RDD ID:11,Name:UnionRDD,TaskAttempt ID:58,Partition Id:46,Stage Id:3
16/10/31 18:12:58 INFO serializeLogger: [RunnerCompute]EndAt:1477959178298,Parent RDD ID:8,Name:ParallelCollectionRDD,TaskAttempt ID:18,Partition Id:6,Stage Id:3
16/10/31 18:12:58 INFO serializeLogger: [RunnerCompute]EndAt:1477959178298,Parent RDD ID:11,Name:UnionRDD,TaskAttempt ID:66,Partition Id:54,Stage Id:3
16/10/31 18:12:58 INFO serializeLogger: [writerThread]EndAt:1477959178299,Parent RDD ID:11,Name:UnionRDD,TaskAttempt ID:58,Partition Id:46,Stage Id:3
16/10/31 18:12:58 INFO serializeLogger: [writerThread]EndAt:1477959178300,Parent RDD ID:8,Name:ParallelCollectionRDD,TaskAttempt ID:58,Partition Id:46,Stage Id:3
16/10/31 18:12:58 INFO serializeLogger: [writerThread]StartAt:1477959178304,Parent RDD ID:11,Name:UnionRDD,TaskAttempt ID:18,Partition Id:6,Stage Id:3
16/10/31 18:12:58 INFO serializeLogger: [writerThread]EndAt:1477959178304,Parent RDD ID:11,Name:UnionRDD,TaskAttempt ID:66,Partition Id:54,Stage Id:3
16/10/31 18:12:58 INFO serializeLogger: [writerThread]EndAt:1477959178305,Parent RDD ID:8,Name:ParallelCollectionRDD,TaskAttempt ID:66,Partition Id:54,Stage Id:3
16/10/31 18:12:58 INFO serializeLogger: [RunnerCompute]EndAt:1477959178317,Parent RDD ID:11,Name:UnionRDD,TaskAttempt ID:70,Partition Id:58,Stage Id:3
16/10/31 18:12:58 INFO serializeLogger: [writerThread]EndAt:1477959178319,Parent RDD ID:11,Name:UnionRDD,TaskAttempt ID:70,Partition Id:58,Stage Id:3
16/10/31 18:12:58 INFO serializeLogger: [writerThread]EndAt:1477959178319,Parent RDD ID:8,Name:ParallelCollectionRDD,TaskAttempt ID:70,Partition Id:58,Stage Id:3
16/10/31 18:12:58 INFO serializeLogger: [RunnerCompute]EndAt:1477959178330,Parent RDD ID:11,Name:UnionRDD,TaskAttempt ID:26,Partition Id:14,Stage Id:3
16/10/31 18:12:58 INFO serializeLogger: [RunnerCompute]EndAt:1477959178331,Parent RDD ID:11,Name:UnionRDD,TaskAttempt ID:34,Partition Id:22,Stage Id:3
16/10/31 18:12:58 INFO serializeLogger: [writerThread]EndAt:1477959178334,Parent RDD ID:11,Name:UnionRDD,TaskAttempt ID:26,Partition Id:14,Stage Id:3
16/10/31 18:12:58 INFO serializeLogger: [writerThread]EndAt:1477959178334,Parent RDD ID:8,Name:ParallelCollectionRDD,TaskAttempt ID:26,Partition Id:14,Stage Id:3
16/10/31 18:12:58 INFO serializeLogger: [writerThread]EndAt:1477959178334,Parent RDD ID:11,Name:UnionRDD,TaskAttempt ID:34,Partition Id:22,Stage Id:3
16/10/31 18:12:58 INFO serializeLogger: [writerThread]EndAt:1477959178335,Parent RDD ID:8,Name:ParallelCollectionRDD,TaskAttempt ID:34,Partition Id:22,Stage Id:3
16/10/31 18:12:58 INFO serializeLogger: [RunnerCompute]EndAt:1477959178344,Parent RDD ID:11,Name:UnionRDD,TaskAttempt ID:54,Partition Id:42,Stage Id:3
16/10/31 18:12:58 INFO serializeLogger: [writerThread]EndAt:1477959178348,Parent RDD ID:11,Name:UnionRDD,TaskAttempt ID:54,Partition Id:42,Stage Id:3
16/10/31 18:12:58 INFO serializeLogger: [writerThread]EndAt:1477959178348,Parent RDD ID:8,Name:ParallelCollectionRDD,TaskAttempt ID:54,Partition Id:42,Stage Id:3
16/10/31 18:12:58 INFO serializeLogger: [RunnerCompute]EndAt:1477959178388,Parent RDD ID:8,Name:ParallelCollectionRDD,TaskAttempt ID:30,Partition Id:18,Stage Id:3
16/10/31 18:12:58 INFO serializeLogger: [writerThread]StartAt:1477959178390,Parent RDD ID:11,Name:UnionRDD,TaskAttempt ID:30,Partition Id:18,Stage Id:3
16/10/31 18:12:58 INFO serializeLogger: [RunnerCompute]EndAt:1477959178412,Parent RDD ID:11,Name:UnionRDD,TaskAttempt ID:18,Partition Id:6,Stage Id:3
16/10/31 18:12:58 INFO serializeLogger: [writerThread]EndAt:1477959178414,Parent RDD ID:11,Name:UnionRDD,TaskAttempt ID:18,Partition Id:6,Stage Id:3
16/10/31 18:12:58 INFO serializeLogger: [writerThread]EndAt:1477959178415,Parent RDD ID:8,Name:ParallelCollectionRDD,TaskAttempt ID:18,Partition Id:6,Stage Id:3
16/10/31 18:12:58 INFO serializeLogger: [RunnerCompute]EndAt:1477959178433,Parent RDD ID:11,Name:UnionRDD,TaskAttempt ID:30,Partition Id:18,Stage Id:3
16/10/31 18:12:58 INFO serializeLogger: [writerThread]EndAt:1477959178436,Parent RDD ID:11,Name:UnionRDD,TaskAttempt ID:30,Partition Id:18,Stage Id:3
16/10/31 18:12:58 INFO serializeLogger: [writerThread]EndAt:1477959178436,Parent RDD ID:8,Name:ParallelCollectionRDD,TaskAttempt ID:30,Partition Id:18,Stage Id:3
16/10/31 18:13:15 INFO serializeLogger: [RunnerCompute]EndAt:1477959195582,Parent RDD ID:7,Name:MapPartitionedRDD,TaskAttempt ID:14,Partition Id:0,Stage Id:3
16/10/31 18:13:15 INFO serializeLogger: [writerThread]StartAt:1477959195585,Parent RDD ID:11,Name:UnionRDD,TaskAttempt ID:14,Partition Id:0,Stage Id:3
16/10/31 18:13:33 INFO serializeLogger: [RunnerCompute]EndAt:1477959213722,Parent RDD ID:11,Name:UnionRDD,TaskAttempt ID:14,Partition Id:0,Stage Id:3
16/10/31 18:13:34 INFO serializeLogger: [writerThread]EndAt:1477959214840,Parent RDD ID:11,Name:UnionRDD,TaskAttempt ID:14,Partition Id:0,Stage Id:3
16/10/31 18:13:34 INFO serializeLogger: [writerThread]EndAt:1477959214840,Parent RDD ID:7,Name:MapPartitionedRDD,TaskAttempt ID:14,Partition Id:0,Stage Id:3
16/10/31 18:13:36 INFO serializeLogger: [CreationPYRE]StartAt:1477959216843,Parent RDD ID:18,Name:UnionRDD,TaskAttempt ID:80,Partition Id:6,Stage Id:4
16/10/31 18:13:36 INFO serializeLogger: [CreationPYRE]EndAt:1477959216844,Parent RDD ID:18,Name:UnionRDD,TaskAttempt ID:80,Partition Id:6,Stage Id:4
16/10/31 18:13:36 INFO serializeLogger: [RunnerCompute]StartAt:1477959216844,Parent RDD ID:18,Name:UnionRDD,TaskAttempt ID:80,Partition Id:6,Stage Id:4
16/10/31 18:13:36 INFO serializeLogger: [CreationPYRE]StartAt:1477959216844,Parent RDD ID:18,Name:UnionRDD,TaskAttempt ID:136,Partition Id:62,Stage Id:4
16/10/31 18:13:36 INFO serializeLogger: [CreationPYRE]EndAt:1477959216844,Parent RDD ID:18,Name:UnionRDD,TaskAttempt ID:136,Partition Id:62,Stage Id:4
16/10/31 18:13:36 INFO serializeLogger: [RunnerCompute]StartAt:1477959216845,Parent RDD ID:18,Name:UnionRDD,TaskAttempt ID:136,Partition Id:62,Stage Id:4
16/10/31 18:13:36 INFO serializeLogger: [CreationPYRE]StartAt:1477959216846,Parent RDD ID:18,Name:UnionRDD,TaskAttempt ID:128,Partition Id:54,Stage Id:4
16/10/31 18:13:36 INFO serializeLogger: [CreationPYRE]EndAt:1477959216846,Parent RDD ID:18,Name:UnionRDD,TaskAttempt ID:128,Partition Id:54,Stage Id:4
16/10/31 18:13:36 INFO serializeLogger: [CreationPYRE]StartAt:1477959216847,Parent RDD ID:8,Name:ParallelCollectionRDD,TaskAttempt ID:80,Partition Id:6,Stage Id:4
16/10/31 18:13:36 INFO serializeLogger: [CreationPYRE]StartAt:1477959216847,Parent RDD ID:18,Name:UnionRDD,TaskAttempt ID:124,Partition Id:50,Stage Id:4
16/10/31 18:13:36 INFO serializeLogger: [CreationPYRE]EndAt:1477959216847,Parent RDD ID:8,Name:ParallelCollectionRDD,TaskAttempt ID:80,Partition Id:6,Stage Id:4
16/10/31 18:13:36 INFO serializeLogger: [RunnerCompute]StartAt:1477959216848,Parent RDD ID:18,Name:UnionRDD,TaskAttempt ID:128,Partition Id:54,Stage Id:4
16/10/31 18:13:36 INFO serializeLogger: [CreationPYRE]StartAt:1477959216848,Parent RDD ID:18,Name:UnionRDD,TaskAttempt ID:116,Partition Id:42,Stage Id:4
16/10/31 18:13:36 INFO serializeLogger: [CreationPYRE]StartAt:1477959216848,Parent RDD ID:18,Name:UnionRDD,TaskAttempt ID:132,Partition Id:58,Stage Id:4
16/10/31 18:13:36 INFO serializeLogger: [CreationPYRE]EndAt:1477959216848,Parent RDD ID:18,Name:UnionRDD,TaskAttempt ID:116,Partition Id:42,Stage Id:4
16/10/31 18:13:36 INFO serializeLogger: [RunnerCompute]StartAt:1477959216849,Parent RDD ID:8,Name:ParallelCollectionRDD,TaskAttempt ID:80,Partition Id:6,Stage Id:4
16/10/31 18:13:36 INFO serializeLogger: [CreationPYRE]EndAt:1477959216849,Parent RDD ID:18,Name:UnionRDD,TaskAttempt ID:124,Partition Id:50,Stage Id:4
16/10/31 18:13:36 INFO serializeLogger: [RunnerCompute]StartAt:1477959216849,Parent RDD ID:18,Name:UnionRDD,TaskAttempt ID:124,Partition Id:50,Stage Id:4
16/10/31 18:13:36 INFO serializeLogger: [CreationPYRE]StartAt:1477959216850,Parent RDD ID:18,Name:UnionRDD,TaskAttempt ID:112,Partition Id:38,Stage Id:4
16/10/31 18:13:36 INFO serializeLogger: [RunnerCompute]StartAt:1477959216850,Parent RDD ID:18,Name:UnionRDD,TaskAttempt ID:116,Partition Id:42,Stage Id:4
16/10/31 18:13:36 INFO serializeLogger: [CreationPYRE]EndAt:1477959216850,Parent RDD ID:18,Name:UnionRDD,TaskAttempt ID:132,Partition Id:58,Stage Id:4
16/10/31 18:13:36 INFO serializeLogger: [RunnerCompute]StartAt:1477959216850,Parent RDD ID:18,Name:UnionRDD,TaskAttempt ID:132,Partition Id:58,Stage Id:4
16/10/31 18:13:36 INFO serializeLogger: [CreationPYRE]StartAt:1477959216851,Parent RDD ID:18,Name:UnionRDD,TaskAttempt ID:120,Partition Id:46,Stage Id:4
16/10/31 18:13:36 INFO serializeLogger: [CreationPYRE]EndAt:1477959216851,Parent RDD ID:18,Name:UnionRDD,TaskAttempt ID:112,Partition Id:38,Stage Id:4
16/10/31 18:13:36 INFO serializeLogger: [CreationPYRE]EndAt:1477959216851,Parent RDD ID:18,Name:UnionRDD,TaskAttempt ID:120,Partition Id:46,Stage Id:4
16/10/31 18:13:36 INFO serializeLogger: [RunnerCompute]StartAt:1477959216851,Parent RDD ID:18,Name:UnionRDD,TaskAttempt ID:112,Partition Id:38,Stage Id:4
16/10/31 18:13:36 INFO serializeLogger: [CreationPYRE]StartAt:1477959216851,Parent RDD ID:8,Name:ParallelCollectionRDD,TaskAttempt ID:136,Partition Id:62,Stage Id:4
16/10/31 18:13:36 INFO serializeLogger: [CreationPYRE]StartAt:1477959216851,Parent RDD ID:18,Name:UnionRDD,TaskAttempt ID:108,Partition Id:34,Stage Id:4
16/10/31 18:13:36 INFO serializeLogger: [CreationPYRE]StartAt:1477959216852,Parent RDD ID:18,Name:UnionRDD,TaskAttempt ID:104,Partition Id:30,Stage Id:4
16/10/31 18:13:36 INFO serializeLogger: [CreationPYRE]EndAt:1477959216852,Parent RDD ID:18,Name:UnionRDD,TaskAttempt ID:108,Partition Id:34,Stage Id:4
16/10/31 18:13:36 INFO serializeLogger: [CreationPYRE]EndAt:1477959216852,Parent RDD ID:18,Name:UnionRDD,TaskAttempt ID:104,Partition Id:30,Stage Id:4
16/10/31 18:13:36 INFO serializeLogger: [RunnerCompute]StartAt:1477959216852,Parent RDD ID:18,Name:UnionRDD,TaskAttempt ID:108,Partition Id:34,Stage Id:4
16/10/31 18:13:36 INFO serializeLogger: [CreationPYRE]EndAt:1477959216852,Parent RDD ID:8,Name:ParallelCollectionRDD,TaskAttempt ID:136,Partition Id:62,Stage Id:4
16/10/31 18:13:36 INFO serializeLogger: [RunnerCompute]StartAt:1477959216852,Parent RDD ID:18,Name:UnionRDD,TaskAttempt ID:120,Partition Id:46,Stage Id:4
16/10/31 18:13:36 INFO serializeLogger: [RunnerCompute]StartAt:1477959216854,Parent RDD ID:8,Name:ParallelCollectionRDD,TaskAttempt ID:136,Partition Id:62,Stage Id:4
16/10/31 18:13:36 INFO serializeLogger: [RunnerCompute]StartAt:1477959216854,Parent RDD ID:18,Name:UnionRDD,TaskAttempt ID:104,Partition Id:30,Stage Id:4
16/10/31 18:13:36 INFO serializeLogger: [CreationPYRE]StartAt:1477959216854,Parent RDD ID:8,Name:ParallelCollectionRDD,TaskAttempt ID:124,Partition Id:50,Stage Id:4
16/10/31 18:13:36 INFO serializeLogger: [CreationPYRE]StartAt:1477959216854,Parent RDD ID:8,Name:ParallelCollectionRDD,TaskAttempt ID:116,Partition Id:42,Stage Id:4
16/10/31 18:13:36 INFO serializeLogger: [CreationPYRE]StartAt:1477959216855,Parent RDD ID:8,Name:ParallelCollectionRDD,TaskAttempt ID:128,Partition Id:54,Stage Id:4
16/10/31 18:13:36 INFO serializeLogger: [CreationPYRE]StartAt:1477959216855,Parent RDD ID:8,Name:ParallelCollectionRDD,TaskAttempt ID:112,Partition Id:38,Stage Id:4
16/10/31 18:13:36 INFO serializeLogger: [CreationPYRE]EndAt:1477959216855,Parent RDD ID:8,Name:ParallelCollectionRDD,TaskAttempt ID:116,Partition Id:42,Stage Id:4
16/10/31 18:13:36 INFO serializeLogger: [CreationPYRE]EndAt:1477959216855,Parent RDD ID:8,Name:ParallelCollectionRDD,TaskAttempt ID:124,Partition Id:50,Stage Id:4
16/10/31 18:13:36 INFO serializeLogger: [RunnerCompute]StartAt:1477959216855,Parent RDD ID:8,Name:ParallelCollectionRDD,TaskAttempt ID:124,Partition Id:50,Stage Id:4
16/10/31 18:13:36 INFO serializeLogger: [CreationPYRE]StartAt:1477959216857,Parent RDD ID:18,Name:UnionRDD,TaskAttempt ID:100,Partition Id:26,Stage Id:4
16/10/31 18:13:36 INFO serializeLogger: [RunnerCompute]StartAt:1477959216857,Parent RDD ID:8,Name:ParallelCollectionRDD,TaskAttempt ID:116,Partition Id:42,Stage Id:4
16/10/31 18:13:36 INFO serializeLogger: [CreationPYRE]EndAt:1477959216857,Parent RDD ID:8,Name:ParallelCollectionRDD,TaskAttempt ID:112,Partition Id:38,Stage Id:4
16/10/31 18:13:36 INFO serializeLogger: [CreationPYRE]EndAt:1477959216858,Parent RDD ID:8,Name:ParallelCollectionRDD,TaskAttempt ID:128,Partition Id:54,Stage Id:4
16/10/31 18:13:36 INFO serializeLogger: [RunnerCompute]StartAt:1477959216858,Parent RDD ID:8,Name:ParallelCollectionRDD,TaskAttempt ID:128,Partition Id:54,Stage Id:4
16/10/31 18:13:36 INFO serializeLogger: [CreationPYRE]StartAt:1477959216858,Parent RDD ID:8,Name:ParallelCollectionRDD,TaskAttempt ID:120,Partition Id:46,Stage Id:4
16/10/31 18:13:36 INFO serializeLogger: [CreationPYRE]EndAt:1477959216858,Parent RDD ID:8,Name:ParallelCollectionRDD,TaskAttempt ID:120,Partition Id:46,Stage Id:4
16/10/31 18:13:36 INFO serializeLogger: [RunnerCompute]StartAt:1477959216859,Parent RDD ID:8,Name:ParallelCollectionRDD,TaskAttempt ID:120,Partition Id:46,Stage Id:4
16/10/31 18:13:36 INFO serializeLogger: [RunnerCompute]StartAt:1477959216859,Parent RDD ID:8,Name:ParallelCollectionRDD,TaskAttempt ID:112,Partition Id:38,Stage Id:4
16/10/31 18:13:36 INFO serializeLogger: [CreationPYRE]EndAt:1477959216860,Parent RDD ID:18,Name:UnionRDD,TaskAttempt ID:100,Partition Id:26,Stage Id:4
16/10/31 18:13:36 INFO serializeLogger: [writerThread]StartAt:1477959216860,Parent RDD ID:8,Name:ParallelCollectionRDD,TaskAttempt ID:136,Partition Id:62,Stage Id:4
16/10/31 18:13:36 INFO serializeLogger: [RunnerCompute]StartAt:1477959216860,Parent RDD ID:18,Name:UnionRDD,TaskAttempt ID:100,Partition Id:26,Stage Id:4
16/10/31 18:13:36 INFO serializeLogger: [CreationPYRE]StartAt:1477959216860,Parent RDD ID:8,Name:ParallelCollectionRDD,TaskAttempt ID:108,Partition Id:34,Stage Id:4
16/10/31 18:13:36 INFO serializeLogger: [writerThread]StartAt:1477959216861,Parent RDD ID:8,Name:ParallelCollectionRDD,TaskAttempt ID:80,Partition Id:6,Stage Id:4
16/10/31 18:13:36 INFO serializeLogger: [CreationPYRE]StartAt:1477959216861,Parent RDD ID:8,Name:ParallelCollectionRDD,TaskAttempt ID:132,Partition Id:58,Stage Id:4
16/10/31 18:13:36 INFO serializeLogger: [CreationPYRE]EndAt:1477959216861,Parent RDD ID:8,Name:ParallelCollectionRDD,TaskAttempt ID:132,Partition Id:58,Stage Id:4
16/10/31 18:13:36 INFO serializeLogger: [CreationPYRE]StartAt:1477959216862,Parent RDD ID:8,Name:ParallelCollectionRDD,TaskAttempt ID:104,Partition Id:30,Stage Id:4
16/10/31 18:13:36 INFO serializeLogger: [CreationPYRE]EndAt:1477959216862,Parent RDD ID:8,Name:ParallelCollectionRDD,TaskAttempt ID:108,Partition Id:34,Stage Id:4
16/10/31 18:13:36 INFO serializeLogger: [RunnerCompute]StartAt:1477959216863,Parent RDD ID:8,Name:ParallelCollectionRDD,TaskAttempt ID:108,Partition Id:34,Stage Id:4
16/10/31 18:13:36 INFO serializeLogger: [writerThread]StartAt:1477959216863,Parent RDD ID:8,Name:ParallelCollectionRDD,TaskAttempt ID:128,Partition Id:54,Stage Id:4
16/10/31 18:13:36 INFO serializeLogger: [writerThread]StartAt:1477959216863,Parent RDD ID:8,Name:ParallelCollectionRDD,TaskAttempt ID:116,Partition Id:42,Stage Id:4
16/10/31 18:13:36 INFO serializeLogger: [CreationPYRE]EndAt:1477959216865,Parent RDD ID:8,Name:ParallelCollectionRDD,TaskAttempt ID:104,Partition Id:30,Stage Id:4
16/10/31 18:13:36 INFO serializeLogger: [RunnerCompute]StartAt:1477959216866,Parent RDD ID:8,Name:ParallelCollectionRDD,TaskAttempt ID:132,Partition Id:58,Stage Id:4
16/10/31 18:13:36 INFO serializeLogger: [writerThread]StartAt:1477959216866,Parent RDD ID:8,Name:ParallelCollectionRDD,TaskAttempt ID:112,Partition Id:38,Stage Id:4
16/10/31 18:13:36 INFO serializeLogger: [CreationPYRE]StartAt:1477959216866,Parent RDD ID:18,Name:UnionRDD,TaskAttempt ID:96,Partition Id:22,Stage Id:4
16/10/31 18:13:36 INFO serializeLogger: [writerThread]StartAt:1477959216866,Parent RDD ID:8,Name:ParallelCollectionRDD,TaskAttempt ID:120,Partition Id:46,Stage Id:4
16/10/31 18:13:36 INFO serializeLogger: [RunnerCompute]StartAt:1477959216866,Parent RDD ID:8,Name:ParallelCollectionRDD,TaskAttempt ID:104,Partition Id:30,Stage Id:4
16/10/31 18:13:36 INFO serializeLogger: [writerThread]StartAt:1477959216867,Parent RDD ID:8,Name:ParallelCollectionRDD,TaskAttempt ID:124,Partition Id:50,Stage Id:4
16/10/31 18:13:36 INFO serializeLogger: [CreationPYRE]StartAt:1477959216867,Parent RDD ID:18,Name:UnionRDD,TaskAttempt ID:92,Partition Id:18,Stage Id:4
16/10/31 18:13:36 INFO serializeLogger: [CreationPYRE]StartAt:1477959216868,Parent RDD ID:8,Name:ParallelCollectionRDD,TaskAttempt ID:100,Partition Id:26,Stage Id:4
16/10/31 18:13:36 INFO serializeLogger: [CreationPYRE]EndAt:1477959216868,Parent RDD ID:18,Name:UnionRDD,TaskAttempt ID:92,Partition Id:18,Stage Id:4
16/10/31 18:13:36 INFO serializeLogger: [CreationPYRE]StartAt:1477959216868,Parent RDD ID:18,Name:UnionRDD,TaskAttempt ID:88,Partition Id:14,Stage Id:4
16/10/31 18:13:36 INFO serializeLogger: [RunnerCompute]StartAt:1477959216869,Parent RDD ID:18,Name:UnionRDD,TaskAttempt ID:92,Partition Id:18,Stage Id:4
16/10/31 18:13:36 INFO serializeLogger: [RunnerCompute]EndAt:1477959216870,Parent RDD ID:8,Name:ParallelCollectionRDD,TaskAttempt ID:136,Partition Id:62,Stage Id:4
16/10/31 18:13:36 INFO serializeLogger: [CreationPYRE]EndAt:1477959216871,Parent RDD ID:18,Name:UnionRDD,TaskAttempt ID:96,Partition Id:22,Stage Id:4
16/10/31 18:13:36 INFO serializeLogger: [RunnerCompute]EndAt:1477959216873,Parent RDD ID:8,Name:ParallelCollectionRDD,TaskAttempt ID:124,Partition Id:50,Stage Id:4
16/10/31 18:13:36 INFO serializeLogger: [CreationPYRE]EndAt:1477959216874,Parent RDD ID:18,Name:UnionRDD,TaskAttempt ID:88,Partition Id:14,Stage Id:4
16/10/31 18:13:36 INFO serializeLogger: [writerThread]StartAt:1477959216874,Parent RDD ID:8,Name:ParallelCollectionRDD,TaskAttempt ID:132,Partition Id:58,Stage Id:4
16/10/31 18:13:36 INFO serializeLogger: [CreationPYRE]EndAt:1477959216874,Parent RDD ID:8,Name:ParallelCollectionRDD,TaskAttempt ID:100,Partition Id:26,Stage Id:4
16/10/31 18:13:36 INFO serializeLogger: [RunnerCompute]StartAt:1477959216875,Parent RDD ID:18,Name:UnionRDD,TaskAttempt ID:88,Partition Id:14,Stage Id:4
16/10/31 18:13:36 INFO serializeLogger: [writerThread]StartAt:1477959216875,Parent RDD ID:8,Name:ParallelCollectionRDD,TaskAttempt ID:108,Partition Id:34,Stage Id:4
16/10/31 18:13:36 INFO serializeLogger: [RunnerCompute]StartAt:1477959216876,Parent RDD ID:18,Name:UnionRDD,TaskAttempt ID:96,Partition Id:22,Stage Id:4
16/10/31 18:13:36 INFO serializeLogger: [CreationPYRE]StartAt:1477959216878,Parent RDD ID:8,Name:ParallelCollectionRDD,TaskAttempt ID:92,Partition Id:18,Stage Id:4
16/10/31 18:13:36 INFO serializeLogger: [writerThread]StartAt:1477959216879,Parent RDD ID:8,Name:ParallelCollectionRDD,TaskAttempt ID:104,Partition Id:30,Stage Id:4
16/10/31 18:13:36 INFO serializeLogger: [CreationPYRE]StartAt:1477959216879,Parent RDD ID:18,Name:UnionRDD,TaskAttempt ID:84,Partition Id:10,Stage Id:4
16/10/31 18:13:36 INFO serializeLogger: [RunnerCompute]StartAt:1477959216879,Parent RDD ID:8,Name:ParallelCollectionRDD,TaskAttempt ID:100,Partition Id:26,Stage Id:4
16/10/31 18:13:36 INFO serializeLogger: [CreationPYRE]EndAt:1477959216879,Parent RDD ID:8,Name:ParallelCollectionRDD,TaskAttempt ID:92,Partition Id:18,Stage Id:4
16/10/31 18:13:36 INFO serializeLogger: [RunnerCompute]EndAt:1477959216880,Parent RDD ID:8,Name:ParallelCollectionRDD,TaskAttempt ID:132,Partition Id:58,Stage Id:4
16/10/31 18:13:36 INFO serializeLogger: [RunnerCompute]StartAt:1477959216880,Parent RDD ID:8,Name:ParallelCollectionRDD,TaskAttempt ID:92,Partition Id:18,Stage Id:4
16/10/31 18:13:36 INFO serializeLogger: [writerThread]StartAt:1477959216880,Parent RDD ID:18,Name:UnionRDD,TaskAttempt ID:136,Partition Id:62,Stage Id:4
16/10/31 18:13:36 INFO serializeLogger: [writerThread]StartAt:1477959216880,Parent RDD ID:18,Name:UnionRDD,TaskAttempt ID:124,Partition Id:50,Stage Id:4
16/10/31 18:13:36 INFO serializeLogger: [CreationPYRE]StartAt:1477959216881,Parent RDD ID:8,Name:ParallelCollectionRDD,TaskAttempt ID:96,Partition Id:22,Stage Id:4
16/10/31 18:13:36 INFO serializeLogger: [CreationPYRE]EndAt:1477959216881,Parent RDD ID:18,Name:UnionRDD,TaskAttempt ID:84,Partition Id:10,Stage Id:4
16/10/31 18:13:36 INFO serializeLogger: [RunnerCompute]StartAt:1477959216885,Parent RDD ID:18,Name:UnionRDD,TaskAttempt ID:84,Partition Id:10,Stage Id:4
16/10/31 18:13:36 INFO serializeLogger: [CreationPYRE]EndAt:1477959216885,Parent RDD ID:8,Name:ParallelCollectionRDD,TaskAttempt ID:96,Partition Id:22,Stage Id:4
16/10/31 18:13:36 INFO serializeLogger: [RunnerCompute]StartAt:1477959216885,Parent RDD ID:8,Name:ParallelCollectionRDD,TaskAttempt ID:96,Partition Id:22,Stage Id:4
16/10/31 18:13:36 INFO serializeLogger: [RunnerCompute]EndAt:1477959216886,Parent RDD ID:8,Name:ParallelCollectionRDD,TaskAttempt ID:104,Partition Id:30,Stage Id:4
16/10/31 18:13:36 INFO serializeLogger: [writerThread]StartAt:1477959216887,Parent RDD ID:8,Name:ParallelCollectionRDD,TaskAttempt ID:100,Partition Id:26,Stage Id:4
16/10/31 18:13:36 INFO serializeLogger: [CreationPYRE]StartAt:1477959216887,Parent RDD ID:8,Name:ParallelCollectionRDD,TaskAttempt ID:88,Partition Id:14,Stage Id:4
16/10/31 18:13:36 INFO serializeLogger: [writerThread]StartAt:1477959216887,Parent RDD ID:8,Name:ParallelCollectionRDD,TaskAttempt ID:92,Partition Id:18,Stage Id:4
16/10/31 18:13:36 INFO serializeLogger: [RunnerCompute]EndAt:1477959216887,Parent RDD ID:18,Name:UnionRDD,TaskAttempt ID:136,Partition Id:62,Stage Id:4
16/10/31 18:13:36 INFO serializeLogger: [CreationPYRE]StartAt:1477959216888,Parent RDD ID:8,Name:ParallelCollectionRDD,TaskAttempt ID:84,Partition Id:10,Stage Id:4
16/10/31 18:13:36 INFO serializeLogger: [CreationPYRE]EndAt:1477959216888,Parent RDD ID:8,Name:ParallelCollectionRDD,TaskAttempt ID:84,Partition Id:10,Stage Id:4
16/10/31 18:13:36 INFO serializeLogger: [RunnerCompute]StartAt:1477959216888,Parent RDD ID:8,Name:ParallelCollectionRDD,TaskAttempt ID:84,Partition Id:10,Stage Id:4
16/10/31 18:13:36 INFO serializeLogger: [CreationPYRE]EndAt:1477959216890,Parent RDD ID:8,Name:ParallelCollectionRDD,TaskAttempt ID:88,Partition Id:14,Stage Id:4
16/10/31 18:13:36 INFO serializeLogger: [RunnerCompute]StartAt:1477959216891,Parent RDD ID:8,Name:ParallelCollectionRDD,TaskAttempt ID:88,Partition Id:14,Stage Id:4
16/10/31 18:13:36 INFO serializeLogger: [writerThread]StartAt:1477959216892,Parent RDD ID:18,Name:UnionRDD,TaskAttempt ID:132,Partition Id:58,Stage Id:4
16/10/31 18:13:36 INFO serializeLogger: [writerThread]StartAt:1477959216895,Parent RDD ID:8,Name:ParallelCollectionRDD,TaskAttempt ID:88,Partition Id:14,Stage Id:4
16/10/31 18:13:36 INFO serializeLogger: [writerThread]EndAt:1477959216898,Parent RDD ID:18,Name:UnionRDD,TaskAttempt ID:136,Partition Id:62,Stage Id:4
16/10/31 18:13:36 INFO serializeLogger: [writerThread]EndAt:1477959216898,Parent RDD ID:8,Name:ParallelCollectionRDD,TaskAttempt ID:136,Partition Id:62,Stage Id:4
16/10/31 18:13:36 INFO serializeLogger: [RunnerCompute]EndAt:1477959216914,Parent RDD ID:8,Name:ParallelCollectionRDD,TaskAttempt ID:112,Partition Id:38,Stage Id:4
16/10/31 18:13:36 INFO serializeLogger: [writerThread]StartAt:1477959216914,Parent RDD ID:8,Name:ParallelCollectionRDD,TaskAttempt ID:96,Partition Id:22,Stage Id:4
16/10/31 18:13:36 INFO serializeLogger: [RunnerCompute]EndAt:1477959216914,Parent RDD ID:8,Name:ParallelCollectionRDD,TaskAttempt ID:128,Partition Id:54,Stage Id:4
16/10/31 18:13:36 INFO serializeLogger: [RunnerCompute]EndAt:1477959216915,Parent RDD ID:8,Name:ParallelCollectionRDD,TaskAttempt ID:116,Partition Id:42,Stage Id:4
16/10/31 18:13:36 INFO serializeLogger: [RunnerCompute]EndAt:1477959216915,Parent RDD ID:8,Name:ParallelCollectionRDD,TaskAttempt ID:80,Partition Id:6,Stage Id:4
16/10/31 18:13:36 INFO serializeLogger: [writerThread]StartAt:1477959216916,Parent RDD ID:18,Name:UnionRDD,TaskAttempt ID:104,Partition Id:30,Stage Id:4
16/10/31 18:13:36 INFO serializeLogger: [RunnerCompute]EndAt:1477959216918,Parent RDD ID:8,Name:ParallelCollectionRDD,TaskAttempt ID:108,Partition Id:34,Stage Id:4
16/10/31 18:13:36 INFO serializeLogger: [writerThread]StartAt:1477959216921,Parent RDD ID:18,Name:UnionRDD,TaskAttempt ID:108,Partition Id:34,Stage Id:4
16/10/31 18:13:36 INFO serializeLogger: [writerThread]StartAt:1477959216921,Parent RDD ID:8,Name:ParallelCollectionRDD,TaskAttempt ID:84,Partition Id:10,Stage Id:4
16/10/31 18:13:36 INFO serializeLogger: [writerThread]StartAt:1477959216922,Parent RDD ID:18,Name:UnionRDD,TaskAttempt ID:112,Partition Id:38,Stage Id:4
16/10/31 18:13:36 INFO serializeLogger: [RunnerCompute]EndAt:1477959216923,Parent RDD ID:8,Name:ParallelCollectionRDD,TaskAttempt ID:120,Partition Id:46,Stage Id:4
16/10/31 18:13:36 INFO serializeLogger: [writerThread]StartAt:1477959216925,Parent RDD ID:18,Name:UnionRDD,TaskAttempt ID:120,Partition Id:46,Stage Id:4
16/10/31 18:13:36 INFO serializeLogger: [writerThread]StartAt:1477959216925,Parent RDD ID:18,Name:UnionRDD,TaskAttempt ID:128,Partition Id:54,Stage Id:4
16/10/31 18:13:36 INFO serializeLogger: [RunnerCompute]EndAt:1477959216949,Parent RDD ID:18,Name:UnionRDD,TaskAttempt ID:124,Partition Id:50,Stage Id:4
16/10/31 18:13:36 INFO serializeLogger: [RunnerCompute]EndAt:1477959216949,Parent RDD ID:18,Name:UnionRDD,TaskAttempt ID:132,Partition Id:58,Stage Id:4
16/10/31 18:13:36 INFO serializeLogger: [writerThread]EndAt:1477959216951,Parent RDD ID:18,Name:UnionRDD,TaskAttempt ID:124,Partition Id:50,Stage Id:4
16/10/31 18:13:36 INFO serializeLogger: [writerThread]EndAt:1477959216951,Parent RDD ID:18,Name:UnionRDD,TaskAttempt ID:132,Partition Id:58,Stage Id:4
16/10/31 18:13:36 INFO serializeLogger: [writerThread]StartAt:1477959216952,Parent RDD ID:18,Name:UnionRDD,TaskAttempt ID:116,Partition Id:42,Stage Id:4
16/10/31 18:13:36 INFO serializeLogger: [writerThread]StartAt:1477959216953,Parent RDD ID:18,Name:UnionRDD,TaskAttempt ID:80,Partition Id:6,Stage Id:4
16/10/31 18:13:36 INFO serializeLogger: [RunnerCompute]EndAt:1477959216955,Parent RDD ID:8,Name:ParallelCollectionRDD,TaskAttempt ID:96,Partition Id:22,Stage Id:4
16/10/31 18:13:36 INFO serializeLogger: [RunnerCompute]EndAt:1477959216956,Parent RDD ID:8,Name:ParallelCollectionRDD,TaskAttempt ID:92,Partition Id:18,Stage Id:4
16/10/31 18:13:36 INFO serializeLogger: [RunnerCompute]EndAt:1477959216956,Parent RDD ID:8,Name:ParallelCollectionRDD,TaskAttempt ID:100,Partition Id:26,Stage Id:4
16/10/31 18:13:36 INFO serializeLogger: [writerThread]StartAt:1477959216956,Parent RDD ID:18,Name:UnionRDD,TaskAttempt ID:96,Partition Id:22,Stage Id:4
16/10/31 18:13:36 INFO serializeLogger: [writerThread]StartAt:1477959216958,Parent RDD ID:18,Name:UnionRDD,TaskAttempt ID:100,Partition Id:26,Stage Id:4
16/10/31 18:13:36 INFO serializeLogger: [writerThread]StartAt:1477959216959,Parent RDD ID:18,Name:UnionRDD,TaskAttempt ID:92,Partition Id:18,Stage Id:4
16/10/31 18:13:36 INFO serializeLogger: [writerThread]EndAt:1477959216960,Parent RDD ID:8,Name:ParallelCollectionRDD,TaskAttempt ID:132,Partition Id:58,Stage Id:4
16/10/31 18:13:36 INFO serializeLogger: [writerThread]EndAt:1477959216960,Parent RDD ID:8,Name:ParallelCollectionRDD,TaskAttempt ID:124,Partition Id:50,Stage Id:4
16/10/31 18:13:36 INFO serializeLogger: [RunnerCompute]EndAt:1477959216976,Parent RDD ID:18,Name:UnionRDD,TaskAttempt ID:80,Partition Id:6,Stage Id:4
16/10/31 18:13:36 INFO serializeLogger: [RunnerCompute]EndAt:1477959216976,Parent RDD ID:18,Name:UnionRDD,TaskAttempt ID:104,Partition Id:30,Stage Id:4
16/10/31 18:13:36 INFO serializeLogger: [writerThread]EndAt:1477959216978,Parent RDD ID:18,Name:UnionRDD,TaskAttempt ID:104,Partition Id:30,Stage Id:4
16/10/31 18:13:36 INFO serializeLogger: [writerThread]EndAt:1477959216978,Parent RDD ID:8,Name:ParallelCollectionRDD,TaskAttempt ID:104,Partition Id:30,Stage Id:4
16/10/31 18:13:36 INFO serializeLogger: [writerThread]EndAt:1477959216979,Parent RDD ID:18,Name:UnionRDD,TaskAttempt ID:80,Partition Id:6,Stage Id:4
16/10/31 18:13:36 INFO serializeLogger: [writerThread]EndAt:1477959216979,Parent RDD ID:8,Name:ParallelCollectionRDD,TaskAttempt ID:80,Partition Id:6,Stage Id:4
16/10/31 18:13:36 INFO serializeLogger: [RunnerCompute]EndAt:1477959216984,Parent RDD ID:8,Name:ParallelCollectionRDD,TaskAttempt ID:88,Partition Id:14,Stage Id:4
16/10/31 18:13:36 INFO serializeLogger: [writerThread]StartAt:1477959216985,Parent RDD ID:18,Name:UnionRDD,TaskAttempt ID:88,Partition Id:14,Stage Id:4
16/10/31 18:13:36 INFO serializeLogger: [RunnerCompute]EndAt:1477959216989,Parent RDD ID:18,Name:UnionRDD,TaskAttempt ID:128,Partition Id:54,Stage Id:4
16/10/31 18:13:36 INFO serializeLogger: [writerThread]EndAt:1477959216991,Parent RDD ID:18,Name:UnionRDD,TaskAttempt ID:128,Partition Id:54,Stage Id:4
16/10/31 18:13:36 INFO serializeLogger: [writerThread]EndAt:1477959216992,Parent RDD ID:8,Name:ParallelCollectionRDD,TaskAttempt ID:128,Partition Id:54,Stage Id:4
16/10/31 18:13:36 INFO serializeLogger: [RunnerCompute]EndAt:1477959216992,Parent RDD ID:18,Name:UnionRDD,TaskAttempt ID:116,Partition Id:42,Stage Id:4
16/10/31 18:13:36 INFO serializeLogger: [writerThread]EndAt:1477959216994,Parent RDD ID:18,Name:UnionRDD,TaskAttempt ID:116,Partition Id:42,Stage Id:4
16/10/31 18:13:36 INFO serializeLogger: [writerThread]EndAt:1477959216994,Parent RDD ID:8,Name:ParallelCollectionRDD,TaskAttempt ID:116,Partition Id:42,Stage Id:4
16/10/31 18:13:36 INFO serializeLogger: [RunnerCompute]EndAt:1477959216995,Parent RDD ID:18,Name:UnionRDD,TaskAttempt ID:112,Partition Id:38,Stage Id:4
16/10/31 18:13:36 INFO serializeLogger: [writerThread]EndAt:1477959216997,Parent RDD ID:18,Name:UnionRDD,TaskAttempt ID:112,Partition Id:38,Stage Id:4
16/10/31 18:13:36 INFO serializeLogger: [writerThread]EndAt:1477959216997,Parent RDD ID:8,Name:ParallelCollectionRDD,TaskAttempt ID:112,Partition Id:38,Stage Id:4
16/10/31 18:13:36 INFO serializeLogger: [RunnerCompute]EndAt:1477959216998,Parent RDD ID:8,Name:ParallelCollectionRDD,TaskAttempt ID:84,Partition Id:10,Stage Id:4
16/10/31 18:13:36 INFO serializeLogger: [writerThread]StartAt:1477959216999,Parent RDD ID:18,Name:UnionRDD,TaskAttempt ID:84,Partition Id:10,Stage Id:4
16/10/31 18:13:36 INFO serializeLogger: [RunnerCompute]EndAt:1477959216999,Parent RDD ID:18,Name:UnionRDD,TaskAttempt ID:108,Partition Id:34,Stage Id:4
16/10/31 18:13:37 INFO serializeLogger: [writerThread]EndAt:1477959217002,Parent RDD ID:18,Name:UnionRDD,TaskAttempt ID:108,Partition Id:34,Stage Id:4
16/10/31 18:13:37 INFO serializeLogger: [writerThread]EndAt:1477959217002,Parent RDD ID:8,Name:ParallelCollectionRDD,TaskAttempt ID:108,Partition Id:34,Stage Id:4
16/10/31 18:13:37 INFO serializeLogger: [RunnerCompute]EndAt:1477959217011,Parent RDD ID:18,Name:UnionRDD,TaskAttempt ID:96,Partition Id:22,Stage Id:4
16/10/31 18:13:37 INFO serializeLogger: [writerThread]EndAt:1477959217014,Parent RDD ID:18,Name:UnionRDD,TaskAttempt ID:96,Partition Id:22,Stage Id:4
16/10/31 18:13:37 INFO serializeLogger: [writerThread]EndAt:1477959217014,Parent RDD ID:8,Name:ParallelCollectionRDD,TaskAttempt ID:96,Partition Id:22,Stage Id:4
16/10/31 18:13:37 INFO serializeLogger: [RunnerCompute]EndAt:1477959217018,Parent RDD ID:18,Name:UnionRDD,TaskAttempt ID:100,Partition Id:26,Stage Id:4
16/10/31 18:13:37 INFO serializeLogger: [writerThread]EndAt:1477959217021,Parent RDD ID:18,Name:UnionRDD,TaskAttempt ID:100,Partition Id:26,Stage Id:4
16/10/31 18:13:37 INFO serializeLogger: [writerThread]EndAt:1477959217021,Parent RDD ID:8,Name:ParallelCollectionRDD,TaskAttempt ID:100,Partition Id:26,Stage Id:4
16/10/31 18:13:37 INFO serializeLogger: [RunnerCompute]EndAt:1477959217029,Parent RDD ID:18,Name:UnionRDD,TaskAttempt ID:88,Partition Id:14,Stage Id:4
16/10/31 18:13:37 INFO serializeLogger: [writerThread]EndAt:1477959217032,Parent RDD ID:18,Name:UnionRDD,TaskAttempt ID:88,Partition Id:14,Stage Id:4
16/10/31 18:13:37 INFO serializeLogger: [writerThread]EndAt:1477959217032,Parent RDD ID:8,Name:ParallelCollectionRDD,TaskAttempt ID:88,Partition Id:14,Stage Id:4
16/10/31 18:13:37 INFO serializeLogger: [RunnerCompute]EndAt:1477959217083,Parent RDD ID:18,Name:UnionRDD,TaskAttempt ID:120,Partition Id:46,Stage Id:4
16/10/31 18:13:37 INFO serializeLogger: [writerThread]EndAt:1477959217085,Parent RDD ID:18,Name:UnionRDD,TaskAttempt ID:120,Partition Id:46,Stage Id:4
16/10/31 18:13:37 INFO serializeLogger: [writerThread]EndAt:1477959217085,Parent RDD ID:8,Name:ParallelCollectionRDD,TaskAttempt ID:120,Partition Id:46,Stage Id:4
16/10/31 18:13:37 INFO serializeLogger: [CreationPYRE]StartAt:1477959217123,Parent RDD ID:18,Name:UnionRDD,TaskAttempt ID:146,Partition Id:0,Stage Id:4
16/10/31 18:13:37 INFO serializeLogger: [CreationPYRE]EndAt:1477959217123,Parent RDD ID:18,Name:UnionRDD,TaskAttempt ID:146,Partition Id:0,Stage Id:4
16/10/31 18:13:37 INFO serializeLogger: [RunnerCompute]StartAt:1477959217123,Parent RDD ID:18,Name:UnionRDD,TaskAttempt ID:146,Partition Id:0,Stage Id:4
16/10/31 18:13:37 INFO serializeLogger: [RunnerCompute]EndAt:1477959217123,Parent RDD ID:18,Name:UnionRDD,TaskAttempt ID:84,Partition Id:10,Stage Id:4
16/10/31 18:13:37 INFO serializeLogger: [CreationPYRE]StartAt:1477959217124,Parent RDD ID:15,Name:MapPartitionedRDD,TaskAttempt ID:146,Partition Id:0,Stage Id:4
16/10/31 18:13:37 INFO serializeLogger: [CreationPYRE]EndAt:1477959217124,Parent RDD ID:15,Name:MapPartitionedRDD,TaskAttempt ID:146,Partition Id:0,Stage Id:4
16/10/31 18:13:37 INFO serializeLogger: [RunnerCompute]StartAt:1477959217124,Parent RDD ID:15,Name:MapPartitionedRDD,TaskAttempt ID:146,Partition Id:0,Stage Id:4
16/10/31 18:13:37 INFO serializeLogger: [writerThread]EndAt:1477959217126,Parent RDD ID:18,Name:UnionRDD,TaskAttempt ID:84,Partition Id:10,Stage Id:4
16/10/31 18:13:37 INFO serializeLogger: [writerThread]EndAt:1477959217126,Parent RDD ID:8,Name:ParallelCollectionRDD,TaskAttempt ID:84,Partition Id:10,Stage Id:4
16/10/31 18:13:37 INFO serializeLogger: [RunnerCompute]EndAt:1477959217133,Parent RDD ID:18,Name:UnionRDD,TaskAttempt ID:92,Partition Id:18,Stage Id:4
16/10/31 18:13:37 INFO serializeLogger: [writerThread]EndAt:1477959217135,Parent RDD ID:18,Name:UnionRDD,TaskAttempt ID:92,Partition Id:18,Stage Id:4
16/10/31 18:13:37 INFO serializeLogger: [writerThread]EndAt:1477959217135,Parent RDD ID:8,Name:ParallelCollectionRDD,TaskAttempt ID:92,Partition Id:18,Stage Id:4
16/10/31 18:13:37 INFO serializeLogger: [writerThread]StartAt:1477959217149,Parent RDD ID:15,Name:MapPartitionedRDD,TaskAttempt ID:146,Partition Id:0,Stage Id:4
16/10/31 18:13:45 INFO serializeLogger: [RunnerCompute]EndAt:1477959225529,Parent RDD ID:15,Name:MapPartitionedRDD,TaskAttempt ID:146,Partition Id:0,Stage Id:4
16/10/31 18:13:45 INFO serializeLogger: [writerThread]StartAt:1477959225532,Parent RDD ID:18,Name:UnionRDD,TaskAttempt ID:146,Partition Id:0,Stage Id:4
16/10/31 18:14:04 INFO serializeLogger: [RunnerCompute]EndAt:1477959244026,Parent RDD ID:18,Name:UnionRDD,TaskAttempt ID:146,Partition Id:0,Stage Id:4
16/10/31 18:14:05 INFO serializeLogger: [writerThread]EndAt:1477959245445,Parent RDD ID:18,Name:UnionRDD,TaskAttempt ID:146,Partition Id:0,Stage Id:4
16/10/31 18:14:05 INFO serializeLogger: [writerThread]EndAt:1477959245445,Parent RDD ID:15,Name:MapPartitionedRDD,TaskAttempt ID:146,Partition Id:0,Stage Id:4
16/10/31 18:14:06 INFO serializeLogger: [CreationPYRE]StartAt:1477959246254,Parent RDD ID:25,Name:UnionRDD,TaskAttempt ID:149,Partition Id:0,Stage Id:5
16/10/31 18:14:06 INFO serializeLogger: [CreationPYRE]EndAt:1477959246254,Parent RDD ID:25,Name:UnionRDD,TaskAttempt ID:149,Partition Id:0,Stage Id:5
16/10/31 18:14:06 INFO serializeLogger: [RunnerCompute]StartAt:1477959246254,Parent RDD ID:25,Name:UnionRDD,TaskAttempt ID:149,Partition Id:0,Stage Id:5
16/10/31 18:14:06 INFO serializeLogger: [CreationPYRE]StartAt:1477959246255,Parent RDD ID:22,Name:MapPartitionedRDD,TaskAttempt ID:149,Partition Id:0,Stage Id:5
16/10/31 18:14:06 INFO serializeLogger: [CreationPYRE]EndAt:1477959246255,Parent RDD ID:22,Name:MapPartitionedRDD,TaskAttempt ID:149,Partition Id:0,Stage Id:5
16/10/31 18:14:06 INFO serializeLogger: [RunnerCompute]StartAt:1477959246256,Parent RDD ID:22,Name:MapPartitionedRDD,TaskAttempt ID:149,Partition Id:0,Stage Id:5
16/10/31 18:14:06 INFO serializeLogger: [CreationPYRE]StartAt:1477959246257,Parent RDD ID:25,Name:UnionRDD,TaskAttempt ID:153,Partition Id:4,Stage Id:5
16/10/31 18:14:06 INFO serializeLogger: [CreationPYRE]EndAt:1477959246257,Parent RDD ID:25,Name:UnionRDD,TaskAttempt ID:153,Partition Id:4,Stage Id:5
16/10/31 18:14:06 INFO serializeLogger: [RunnerCompute]StartAt:1477959246257,Parent RDD ID:25,Name:UnionRDD,TaskAttempt ID:153,Partition Id:4,Stage Id:5
16/10/31 18:14:06 INFO serializeLogger: [CreationPYRE]StartAt:1477959246258,Parent RDD ID:22,Name:MapPartitionedRDD,TaskAttempt ID:153,Partition Id:4,Stage Id:5
16/10/31 18:14:06 INFO serializeLogger: [CreationPYRE]EndAt:1477959246259,Parent RDD ID:22,Name:MapPartitionedRDD,TaskAttempt ID:153,Partition Id:4,Stage Id:5
16/10/31 18:14:06 INFO serializeLogger: [RunnerCompute]StartAt:1477959246259,Parent RDD ID:22,Name:MapPartitionedRDD,TaskAttempt ID:153,Partition Id:4,Stage Id:5
16/10/31 18:14:06 INFO serializeLogger: [writerThread]StartAt:1477959246282,Parent RDD ID:22,Name:MapPartitionedRDD,TaskAttempt ID:149,Partition Id:0,Stage Id:5
16/10/31 18:14:06 INFO serializeLogger: [writerThread]StartAt:1477959246322,Parent RDD ID:22,Name:MapPartitionedRDD,TaskAttempt ID:153,Partition Id:4,Stage Id:5
16/10/31 18:15:19 INFO serializeLogger: [RunnerCompute]EndAt:1477959319498,Parent RDD ID:22,Name:MapPartitionedRDD,TaskAttempt ID:153,Partition Id:4,Stage Id:5
16/10/31 18:15:19 INFO serializeLogger: [writerThread]StartAt:1477959319516,Parent RDD ID:25,Name:UnionRDD,TaskAttempt ID:153,Partition Id:4,Stage Id:5
16/10/31 18:15:19 INFO serializeLogger: [RunnerCompute]EndAt:1477959319549,Parent RDD ID:25,Name:UnionRDD,TaskAttempt ID:153,Partition Id:4,Stage Id:5
16/10/31 18:15:19 INFO serializeLogger: [writerThread]EndAt:1477959319583,Parent RDD ID:25,Name:UnionRDD,TaskAttempt ID:153,Partition Id:4,Stage Id:5
16/10/31 18:15:19 INFO serializeLogger: [writerThread]EndAt:1477959319583,Parent RDD ID:22,Name:MapPartitionedRDD,TaskAttempt ID:153,Partition Id:4,Stage Id:5
16/10/31 18:15:25 INFO serializeLogger: [RunnerCompute]EndAt:1477959325210,Parent RDD ID:22,Name:MapPartitionedRDD,TaskAttempt ID:149,Partition Id:0,Stage Id:5
16/10/31 18:15:25 INFO serializeLogger: [writerThread]StartAt:1477959325212,Parent RDD ID:25,Name:UnionRDD,TaskAttempt ID:149,Partition Id:0,Stage Id:5
16/10/31 18:15:44 INFO serializeLogger: [RunnerCompute]EndAt:1477959344966,Parent RDD ID:25,Name:UnionRDD,TaskAttempt ID:149,Partition Id:0,Stage Id:5
16/10/31 18:15:46 INFO serializeLogger: [writerThread]EndAt:1477959346143,Parent RDD ID:25,Name:UnionRDD,TaskAttempt ID:149,Partition Id:0,Stage Id:5
16/10/31 18:15:46 INFO serializeLogger: [writerThread]EndAt:1477959346143,Parent RDD ID:22,Name:MapPartitionedRDD,TaskAttempt ID:149,Partition Id:0,Stage Id:5
16/10/31 18:15:46 INFO serializeLogger: [CreationPYRE]StartAt:1477959346253,Parent RDD ID:32,Name:UnionRDD,TaskAttempt ID:157,Partition Id:0,Stage Id:6
16/10/31 18:15:46 INFO serializeLogger: [CreationPYRE]EndAt:1477959346253,Parent RDD ID:32,Name:UnionRDD,TaskAttempt ID:157,Partition Id:0,Stage Id:6
16/10/31 18:15:46 INFO serializeLogger: [RunnerCompute]StartAt:1477959346253,Parent RDD ID:32,Name:UnionRDD,TaskAttempt ID:157,Partition Id:0,Stage Id:6
16/10/31 18:15:46 INFO serializeLogger: [CreationPYRE]StartAt:1477959346254,Parent RDD ID:32,Name:UnionRDD,TaskAttempt ID:161,Partition Id:4,Stage Id:6
16/10/31 18:15:46 INFO serializeLogger: [CreationPYRE]StartAt:1477959346254,Parent RDD ID:29,Name:MapPartitionedRDD,TaskAttempt ID:157,Partition Id:0,Stage Id:6
16/10/31 18:15:46 INFO serializeLogger: [CreationPYRE]EndAt:1477959346254,Parent RDD ID:32,Name:UnionRDD,TaskAttempt ID:161,Partition Id:4,Stage Id:6
16/10/31 18:15:46 INFO serializeLogger: [CreationPYRE]EndAt:1477959346254,Parent RDD ID:29,Name:MapPartitionedRDD,TaskAttempt ID:157,Partition Id:0,Stage Id:6
16/10/31 18:15:46 INFO serializeLogger: [RunnerCompute]StartAt:1477959346255,Parent RDD ID:32,Name:UnionRDD,TaskAttempt ID:161,Partition Id:4,Stage Id:6
16/10/31 18:15:46 INFO serializeLogger: [RunnerCompute]StartAt:1477959346255,Parent RDD ID:29,Name:MapPartitionedRDD,TaskAttempt ID:157,Partition Id:0,Stage Id:6
16/10/31 18:15:46 INFO serializeLogger: [CreationPYRE]StartAt:1477959346256,Parent RDD ID:29,Name:MapPartitionedRDD,TaskAttempt ID:161,Partition Id:4,Stage Id:6
16/10/31 18:15:46 INFO serializeLogger: [CreationPYRE]EndAt:1477959346256,Parent RDD ID:29,Name:MapPartitionedRDD,TaskAttempt ID:161,Partition Id:4,Stage Id:6
16/10/31 18:15:46 INFO serializeLogger: [RunnerCompute]StartAt:1477959346256,Parent RDD ID:29,Name:MapPartitionedRDD,TaskAttempt ID:161,Partition Id:4,Stage Id:6
16/10/31 18:15:46 INFO serializeLogger: [writerThread]StartAt:1477959346274,Parent RDD ID:29,Name:MapPartitionedRDD,TaskAttempt ID:161,Partition Id:4,Stage Id:6
16/10/31 18:15:46 INFO serializeLogger: [writerThread]StartAt:1477959346276,Parent RDD ID:29,Name:MapPartitionedRDD,TaskAttempt ID:157,Partition Id:0,Stage Id:6
16/10/31 18:15:49 INFO serializeLogger: [RunnerCompute]EndAt:1477959349857,Parent RDD ID:29,Name:MapPartitionedRDD,TaskAttempt ID:161,Partition Id:4,Stage Id:6
16/10/31 18:15:49 INFO serializeLogger: [writerThread]StartAt:1477959349866,Parent RDD ID:32,Name:UnionRDD,TaskAttempt ID:161,Partition Id:4,Stage Id:6
16/10/31 18:15:49 INFO serializeLogger: [RunnerCompute]EndAt:1477959349883,Parent RDD ID:32,Name:UnionRDD,TaskAttempt ID:161,Partition Id:4,Stage Id:6
16/10/31 18:15:49 INFO serializeLogger: [writerThread]EndAt:1477959349913,Parent RDD ID:32,Name:UnionRDD,TaskAttempt ID:161,Partition Id:4,Stage Id:6
16/10/31 18:15:49 INFO serializeLogger: [writerThread]EndAt:1477959349913,Parent RDD ID:29,Name:MapPartitionedRDD,TaskAttempt ID:161,Partition Id:4,Stage Id:6
16/10/31 18:16:04 INFO serializeLogger: [RunnerCompute]EndAt:1477959364557,Parent RDD ID:29,Name:MapPartitionedRDD,TaskAttempt ID:157,Partition Id:0,Stage Id:6
16/10/31 18:16:04 INFO serializeLogger: [writerThread]StartAt:1477959364559,Parent RDD ID:32,Name:UnionRDD,TaskAttempt ID:157,Partition Id:0,Stage Id:6
16/10/31 18:16:23 INFO serializeLogger: [RunnerCompute]EndAt:1477959383772,Parent RDD ID:32,Name:UnionRDD,TaskAttempt ID:157,Partition Id:0,Stage Id:6
16/10/31 18:16:24 INFO serializeLogger: [writerThread]EndAt:1477959384891,Parent RDD ID:32,Name:UnionRDD,TaskAttempt ID:157,Partition Id:0,Stage Id:6
16/10/31 18:16:24 INFO serializeLogger: [writerThread]EndAt:1477959384891,Parent RDD ID:29,Name:MapPartitionedRDD,TaskAttempt ID:157,Partition Id:0,Stage Id:6
16/10/31 18:17:25 INFO serializeLogger: [CreationPYRE]StartAt:1477959445961,Parent RDD ID:39,Name:UnionRDD,TaskAttempt ID:171,Partition Id:4,Stage Id:7
16/10/31 18:17:25 INFO serializeLogger: [CreationPYRE]StartAt:1477959445961,Parent RDD ID:39,Name:UnionRDD,TaskAttempt ID:167,Partition Id:0,Stage Id:7
16/10/31 18:17:25 INFO serializeLogger: [CreationPYRE]EndAt:1477959445961,Parent RDD ID:39,Name:UnionRDD,TaskAttempt ID:171,Partition Id:4,Stage Id:7
16/10/31 18:17:25 INFO serializeLogger: [CreationPYRE]EndAt:1477959445961,Parent RDD ID:39,Name:UnionRDD,TaskAttempt ID:167,Partition Id:0,Stage Id:7
16/10/31 18:17:25 INFO serializeLogger: [RunnerCompute]StartAt:1477959445961,Parent RDD ID:39,Name:UnionRDD,TaskAttempt ID:171,Partition Id:4,Stage Id:7
16/10/31 18:17:25 INFO serializeLogger: [RunnerCompute]StartAt:1477959445962,Parent RDD ID:39,Name:UnionRDD,TaskAttempt ID:167,Partition Id:0,Stage Id:7
16/10/31 18:17:25 INFO serializeLogger: [CreationPYRE]StartAt:1477959445963,Parent RDD ID:36,Name:MapPartitionedRDD,TaskAttempt ID:171,Partition Id:4,Stage Id:7
16/10/31 18:17:25 INFO serializeLogger: [CreationPYRE]StartAt:1477959445963,Parent RDD ID:36,Name:MapPartitionedRDD,TaskAttempt ID:167,Partition Id:0,Stage Id:7
16/10/31 18:17:25 INFO serializeLogger: [CreationPYRE]EndAt:1477959445963,Parent RDD ID:36,Name:MapPartitionedRDD,TaskAttempt ID:171,Partition Id:4,Stage Id:7
16/10/31 18:17:25 INFO serializeLogger: [CreationPYRE]EndAt:1477959445963,Parent RDD ID:36,Name:MapPartitionedRDD,TaskAttempt ID:167,Partition Id:0,Stage Id:7
16/10/31 18:17:25 INFO serializeLogger: [RunnerCompute]StartAt:1477959445963,Parent RDD ID:36,Name:MapPartitionedRDD,TaskAttempt ID:171,Partition Id:4,Stage Id:7
16/10/31 18:17:25 INFO serializeLogger: [RunnerCompute]StartAt:1477959445963,Parent RDD ID:36,Name:MapPartitionedRDD,TaskAttempt ID:167,Partition Id:0,Stage Id:7
16/10/31 18:17:25 INFO serializeLogger: [writerThread]StartAt:1477959445984,Parent RDD ID:36,Name:MapPartitionedRDD,TaskAttempt ID:167,Partition Id:0,Stage Id:7
16/10/31 18:17:25 INFO serializeLogger: [writerThread]StartAt:1477959445984,Parent RDD ID:36,Name:MapPartitionedRDD,TaskAttempt ID:171,Partition Id:4,Stage Id:7
16/10/31 18:17:39 INFO serializeLogger: [RunnerCompute]EndAt:1477959459273,Parent RDD ID:36,Name:MapPartitionedRDD,TaskAttempt ID:171,Partition Id:4,Stage Id:7
16/10/31 18:17:39 INFO serializeLogger: [writerThread]StartAt:1477959459289,Parent RDD ID:39,Name:UnionRDD,TaskAttempt ID:171,Partition Id:4,Stage Id:7
16/10/31 18:17:39 INFO serializeLogger: [RunnerCompute]EndAt:1477959459323,Parent RDD ID:39,Name:UnionRDD,TaskAttempt ID:171,Partition Id:4,Stage Id:7
16/10/31 18:17:39 INFO serializeLogger: [writerThread]EndAt:1477959459361,Parent RDD ID:39,Name:UnionRDD,TaskAttempt ID:171,Partition Id:4,Stage Id:7
16/10/31 18:17:39 INFO serializeLogger: [writerThread]EndAt:1477959459361,Parent RDD ID:36,Name:MapPartitionedRDD,TaskAttempt ID:171,Partition Id:4,Stage Id:7
16/10/31 18:17:45 INFO serializeLogger: [RunnerCompute]EndAt:1477959465561,Parent RDD ID:36,Name:MapPartitionedRDD,TaskAttempt ID:167,Partition Id:0,Stage Id:7
16/10/31 18:17:45 INFO serializeLogger: [writerThread]StartAt:1477959465562,Parent RDD ID:39,Name:UnionRDD,TaskAttempt ID:167,Partition Id:0,Stage Id:7
16/10/31 18:18:04 INFO serializeLogger: [RunnerCompute]EndAt:1477959484042,Parent RDD ID:39,Name:UnionRDD,TaskAttempt ID:167,Partition Id:0,Stage Id:7
16/10/31 18:18:05 INFO serializeLogger: [writerThread]EndAt:1477959485166,Parent RDD ID:39,Name:UnionRDD,TaskAttempt ID:167,Partition Id:0,Stage Id:7
16/10/31 18:18:05 INFO serializeLogger: [writerThread]EndAt:1477959485166,Parent RDD ID:36,Name:MapPartitionedRDD,TaskAttempt ID:167,Partition Id:0,Stage Id:7
16/10/31 18:19:05 INFO serializeLogger: [CreationPYRE]StartAt:1477959545635,Parent RDD ID:46,Name:UnionRDD,TaskAttempt ID:174,Partition Id:0,Stage Id:8
16/10/31 18:19:05 INFO serializeLogger: [CreationPYRE]EndAt:1477959545636,Parent RDD ID:46,Name:UnionRDD,TaskAttempt ID:174,Partition Id:0,Stage Id:8
16/10/31 18:19:05 INFO serializeLogger: [RunnerCompute]StartAt:1477959545636,Parent RDD ID:46,Name:UnionRDD,TaskAttempt ID:174,Partition Id:0,Stage Id:8
16/10/31 18:19:05 INFO serializeLogger: [CreationPYRE]StartAt:1477959545636,Parent RDD ID:46,Name:UnionRDD,TaskAttempt ID:178,Partition Id:4,Stage Id:8
16/10/31 18:19:05 INFO serializeLogger: [CreationPYRE]EndAt:1477959545636,Parent RDD ID:46,Name:UnionRDD,TaskAttempt ID:178,Partition Id:4,Stage Id:8
16/10/31 18:19:05 INFO serializeLogger: [RunnerCompute]StartAt:1477959545637,Parent RDD ID:46,Name:UnionRDD,TaskAttempt ID:178,Partition Id:4,Stage Id:8
16/10/31 18:19:05 INFO serializeLogger: [CreationPYRE]StartAt:1477959545637,Parent RDD ID:43,Name:MapPartitionedRDD,TaskAttempt ID:174,Partition Id:0,Stage Id:8
16/10/31 18:19:05 INFO serializeLogger: [CreationPYRE]EndAt:1477959545638,Parent RDD ID:43,Name:MapPartitionedRDD,TaskAttempt ID:174,Partition Id:0,Stage Id:8
16/10/31 18:19:05 INFO serializeLogger: [RunnerCompute]StartAt:1477959545638,Parent RDD ID:43,Name:MapPartitionedRDD,TaskAttempt ID:174,Partition Id:0,Stage Id:8
16/10/31 18:19:05 INFO serializeLogger: [CreationPYRE]StartAt:1477959545638,Parent RDD ID:43,Name:MapPartitionedRDD,TaskAttempt ID:178,Partition Id:4,Stage Id:8
16/10/31 18:19:05 INFO serializeLogger: [CreationPYRE]EndAt:1477959545638,Parent RDD ID:43,Name:MapPartitionedRDD,TaskAttempt ID:178,Partition Id:4,Stage Id:8
16/10/31 18:19:05 INFO serializeLogger: [RunnerCompute]StartAt:1477959545639,Parent RDD ID:43,Name:MapPartitionedRDD,TaskAttempt ID:178,Partition Id:4,Stage Id:8
16/10/31 18:19:05 INFO serializeLogger: [writerThread]StartAt:1477959545658,Parent RDD ID:43,Name:MapPartitionedRDD,TaskAttempt ID:174,Partition Id:0,Stage Id:8
16/10/31 18:19:05 INFO serializeLogger: [writerThread]StartAt:1477959545663,Parent RDD ID:43,Name:MapPartitionedRDD,TaskAttempt ID:178,Partition Id:4,Stage Id:8
16/10/31 18:19:14 INFO serializeLogger: [RunnerCompute]EndAt:1477959554678,Parent RDD ID:43,Name:MapPartitionedRDD,TaskAttempt ID:174,Partition Id:0,Stage Id:8
16/10/31 18:19:14 INFO serializeLogger: [writerThread]StartAt:1477959554695,Parent RDD ID:46,Name:UnionRDD,TaskAttempt ID:174,Partition Id:0,Stage Id:8
16/10/31 18:19:18 INFO serializeLogger: [RunnerCompute]EndAt:1477959558154,Parent RDD ID:43,Name:MapPartitionedRDD,TaskAttempt ID:178,Partition Id:4,Stage Id:8
16/10/31 18:19:18 INFO serializeLogger: [writerThread]StartAt:1477959558156,Parent RDD ID:46,Name:UnionRDD,TaskAttempt ID:178,Partition Id:4,Stage Id:8
16/10/31 18:19:18 INFO serializeLogger: [RunnerCompute]EndAt:1477959558171,Parent RDD ID:46,Name:UnionRDD,TaskAttempt ID:178,Partition Id:4,Stage Id:8
16/10/31 18:19:18 INFO serializeLogger: [writerThread]EndAt:1477959558193,Parent RDD ID:46,Name:UnionRDD,TaskAttempt ID:178,Partition Id:4,Stage Id:8
16/10/31 18:19:18 INFO serializeLogger: [writerThread]EndAt:1477959558193,Parent RDD ID:43,Name:MapPartitionedRDD,TaskAttempt ID:178,Partition Id:4,Stage Id:8
16/10/31 18:19:32 INFO serializeLogger: [RunnerCompute]EndAt:1477959572920,Parent RDD ID:46,Name:UnionRDD,TaskAttempt ID:174,Partition Id:0,Stage Id:8
16/10/31 18:19:34 INFO serializeLogger: [writerThread]EndAt:1477959574045,Parent RDD ID:46,Name:UnionRDD,TaskAttempt ID:174,Partition Id:0,Stage Id:8
16/10/31 18:19:34 INFO serializeLogger: [writerThread]EndAt:1477959574045,Parent RDD ID:43,Name:MapPartitionedRDD,TaskAttempt ID:174,Partition Id:0,Stage Id:8
16/10/31 18:20:47 INFO serializeLogger: [CreationPYRE]StartAt:1477959647455,Parent RDD ID:50,Name:MapPartitionedRDD,TaskAttempt ID:183,Partition Id:0,Stage Id:9
16/10/31 18:20:47 INFO serializeLogger: [CreationPYRE]EndAt:1477959647456,Parent RDD ID:50,Name:MapPartitionedRDD,TaskAttempt ID:183,Partition Id:0,Stage Id:9
16/10/31 18:20:47 INFO serializeLogger: [RunnerCompute]StartAt:1477959647456,Parent RDD ID:50,Name:MapPartitionedRDD,TaskAttempt ID:183,Partition Id:0,Stage Id:9
16/10/31 18:20:47 INFO serializeLogger: [writerThread]StartAt:1477959647490,Parent RDD ID:50,Name:MapPartitionedRDD,TaskAttempt ID:183,Partition Id:0,Stage Id:9
16/10/31 18:21:02 INFO serializeLogger: [RunnerCompute]EndAt:1477959662376,Parent RDD ID:50,Name:MapPartitionedRDD,TaskAttempt ID:183,Partition Id:0,Stage Id:9
16/10/31 18:21:02 INFO serializeLogger: [writerThread]EndAt:1477959662379,Parent RDD ID:50,Name:MapPartitionedRDD,TaskAttempt ID:183,Partition Id:0,Stage Id:9
16/10/31 18:21:02 INFO serializeLogger: [CreationPYRE]StartAt:1477959662662,Parent RDD ID:54,Name:UnionRDD,TaskAttempt ID:187,Partition Id:0,Stage Id:16
16/10/31 18:21:02 INFO serializeLogger: [CreationPYRE]EndAt:1477959662662,Parent RDD ID:54,Name:UnionRDD,TaskAttempt ID:187,Partition Id:0,Stage Id:16
16/10/31 18:21:02 INFO serializeLogger: [RunnerCompute]StartAt:1477959662662,Parent RDD ID:54,Name:UnionRDD,TaskAttempt ID:187,Partition Id:0,Stage Id:16
16/10/31 18:21:02 INFO serializeLogger: [CreationPYRE]StartAt:1477959662663,Parent RDD ID:54,Name:UnionRDD,TaskAttempt ID:191,Partition Id:4,Stage Id:16
16/10/31 18:21:02 INFO serializeLogger: [CreationPYRE]EndAt:1477959662663,Parent RDD ID:54,Name:UnionRDD,TaskAttempt ID:191,Partition Id:4,Stage Id:16
16/10/31 18:21:02 INFO serializeLogger: [RunnerCompute]StartAt:1477959662663,Parent RDD ID:54,Name:UnionRDD,TaskAttempt ID:191,Partition Id:4,Stage Id:16
16/10/31 18:21:02 INFO serializeLogger: [CreationPYRE]StartAt:1477959662663,Parent RDD ID:43,Name:MapPartitionedRDD,TaskAttempt ID:187,Partition Id:0,Stage Id:16
16/10/31 18:21:02 INFO serializeLogger: [CreationPYRE]EndAt:1477959662663,Parent RDD ID:43,Name:MapPartitionedRDD,TaskAttempt ID:187,Partition Id:0,Stage Id:16
16/10/31 18:21:02 INFO serializeLogger: [RunnerCompute]StartAt:1477959662664,Parent RDD ID:43,Name:MapPartitionedRDD,TaskAttempt ID:187,Partition Id:0,Stage Id:16
16/10/31 18:21:02 INFO serializeLogger: [CreationPYRE]StartAt:1477959662664,Parent RDD ID:43,Name:MapPartitionedRDD,TaskAttempt ID:191,Partition Id:4,Stage Id:16
16/10/31 18:21:02 INFO serializeLogger: [CreationPYRE]EndAt:1477959662664,Parent RDD ID:43,Name:MapPartitionedRDD,TaskAttempt ID:191,Partition Id:4,Stage Id:16
16/10/31 18:21:02 INFO serializeLogger: [RunnerCompute]StartAt:1477959662664,Parent RDD ID:43,Name:MapPartitionedRDD,TaskAttempt ID:191,Partition Id:4,Stage Id:16
16/10/31 18:21:02 INFO serializeLogger: [writerThread]StartAt:1477959662676,Parent RDD ID:43,Name:MapPartitionedRDD,TaskAttempt ID:187,Partition Id:0,Stage Id:16
16/10/31 18:21:02 INFO serializeLogger: [writerThread]StartAt:1477959662705,Parent RDD ID:43,Name:MapPartitionedRDD,TaskAttempt ID:191,Partition Id:4,Stage Id:16
16/10/31 18:21:06 INFO serializeLogger: [RunnerCompute]EndAt:1477959666283,Parent RDD ID:43,Name:MapPartitionedRDD,TaskAttempt ID:191,Partition Id:4,Stage Id:16
16/10/31 18:21:06 INFO serializeLogger: [writerThread]StartAt:1477959666301,Parent RDD ID:54,Name:UnionRDD,TaskAttempt ID:191,Partition Id:4,Stage Id:16
16/10/31 18:21:06 INFO serializeLogger: [RunnerCompute]EndAt:1477959666337,Parent RDD ID:54,Name:UnionRDD,TaskAttempt ID:191,Partition Id:4,Stage Id:16
16/10/31 18:21:06 INFO serializeLogger: [writerThread]EndAt:1477959666357,Parent RDD ID:54,Name:UnionRDD,TaskAttempt ID:191,Partition Id:4,Stage Id:16
16/10/31 18:21:06 INFO serializeLogger: [writerThread]EndAt:1477959666357,Parent RDD ID:43,Name:MapPartitionedRDD,TaskAttempt ID:191,Partition Id:4,Stage Id:16
16/10/31 18:21:21 INFO serializeLogger: [RunnerCompute]EndAt:1477959681704,Parent RDD ID:43,Name:MapPartitionedRDD,TaskAttempt ID:187,Partition Id:0,Stage Id:16
16/10/31 18:21:21 INFO serializeLogger: [writerThread]StartAt:1477959681705,Parent RDD ID:54,Name:UnionRDD,TaskAttempt ID:187,Partition Id:0,Stage Id:16
16/10/31 18:21:39 INFO serializeLogger: [RunnerCompute]EndAt:1477959699390,Parent RDD ID:54,Name:UnionRDD,TaskAttempt ID:187,Partition Id:0,Stage Id:16
16/10/31 18:21:40 INFO serializeLogger: [writerThread]EndAt:1477959700509,Parent RDD ID:54,Name:UnionRDD,TaskAttempt ID:187,Partition Id:0,Stage Id:16
16/10/31 18:21:40 INFO serializeLogger: [writerThread]EndAt:1477959700510,Parent RDD ID:43,Name:MapPartitionedRDD,TaskAttempt ID:187,Partition Id:0,Stage Id:16
16/10/31 18:22:53 INFO serializeLogger: [CreationPYRE]StartAt:1477959773554,Parent RDD ID:58,Name:MapPartitionedRDD,TaskAttempt ID:194,Partition Id:0,Stage Id:17
16/10/31 18:22:53 INFO serializeLogger: [CreationPYRE]EndAt:1477959773554,Parent RDD ID:58,Name:MapPartitionedRDD,TaskAttempt ID:194,Partition Id:0,Stage Id:17
16/10/31 18:22:53 INFO serializeLogger: [RunnerCompute]StartAt:1477959773554,Parent RDD ID:58,Name:MapPartitionedRDD,TaskAttempt ID:194,Partition Id:0,Stage Id:17
16/10/31 18:22:53 INFO serializeLogger: [writerThread]StartAt:1477959773590,Parent RDD ID:58,Name:MapPartitionedRDD,TaskAttempt ID:194,Partition Id:0,Stage Id:17
16/10/31 18:22:56 INFO serializeLogger: [RunnerCompute]EndAt:1477959776582,Parent RDD ID:58,Name:MapPartitionedRDD,TaskAttempt ID:194,Partition Id:0,Stage Id:17
16/10/31 18:22:56 INFO serializeLogger: [writerThread]EndAt:1477959776585,Parent RDD ID:58,Name:MapPartitionedRDD,TaskAttempt ID:194,Partition Id:0,Stage Id:17
16/10/31 18:23:08 INFO serializeLogger: [CreationPYRE]StartAt:1477959788325,Parent RDD ID:62,Name:UnionRDD,TaskAttempt ID:198,Partition Id:0,Stage Id:24
16/10/31 18:23:08 INFO serializeLogger: [CreationPYRE]EndAt:1477959788325,Parent RDD ID:62,Name:UnionRDD,TaskAttempt ID:198,Partition Id:0,Stage Id:24
16/10/31 18:23:08 INFO serializeLogger: [RunnerCompute]StartAt:1477959788325,Parent RDD ID:62,Name:UnionRDD,TaskAttempt ID:198,Partition Id:0,Stage Id:24
16/10/31 18:23:08 INFO serializeLogger: [CreationPYRE]StartAt:1477959788326,Parent RDD ID:62,Name:UnionRDD,TaskAttempt ID:202,Partition Id:4,Stage Id:24
16/10/31 18:23:08 INFO serializeLogger: [CreationPYRE]StartAt:1477959788326,Parent RDD ID:43,Name:MapPartitionedRDD,TaskAttempt ID:198,Partition Id:0,Stage Id:24
16/10/31 18:23:08 INFO serializeLogger: [CreationPYRE]EndAt:1477959788326,Parent RDD ID:62,Name:UnionRDD,TaskAttempt ID:202,Partition Id:4,Stage Id:24
16/10/31 18:23:08 INFO serializeLogger: [CreationPYRE]EndAt:1477959788326,Parent RDD ID:43,Name:MapPartitionedRDD,TaskAttempt ID:198,Partition Id:0,Stage Id:24
16/10/31 18:23:08 INFO serializeLogger: [RunnerCompute]StartAt:1477959788326,Parent RDD ID:62,Name:UnionRDD,TaskAttempt ID:202,Partition Id:4,Stage Id:24
16/10/31 18:23:08 INFO serializeLogger: [RunnerCompute]StartAt:1477959788326,Parent RDD ID:43,Name:MapPartitionedRDD,TaskAttempt ID:198,Partition Id:0,Stage Id:24
16/10/31 18:23:08 INFO serializeLogger: [CreationPYRE]StartAt:1477959788327,Parent RDD ID:43,Name:MapPartitionedRDD,TaskAttempt ID:202,Partition Id:4,Stage Id:24
16/10/31 18:23:08 INFO serializeLogger: [CreationPYRE]EndAt:1477959788328,Parent RDD ID:43,Name:MapPartitionedRDD,TaskAttempt ID:202,Partition Id:4,Stage Id:24
16/10/31 18:23:08 INFO serializeLogger: [RunnerCompute]StartAt:1477959788328,Parent RDD ID:43,Name:MapPartitionedRDD,TaskAttempt ID:202,Partition Id:4,Stage Id:24
16/10/31 18:23:08 INFO serializeLogger: [writerThread]StartAt:1477959788340,Parent RDD ID:43,Name:MapPartitionedRDD,TaskAttempt ID:198,Partition Id:0,Stage Id:24
16/10/31 18:23:08 INFO serializeLogger: [writerThread]StartAt:1477959788395,Parent RDD ID:43,Name:MapPartitionedRDD,TaskAttempt ID:202,Partition Id:4,Stage Id:24
16/10/31 18:23:11 INFO serializeLogger: [RunnerCompute]EndAt:1477959791936,Parent RDD ID:43,Name:MapPartitionedRDD,TaskAttempt ID:202,Partition Id:4,Stage Id:24
16/10/31 18:23:11 INFO serializeLogger: [writerThread]StartAt:1477959791955,Parent RDD ID:62,Name:UnionRDD,TaskAttempt ID:202,Partition Id:4,Stage Id:24
16/10/31 18:23:11 INFO serializeLogger: [RunnerCompute]EndAt:1477959791995,Parent RDD ID:62,Name:UnionRDD,TaskAttempt ID:202,Partition Id:4,Stage Id:24
16/10/31 18:23:12 INFO serializeLogger: [writerThread]EndAt:1477959792016,Parent RDD ID:62,Name:UnionRDD,TaskAttempt ID:202,Partition Id:4,Stage Id:24
16/10/31 18:23:12 INFO serializeLogger: [writerThread]EndAt:1477959792016,Parent RDD ID:43,Name:MapPartitionedRDD,TaskAttempt ID:202,Partition Id:4,Stage Id:24
16/10/31 18:23:27 INFO serializeLogger: [RunnerCompute]EndAt:1477959807006,Parent RDD ID:43,Name:MapPartitionedRDD,TaskAttempt ID:198,Partition Id:0,Stage Id:24
16/10/31 18:23:27 INFO serializeLogger: [writerThread]StartAt:1477959807008,Parent RDD ID:62,Name:UnionRDD,TaskAttempt ID:198,Partition Id:0,Stage Id:24
16/10/31 18:23:45 INFO serializeLogger: [RunnerCompute]EndAt:1477959825932,Parent RDD ID:62,Name:UnionRDD,TaskAttempt ID:198,Partition Id:0,Stage Id:24
16/10/31 18:23:47 INFO serializeLogger: [writerThread]EndAt:1477959827063,Parent RDD ID:62,Name:UnionRDD,TaskAttempt ID:198,Partition Id:0,Stage Id:24
16/10/31 18:23:47 INFO serializeLogger: [writerThread]EndAt:1477959827063,Parent RDD ID:43,Name:MapPartitionedRDD,TaskAttempt ID:198,Partition Id:0,Stage Id:24
16/10/31 18:25:00 INFO serializeLogger: [CreationPYRE]StartAt:1477959900110,Parent RDD ID:66,Name:MapPartitionedRDD,TaskAttempt ID:204,Partition Id:0,Stage Id:25
16/10/31 18:25:00 INFO serializeLogger: [CreationPYRE]EndAt:1477959900110,Parent RDD ID:66,Name:MapPartitionedRDD,TaskAttempt ID:204,Partition Id:0,Stage Id:25
16/10/31 18:25:00 INFO serializeLogger: [RunnerCompute]StartAt:1477959900110,Parent RDD ID:66,Name:MapPartitionedRDD,TaskAttempt ID:204,Partition Id:0,Stage Id:25
16/10/31 18:25:00 INFO serializeLogger: [writerThread]StartAt:1477959900146,Parent RDD ID:66,Name:MapPartitionedRDD,TaskAttempt ID:204,Partition Id:0,Stage Id:25
16/10/31 18:25:03 INFO serializeLogger: [RunnerCompute]EndAt:1477959903284,Parent RDD ID:66,Name:MapPartitionedRDD,TaskAttempt ID:204,Partition Id:0,Stage Id:25
16/10/31 18:25:03 INFO serializeLogger: [writerThread]EndAt:1477959903287,Parent RDD ID:66,Name:MapPartitionedRDD,TaskAttempt ID:204,Partition Id:0,Stage Id:25
16/10/31 18:25:15 INFO serializeLogger: [CreationPYRE]StartAt:1477959915323,Parent RDD ID:70,Name:UnionRDD,TaskAttempt ID:209,Partition Id:0,Stage Id:32
16/10/31 18:25:15 INFO serializeLogger: [CreationPYRE]EndAt:1477959915323,Parent RDD ID:70,Name:UnionRDD,TaskAttempt ID:209,Partition Id:0,Stage Id:32
16/10/31 18:25:15 INFO serializeLogger: [RunnerCompute]StartAt:1477959915323,Parent RDD ID:70,Name:UnionRDD,TaskAttempt ID:209,Partition Id:0,Stage Id:32
16/10/31 18:25:15 INFO serializeLogger: [CreationPYRE]StartAt:1477959915324,Parent RDD ID:70,Name:UnionRDD,TaskAttempt ID:213,Partition Id:4,Stage Id:32
16/10/31 18:25:15 INFO serializeLogger: [CreationPYRE]EndAt:1477959915324,Parent RDD ID:70,Name:UnionRDD,TaskAttempt ID:213,Partition Id:4,Stage Id:32
16/10/31 18:25:15 INFO serializeLogger: [CreationPYRE]StartAt:1477959915324,Parent RDD ID:43,Name:MapPartitionedRDD,TaskAttempt ID:209,Partition Id:0,Stage Id:32
16/10/31 18:25:15 INFO serializeLogger: [RunnerCompute]StartAt:1477959915324,Parent RDD ID:70,Name:UnionRDD,TaskAttempt ID:213,Partition Id:4,Stage Id:32
16/10/31 18:25:15 INFO serializeLogger: [CreationPYRE]EndAt:1477959915324,Parent RDD ID:43,Name:MapPartitionedRDD,TaskAttempt ID:209,Partition Id:0,Stage Id:32
16/10/31 18:25:15 INFO serializeLogger: [RunnerCompute]StartAt:1477959915324,Parent RDD ID:43,Name:MapPartitionedRDD,TaskAttempt ID:209,Partition Id:0,Stage Id:32
16/10/31 18:25:15 INFO serializeLogger: [CreationPYRE]StartAt:1477959915325,Parent RDD ID:43,Name:MapPartitionedRDD,TaskAttempt ID:213,Partition Id:4,Stage Id:32
16/10/31 18:25:15 INFO serializeLogger: [CreationPYRE]EndAt:1477959915325,Parent RDD ID:43,Name:MapPartitionedRDD,TaskAttempt ID:213,Partition Id:4,Stage Id:32
16/10/31 18:25:15 INFO serializeLogger: [RunnerCompute]StartAt:1477959915325,Parent RDD ID:43,Name:MapPartitionedRDD,TaskAttempt ID:213,Partition Id:4,Stage Id:32
16/10/31 18:25:15 INFO serializeLogger: [writerThread]StartAt:1477959915337,Parent RDD ID:43,Name:MapPartitionedRDD,TaskAttempt ID:213,Partition Id:4,Stage Id:32
16/10/31 18:25:15 INFO serializeLogger: [writerThread]StartAt:1477959915364,Parent RDD ID:43,Name:MapPartitionedRDD,TaskAttempt ID:209,Partition Id:0,Stage Id:32
16/10/31 18:25:24 INFO serializeLogger: [RunnerCompute]EndAt:1477959924455,Parent RDD ID:43,Name:MapPartitionedRDD,TaskAttempt ID:209,Partition Id:0,Stage Id:32
16/10/31 18:25:24 INFO serializeLogger: [writerThread]StartAt:1477959924471,Parent RDD ID:70,Name:UnionRDD,TaskAttempt ID:209,Partition Id:0,Stage Id:32
16/10/31 18:25:28 INFO serializeLogger: [RunnerCompute]EndAt:1477959928148,Parent RDD ID:43,Name:MapPartitionedRDD,TaskAttempt ID:213,Partition Id:4,Stage Id:32
16/10/31 18:25:28 INFO serializeLogger: [writerThread]StartAt:1477959928150,Parent RDD ID:70,Name:UnionRDD,TaskAttempt ID:213,Partition Id:4,Stage Id:32
16/10/31 18:25:28 INFO serializeLogger: [RunnerCompute]EndAt:1477959928167,Parent RDD ID:70,Name:UnionRDD,TaskAttempt ID:213,Partition Id:4,Stage Id:32
16/10/31 18:25:28 INFO serializeLogger: [writerThread]EndAt:1477959928207,Parent RDD ID:70,Name:UnionRDD,TaskAttempt ID:213,Partition Id:4,Stage Id:32
16/10/31 18:25:28 INFO serializeLogger: [writerThread]EndAt:1477959928207,Parent RDD ID:43,Name:MapPartitionedRDD,TaskAttempt ID:213,Partition Id:4,Stage Id:32
16/10/31 18:25:42 INFO serializeLogger: [RunnerCompute]EndAt:1477959942583,Parent RDD ID:70,Name:UnionRDD,TaskAttempt ID:209,Partition Id:0,Stage Id:32
16/10/31 18:25:43 INFO serializeLogger: [writerThread]EndAt:1477959943837,Parent RDD ID:70,Name:UnionRDD,TaskAttempt ID:209,Partition Id:0,Stage Id:32
16/10/31 18:25:43 INFO serializeLogger: [writerThread]EndAt:1477959943838,Parent RDD ID:43,Name:MapPartitionedRDD,TaskAttempt ID:209,Partition Id:0,Stage Id:32
16/10/31 18:27:09 INFO serializeLogger: [CreationPYRE]StartAt:1477960029048,Parent RDD ID:74,Name:MapPartitionedRDD,TaskAttempt ID:216,Partition Id:0,Stage Id:33
16/10/31 18:27:09 INFO serializeLogger: [CreationPYRE]EndAt:1477960029049,Parent RDD ID:74,Name:MapPartitionedRDD,TaskAttempt ID:216,Partition Id:0,Stage Id:33
16/10/31 18:27:09 INFO serializeLogger: [RunnerCompute]StartAt:1477960029049,Parent RDD ID:74,Name:MapPartitionedRDD,TaskAttempt ID:216,Partition Id:0,Stage Id:33
16/10/31 18:27:09 INFO serializeLogger: [writerThread]StartAt:1477960029093,Parent RDD ID:74,Name:MapPartitionedRDD,TaskAttempt ID:216,Partition Id:0,Stage Id:33
16/10/31 18:27:12 INFO serializeLogger: [RunnerCompute]EndAt:1477960032185,Parent RDD ID:74,Name:MapPartitionedRDD,TaskAttempt ID:216,Partition Id:0,Stage Id:33
16/10/31 18:27:12 INFO serializeLogger: [writerThread]EndAt:1477960032187,Parent RDD ID:74,Name:MapPartitionedRDD,TaskAttempt ID:216,Partition Id:0,Stage Id:33
